Exception at PC 0x00007FFACF764008
Exception at PC 0x00007FFACF764008
Exception at PC 0x00007FFACF764008
Exception at PC 0x00007FFACF764008
Exception at PC 0x00007FFA9CB7E132
Attemped to write at address 0x00007FFAABA04AA4
Printing stacktrace...

[0]  [0x00007FFA9CB7E132]
[1]  [0x00007FFA9CB7E132]
[2]  [0x00007FFA9CB7E194]
[3]  [0x00007FFA9C7CD0D7]
[4]  [0x00007FFA9C6B2BCA]
[5]  [0x00007FFA9C6B2FD1]
[6]  [0x00007FFA9CB7EB2F]
[7]  [0x00007FFA9CA3C19D]
[8]  [0x00007FFA9CA35942]
[9]  [0x00007FFA9CA35AB5]
[10] (RtlDeactivateActivationContextUnsafeFast+0x1b3) [0x00007FFAD2851493]
[11] (LdrShutdownProcess+0x125) [0x00007FFAD28806B5]
[12] (RtlExitUserProcess+0xb4) [0x00007FFAD2880574]
[13] (ExitProcess+0xa) [0x00007FFAD264F06A]
[14] (exit+0x75) [0x00007FFAD0859B25]
[15] (initterm_e+0x21d) [0x00007FFAD085A16D]
[16]  [0x00000000004014CD]
[17]  [0x000000000040151B]
[18] (BaseThreadInitThunk+0x14) [0x00007FFAD2651FE4]
[19] (RtlUserThreadStart+0x21) [0x00007FFAD28AEFC1]
Done
