Exception at PC 0x00007FF954B1F218
Exception at PC 0x00007FF954B1F218
Exception at PC 0x00007FF954B1F218
Exception at PC 0x00007FF954B1F218
Exception at PC 0x00007FF8DB65E132
Attemped to write at address 0x00007FF9255A4AA4
Printing stacktrace...

[0]  [0x00007FF8DB65E132]
[1]  [0x00007FF8DB65E132]
[2]  [0x00007FF8DB65E194]
[3]  [0x00007FF8DB2AD0D7]
[4]  [0x00007FF8DB192BCA]
[5]  [0x00007FF8DB192FD1]
[6]  [0x00007FF8DB65EB2F]
[7]  [0x00007FF8DB51C19D]
[8]  [0x00007FF8DB515942]
[9]  [0x00007FF8DB515AB5]
[10] (RtlActivateActivationContextUnsafeFast+0x123) [0x00007FF957904143]
[11] (LdrShutdownProcess+0x125) [0x00007FF957910AF5]
[12] (RtlExitUserProcess+0xd8) [0x00007FF9579109B8]
[13] (FatalExit+0xa) [0x00007FF95512B19A]
[14] (exit+0x75) [0x00007FF954D99CE5]
[15] (initterm_e+0x235) [0x00007FF954D9A345]
[16]  [0x00000000004014CD]
[17]  [0x000000000040151B]
[18] (BaseThreadInitThunk+0x14) [0x00007FF955123034]
[19] (RtlUserThreadStart+0x21) [0x00007FF957941551]
Done
