Exception at PC 0x00007FF891744008
Exception at PC 0x00007FF891744008
Exception at PC 0x00007FF891744008
Exception at PC 0x00007FF891744008
Exception at PC 0x00007FF82D9AE132
Attemped to write at address 0x00007FF86D5E4AA4
Printing stacktrace...

[0]  [0x00007FF82D9AE132]
[1]  [0x00007FF82D9AE132]
[2]  [0x00007FF82D9AE194]
[3]  [0x00007FF82D5FD0D7]
[4]  [0x00007FF82D4E2BCA]
[5]  [0x00007FF82D4E2FD1]
[6]  [0x00007FF82D9AEB2F]
[7]  [0x00007FF82D86C19D]
[8]  [0x00007FF82D865942]
[9]  [0x00007FF82D865AB5]
[10] (RtlDeactivateActivationContextUnsafeFast+0x1b3) [0x00007FF8945C1493]
[11] (LdrShutdownProcess+0x125) [0x00007FF8945F06B5]
[12] (RtlExitUserProcess+0xb4) [0x00007FF8945F0574]
[13] (ExitProcess+0xa) [0x00007FF8935FF06A]
[14] (exit+0x75) [0x00007FF893379B25]
[15] (initterm_e+0x21d) [0x00007FF89337A16D]
[16]  [0x00000000004014CD]
[17]  [0x000000000040151B]
[18] (BaseThreadInitThunk+0x14) [0x00007FF893601FE4]
[19] (RtlUserThreadStart+0x21) [0x00007FF89461EFC1]
Done
