Copyright 1986-2017 Xilinx, Inc. All Rights Reserved.
----------------------------------------------------------------------------------------------------------------------------------------------------------------------
| Tool Version     : Vivado v.2017.4 (win64) Build 2086221 Fri Dec 15 20:55:39 MST 2017
| Date             : Tue May  8 18:32:07 2018
| Host             : DESKTOP-35S9QF6 running 64-bit major release  (build 9200)
| Command          : report_power -file hdmi_vga_wrapper_power_routed.rpt -pb hdmi_vga_wrapper_power_summary_routed.pb -rpx hdmi_vga_wrapper_power_routed.rpx
| Design           : hdmi_vga_wrapper
| Device           : xc7z010clg400-1
| Design State     : routed
| Grade            : commercial
| Process          : typical
| Characterization : Production
----------------------------------------------------------------------------------------------------------------------------------------------------------------------

Power Report

Table of Contents
-----------------
1. Summary
1.1 On-Chip Components
1.2 Power Supply Summary
1.3 Confidence Level
2. Settings
2.1 Environment
2.2 Clock Constraints
3. Detailed Reports
3.1 By Hierarchy

1. Summary
----------

+--------------------------+--------------+
| Total On-Chip Power (W)  | 0.349        |
| Design Power Budget (W)  | Unspecified* |
| Power Budget Margin (W)  | NA           |
| Dynamic (W)              | 0.257        |
| Device Static (W)        | 0.093        |
| Effective TJA (C/W)      | 11.5         |
| Max Ambient (C)          | 81.0         |
| Junction Temperature (C) | 29.0         |
| Confidence Level         | Low          |
| Setting File             | ---          |
| Simulation Activity File | ---          |
| Design Nets Matched      | NA           |
+--------------------------+--------------+
* Specify Design Power Budget using, set_operating_conditions -design_power_budget <value in Watts>


1.1 On-Chip Components
----------------------

+--------------------------+-----------+----------+-----------+-----------------+
| On-Chip                  | Power (W) | Used     | Available | Utilization (%) |
+--------------------------+-----------+----------+-----------+-----------------+
| Clocks                   |     0.007 |       12 |       --- |             --- |
| Slice Logic              |    <0.001 |     1249 |       --- |             --- |
|   LUT as Logic           |    <0.001 |      396 |     17600 |            2.25 |
|   CARRY4                 |    <0.001 |       18 |      4400 |            0.41 |
|   Register               |    <0.001 |      522 |     35200 |            1.48 |
|   LUT as Distributed RAM |    <0.001 |       24 |      6000 |            0.40 |
|   Others                 |    <0.001 |      138 |       --- |             --- |
|   F7/F8 Muxes            |    <0.001 |       24 |     17600 |            0.14 |
|   LUT as Shift Register  |     0.000 |        4 |      6000 |            0.07 |
| Signals                  |    <0.001 |      981 |       --- |             --- |
| MMCM                     |     0.106 |        1 |         2 |           50.00 |
| PLL                      |     0.110 |        1 |         2 |           50.00 |
| DSPs                     |     0.000 |       18 |        80 |           22.50 |
| I/O                      |     0.032 |       34 |       100 |           34.00 |
| Static Power             |     0.093 |          |           |                 |
| Total                    |     0.349 |          |           |                 |
+--------------------------+-----------+----------+-----------+-----------------+


1.2 Power Supply Summary
------------------------

+-----------+-------------+-----------+-------------+------------+
| Source    | Voltage (V) | Total (A) | Dynamic (A) | Static (A) |
+-----------+-------------+-----------+-------------+------------+
| Vccint    |       1.000 |     0.027 |       0.023 |      0.004 |
| Vccaux    |       1.800 |     0.136 |       0.130 |      0.006 |
| Vcco33    |       3.300 |     0.000 |       0.000 |      0.000 |
| Vcco25    |       2.500 |     0.000 |       0.000 |      0.000 |
| Vcco18    |       1.800 |     0.000 |       0.000 |      0.000 |
| Vcco15    |       1.500 |     0.000 |       0.000 |      0.000 |
| Vcco135   |       1.350 |     0.000 |       0.000 |      0.000 |
| Vcco12    |       1.200 |     0.000 |       0.000 |      0.000 |
| Vccaux_io |       1.800 |     0.000 |       0.000 |      0.000 |
| Vccbram   |       1.000 |     0.000 |       0.000 |      0.000 |
| MGTAVcc   |       1.000 |     0.000 |       0.000 |      0.000 |
| MGTAVtt   |       1.200 |     0.000 |       0.000 |      0.000 |
| MGTVccaux |       1.800 |     0.000 |       0.000 |      0.000 |
| Vccpint   |       1.000 |     0.018 |       0.000 |      0.018 |
| Vccpaux   |       1.800 |     0.010 |       0.000 |      0.010 |
| Vccpll    |       1.800 |     0.003 |       0.000 |      0.003 |
| Vcco_ddr  |       1.500 |     0.000 |       0.000 |      0.000 |
| Vcco_mio0 |       1.800 |     0.000 |       0.000 |      0.000 |
| Vcco_mio1 |       1.800 |     0.000 |       0.000 |      0.000 |
| Vccadc    |       1.800 |     0.020 |       0.000 |      0.020 |
+-----------+-------------+-----------+-------------+------------+


1.3 Confidence Level
--------------------

+-----------------------------+------------+--------------------------------------------------------+------------------------------------------------------------------------------------------------------------+
| User Input Data             | Confidence | Details                                                | Action                                                                                                     |
+-----------------------------+------------+--------------------------------------------------------+------------------------------------------------------------------------------------------------------------+
| Design implementation state | High       | Design is routed                                       |                                                                                                            |
| Clock nodes activity        | High       | User specified more than 95% of clocks                 |                                                                                                            |
| I/O nodes activity          | Low        | More than 75% of inputs are missing user specification | Provide missing input activity with simulation results or by editing the "By Resource Type -> I/Os" view   |
| Internal nodes activity     | Medium     | User specified less than 25% of internal nodes         | Provide missing internal nodes activity with simulation results or by editing the "By Resource Type" views |
| Device models               | High       | Device models are Production                           |                                                                                                            |
|                             |            |                                                        |                                                                                                            |
| Overall confidence level    | Low        |                                                        |                                                                                                            |
+-----------------------------+------------+--------------------------------------------------------+------------------------------------------------------------------------------------------------------------+


2. Settings
-----------

2.1 Environment
---------------

+-----------------------+------------------------+
| Ambient Temp (C)      | 25.0                   |
| ThetaJA (C/W)         | 11.5                   |
| Airflow (LFM)         | 250                    |
| Heat Sink             | none                   |
| ThetaSA (C/W)         | 0.0                    |
| Board Selection       | medium (10"x10")       |
| # of Board Layers     | 8to11 (8 to 11 Layers) |
| Board Temperature (C) | 25.0                   |
+-----------------------+------------------------+


2.2 Clock Constraints
---------------------

+---------------------------------+------------------------------------------------------------+-----------------+
| Clock                           | Domain                                                     | Constraint (ns) |
+---------------------------------+------------------------------------------------------------+-----------------+
| CLKFBIN                         | hdmi_vga_i/dvi2rgb_1/U0/TMDS_ClockingX/CLKFBIN             |            15.0 |
| CLK_OUT_5x_hdmi_clk             | hdmi_vga_i/dvi2rgb_1/U0/TMDS_ClockingX/CLK_OUT_5x_hdmi_clk |             3.0 |
| PixelClk_int                    | hdmi_vga_i/dvi2rgb_1/U0/TMDS_ClockingX/PixelClk_int        |            15.0 |
| clk_out1_hdmi_vga_clk_wiz_0_0   | hdmi_vga_i/clk_wiz_0/inst/clk_out1_hdmi_vga_clk_wiz_0_0    |             5.0 |
| clk_out1_hdmi_vga_clk_wiz_0_0_1 | hdmi_vga_i/clk_wiz_0/inst/clk_out1_hdmi_vga_clk_wiz_0_0    |             5.0 |
| clkfbout_hdmi_vga_clk_wiz_0_0   | hdmi_vga_i/clk_wiz_0/inst/clkfbout_hdmi_vga_clk_wiz_0_0    |             8.0 |
| clkfbout_hdmi_vga_clk_wiz_0_0_1 | hdmi_vga_i/clk_wiz_0/inst/clkfbout_hdmi_vga_clk_wiz_0_0    |             8.0 |
| hdmi_in_clk_p                   | hdmi_in_clk_p                                              |            15.0 |
| sys_clk_pin                     | sys_clock                                                  |             8.0 |
| sys_clock                       | sys_clock                                                  |             8.0 |
+---------------------------------+------------------------------------------------------------+-----------------+


3. Detailed Reports
-------------------

3.1 By Hierarchy
----------------

+-----------------------------------------------------------------------------------+-----------+
| Name                                                                              | Power (W) |
+-----------------------------------------------------------------------------------+-----------+
| hdmi_vga_wrapper                                                                  |     0.257 |
|   hdmi_in_ddc_scl_iobuf                                                           |     0.000 |
|   hdmi_in_ddc_sda_iobuf                                                           |     0.000 |
|   hdmi_vga_i                                                                      |     0.257 |
|     GND                                                                           |     0.000 |
|     VCC                                                                           |     0.000 |
|     clk_wiz_0                                                                     |     0.110 |
|       inst                                                                        |     0.110 |
|     dvi2rgb_1                                                                     |     0.146 |
|       U0                                                                          |     0.146 |
|         DataDecoders[0].DecoderX                                                  |     0.011 |
|           ChannelBondX                                                            |    <0.001 |
|             pFIFO_reg_0_31_0_5                                                    |    <0.001 |
|             pFIFO_reg_0_31_6_9                                                    |    <0.001 |
|           InputSERDES_X                                                           |     0.010 |
|           PhaseAlignX                                                             |    <0.001 |
|           SyncBaseOvf                                                             |    <0.001 |
|             SyncAsyncx                                                            |    <0.001 |
|           SyncBaseRst                                                             |    <0.001 |
|             SyncAsyncx                                                            |    <0.001 |
|         DataDecoders[1].DecoderX                                                  |     0.011 |
|           ChannelBondX                                                            |    <0.001 |
|             pFIFO_reg_0_31_0_5                                                    |    <0.001 |
|             pFIFO_reg_0_31_6_9                                                    |    <0.001 |
|           InputSERDES_X                                                           |     0.010 |
|           PhaseAlignX                                                             |    <0.001 |
|           SyncBaseOvf                                                             |    <0.001 |
|             SyncAsyncx                                                            |    <0.001 |
|           SyncBaseRst                                                             |    <0.001 |
|             SyncAsyncx                                                            |    <0.001 |
|         DataDecoders[2].DecoderX                                                  |     0.012 |
|           ChannelBondX                                                            |    <0.001 |
|             pFIFO_reg_0_31_0_5                                                    |    <0.001 |
|             pFIFO_reg_0_31_6_9                                                    |    <0.001 |
|           InputSERDES_X                                                           |     0.010 |
|           PhaseAlignX                                                             |    <0.001 |
|           SyncBaseOvf                                                             |    <0.001 |
|             SyncAsyncx                                                            |    <0.001 |
|           SyncBaseRst                                                             |    <0.001 |
|             SyncAsyncx                                                            |    <0.001 |
|         GenerateBUFG.ResyncToBUFG_X                                               |    <0.001 |
|         GenerateDDC.DDC_EEPROM                                                    |     0.002 |
|           I2C_SlaveController                                                     |     0.001 |
|             GlitchF_SCL                                                           |    <0.001 |
|             GlitchF_SDA                                                           |    <0.001 |
|             SyncSCL                                                               |    <0.001 |
|             SyncSDA                                                               |    <0.001 |
|         LockLostReset                                                             |    <0.001 |
|           SyncAsyncx                                                              |    <0.001 |
|         TMDS_ClockingX                                                            |     0.109 |
|           LockLostReset                                                           |    <0.001 |
|             SyncAsyncx                                                            |    <0.001 |
|           MMCM_LockSync                                                           |    <0.001 |
|           RdyLostReset                                                            |    <0.001 |
|             SyncAsyncx                                                            |    <0.001 |
|     rgb2vga_1                                                                     |    <0.001 |
|       U0                                                                          |    <0.001 |
|     vp_0                                                                          |    <0.001 |
|       inst                                                                        |    <0.001 |
|         rgb2ycbcr_i                                                               |    <0.001 |
|           inst                                                                    |    <0.001 |
|             add_Cb1                                                               |    <0.001 |
|               U0                                                                  |    <0.001 |
|                 xst_addsub                                                        |    <0.001 |
|                   xbip_addsub.i_a_b_nogrowth.not_unsigned_max_width.i_xbip_addsub |    <0.001 |
|                     addsub_usecase.i_addsub                                       |    <0.001 |
|                       i_synth_option.i_synth_model                                |    <0.001 |
|                         opt_vx7.i_uniwrap                                         |    <0.001 |
|             add_Cb2                                                               |    <0.001 |
|               U0                                                                  |    <0.001 |
|                 xst_addsub                                                        |    <0.001 |
|                   xbip_addsub.i_a_b_nogrowth.not_unsigned_max_width.i_xbip_addsub |    <0.001 |
|                     addsub_usecase.i_addsub                                       |    <0.001 |
|                       i_synth_option.i_synth_model                                |    <0.001 |
|                         opt_vx7.i_uniwrap                                         |    <0.001 |
|             add_Cb3                                                               |    <0.001 |
|               U0                                                                  |    <0.001 |
|                 xst_addsub                                                        |    <0.001 |
|                   xbip_addsub.i_a_b_nogrowth.not_unsigned_max_width.i_xbip_addsub |    <0.001 |
|                     addsub_usecase.i_addsub                                       |    <0.001 |
|                       i_synth_option.i_synth_model                                |    <0.001 |
|                         opt_vx7.i_uniwrap                                         |    <0.001 |
|             add_Cr1                                                               |    <0.001 |
|               U0                                                                  |    <0.001 |
|                 xst_addsub                                                        |    <0.001 |
|                   xbip_addsub.i_a_b_nogrowth.not_unsigned_max_width.i_xbip_addsub |    <0.001 |
|                     addsub_usecase.i_addsub                                       |    <0.001 |
|                       i_synth_option.i_synth_model                                |    <0.001 |
|                         opt_vx7.i_uniwrap                                         |    <0.001 |
|             add_Cr2                                                               |    <0.001 |
|               U0                                                                  |    <0.001 |
|                 xst_addsub                                                        |    <0.001 |
|                   xbip_addsub.i_a_b_nogrowth.not_unsigned_max_width.i_xbip_addsub |    <0.001 |
|                     addsub_usecase.i_addsub                                       |    <0.001 |
|                       i_synth_option.i_synth_model                                |    <0.001 |
|                         opt_vx7.i_uniwrap                                         |    <0.001 |
|             add_Cr3                                                               |    <0.001 |
|               U0                                                                  |    <0.001 |
|                 xst_addsub                                                        |    <0.001 |
|                   xbip_addsub.i_a_b_nogrowth.not_unsigned_max_width.i_xbip_addsub |    <0.001 |
|                     addsub_usecase.i_addsub                                       |    <0.001 |
|                       i_synth_option.i_synth_model                                |    <0.001 |
|                         opt_vx7.i_uniwrap                                         |    <0.001 |
|             add_Y1                                                                |    <0.001 |
|               U0                                                                  |    <0.001 |
|                 xst_addsub                                                        |    <0.001 |
|                   xbip_addsub.i_a_b_nogrowth.not_unsigned_max_width.i_xbip_addsub |    <0.001 |
|                     addsub_usecase.i_addsub                                       |    <0.001 |
|                       i_synth_option.i_synth_model                                |    <0.001 |
|                         opt_vx7.i_uniwrap                                         |    <0.001 |
|             add_Y2                                                                |    <0.001 |
|               U0                                                                  |    <0.001 |
|                 xst_addsub                                                        |    <0.001 |
|                   xbip_addsub.i_a_b_nogrowth.not_unsigned_max_width.i_xbip_addsub |    <0.001 |
|                     addsub_usecase.i_addsub                                       |    <0.001 |
|                       i_synth_option.i_synth_model                                |    <0.001 |
|                         opt_vx7.i_uniwrap                                         |    <0.001 |
|             add_Y3                                                                |    <0.001 |
|               U0                                                                  |    <0.001 |
|                 xst_addsub                                                        |    <0.001 |
|                   xbip_addsub.i_a_b_nogrowth.not_unsigned_max_width.i_xbip_addsub |    <0.001 |
|                     addsub_usecase.i_addsub                                       |    <0.001 |
|                       i_synth_option.i_synth_model                                |    <0.001 |
|                         opt_vx7.i_uniwrap                                         |    <0.001 |
|             d_1                                                                   |    <0.001 |
|               genblk1[1].delay_i                                                  |    <0.001 |
|               genblk1[2].delay_i                                                  |    <0.001 |
|             d_2                                                                   |    <0.001 |
|               genblk1[0].delay_i                                                  |    <0.001 |
|               genblk1[5].delay_i                                                  |    <0.001 |
|               genblk1[6].delay_i                                                  |    <0.001 |
|             mul_Cb1                                                               |    <0.001 |
|               U0                                                                  |    <0.001 |
|                 i_mult                                                            |    <0.001 |
|                   gDSP.gDSP_only.iDSP                                             |    <0.001 |
|             mul_Cb2                                                               |    <0.001 |
|               U0                                                                  |    <0.001 |
|                 i_mult                                                            |    <0.001 |
|                   gDSP.gDSP_only.iDSP                                             |    <0.001 |
|             mul_Cb3                                                               |    <0.001 |
|               U0                                                                  |    <0.001 |
|                 i_mult                                                            |    <0.001 |
|                   gDSP.gDSP_only.iDSP                                             |    <0.001 |
|             mul_Cr1                                                               |    <0.001 |
|               U0                                                                  |    <0.001 |
|                 i_mult                                                            |    <0.001 |
|                   gDSP.gDSP_only.iDSP                                             |    <0.001 |
|             mul_Cr2                                                               |    <0.001 |
|               U0                                                                  |    <0.001 |
|                 i_mult                                                            |    <0.001 |
|                   gDSP.gDSP_only.iDSP                                             |    <0.001 |
|             mul_Cr3                                                               |    <0.001 |
|               U0                                                                  |    <0.001 |
|                 i_mult                                                            |    <0.001 |
|                   gDSP.gDSP_only.iDSP                                             |    <0.001 |
|             mul_Y1                                                                |    <0.001 |
|               U0                                                                  |    <0.001 |
|                 i_mult                                                            |    <0.001 |
|                   gDSP.gDSP_only.iDSP                                             |    <0.001 |
|             mul_Y2                                                                |    <0.001 |
|               U0                                                                  |    <0.001 |
|                 i_mult                                                            |    <0.001 |
|                   gDSP.gDSP_only.iDSP                                             |    <0.001 |
|             mul_Y3                                                                |    <0.001 |
|               U0                                                                  |    <0.001 |
|                 i_mult                                                            |    <0.001 |
|                   gDSP.gDSP_only.iDSP                                             |    <0.001 |
+-----------------------------------------------------------------------------------+-----------+


