
*** Running vivado
    with args -log bounding_box_0.vds -m64 -product Vivado -mode batch -messageDb vivado.pb -notrace -source bounding_box_0.tcl


****** Vivado v2017.4 (64-bit)
  **** SW Build 2086221 on Fri Dec 15 20:55:39 MST 2017
  **** IP Build 2085800 on Fri Dec 15 22:25:07 MST 2017
    ** Copyright 1986-2017 Xilinx, Inc. All Rights Reserved.

source bounding_box_0.tcl -notrace
Command: synth_design -top bounding_box_0 -part xc7z010clg400-1 -mode out_of_context
Starting synth_design
Attempting to get a license for feature 'Synthesis' and/or device 'xc7z010'
INFO: [Common 17-349] Got license for feature 'Synthesis' and/or device 'xc7z010'
INFO: Launching helper process for spawning children vivado processes
INFO: Helper process launched with PID 2892 
---------------------------------------------------------------------------------
Starting Synthesize : Time (s): cpu = 00:00:07 ; elapsed = 00:00:07 . Memory (MB): peak = 367.906 ; gain = 98.535
---------------------------------------------------------------------------------
INFO: [Synth 8-638] synthesizing module 'bounding_box_0' [c:/Users/Bartek/Reconfigurable-Systems-Laboratory-Class/11/3/vis_bounding_box/vis_bounding_box.srcs/sources_1/ip/bounding_box_0/synth/bounding_box_0.v:57]
INFO: [Synth 8-638] synthesizing module 'bounding_box' [c:/Users/Bartek/Reconfigurable-Systems-Laboratory-Class/11/3/vis_bounding_box/vis_bounding_box.srcs/sources_1/ip/bounding_box_0/src/bounding_box.v:3]
	Parameter IMG_H bound to: 64 - type: integer 
	Parameter IMG_W bound to: 64 - type: integer 
INFO: [Synth 8-256] done synthesizing module 'bounding_box' (1#1) [c:/Users/Bartek/Reconfigurable-Systems-Laboratory-Class/11/3/vis_bounding_box/vis_bounding_box.srcs/sources_1/ip/bounding_box_0/src/bounding_box.v:3]
INFO: [Synth 8-256] done synthesizing module 'bounding_box_0' (2#1) [c:/Users/Bartek/Reconfigurable-Systems-Laboratory-Class/11/3/vis_bounding_box/vis_bounding_box.srcs/sources_1/ip/bounding_box_0/synth/bounding_box_0.v:57]
WARNING: [Synth 8-3331] design bounding_box has unconnected port hsync_in
WARNING: [Synth 8-3331] design bounding_box has unconnected port vsync_in
---------------------------------------------------------------------------------
Finished Synthesize : Time (s): cpu = 00:00:08 ; elapsed = 00:00:08 . Memory (MB): peak = 420.430 ; gain = 151.059
---------------------------------------------------------------------------------
---------------------------------------------------------------------------------
Finished Constraint Validation : Time (s): cpu = 00:00:08 ; elapsed = 00:00:08 . Memory (MB): peak = 420.430 ; gain = 151.059
---------------------------------------------------------------------------------
---------------------------------------------------------------------------------
Start Loading Part and Timing Information
---------------------------------------------------------------------------------
Loading part: xc7z010clg400-1
---------------------------------------------------------------------------------
Finished Loading Part and Timing Information : Time (s): cpu = 00:00:08 ; elapsed = 00:00:08 . Memory (MB): peak = 420.430 ; gain = 151.059
---------------------------------------------------------------------------------
INFO: [Device 21-403] Loading part xc7z010clg400-1
INFO: [Synth 8-5546] ROM "y_pos" won't be mapped to RAM because it is too sparse
---------------------------------------------------------------------------------
Finished RTL Optimization Phase 2 : Time (s): cpu = 00:00:09 ; elapsed = 00:00:08 . Memory (MB): peak = 420.430 ; gain = 151.059
---------------------------------------------------------------------------------

Report RTL Partitions: 
+-+--------------+------------+----------+
| |RTL Partition |Replication |Instances |
+-+--------------+------------+----------+
+-+--------------+------------+----------+
No constraint files found.
---------------------------------------------------------------------------------
Start RTL Component Statistics 
---------------------------------------------------------------------------------
Detailed RTL Component Info : 
+---Adders : 
	   2 Input     11 Bit       Adders := 2     
+---Registers : 
	               11 Bit    Registers := 2     
+---Muxes : 
	   2 Input     11 Bit        Muxes := 26    
	   2 Input      1 Bit        Muxes := 2     
---------------------------------------------------------------------------------
Finished RTL Component Statistics 
---------------------------------------------------------------------------------
---------------------------------------------------------------------------------
Start RTL Hierarchical Component Statistics 
---------------------------------------------------------------------------------
Hierarchical RTL Component report 
Module bounding_box 
Detailed RTL Component Info : 
+---Adders : 
	   2 Input     11 Bit       Adders := 2     
+---Registers : 
	               11 Bit    Registers := 2     
+---Muxes : 
	   2 Input     11 Bit        Muxes := 26    
	   2 Input      1 Bit        Muxes := 2     
---------------------------------------------------------------------------------
Finished RTL Hierarchical Component Statistics
---------------------------------------------------------------------------------
---------------------------------------------------------------------------------
Start Part Resource Summary
---------------------------------------------------------------------------------
Part Resources:
DSPs: 80 (col length:40)
BRAMs: 120 (col length: RAMB18 40 RAMB36 20)
---------------------------------------------------------------------------------
Finished Part Resource Summary
---------------------------------------------------------------------------------
No constraint files found.
---------------------------------------------------------------------------------
Start Cross Boundary and Area Optimization
---------------------------------------------------------------------------------
INFO: [Synth 8-5546] ROM "inst/y_pos" won't be mapped to RAM because it is too sparse
WARNING: [Synth 8-3331] design bounding_box_0 has unconnected port hsync_in
WARNING: [Synth 8-3331] design bounding_box_0 has unconnected port vsync_in
---------------------------------------------------------------------------------
Finished Cross Boundary and Area Optimization : Time (s): cpu = 00:00:14 ; elapsed = 00:00:14 . Memory (MB): peak = 562.703 ; gain = 293.332
---------------------------------------------------------------------------------

Report RTL Partitions: 
+-+--------------+------------+----------+
| |RTL Partition |Replication |Instances |
+-+--------------+------------+----------+
+-+--------------+------------+----------+
No constraint files found.
---------------------------------------------------------------------------------
Start Timing Optimization
---------------------------------------------------------------------------------
---------------------------------------------------------------------------------
Finished Timing Optimization : Time (s): cpu = 00:00:14 ; elapsed = 00:00:14 . Memory (MB): peak = 562.703 ; gain = 293.332
---------------------------------------------------------------------------------

Report RTL Partitions: 
+-+--------------+------------+----------+
| |RTL Partition |Replication |Instances |
+-+--------------+------------+----------+
+-+--------------+------------+----------+
---------------------------------------------------------------------------------
Start Technology Mapping
---------------------------------------------------------------------------------
INFO: [Synth 8-4765] Removing register instance (\inst/r_left_reg[10]__0 ) from module (bounding_box_0) as it is equivalent to (\inst/r_left_reg[10] ) and driving same net [c:/Users/Bartek/Reconfigurable-Systems-Laboratory-Class/11/3/vis_bounding_box/vis_bounding_box.srcs/sources_1/ip/bounding_box_0/src/bounding_box.v:42]
INFO: [Synth 8-4765] Removing register instance (\inst/r_left_reg[9]__0 ) from module (bounding_box_0) as it is equivalent to (\inst/r_left_reg[9] ) and driving same net [c:/Users/Bartek/Reconfigurable-Systems-Laboratory-Class/11/3/vis_bounding_box/vis_bounding_box.srcs/sources_1/ip/bounding_box_0/src/bounding_box.v:42]
INFO: [Synth 8-4765] Removing register instance (\inst/r_left_reg[8]__0 ) from module (bounding_box_0) as it is equivalent to (\inst/r_left_reg[8] ) and driving same net [c:/Users/Bartek/Reconfigurable-Systems-Laboratory-Class/11/3/vis_bounding_box/vis_bounding_box.srcs/sources_1/ip/bounding_box_0/src/bounding_box.v:42]
INFO: [Synth 8-4765] Removing register instance (\inst/r_left_reg[7]__0 ) from module (bounding_box_0) as it is equivalent to (\inst/r_left_reg[7] ) and driving same net [c:/Users/Bartek/Reconfigurable-Systems-Laboratory-Class/11/3/vis_bounding_box/vis_bounding_box.srcs/sources_1/ip/bounding_box_0/src/bounding_box.v:42]
INFO: [Synth 8-4765] Removing register instance (\inst/r_left_reg[6]__0 ) from module (bounding_box_0) as it is equivalent to (\inst/r_left_reg[6] ) and driving same net [c:/Users/Bartek/Reconfigurable-Systems-Laboratory-Class/11/3/vis_bounding_box/vis_bounding_box.srcs/sources_1/ip/bounding_box_0/src/bounding_box.v:42]
INFO: [Synth 8-4765] Removing register instance (\inst/r_left_reg[5]__0 ) from module (bounding_box_0) as it is equivalent to (\inst/r_left_reg[5] ) and driving same net [c:/Users/Bartek/Reconfigurable-Systems-Laboratory-Class/11/3/vis_bounding_box/vis_bounding_box.srcs/sources_1/ip/bounding_box_0/src/bounding_box.v:42]
INFO: [Synth 8-4765] Removing register instance (\inst/r_left_reg[4]__0 ) from module (bounding_box_0) as it is equivalent to (\inst/r_left_reg[4] ) and driving same net [c:/Users/Bartek/Reconfigurable-Systems-Laboratory-Class/11/3/vis_bounding_box/vis_bounding_box.srcs/sources_1/ip/bounding_box_0/src/bounding_box.v:42]
INFO: [Synth 8-4765] Removing register instance (\inst/r_left_reg[3]__0 ) from module (bounding_box_0) as it is equivalent to (\inst/r_left_reg[3] ) and driving same net [c:/Users/Bartek/Reconfigurable-Systems-Laboratory-Class/11/3/vis_bounding_box/vis_bounding_box.srcs/sources_1/ip/bounding_box_0/src/bounding_box.v:42]
INFO: [Synth 8-4765] Removing register instance (\inst/r_left_reg[2]__0 ) from module (bounding_box_0) as it is equivalent to (\inst/r_left_reg[2] ) and driving same net [c:/Users/Bartek/Reconfigurable-Systems-Laboratory-Class/11/3/vis_bounding_box/vis_bounding_box.srcs/sources_1/ip/bounding_box_0/src/bounding_box.v:42]
INFO: [Synth 8-4765] Removing register instance (\inst/r_left_reg[1]__0 ) from module (bounding_box_0) as it is equivalent to (\inst/r_left_reg[1] ) and driving same net [c:/Users/Bartek/Reconfigurable-Systems-Laboratory-Class/11/3/vis_bounding_box/vis_bounding_box.srcs/sources_1/ip/bounding_box_0/src/bounding_box.v:42]
INFO: [Synth 8-4765] Removing register instance (\inst/r_left_reg[0]__0 ) from module (bounding_box_0) as it is equivalent to (\inst/r_left_reg[0] ) and driving same net [c:/Users/Bartek/Reconfigurable-Systems-Laboratory-Class/11/3/vis_bounding_box/vis_bounding_box.srcs/sources_1/ip/bounding_box_0/src/bounding_box.v:42]
INFO: [Synth 8-4765] Removing register instance (\inst/r_top_reg[10]__0 ) from module (bounding_box_0) as it is equivalent to (\inst/r_top_reg[10] ) and driving same net [c:/Users/Bartek/Reconfigurable-Systems-Laboratory-Class/11/3/vis_bounding_box/vis_bounding_box.srcs/sources_1/ip/bounding_box_0/src/bounding_box.v:44]
INFO: [Synth 8-4765] Removing register instance (\inst/r_top_reg[9]__0 ) from module (bounding_box_0) as it is equivalent to (\inst/r_top_reg[9] ) and driving same net [c:/Users/Bartek/Reconfigurable-Systems-Laboratory-Class/11/3/vis_bounding_box/vis_bounding_box.srcs/sources_1/ip/bounding_box_0/src/bounding_box.v:44]
INFO: [Synth 8-4765] Removing register instance (\inst/r_top_reg[8]__0 ) from module (bounding_box_0) as it is equivalent to (\inst/r_top_reg[8] ) and driving same net [c:/Users/Bartek/Reconfigurable-Systems-Laboratory-Class/11/3/vis_bounding_box/vis_bounding_box.srcs/sources_1/ip/bounding_box_0/src/bounding_box.v:44]
INFO: [Synth 8-4765] Removing register instance (\inst/r_top_reg[7]__0 ) from module (bounding_box_0) as it is equivalent to (\inst/r_top_reg[7] ) and driving same net [c:/Users/Bartek/Reconfigurable-Systems-Laboratory-Class/11/3/vis_bounding_box/vis_bounding_box.srcs/sources_1/ip/bounding_box_0/src/bounding_box.v:44]
INFO: [Synth 8-4765] Removing register instance (\inst/r_top_reg[6]__0 ) from module (bounding_box_0) as it is equivalent to (\inst/r_top_reg[6] ) and driving same net [c:/Users/Bartek/Reconfigurable-Systems-Laboratory-Class/11/3/vis_bounding_box/vis_bounding_box.srcs/sources_1/ip/bounding_box_0/src/bounding_box.v:44]
INFO: [Synth 8-4765] Removing register instance (\inst/r_top_reg[5]__0 ) from module (bounding_box_0) as it is equivalent to (\inst/r_top_reg[5] ) and driving same net [c:/Users/Bartek/Reconfigurable-Systems-Laboratory-Class/11/3/vis_bounding_box/vis_bounding_box.srcs/sources_1/ip/bounding_box_0/src/bounding_box.v:44]
INFO: [Synth 8-4765] Removing register instance (\inst/r_top_reg[4]__0 ) from module (bounding_box_0) as it is equivalent to (\inst/r_top_reg[4] ) and driving same net [c:/Users/Bartek/Reconfigurable-Systems-Laboratory-Class/11/3/vis_bounding_box/vis_bounding_box.srcs/sources_1/ip/bounding_box_0/src/bounding_box.v:44]
INFO: [Synth 8-4765] Removing register instance (\inst/r_top_reg[3]__0 ) from module (bounding_box_0) as it is equivalent to (\inst/r_top_reg[3] ) and driving same net [c:/Users/Bartek/Reconfigurable-Systems-Laboratory-Class/11/3/vis_bounding_box/vis_bounding_box.srcs/sources_1/ip/bounding_box_0/src/bounding_box.v:44]
INFO: [Synth 8-4765] Removing register instance (\inst/r_top_reg[2]__0 ) from module (bounding_box_0) as it is equivalent to (\inst/r_top_reg[2] ) and driving same net [c:/Users/Bartek/Reconfigurable-Systems-Laboratory-Class/11/3/vis_bounding_box/vis_bounding_box.srcs/sources_1/ip/bounding_box_0/src/bounding_box.v:44]
INFO: [Synth 8-4765] Removing register instance (\inst/r_top_reg[1]__0 ) from module (bounding_box_0) as it is equivalent to (\inst/r_top_reg[1] ) and driving same net [c:/Users/Bartek/Reconfigurable-Systems-Laboratory-Class/11/3/vis_bounding_box/vis_bounding_box.srcs/sources_1/ip/bounding_box_0/src/bounding_box.v:44]
INFO: [Synth 8-4765] Removing register instance (\inst/r_top_reg[0]__0 ) from module (bounding_box_0) as it is equivalent to (\inst/r_top_reg[0] ) and driving same net [c:/Users/Bartek/Reconfigurable-Systems-Laboratory-Class/11/3/vis_bounding_box/vis_bounding_box.srcs/sources_1/ip/bounding_box_0/src/bounding_box.v:44]
INFO: [Synth 8-4765] Removing register instance (\inst/r_right_reg[10]__0 ) from module (bounding_box_0) as it is equivalent to (\inst/r_right_reg[10] ) and driving same net [c:/Users/Bartek/Reconfigurable-Systems-Laboratory-Class/11/3/vis_bounding_box/vis_bounding_box.srcs/sources_1/ip/bounding_box_0/src/bounding_box.v:43]
INFO: [Synth 8-4765] Removing register instance (\inst/r_right_reg[9]__0 ) from module (bounding_box_0) as it is equivalent to (\inst/r_right_reg[9] ) and driving same net [c:/Users/Bartek/Reconfigurable-Systems-Laboratory-Class/11/3/vis_bounding_box/vis_bounding_box.srcs/sources_1/ip/bounding_box_0/src/bounding_box.v:43]
INFO: [Synth 8-4765] Removing register instance (\inst/r_right_reg[8]__0 ) from module (bounding_box_0) as it is equivalent to (\inst/r_right_reg[8] ) and driving same net [c:/Users/Bartek/Reconfigurable-Systems-Laboratory-Class/11/3/vis_bounding_box/vis_bounding_box.srcs/sources_1/ip/bounding_box_0/src/bounding_box.v:43]
INFO: [Synth 8-4765] Removing register instance (\inst/r_right_reg[7]__0 ) from module (bounding_box_0) as it is equivalent to (\inst/r_right_reg[7] ) and driving same net [c:/Users/Bartek/Reconfigurable-Systems-Laboratory-Class/11/3/vis_bounding_box/vis_bounding_box.srcs/sources_1/ip/bounding_box_0/src/bounding_box.v:43]
INFO: [Synth 8-4765] Removing register instance (\inst/r_right_reg[6]__0 ) from module (bounding_box_0) as it is equivalent to (\inst/r_right_reg[6] ) and driving same net [c:/Users/Bartek/Reconfigurable-Systems-Laboratory-Class/11/3/vis_bounding_box/vis_bounding_box.srcs/sources_1/ip/bounding_box_0/src/bounding_box.v:43]
INFO: [Synth 8-4765] Removing register instance (\inst/r_right_reg[5]__0 ) from module (bounding_box_0) as it is equivalent to (\inst/r_right_reg[5] ) and driving same net [c:/Users/Bartek/Reconfigurable-Systems-Laboratory-Class/11/3/vis_bounding_box/vis_bounding_box.srcs/sources_1/ip/bounding_box_0/src/bounding_box.v:43]
INFO: [Synth 8-4765] Removing register instance (\inst/r_right_reg[4]__0 ) from module (bounding_box_0) as it is equivalent to (\inst/r_right_reg[4] ) and driving same net [c:/Users/Bartek/Reconfigurable-Systems-Laboratory-Class/11/3/vis_bounding_box/vis_bounding_box.srcs/sources_1/ip/bounding_box_0/src/bounding_box.v:43]
INFO: [Synth 8-4765] Removing register instance (\inst/r_right_reg[3]__0 ) from module (bounding_box_0) as it is equivalent to (\inst/r_right_reg[3] ) and driving same net [c:/Users/Bartek/Reconfigurable-Systems-Laboratory-Class/11/3/vis_bounding_box/vis_bounding_box.srcs/sources_1/ip/bounding_box_0/src/bounding_box.v:43]
INFO: [Synth 8-4765] Removing register instance (\inst/r_right_reg[2]__0 ) from module (bounding_box_0) as it is equivalent to (\inst/r_right_reg[2] ) and driving same net [c:/Users/Bartek/Reconfigurable-Systems-Laboratory-Class/11/3/vis_bounding_box/vis_bounding_box.srcs/sources_1/ip/bounding_box_0/src/bounding_box.v:43]
INFO: [Synth 8-4765] Removing register instance (\inst/r_right_reg[1]__0 ) from module (bounding_box_0) as it is equivalent to (\inst/r_right_reg[1] ) and driving same net [c:/Users/Bartek/Reconfigurable-Systems-Laboratory-Class/11/3/vis_bounding_box/vis_bounding_box.srcs/sources_1/ip/bounding_box_0/src/bounding_box.v:43]
INFO: [Synth 8-4765] Removing register instance (\inst/r_right_reg[0]__0 ) from module (bounding_box_0) as it is equivalent to (\inst/r_right_reg[0] ) and driving same net [c:/Users/Bartek/Reconfigurable-Systems-Laboratory-Class/11/3/vis_bounding_box/vis_bounding_box.srcs/sources_1/ip/bounding_box_0/src/bounding_box.v:43]
INFO: [Synth 8-4765] Removing register instance (\inst/r_bottom_reg[10]__0 ) from module (bounding_box_0) as it is equivalent to (\inst/r_bottom_reg[10] ) and driving same net [c:/Users/Bartek/Reconfigurable-Systems-Laboratory-Class/11/3/vis_bounding_box/vis_bounding_box.srcs/sources_1/ip/bounding_box_0/src/bounding_box.v:45]
INFO: [Synth 8-4765] Removing register instance (\inst/r_bottom_reg[9]__0 ) from module (bounding_box_0) as it is equivalent to (\inst/r_bottom_reg[9] ) and driving same net [c:/Users/Bartek/Reconfigurable-Systems-Laboratory-Class/11/3/vis_bounding_box/vis_bounding_box.srcs/sources_1/ip/bounding_box_0/src/bounding_box.v:45]
INFO: [Synth 8-4765] Removing register instance (\inst/r_bottom_reg[8]__0 ) from module (bounding_box_0) as it is equivalent to (\inst/r_bottom_reg[8] ) and driving same net [c:/Users/Bartek/Reconfigurable-Systems-Laboratory-Class/11/3/vis_bounding_box/vis_bounding_box.srcs/sources_1/ip/bounding_box_0/src/bounding_box.v:45]
INFO: [Synth 8-4765] Removing register instance (\inst/r_bottom_reg[7]__0 ) from module (bounding_box_0) as it is equivalent to (\inst/r_bottom_reg[7] ) and driving same net [c:/Users/Bartek/Reconfigurable-Systems-Laboratory-Class/11/3/vis_bounding_box/vis_bounding_box.srcs/sources_1/ip/bounding_box_0/src/bounding_box.v:45]
INFO: [Synth 8-4765] Removing register instance (\inst/r_bottom_reg[6]__0 ) from module (bounding_box_0) as it is equivalent to (\inst/r_bottom_reg[6] ) and driving same net [c:/Users/Bartek/Reconfigurable-Systems-Laboratory-Class/11/3/vis_bounding_box/vis_bounding_box.srcs/sources_1/ip/bounding_box_0/src/bounding_box.v:45]
INFO: [Synth 8-4765] Removing register instance (\inst/r_bottom_reg[5]__0 ) from module (bounding_box_0) as it is equivalent to (\inst/r_bottom_reg[5] ) and driving same net [c:/Users/Bartek/Reconfigurable-Systems-Laboratory-Class/11/3/vis_bounding_box/vis_bounding_box.srcs/sources_1/ip/bounding_box_0/src/bounding_box.v:45]
INFO: [Synth 8-4765] Removing register instance (\inst/r_bottom_reg[4]__0 ) from module (bounding_box_0) as it is equivalent to (\inst/r_bottom_reg[4] ) and driving same net [c:/Users/Bartek/Reconfigurable-Systems-Laboratory-Class/11/3/vis_bounding_box/vis_bounding_box.srcs/sources_1/ip/bounding_box_0/src/bounding_box.v:45]
INFO: [Synth 8-4765] Removing register instance (\inst/r_bottom_reg[3]__0 ) from module (bounding_box_0) as it is equivalent to (\inst/r_bottom_reg[3] ) and driving same net [c:/Users/Bartek/Reconfigurable-Systems-Laboratory-Class/11/3/vis_bounding_box/vis_bounding_box.srcs/sources_1/ip/bounding_box_0/src/bounding_box.v:45]
INFO: [Synth 8-4765] Removing register instance (\inst/r_bottom_reg[2]__0 ) from module (bounding_box_0) as it is equivalent to (\inst/r_bottom_reg[2] ) and driving same net [c:/Users/Bartek/Reconfigurable-Systems-Laboratory-Class/11/3/vis_bounding_box/vis_bounding_box.srcs/sources_1/ip/bounding_box_0/src/bounding_box.v:45]
INFO: [Synth 8-4765] Removing register instance (\inst/r_bottom_reg[1]__0 ) from module (bounding_box_0) as it is equivalent to (\inst/r_bottom_reg[1] ) and driving same net [c:/Users/Bartek/Reconfigurable-Systems-Laboratory-Class/11/3/vis_bounding_box/vis_bounding_box.srcs/sources_1/ip/bounding_box_0/src/bounding_box.v:45]
INFO: [Synth 8-4765] Removing register instance (\inst/r_bottom_reg[0]__0 ) from module (bounding_box_0) as it is equivalent to (\inst/r_bottom_reg[0] ) and driving same net [c:/Users/Bartek/Reconfigurable-Systems-Laboratory-Class/11/3/vis_bounding_box/vis_bounding_box.srcs/sources_1/ip/bounding_box_0/src/bounding_box.v:45]
INFO: [Synth 8-3332] Sequential element (inst/r_left_reg[10]) is unused and will be removed from module bounding_box_0.
INFO: [Synth 8-3332] Sequential element (inst/r_left_reg[9]) is unused and will be removed from module bounding_box_0.
INFO: [Synth 8-3332] Sequential element (inst/r_left_reg[8]) is unused and will be removed from module bounding_box_0.
INFO: [Synth 8-3332] Sequential element (inst/r_left_reg[7]) is unused and will be removed from module bounding_box_0.
INFO: [Synth 8-3332] Sequential element (inst/r_left_reg[6]) is unused and will be removed from module bounding_box_0.
INFO: [Synth 8-3332] Sequential element (inst/r_top_reg[10]) is unused and will be removed from module bounding_box_0.
INFO: [Synth 8-3332] Sequential element (inst/r_top_reg[9]) is unused and will be removed from module bounding_box_0.
INFO: [Synth 8-3332] Sequential element (inst/r_top_reg[8]) is unused and will be removed from module bounding_box_0.
INFO: [Synth 8-3332] Sequential element (inst/r_top_reg[7]) is unused and will be removed from module bounding_box_0.
INFO: [Synth 8-3332] Sequential element (inst/r_top_reg[6]) is unused and will be removed from module bounding_box_0.
INFO: [Synth 8-3332] Sequential element (inst/r_right_reg[10]) is unused and will be removed from module bounding_box_0.
INFO: [Synth 8-3332] Sequential element (inst/r_right_reg[9]) is unused and will be removed from module bounding_box_0.
INFO: [Synth 8-3332] Sequential element (inst/r_right_reg[8]) is unused and will be removed from module bounding_box_0.
INFO: [Synth 8-3332] Sequential element (inst/r_right_reg[7]) is unused and will be removed from module bounding_box_0.
INFO: [Synth 8-3332] Sequential element (inst/r_right_reg[6]) is unused and will be removed from module bounding_box_0.
INFO: [Synth 8-3332] Sequential element (inst/r_bottom_reg[10]) is unused and will be removed from module bounding_box_0.
INFO: [Synth 8-3332] Sequential element (inst/r_bottom_reg[9]) is unused and will be removed from module bounding_box_0.
INFO: [Synth 8-3332] Sequential element (inst/r_bottom_reg[8]) is unused and will be removed from module bounding_box_0.
INFO: [Synth 8-3332] Sequential element (inst/r_bottom_reg[7]) is unused and will be removed from module bounding_box_0.
INFO: [Synth 8-3332] Sequential element (inst/r_bottom_reg[6]) is unused and will be removed from module bounding_box_0.
INFO: [Synth 8-3332] Sequential element (inst/x_pos_reg[10]) is unused and will be removed from module bounding_box_0.
INFO: [Synth 8-3332] Sequential element (inst/x_pos_reg[9]) is unused and will be removed from module bounding_box_0.
INFO: [Synth 8-3332] Sequential element (inst/x_pos_reg[8]) is unused and will be removed from module bounding_box_0.
INFO: [Synth 8-3332] Sequential element (inst/x_pos_reg[7]) is unused and will be removed from module bounding_box_0.
INFO: [Synth 8-3332] Sequential element (inst/x_pos_reg[6]) is unused and will be removed from module bounding_box_0.
INFO: [Synth 8-3332] Sequential element (inst/y_pos_reg[10]) is unused and will be removed from module bounding_box_0.
INFO: [Synth 8-3332] Sequential element (inst/y_pos_reg[9]) is unused and will be removed from module bounding_box_0.
INFO: [Synth 8-3332] Sequential element (inst/y_pos_reg[8]) is unused and will be removed from module bounding_box_0.
INFO: [Synth 8-3332] Sequential element (inst/y_pos_reg[7]) is unused and will be removed from module bounding_box_0.
INFO: [Synth 8-3332] Sequential element (inst/y_pos_reg[6]) is unused and will be removed from module bounding_box_0.
---------------------------------------------------------------------------------
Finished Technology Mapping : Time (s): cpu = 00:00:14 ; elapsed = 00:00:14 . Memory (MB): peak = 563.395 ; gain = 294.023
---------------------------------------------------------------------------------

Report RTL Partitions: 
+-+--------------+------------+----------+
| |RTL Partition |Replication |Instances |
+-+--------------+------------+----------+
+-+--------------+------------+----------+
---------------------------------------------------------------------------------
Start IO Insertion
---------------------------------------------------------------------------------
---------------------------------------------------------------------------------
Start Flattening Before IO Insertion
---------------------------------------------------------------------------------
---------------------------------------------------------------------------------
Finished Flattening Before IO Insertion
---------------------------------------------------------------------------------
---------------------------------------------------------------------------------
Start Final Netlist Cleanup
---------------------------------------------------------------------------------
---------------------------------------------------------------------------------
Finished Final Netlist Cleanup
---------------------------------------------------------------------------------
---------------------------------------------------------------------------------
Finished IO Insertion : Time (s): cpu = 00:00:15 ; elapsed = 00:00:15 . Memory (MB): peak = 563.395 ; gain = 294.023
---------------------------------------------------------------------------------

Report Check Netlist: 
+------+------------------+-------+---------+-------+------------------+
|      |Item              |Errors |Warnings |Status |Description       |
+------+------------------+-------+---------+-------+------------------+
|1     |multi_driven_nets |      0|        0|Passed |Multi driven nets |
+------+------------------+-------+---------+-------+------------------+
---------------------------------------------------------------------------------
Start Renaming Generated Instances
---------------------------------------------------------------------------------
---------------------------------------------------------------------------------
Finished Renaming Generated Instances : Time (s): cpu = 00:00:15 ; elapsed = 00:00:15 . Memory (MB): peak = 563.395 ; gain = 294.023
---------------------------------------------------------------------------------

Report RTL Partitions: 
+-+--------------+------------+----------+
| |RTL Partition |Replication |Instances |
+-+--------------+------------+----------+
+-+--------------+------------+----------+
---------------------------------------------------------------------------------
Start Rebuilding User Hierarchy
---------------------------------------------------------------------------------
---------------------------------------------------------------------------------
Finished Rebuilding User Hierarchy : Time (s): cpu = 00:00:15 ; elapsed = 00:00:15 . Memory (MB): peak = 563.395 ; gain = 294.023
---------------------------------------------------------------------------------
---------------------------------------------------------------------------------
Start Renaming Generated Ports
---------------------------------------------------------------------------------
---------------------------------------------------------------------------------
Finished Renaming Generated Ports : Time (s): cpu = 00:00:15 ; elapsed = 00:00:15 . Memory (MB): peak = 563.395 ; gain = 294.023
---------------------------------------------------------------------------------
---------------------------------------------------------------------------------
Start Handling Custom Attributes
---------------------------------------------------------------------------------
---------------------------------------------------------------------------------
Finished Handling Custom Attributes : Time (s): cpu = 00:00:15 ; elapsed = 00:00:15 . Memory (MB): peak = 563.395 ; gain = 294.023
---------------------------------------------------------------------------------
---------------------------------------------------------------------------------
Start Renaming Generated Nets
---------------------------------------------------------------------------------
---------------------------------------------------------------------------------
Finished Renaming Generated Nets : Time (s): cpu = 00:00:15 ; elapsed = 00:00:15 . Memory (MB): peak = 563.395 ; gain = 294.023
---------------------------------------------------------------------------------
---------------------------------------------------------------------------------
Start Writing Synthesis Report
---------------------------------------------------------------------------------

Report BlackBoxes: 
+-+--------------+----------+
| |BlackBox name |Instances |
+-+--------------+----------+
+-+--------------+----------+

Report Cell Usage: 
+------+-------+------+
|      |Cell   |Count |
+------+-------+------+
|1     |CARRY4 |     8|
|2     |LUT1   |     2|
|3     |LUT2   |     3|
|4     |LUT3   |     6|
|5     |LUT4   |    28|
|6     |LUT5   |     2|
|7     |LUT6   |     3|
|8     |FDRE   |    36|
+------+-------+------+

Report Instance Areas: 
+------+---------+-------------+------+
|      |Instance |Module       |Cells |
+------+---------+-------------+------+
|1     |top      |             |    88|
|2     |  inst   |bounding_box |    88|
+------+---------+-------------+------+
---------------------------------------------------------------------------------
Finished Writing Synthesis Report : Time (s): cpu = 00:00:15 ; elapsed = 00:00:15 . Memory (MB): peak = 563.395 ; gain = 294.023
---------------------------------------------------------------------------------
Synthesis finished with 0 errors, 0 critical warnings and 4 warnings.
Synthesis Optimization Runtime : Time (s): cpu = 00:00:15 ; elapsed = 00:00:15 . Memory (MB): peak = 563.395 ; gain = 294.023
Synthesis Optimization Complete : Time (s): cpu = 00:00:15 ; elapsed = 00:00:15 . Memory (MB): peak = 563.395 ; gain = 294.023
INFO: [Project 1-571] Translating synthesized netlist
INFO: [Netlist 29-17] Analyzing 8 Unisim elements for replacement
INFO: [Netlist 29-28] Unisim Transformation completed in 0 CPU seconds
INFO: [Project 1-570] Preparing netlist for logic optimization
INFO: [Opt 31-138] Pushed 0 inverter(s) to 0 load pin(s).
INFO: [Project 1-111] Unisim Transformation Summary:
No Unisim elements were transformed.

INFO: [Common 17-83] Releasing license: Synthesis
89 Infos, 4 Warnings, 0 Critical Warnings and 0 Errors encountered.
synth_design completed successfully
synth_design: Time (s): cpu = 00:00:19 ; elapsed = 00:00:21 . Memory (MB): peak = 665.352 ; gain = 407.453
INFO: [Timing 38-35] Done setting XDC timing constraints.
INFO: [Common 17-1381] The checkpoint 'C:/Users/Bartek/Reconfigurable-Systems-Laboratory-Class/11/3/vis_bounding_box/vis_bounding_box.runs/bounding_box_0_synth_1/bounding_box_0.dcp' has been generated.
write_checkpoint: Time (s): cpu = 00:00:14 ; elapsed = 00:00:16 . Memory (MB): peak = 1153.020 ; gain = 487.668
