
*** Running vivado
    with args -log hdmi_vga_vp_0_0.vds -m64 -product Vivado -mode batch -messageDb vivado.pb -notrace -source hdmi_vga_vp_0_0.tcl


****** Vivado v2017.4 (64-bit)
  **** SW Build 2086221 on Fri Dec 15 20:55:39 MST 2017
  **** IP Build 2085800 on Fri Dec 15 22:25:07 MST 2017
    ** Copyright 1986-2017 Xilinx, Inc. All Rights Reserved.

source hdmi_vga_vp_0_0.tcl -notrace
Command: synth_design -top hdmi_vga_vp_0_0 -part xc7z010clg400-1 -mode out_of_context
Starting synth_design
Attempting to get a license for feature 'Synthesis' and/or device 'xc7z010'
INFO: [Common 17-349] Got license for feature 'Synthesis' and/or device 'xc7z010'
INFO: Launching helper process for spawning children vivado processes
INFO: Helper process launched with PID 6632 
---------------------------------------------------------------------------------
Starting RTL Elaboration : Time (s): cpu = 00:00:09 ; elapsed = 00:00:11 . Memory (MB): peak = 369.727 ; gain = 100.434
---------------------------------------------------------------------------------
INFO: [Synth 8-638] synthesizing module 'hdmi_vga_vp_0_0' [c:/Users/Bartek/Reconfigurable-Systems-Laboratory-Class/10/3/hdmi_vga_zybo/hdmi_vga_zybo.srcs/sources_1/bd/hdmi_vga/ip/hdmi_vga_vp_0_0/synth/hdmi_vga_vp_0_0.v:57]
INFO: [Synth 8-638] synthesizing module 'vp' [c:/Users/Bartek/Reconfigurable-Systems-Laboratory-Class/10/3/hdmi_vga_zybo/hdmi_vga_zybo.srcs/sources_1/bd/hdmi_vga/ipshared/3db5/src/vp.v:3]
INFO: [Synth 8-638] synthesizing module 'rgb2ycbcr_0' [c:/Users/Bartek/Reconfigurable-Systems-Laboratory-Class/10/3/hdmi_vga_zybo/hdmi_vga_zybo.srcs/sources_1/bd/hdmi_vga/ip/hdmi_vga_vp_0_0/src/rgb2ycbcr_0_1/synth/rgb2ycbcr_0.v:57]
INFO: [Synth 8-638] synthesizing module 'rgb2ycbcr' [c:/Users/Bartek/Reconfigurable-Systems-Laboratory-Class/10/3/hdmi_vga_zybo/hdmi_vga_zybo.srcs/sources_1/bd/hdmi_vga/ip/hdmi_vga_vp_0_0/src/rgb2ycbcr_0_1/src/rgb2ycbcr.v:3]
INFO: [Synth 8-638] synthesizing module 'mult_gen_1' [c:/Users/Bartek/Reconfigurable-Systems-Laboratory-Class/10/3/hdmi_vga_zybo/hdmi_vga_zybo.srcs/sources_1/bd/hdmi_vga/ip/hdmi_vga_vp_0_0/src/rgb2ycbcr_0_1/src/mult_gen_1/synth/mult_gen_1.vhd:68]
WARNING: [Synth 8-5640] Port 'zero_detect' is missing in component declaration [c:/Users/Bartek/Reconfigurable-Systems-Laboratory-Class/10/3/hdmi_vga_zybo/hdmi_vga_zybo.srcs/sources_1/bd/hdmi_vga/ip/hdmi_vga_vp_0_0/src/rgb2ycbcr_0_1/src/mult_gen_1/synth/mult_gen_1.vhd:71]
WARNING: [Synth 8-5640] Port 'pcasc' is missing in component declaration [c:/Users/Bartek/Reconfigurable-Systems-Laboratory-Class/10/3/hdmi_vga_zybo/hdmi_vga_zybo.srcs/sources_1/bd/hdmi_vga/ip/hdmi_vga_vp_0_0/src/rgb2ycbcr_0_1/src/mult_gen_1/synth/mult_gen_1.vhd:71]
	Parameter C_VERBOSITY bound to: 0 - type: integer 
	Parameter C_MODEL_TYPE bound to: 0 - type: integer 
	Parameter C_OPTIMIZE_GOAL bound to: 1 - type: integer 
	Parameter C_XDEVICEFAMILY bound to: zynq - type: string 
	Parameter C_HAS_CE bound to: 0 - type: integer 
	Parameter C_HAS_SCLR bound to: 0 - type: integer 
	Parameter C_LATENCY bound to: 3 - type: integer 
	Parameter C_A_WIDTH bound to: 18 - type: integer 
	Parameter C_A_TYPE bound to: 0 - type: integer 
	Parameter C_B_WIDTH bound to: 18 - type: integer 
	Parameter C_B_TYPE bound to: 0 - type: integer 
	Parameter C_OUT_HIGH bound to: 35 - type: integer 
	Parameter C_OUT_LOW bound to: 0 - type: integer 
	Parameter C_MULT_TYPE bound to: 1 - type: integer 
	Parameter C_CE_OVERRIDES_SCLR bound to: 0 - type: integer 
	Parameter C_CCM_IMP bound to: 0 - type: integer 
	Parameter C_B_VALUE bound to: 10000001 - type: string 
	Parameter C_HAS_ZERO_DETECT bound to: 0 - type: integer 
	Parameter C_ROUND_OUTPUT bound to: 0 - type: integer 
	Parameter C_ROUND_PT bound to: 0 - type: integer 
INFO: [Synth 8-3491] module 'mult_gen_v12_0_13' declared at 'c:/Users/Bartek/Reconfigurable-Systems-Laboratory-Class/10/3/hdmi_vga_zybo/hdmi_vga_zybo.srcs/sources_1/bd/hdmi_vga/ip/hdmi_vga_vp_0_0/src/rgb2ycbcr_0_1/src/mult_gen_1/hdl/mult_gen_v12_0_vh_rfs.vhd:21013' bound to instance 'U0' of component 'mult_gen_v12_0_13' [c:/Users/Bartek/Reconfigurable-Systems-Laboratory-Class/10/3/hdmi_vga_zybo/hdmi_vga_zybo.srcs/sources_1/bd/hdmi_vga/ip/hdmi_vga_vp_0_0/src/rgb2ycbcr_0_1/src/mult_gen_1/synth/mult_gen_1.vhd:120]
WARNING: [Synth 8-5974] attribute "use_dsp48" has been deprecated, please use "use_dsp" instead 
INFO: [Synth 8-256] done synthesizing module 'mult_gen_1' (6#1) [c:/Users/Bartek/Reconfigurable-Systems-Laboratory-Class/10/3/hdmi_vga_zybo/hdmi_vga_zybo.srcs/sources_1/bd/hdmi_vga/ip/hdmi_vga_vp_0_0/src/rgb2ycbcr_0_1/src/mult_gen_1/synth/mult_gen_1.vhd:68]
INFO: [Synth 8-638] synthesizing module 'c_addsub_1' [c:/Users/Bartek/Reconfigurable-Systems-Laboratory-Class/10/3/hdmi_vga_zybo/hdmi_vga_zybo.srcs/sources_1/bd/hdmi_vga/ip/hdmi_vga_vp_0_0/src/rgb2ycbcr_0_1/src/c_addsub_1/synth/c_addsub_1.vhd:68]
	Parameter C_VERBOSITY bound to: 0 - type: integer 
	Parameter C_XDEVICEFAMILY bound to: zynq - type: string 
	Parameter C_IMPLEMENTATION bound to: 1 - type: integer 
	Parameter C_A_WIDTH bound to: 9 - type: integer 
	Parameter C_B_WIDTH bound to: 9 - type: integer 
	Parameter C_OUT_WIDTH bound to: 9 - type: integer 
	Parameter C_CE_OVERRIDES_SCLR bound to: 0 - type: integer 
	Parameter C_A_TYPE bound to: 0 - type: integer 
	Parameter C_B_TYPE bound to: 0 - type: integer 
	Parameter C_LATENCY bound to: 2 - type: integer 
	Parameter C_ADD_MODE bound to: 0 - type: integer 
	Parameter C_B_CONSTANT bound to: 0 - type: integer 
	Parameter C_B_VALUE bound to: 000000000 - type: string 
	Parameter C_AINIT_VAL bound to: 0 - type: string 
	Parameter C_SINIT_VAL bound to: 0 - type: string 
	Parameter C_CE_OVERRIDES_BYPASS bound to: 1 - type: integer 
	Parameter C_BYPASS_LOW bound to: 0 - type: integer 
	Parameter C_SCLR_OVERRIDES_SSET bound to: 1 - type: integer 
	Parameter C_HAS_C_IN bound to: 0 - type: integer 
	Parameter C_HAS_C_OUT bound to: 0 - type: integer 
	Parameter C_BORROW_LOW bound to: 1 - type: integer 
	Parameter C_HAS_CE bound to: 0 - type: integer 
	Parameter C_HAS_BYPASS bound to: 0 - type: integer 
	Parameter C_HAS_SCLR bound to: 0 - type: integer 
	Parameter C_HAS_SSET bound to: 0 - type: integer 
	Parameter C_HAS_SINIT bound to: 0 - type: integer 
INFO: [Synth 8-3491] module 'c_addsub_v12_0_11' declared at 'c:/Users/Bartek/Reconfigurable-Systems-Laboratory-Class/10/3/hdmi_vga_zybo/hdmi_vga_zybo.srcs/sources_1/bd/hdmi_vga/ip/hdmi_vga_vp_0_0/src/rgb2ycbcr_0_1/src/c_addsub_1/hdl/c_addsub_v12_0_vh_rfs.vhd:7026' bound to instance 'U0' of component 'c_addsub_v12_0_11' [c:/Users/Bartek/Reconfigurable-Systems-Laboratory-Class/10/3/hdmi_vga_zybo/hdmi_vga_zybo.srcs/sources_1/bd/hdmi_vga/ip/hdmi_vga_vp_0_0/src/rgb2ycbcr_0_1/src/c_addsub_1/synth/c_addsub_1.vhd:133]
INFO: [Synth 8-256] done synthesizing module 'c_addsub_1' (14#1) [c:/Users/Bartek/Reconfigurable-Systems-Laboratory-Class/10/3/hdmi_vga_zybo/hdmi_vga_zybo.srcs/sources_1/bd/hdmi_vga/ip/hdmi_vga_vp_0_0/src/rgb2ycbcr_0_1/src/c_addsub_1/synth/c_addsub_1.vhd:68]
WARNING: [Synth 8-689] width (8) of port connection 'S' does not match port width (9) of module 'c_addsub_1' [c:/Users/Bartek/Reconfigurable-Systems-Laboratory-Class/10/3/hdmi_vga_zybo/hdmi_vga_zybo.srcs/sources_1/bd/hdmi_vga/ip/hdmi_vga_vp_0_0/src/rgb2ycbcr_0_1/src/rgb2ycbcr.v:117]
WARNING: [Synth 8-689] width (8) of port connection 'S' does not match port width (9) of module 'c_addsub_1' [c:/Users/Bartek/Reconfigurable-Systems-Laboratory-Class/10/3/hdmi_vga_zybo/hdmi_vga_zybo.srcs/sources_1/bd/hdmi_vga/ip/hdmi_vga_vp_0_0/src/rgb2ycbcr_0_1/src/rgb2ycbcr.v:162]
WARNING: [Synth 8-689] width (8) of port connection 'S' does not match port width (9) of module 'c_addsub_1' [c:/Users/Bartek/Reconfigurable-Systems-Laboratory-Class/10/3/hdmi_vga_zybo/hdmi_vga_zybo.srcs/sources_1/bd/hdmi_vga/ip/hdmi_vga_vp_0_0/src/rgb2ycbcr_0_1/src/rgb2ycbcr.v:207]
INFO: [Synth 8-638] synthesizing module 'delay_line' [c:/Users/Bartek/Reconfigurable-Systems-Laboratory-Class/10/3/hdmi_vga_zybo/hdmi_vga_zybo.srcs/sources_1/bd/hdmi_vga/ip/hdmi_vga_vp_0_0/src/rgb2ycbcr_0_1/src/delay_line.v:23]
	Parameter N bound to: 9 - type: integer 
	Parameter DELAY bound to: 3 - type: integer 
INFO: [Synth 8-638] synthesizing module 'delay' [c:/Users/Bartek/Reconfigurable-Systems-Laboratory-Class/10/3/hdmi_vga_zybo/hdmi_vga_zybo.srcs/sources_1/bd/hdmi_vga/ip/hdmi_vga_vp_0_0/src/rgb2ycbcr_0_1/src/delay.v:23]
	Parameter N bound to: 9 - type: integer 
INFO: [Synth 8-256] done synthesizing module 'delay' (15#1) [c:/Users/Bartek/Reconfigurable-Systems-Laboratory-Class/10/3/hdmi_vga_zybo/hdmi_vga_zybo.srcs/sources_1/bd/hdmi_vga/ip/hdmi_vga_vp_0_0/src/rgb2ycbcr_0_1/src/delay.v:23]
INFO: [Synth 8-256] done synthesizing module 'delay_line' (16#1) [c:/Users/Bartek/Reconfigurable-Systems-Laboratory-Class/10/3/hdmi_vga_zybo/hdmi_vga_zybo.srcs/sources_1/bd/hdmi_vga/ip/hdmi_vga_vp_0_0/src/rgb2ycbcr_0_1/src/delay_line.v:23]
INFO: [Synth 8-638] synthesizing module 'delay_line__parameterized0' [c:/Users/Bartek/Reconfigurable-Systems-Laboratory-Class/10/3/hdmi_vga_zybo/hdmi_vga_zybo.srcs/sources_1/bd/hdmi_vga/ip/hdmi_vga_vp_0_0/src/rgb2ycbcr_0_1/src/delay_line.v:23]
	Parameter N bound to: 3 - type: integer 
	Parameter DELAY bound to: 7 - type: integer 
INFO: [Synth 8-638] synthesizing module 'delay__parameterized0' [c:/Users/Bartek/Reconfigurable-Systems-Laboratory-Class/10/3/hdmi_vga_zybo/hdmi_vga_zybo.srcs/sources_1/bd/hdmi_vga/ip/hdmi_vga_vp_0_0/src/rgb2ycbcr_0_1/src/delay.v:23]
	Parameter N bound to: 3 - type: integer 
INFO: [Synth 8-256] done synthesizing module 'delay__parameterized0' (16#1) [c:/Users/Bartek/Reconfigurable-Systems-Laboratory-Class/10/3/hdmi_vga_zybo/hdmi_vga_zybo.srcs/sources_1/bd/hdmi_vga/ip/hdmi_vga_vp_0_0/src/rgb2ycbcr_0_1/src/delay.v:23]
INFO: [Synth 8-256] done synthesizing module 'delay_line__parameterized0' (16#1) [c:/Users/Bartek/Reconfigurable-Systems-Laboratory-Class/10/3/hdmi_vga_zybo/hdmi_vga_zybo.srcs/sources_1/bd/hdmi_vga/ip/hdmi_vga_vp_0_0/src/rgb2ycbcr_0_1/src/delay_line.v:23]
INFO: [Synth 8-256] done synthesizing module 'rgb2ycbcr' (17#1) [c:/Users/Bartek/Reconfigurable-Systems-Laboratory-Class/10/3/hdmi_vga_zybo/hdmi_vga_zybo.srcs/sources_1/bd/hdmi_vga/ip/hdmi_vga_vp_0_0/src/rgb2ycbcr_0_1/src/rgb2ycbcr.v:3]
INFO: [Synth 8-256] done synthesizing module 'rgb2ycbcr_0' (18#1) [c:/Users/Bartek/Reconfigurable-Systems-Laboratory-Class/10/3/hdmi_vga_zybo/hdmi_vga_zybo.srcs/sources_1/bd/hdmi_vga/ip/hdmi_vga_vp_0_0/src/rgb2ycbcr_0_1/synth/rgb2ycbcr_0.v:57]
WARNING: [Synth 8-3848] Net rgb_mux[7] in module/entity vp does not have driver. [c:/Users/Bartek/Reconfigurable-Systems-Laboratory-Class/10/3/hdmi_vga_zybo/hdmi_vga_zybo.srcs/sources_1/bd/hdmi_vga/ipshared/3db5/src/vp.v:17]
WARNING: [Synth 8-3848] Net rgb_mux[6] in module/entity vp does not have driver. [c:/Users/Bartek/Reconfigurable-Systems-Laboratory-Class/10/3/hdmi_vga_zybo/hdmi_vga_zybo.srcs/sources_1/bd/hdmi_vga/ipshared/3db5/src/vp.v:17]
WARNING: [Synth 8-3848] Net rgb_mux[5] in module/entity vp does not have driver. [c:/Users/Bartek/Reconfigurable-Systems-Laboratory-Class/10/3/hdmi_vga_zybo/hdmi_vga_zybo.srcs/sources_1/bd/hdmi_vga/ipshared/3db5/src/vp.v:17]
WARNING: [Synth 8-3848] Net rgb_mux[4] in module/entity vp does not have driver. [c:/Users/Bartek/Reconfigurable-Systems-Laboratory-Class/10/3/hdmi_vga_zybo/hdmi_vga_zybo.srcs/sources_1/bd/hdmi_vga/ipshared/3db5/src/vp.v:17]
WARNING: [Synth 8-3848] Net rgb_mux[3] in module/entity vp does not have driver. [c:/Users/Bartek/Reconfigurable-Systems-Laboratory-Class/10/3/hdmi_vga_zybo/hdmi_vga_zybo.srcs/sources_1/bd/hdmi_vga/ipshared/3db5/src/vp.v:17]
WARNING: [Synth 8-3848] Net rgb_mux[2] in module/entity vp does not have driver. [c:/Users/Bartek/Reconfigurable-Systems-Laboratory-Class/10/3/hdmi_vga_zybo/hdmi_vga_zybo.srcs/sources_1/bd/hdmi_vga/ipshared/3db5/src/vp.v:17]
WARNING: [Synth 8-3848] Net hsync_mux[7] in module/entity vp does not have driver. [c:/Users/Bartek/Reconfigurable-Systems-Laboratory-Class/10/3/hdmi_vga_zybo/hdmi_vga_zybo.srcs/sources_1/bd/hdmi_vga/ipshared/3db5/src/vp.v:19]
WARNING: [Synth 8-3848] Net hsync_mux[6] in module/entity vp does not have driver. [c:/Users/Bartek/Reconfigurable-Systems-Laboratory-Class/10/3/hdmi_vga_zybo/hdmi_vga_zybo.srcs/sources_1/bd/hdmi_vga/ipshared/3db5/src/vp.v:19]
WARNING: [Synth 8-3848] Net hsync_mux[5] in module/entity vp does not have driver. [c:/Users/Bartek/Reconfigurable-Systems-Laboratory-Class/10/3/hdmi_vga_zybo/hdmi_vga_zybo.srcs/sources_1/bd/hdmi_vga/ipshared/3db5/src/vp.v:19]
WARNING: [Synth 8-3848] Net hsync_mux[4] in module/entity vp does not have driver. [c:/Users/Bartek/Reconfigurable-Systems-Laboratory-Class/10/3/hdmi_vga_zybo/hdmi_vga_zybo.srcs/sources_1/bd/hdmi_vga/ipshared/3db5/src/vp.v:19]
WARNING: [Synth 8-3848] Net hsync_mux[3] in module/entity vp does not have driver. [c:/Users/Bartek/Reconfigurable-Systems-Laboratory-Class/10/3/hdmi_vga_zybo/hdmi_vga_zybo.srcs/sources_1/bd/hdmi_vga/ipshared/3db5/src/vp.v:19]
WARNING: [Synth 8-3848] Net hsync_mux[2] in module/entity vp does not have driver. [c:/Users/Bartek/Reconfigurable-Systems-Laboratory-Class/10/3/hdmi_vga_zybo/hdmi_vga_zybo.srcs/sources_1/bd/hdmi_vga/ipshared/3db5/src/vp.v:19]
WARNING: [Synth 8-3848] Net vsync_mux[7] in module/entity vp does not have driver. [c:/Users/Bartek/Reconfigurable-Systems-Laboratory-Class/10/3/hdmi_vga_zybo/hdmi_vga_zybo.srcs/sources_1/bd/hdmi_vga/ipshared/3db5/src/vp.v:20]
WARNING: [Synth 8-3848] Net vsync_mux[6] in module/entity vp does not have driver. [c:/Users/Bartek/Reconfigurable-Systems-Laboratory-Class/10/3/hdmi_vga_zybo/hdmi_vga_zybo.srcs/sources_1/bd/hdmi_vga/ipshared/3db5/src/vp.v:20]
WARNING: [Synth 8-3848] Net vsync_mux[5] in module/entity vp does not have driver. [c:/Users/Bartek/Reconfigurable-Systems-Laboratory-Class/10/3/hdmi_vga_zybo/hdmi_vga_zybo.srcs/sources_1/bd/hdmi_vga/ipshared/3db5/src/vp.v:20]
WARNING: [Synth 8-3848] Net vsync_mux[4] in module/entity vp does not have driver. [c:/Users/Bartek/Reconfigurable-Systems-Laboratory-Class/10/3/hdmi_vga_zybo/hdmi_vga_zybo.srcs/sources_1/bd/hdmi_vga/ipshared/3db5/src/vp.v:20]
WARNING: [Synth 8-3848] Net vsync_mux[3] in module/entity vp does not have driver. [c:/Users/Bartek/Reconfigurable-Systems-Laboratory-Class/10/3/hdmi_vga_zybo/hdmi_vga_zybo.srcs/sources_1/bd/hdmi_vga/ipshared/3db5/src/vp.v:20]
WARNING: [Synth 8-3848] Net vsync_mux[2] in module/entity vp does not have driver. [c:/Users/Bartek/Reconfigurable-Systems-Laboratory-Class/10/3/hdmi_vga_zybo/hdmi_vga_zybo.srcs/sources_1/bd/hdmi_vga/ipshared/3db5/src/vp.v:20]
WARNING: [Synth 8-3848] Net de_mux[7] in module/entity vp does not have driver. [c:/Users/Bartek/Reconfigurable-Systems-Laboratory-Class/10/3/hdmi_vga_zybo/hdmi_vga_zybo.srcs/sources_1/bd/hdmi_vga/ipshared/3db5/src/vp.v:18]
WARNING: [Synth 8-3848] Net de_mux[6] in module/entity vp does not have driver. [c:/Users/Bartek/Reconfigurable-Systems-Laboratory-Class/10/3/hdmi_vga_zybo/hdmi_vga_zybo.srcs/sources_1/bd/hdmi_vga/ipshared/3db5/src/vp.v:18]
WARNING: [Synth 8-3848] Net de_mux[5] in module/entity vp does not have driver. [c:/Users/Bartek/Reconfigurable-Systems-Laboratory-Class/10/3/hdmi_vga_zybo/hdmi_vga_zybo.srcs/sources_1/bd/hdmi_vga/ipshared/3db5/src/vp.v:18]
WARNING: [Synth 8-3848] Net de_mux[4] in module/entity vp does not have driver. [c:/Users/Bartek/Reconfigurable-Systems-Laboratory-Class/10/3/hdmi_vga_zybo/hdmi_vga_zybo.srcs/sources_1/bd/hdmi_vga/ipshared/3db5/src/vp.v:18]
WARNING: [Synth 8-3848] Net de_mux[3] in module/entity vp does not have driver. [c:/Users/Bartek/Reconfigurable-Systems-Laboratory-Class/10/3/hdmi_vga_zybo/hdmi_vga_zybo.srcs/sources_1/bd/hdmi_vga/ipshared/3db5/src/vp.v:18]
WARNING: [Synth 8-3848] Net de_mux[2] in module/entity vp does not have driver. [c:/Users/Bartek/Reconfigurable-Systems-Laboratory-Class/10/3/hdmi_vga_zybo/hdmi_vga_zybo.srcs/sources_1/bd/hdmi_vga/ipshared/3db5/src/vp.v:18]
INFO: [Synth 8-256] done synthesizing module 'vp' (19#1) [c:/Users/Bartek/Reconfigurable-Systems-Laboratory-Class/10/3/hdmi_vga_zybo/hdmi_vga_zybo.srcs/sources_1/bd/hdmi_vga/ipshared/3db5/src/vp.v:3]
INFO: [Synth 8-256] done synthesizing module 'hdmi_vga_vp_0_0' (20#1) [c:/Users/Bartek/Reconfigurable-Systems-Laboratory-Class/10/3/hdmi_vga_zybo/hdmi_vga_zybo.srcs/sources_1/bd/hdmi_vga/ip/hdmi_vga_vp_0_0/synth/hdmi_vga_vp_0_0.v:57]
WARNING: [Synth 8-3331] design xbip_dsp48e1_wrapper_v3_0 has unconnected port CEA1
WARNING: [Synth 8-3331] design xbip_dsp48e1_wrapper_v3_0 has unconnected port CEA2
WARNING: [Synth 8-3331] design xbip_dsp48e1_wrapper_v3_0 has unconnected port CEB1
WARNING: [Synth 8-3331] design xbip_dsp48e1_wrapper_v3_0 has unconnected port CEB2
WARNING: [Synth 8-3331] design xbip_dsp48e1_wrapper_v3_0 has unconnected port CEAD
WARNING: [Synth 8-3331] design xbip_dsp48e1_wrapper_v3_0 has unconnected port CED
WARNING: [Synth 8-3331] design xbip_dsp48e1_wrapper_v3_0 has unconnected port CEC
WARNING: [Synth 8-3331] design xbip_dsp48e1_wrapper_v3_0 has unconnected port CECARRYIN
WARNING: [Synth 8-3331] design xbip_dsp48e1_wrapper_v3_0 has unconnected port CECTRL
WARNING: [Synth 8-3331] design xbip_dsp48e1_wrapper_v3_0 has unconnected port CEALUMODE
WARNING: [Synth 8-3331] design xbip_dsp48e1_wrapper_v3_0 has unconnected port CEINMODE
WARNING: [Synth 8-3331] design xbip_dsp48e1_wrapper_v3_0 has unconnected port CEM
WARNING: [Synth 8-3331] design xbip_dsp48e1_wrapper_v3_0 has unconnected port CEP
WARNING: [Synth 8-3331] design xbip_dsp48e1_wrapper_v3_0 has unconnected port SCLRA
WARNING: [Synth 8-3331] design xbip_dsp48e1_wrapper_v3_0 has unconnected port SCLRB
WARNING: [Synth 8-3331] design xbip_dsp48e1_wrapper_v3_0 has unconnected port SCLRC
WARNING: [Synth 8-3331] design xbip_dsp48e1_wrapper_v3_0 has unconnected port SCLRD
WARNING: [Synth 8-3331] design xbip_dsp48e1_wrapper_v3_0 has unconnected port SCLRALLCARRYIN
WARNING: [Synth 8-3331] design xbip_dsp48e1_wrapper_v3_0 has unconnected port SCLRCTRL
WARNING: [Synth 8-3331] design xbip_dsp48e1_wrapper_v3_0 has unconnected port SCLRALUMODE
WARNING: [Synth 8-3331] design xbip_dsp48e1_wrapper_v3_0 has unconnected port SCLRINMODE
WARNING: [Synth 8-3331] design xbip_dsp48e1_wrapper_v3_0 has unconnected port SCLRM
WARNING: [Synth 8-3331] design xbip_dsp48e1_wrapper_v3_0 has unconnected port SCLRP
WARNING: [Synth 8-3331] design xbip_pipe_v3_0_4_viv has unconnected port SCLR
WARNING: [Synth 8-3331] design xbip_pipe_v3_0_4_viv has unconnected port SINIT
WARNING: [Synth 8-3331] design c_addsub_v12_0_11_viv has unconnected port C_IN
WARNING: [Synth 8-3331] design c_addsub_v12_0_11_viv has unconnected port CE
WARNING: [Synth 8-3331] design c_addsub_v12_0_11_viv has unconnected port BYPASS
WARNING: [Synth 8-3331] design c_addsub_v12_0_11_viv has unconnected port SCLR
WARNING: [Synth 8-3331] design c_addsub_v12_0_11_viv has unconnected port SSET
WARNING: [Synth 8-3331] design c_addsub_v12_0_11_viv has unconnected port SINIT
WARNING: [Synth 8-3331] design mult_gen_v12_0_13_delay_line has unconnected port CLK
WARNING: [Synth 8-3331] design mult_gen_v12_0_13_delay_line has unconnected port CE
WARNING: [Synth 8-3331] design mult_gen_v12_0_13_delay_line has unconnected port SCLR
WARNING: [Synth 8-3331] design dsp has unconnected port C_PORT[47]
WARNING: [Synth 8-3331] design dsp has unconnected port C_PORT[46]
WARNING: [Synth 8-3331] design dsp has unconnected port C_PORT[45]
WARNING: [Synth 8-3331] design dsp has unconnected port C_PORT[44]
WARNING: [Synth 8-3331] design dsp has unconnected port C_PORT[43]
WARNING: [Synth 8-3331] design dsp has unconnected port C_PORT[42]
WARNING: [Synth 8-3331] design dsp has unconnected port C_PORT[41]
WARNING: [Synth 8-3331] design dsp has unconnected port C_PORT[40]
WARNING: [Synth 8-3331] design dsp has unconnected port C_PORT[39]
WARNING: [Synth 8-3331] design dsp has unconnected port C_PORT[38]
WARNING: [Synth 8-3331] design dsp has unconnected port C_PORT[37]
WARNING: [Synth 8-3331] design dsp has unconnected port C_PORT[36]
WARNING: [Synth 8-3331] design dsp has unconnected port C_PORT[35]
WARNING: [Synth 8-3331] design dsp has unconnected port C_PORT[34]
WARNING: [Synth 8-3331] design dsp has unconnected port C_PORT[33]
WARNING: [Synth 8-3331] design dsp has unconnected port C_PORT[32]
WARNING: [Synth 8-3331] design dsp has unconnected port C_PORT[31]
WARNING: [Synth 8-3331] design dsp has unconnected port C_PORT[30]
WARNING: [Synth 8-3331] design dsp has unconnected port C_PORT[29]
WARNING: [Synth 8-3331] design dsp has unconnected port C_PORT[28]
WARNING: [Synth 8-3331] design dsp has unconnected port C_PORT[27]
WARNING: [Synth 8-3331] design dsp has unconnected port C_PORT[26]
WARNING: [Synth 8-3331] design dsp has unconnected port C_PORT[25]
WARNING: [Synth 8-3331] design dsp has unconnected port C_PORT[24]
WARNING: [Synth 8-3331] design dsp has unconnected port C_PORT[23]
WARNING: [Synth 8-3331] design dsp has unconnected port C_PORT[22]
WARNING: [Synth 8-3331] design dsp has unconnected port C_PORT[21]
WARNING: [Synth 8-3331] design dsp has unconnected port C_PORT[20]
WARNING: [Synth 8-3331] design dsp has unconnected port C_PORT[19]
WARNING: [Synth 8-3331] design dsp has unconnected port C_PORT[18]
WARNING: [Synth 8-3331] design dsp has unconnected port C_PORT[17]
WARNING: [Synth 8-3331] design dsp has unconnected port C_PORT[16]
WARNING: [Synth 8-3331] design dsp has unconnected port C_PORT[15]
WARNING: [Synth 8-3331] design dsp has unconnected port C_PORT[14]
WARNING: [Synth 8-3331] design dsp has unconnected port C_PORT[13]
WARNING: [Synth 8-3331] design dsp has unconnected port C_PORT[12]
WARNING: [Synth 8-3331] design dsp has unconnected port C_PORT[11]
WARNING: [Synth 8-3331] design dsp has unconnected port C_PORT[10]
WARNING: [Synth 8-3331] design dsp has unconnected port C_PORT[9]
WARNING: [Synth 8-3331] design dsp has unconnected port C_PORT[8]
WARNING: [Synth 8-3331] design dsp has unconnected port C_PORT[7]
WARNING: [Synth 8-3331] design dsp has unconnected port C_PORT[6]
WARNING: [Synth 8-3331] design dsp has unconnected port C_PORT[5]
WARNING: [Synth 8-3331] design dsp has unconnected port C_PORT[4]
WARNING: [Synth 8-3331] design dsp has unconnected port C_PORT[3]
WARNING: [Synth 8-3331] design dsp has unconnected port C_PORT[2]
WARNING: [Synth 8-3331] design dsp has unconnected port C_PORT[1]
WARNING: [Synth 8-3331] design dsp has unconnected port C_PORT[0]
WARNING: [Synth 8-3331] design dsp has unconnected port D_PORT[24]
WARNING: [Synth 8-3331] design dsp has unconnected port D_PORT[23]
WARNING: [Synth 8-3331] design dsp has unconnected port D_PORT[22]
WARNING: [Synth 8-3331] design dsp has unconnected port D_PORT[21]
WARNING: [Synth 8-3331] design dsp has unconnected port D_PORT[20]
WARNING: [Synth 8-3331] design dsp has unconnected port D_PORT[19]
WARNING: [Synth 8-3331] design dsp has unconnected port D_PORT[18]
WARNING: [Synth 8-3331] design dsp has unconnected port D_PORT[17]
WARNING: [Synth 8-3331] design dsp has unconnected port D_PORT[16]
WARNING: [Synth 8-3331] design dsp has unconnected port D_PORT[15]
WARNING: [Synth 8-3331] design dsp has unconnected port D_PORT[14]
WARNING: [Synth 8-3331] design dsp has unconnected port D_PORT[13]
WARNING: [Synth 8-3331] design dsp has unconnected port D_PORT[12]
WARNING: [Synth 8-3331] design dsp has unconnected port D_PORT[11]
WARNING: [Synth 8-3331] design dsp has unconnected port D_PORT[10]
WARNING: [Synth 8-3331] design dsp has unconnected port D_PORT[9]
WARNING: [Synth 8-3331] design dsp has unconnected port D_PORT[8]
WARNING: [Synth 8-3331] design dsp has unconnected port D_PORT[7]
INFO: [Common 17-14] Message 'Synth 8-3331' appears 100 times and further instances of the messages will be disabled. Use the Tcl command set_msg_config to change the current settings.
---------------------------------------------------------------------------------
Finished RTL Elaboration : Time (s): cpu = 00:00:17 ; elapsed = 00:00:20 . Memory (MB): peak = 455.758 ; gain = 186.465
---------------------------------------------------------------------------------

Report Check Netlist: 
+------+------------------+-------+---------+-------+------------------+
|      |Item              |Errors |Warnings |Status |Description       |
+------+------------------+-------+---------+-------+------------------+
|1     |multi_driven_nets |      0|        0|Passed |Multi driven nets |
+------+------------------+-------+---------+-------+------------------+
---------------------------------------------------------------------------------
Finished RTL Optimization Phase 1 : Time (s): cpu = 00:00:18 ; elapsed = 00:00:20 . Memory (MB): peak = 455.758 ; gain = 186.465
---------------------------------------------------------------------------------
INFO: [Netlist 29-17] Analyzing 9 Unisim elements for replacement
INFO: [Netlist 29-28] Unisim Transformation completed in 0 CPU seconds
INFO: [Device 21-403] Loading part xc7z010clg400-1
INFO: [Project 1-570] Preparing netlist for logic optimization

Processing XDC Constraints
Initializing timing engine
Parsing XDC File [C:/Users/Bartek/Reconfigurable-Systems-Laboratory-Class/10/3/hdmi_vga_zybo/hdmi_vga_zybo.runs/hdmi_vga_vp_0_0_synth_1/dont_touch.xdc]
Finished Parsing XDC File [C:/Users/Bartek/Reconfigurable-Systems-Laboratory-Class/10/3/hdmi_vga_zybo/hdmi_vga_zybo.runs/hdmi_vga_vp_0_0_synth_1/dont_touch.xdc]
Completed Processing XDC Constraints

INFO: [Project 1-111] Unisim Transformation Summary:
No Unisim elements were transformed.

Constraint Validation Runtime : Time (s): cpu = 00:00:00 ; elapsed = 00:00:00.047 . Memory (MB): peak = 726.254 ; gain = 0.000
---------------------------------------------------------------------------------
Finished Constraint Validation : Time (s): cpu = 00:00:33 ; elapsed = 00:00:39 . Memory (MB): peak = 726.254 ; gain = 456.961
---------------------------------------------------------------------------------
---------------------------------------------------------------------------------
Start Loading Part and Timing Information
---------------------------------------------------------------------------------
Loading part: xc7z010clg400-1
---------------------------------------------------------------------------------
Finished Loading Part and Timing Information : Time (s): cpu = 00:00:33 ; elapsed = 00:00:39 . Memory (MB): peak = 726.254 ; gain = 456.961
---------------------------------------------------------------------------------
---------------------------------------------------------------------------------
Start Applying 'set_property' XDC Constraints
---------------------------------------------------------------------------------
Applied set_property DONT_TOUCH = true for inst/rgb2ycbcr_i. (constraint file  auto generated constraint, line ).
Applied set_property DONT_TOUCH = true for inst/rgb2ycbcr_i/inst/add_Cb1. (constraint file  auto generated constraint, line ).
Applied set_property DONT_TOUCH = true for inst/rgb2ycbcr_i/inst/add_Cb2. (constraint file  auto generated constraint, line ).
Applied set_property DONT_TOUCH = true for inst/rgb2ycbcr_i/inst/add_Cb3. (constraint file  auto generated constraint, line ).
Applied set_property DONT_TOUCH = true for inst/rgb2ycbcr_i/inst/add_Cr1. (constraint file  auto generated constraint, line ).
Applied set_property DONT_TOUCH = true for inst/rgb2ycbcr_i/inst/add_Cr2. (constraint file  auto generated constraint, line ).
Applied set_property DONT_TOUCH = true for inst/rgb2ycbcr_i/inst/add_Cr3. (constraint file  auto generated constraint, line ).
Applied set_property DONT_TOUCH = true for inst/rgb2ycbcr_i/inst/add_Y1. (constraint file  auto generated constraint, line ).
Applied set_property DONT_TOUCH = true for inst/rgb2ycbcr_i/inst/add_Y2. (constraint file  auto generated constraint, line ).
Applied set_property DONT_TOUCH = true for inst/rgb2ycbcr_i/inst/add_Y3. (constraint file  auto generated constraint, line ).
Applied set_property DONT_TOUCH = true for inst/rgb2ycbcr_i/inst/mul_Cb1. (constraint file  auto generated constraint, line ).
Applied set_property DONT_TOUCH = true for inst/rgb2ycbcr_i/inst/mul_Cb2. (constraint file  auto generated constraint, line ).
Applied set_property DONT_TOUCH = true for inst/rgb2ycbcr_i/inst/mul_Cb3. (constraint file  auto generated constraint, line ).
Applied set_property DONT_TOUCH = true for inst/rgb2ycbcr_i/inst/mul_Cr1. (constraint file  auto generated constraint, line ).
Applied set_property DONT_TOUCH = true for inst/rgb2ycbcr_i/inst/mul_Cr2. (constraint file  auto generated constraint, line ).
Applied set_property DONT_TOUCH = true for inst/rgb2ycbcr_i/inst/mul_Cr3. (constraint file  auto generated constraint, line ).
Applied set_property DONT_TOUCH = true for inst/rgb2ycbcr_i/inst/mul_Y1. (constraint file  auto generated constraint, line ).
Applied set_property DONT_TOUCH = true for inst/rgb2ycbcr_i/inst/mul_Y2. (constraint file  auto generated constraint, line ).
Applied set_property DONT_TOUCH = true for inst/rgb2ycbcr_i/inst/mul_Y3. (constraint file  auto generated constraint, line ).
---------------------------------------------------------------------------------
Finished applying 'set_property' XDC Constraints : Time (s): cpu = 00:00:33 ; elapsed = 00:00:39 . Memory (MB): peak = 726.254 ; gain = 456.961
---------------------------------------------------------------------------------
---------------------------------------------------------------------------------
Finished RTL Optimization Phase 2 : Time (s): cpu = 00:00:33 ; elapsed = 00:00:39 . Memory (MB): peak = 726.254 ; gain = 456.961
---------------------------------------------------------------------------------

Report RTL Partitions: 
+-+--------------+------------+----------+
| |RTL Partition |Replication |Instances |
+-+--------------+------------+----------+
+-+--------------+------------+----------+
---------------------------------------------------------------------------------
Start RTL Component Statistics 
---------------------------------------------------------------------------------
---------------------------------------------------------------------------------
Finished RTL Component Statistics 
---------------------------------------------------------------------------------
---------------------------------------------------------------------------------
Start RTL Hierarchical Component Statistics 
---------------------------------------------------------------------------------
---------------------------------------------------------------------------------
Finished RTL Hierarchical Component Statistics
---------------------------------------------------------------------------------
---------------------------------------------------------------------------------
Start Part Resource Summary
---------------------------------------------------------------------------------
Part Resources:
DSPs: 80 (col length:40)
BRAMs: 120 (col length: RAMB18 40 RAMB36 20)
---------------------------------------------------------------------------------
Finished Part Resource Summary
---------------------------------------------------------------------------------
---------------------------------------------------------------------------------
Start Cross Boundary and Area Optimization
---------------------------------------------------------------------------------
INFO: [Synth 8-3886] merging instance 'inst/rgb2ycbcr_i/inst/d_1/genblk1[0].delay_i/val_reg[0]' (FD) to 'inst/rgb2ycbcr_i/inst/d_1/genblk1[0].delay_i/val_reg[8]'
INFO: [Synth 8-3886] merging instance 'inst/rgb2ycbcr_i/inst/d_1/genblk1[0].delay_i/val_reg[1]' (FD) to 'inst/rgb2ycbcr_i/inst/d_1/genblk1[0].delay_i/val_reg[8]'
INFO: [Synth 8-3886] merging instance 'inst/rgb2ycbcr_i/inst/d_1/genblk1[0].delay_i/val_reg[2]' (FD) to 'inst/rgb2ycbcr_i/inst/d_1/genblk1[0].delay_i/val_reg[8]'
INFO: [Synth 8-3886] merging instance 'inst/rgb2ycbcr_i/inst/d_1/genblk1[0].delay_i/val_reg[3]' (FD) to 'inst/rgb2ycbcr_i/inst/d_1/genblk1[0].delay_i/val_reg[8]'
INFO: [Synth 8-3886] merging instance 'inst/rgb2ycbcr_i/inst/d_1/genblk1[0].delay_i/val_reg[4]' (FD) to 'inst/rgb2ycbcr_i/inst/d_1/genblk1[0].delay_i/val_reg[8]'
INFO: [Synth 8-3886] merging instance 'inst/rgb2ycbcr_i/inst/d_1/genblk1[0].delay_i/val_reg[5]' (FD) to 'inst/rgb2ycbcr_i/inst/d_1/genblk1[0].delay_i/val_reg[8]'
INFO: [Synth 8-3886] merging instance 'inst/rgb2ycbcr_i/inst/d_1/genblk1[0].delay_i/val_reg[6]' (FD) to 'inst/rgb2ycbcr_i/inst/d_1/genblk1[0].delay_i/val_reg[8]'
INFO: [Synth 8-3333] propagating constant 0 across sequential element (\inst/rgb2ycbcr_i /\inst/d_1/genblk1[0].delay_i/val_reg[8] )
INFO: [Synth 8-3886] merging instance 'inst/rgb2ycbcr_i/inst/d_1/genblk1[1].delay_i/val_reg[0]' (FD) to 'inst/rgb2ycbcr_i/inst/d_1/genblk1[0].delay_i/val_reg[8]'
INFO: [Synth 8-3886] merging instance 'inst/rgb2ycbcr_i/inst/d_1/genblk1[1].delay_i/val_reg[1]' (FD) to 'inst/rgb2ycbcr_i/inst/d_1/genblk1[0].delay_i/val_reg[8]'
INFO: [Synth 8-3886] merging instance 'inst/rgb2ycbcr_i/inst/d_1/genblk1[1].delay_i/val_reg[2]' (FD) to 'inst/rgb2ycbcr_i/inst/d_1/genblk1[0].delay_i/val_reg[8]'
INFO: [Synth 8-3886] merging instance 'inst/rgb2ycbcr_i/inst/d_1/genblk1[1].delay_i/val_reg[3]' (FD) to 'inst/rgb2ycbcr_i/inst/d_1/genblk1[0].delay_i/val_reg[8]'
INFO: [Synth 8-3886] merging instance 'inst/rgb2ycbcr_i/inst/d_1/genblk1[1].delay_i/val_reg[4]' (FD) to 'inst/rgb2ycbcr_i/inst/d_1/genblk1[0].delay_i/val_reg[8]'
INFO: [Synth 8-3886] merging instance 'inst/rgb2ycbcr_i/inst/d_1/genblk1[1].delay_i/val_reg[5]' (FD) to 'inst/rgb2ycbcr_i/inst/d_1/genblk1[0].delay_i/val_reg[8]'
INFO: [Synth 8-3886] merging instance 'inst/rgb2ycbcr_i/inst/d_1/genblk1[1].delay_i/val_reg[6]' (FD) to 'inst/rgb2ycbcr_i/inst/d_1/genblk1[0].delay_i/val_reg[8]'
INFO: [Synth 8-3886] merging instance 'inst/rgb2ycbcr_i/inst/d_1/genblk1[1].delay_i/val_reg[8]' (FD) to 'inst/rgb2ycbcr_i/inst/d_1/genblk1[0].delay_i/val_reg[8]'
INFO: [Synth 8-3886] merging instance 'inst/rgb2ycbcr_i/inst/d_1/genblk1[2].delay_i/val_reg[0]' (FD) to 'inst/rgb2ycbcr_i/inst/d_1/genblk1[2].delay_i/val_reg[8]'
INFO: [Synth 8-3886] merging instance 'inst/rgb2ycbcr_i/inst/d_1/genblk1[2].delay_i/val_reg[1]' (FD) to 'inst/rgb2ycbcr_i/inst/d_1/genblk1[2].delay_i/val_reg[8]'
INFO: [Synth 8-3886] merging instance 'inst/rgb2ycbcr_i/inst/d_1/genblk1[2].delay_i/val_reg[2]' (FD) to 'inst/rgb2ycbcr_i/inst/d_1/genblk1[2].delay_i/val_reg[8]'
INFO: [Synth 8-3886] merging instance 'inst/rgb2ycbcr_i/inst/d_1/genblk1[2].delay_i/val_reg[3]' (FD) to 'inst/rgb2ycbcr_i/inst/d_1/genblk1[2].delay_i/val_reg[8]'
INFO: [Synth 8-3886] merging instance 'inst/rgb2ycbcr_i/inst/d_1/genblk1[2].delay_i/val_reg[4]' (FD) to 'inst/rgb2ycbcr_i/inst/d_1/genblk1[2].delay_i/val_reg[8]'
INFO: [Synth 8-3886] merging instance 'inst/rgb2ycbcr_i/inst/d_1/genblk1[2].delay_i/val_reg[5]' (FD) to 'inst/rgb2ycbcr_i/inst/d_1/genblk1[2].delay_i/val_reg[8]'
INFO: [Synth 8-3886] merging instance 'inst/rgb2ycbcr_i/inst/d_1/genblk1[2].delay_i/val_reg[6]' (FD) to 'inst/rgb2ycbcr_i/inst/d_1/genblk1[2].delay_i/val_reg[8]'
INFO: [Synth 8-3333] propagating constant 0 across sequential element (\inst/rgb2ycbcr_i /\inst/d_1/genblk1[0].delay_i/val_reg[8] )
INFO: [Synth 8-3886] merging instance 'inst/rgb2ycbcr_i/inst/d_1/genblk1[2].delay_i/val_reg[8]' (FD) to 'inst/rgb2ycbcr_i/inst/d_1/genblk1[0].delay_i/val_reg[8]'
INFO: [Synth 8-3333] propagating constant 0 across sequential element (\inst/rgb2ycbcr_i /\inst/d_1/genblk1[0].delay_i/val_reg[8] )
INFO: [Synth 8-3332] Sequential element (inst/d_1/genblk1[0].delay_i/val_reg[8]) is unused and will be removed from module rgb2ycbcr_0.
---------------------------------------------------------------------------------
Finished Cross Boundary and Area Optimization : Time (s): cpu = 00:00:35 ; elapsed = 00:00:41 . Memory (MB): peak = 726.254 ; gain = 456.961
---------------------------------------------------------------------------------

Report RTL Partitions: 
+-+--------------+------------+----------+
| |RTL Partition |Replication |Instances |
+-+--------------+------------+----------+
+-+--------------+------------+----------+
---------------------------------------------------------------------------------
Start Applying XDC Timing Constraints
---------------------------------------------------------------------------------
---------------------------------------------------------------------------------
Finished Applying XDC Timing Constraints : Time (s): cpu = 00:00:55 ; elapsed = 00:01:03 . Memory (MB): peak = 795.953 ; gain = 526.660
---------------------------------------------------------------------------------
---------------------------------------------------------------------------------
Start Timing Optimization
---------------------------------------------------------------------------------
---------------------------------------------------------------------------------
Finished Timing Optimization : Time (s): cpu = 00:00:55 ; elapsed = 00:01:03 . Memory (MB): peak = 796.027 ; gain = 526.734
---------------------------------------------------------------------------------

Report RTL Partitions: 
+-+--------------+------------+----------+
| |RTL Partition |Replication |Instances |
+-+--------------+------------+----------+
+-+--------------+------------+----------+
---------------------------------------------------------------------------------
Start Technology Mapping
---------------------------------------------------------------------------------
---------------------------------------------------------------------------------
Finished Technology Mapping : Time (s): cpu = 00:00:56 ; elapsed = 00:01:04 . Memory (MB): peak = 815.195 ; gain = 545.902
---------------------------------------------------------------------------------

Report RTL Partitions: 
+-+--------------+------------+----------+
| |RTL Partition |Replication |Instances |
+-+--------------+------------+----------+
+-+--------------+------------+----------+
---------------------------------------------------------------------------------
Start IO Insertion
---------------------------------------------------------------------------------
---------------------------------------------------------------------------------
Start Flattening Before IO Insertion
---------------------------------------------------------------------------------
---------------------------------------------------------------------------------
Finished Flattening Before IO Insertion
---------------------------------------------------------------------------------
---------------------------------------------------------------------------------
Start Final Netlist Cleanup
---------------------------------------------------------------------------------
---------------------------------------------------------------------------------
Finished Final Netlist Cleanup
---------------------------------------------------------------------------------
---------------------------------------------------------------------------------
Finished IO Insertion : Time (s): cpu = 00:00:57 ; elapsed = 00:01:05 . Memory (MB): peak = 815.195 ; gain = 545.902
---------------------------------------------------------------------------------

Report Check Netlist: 
+------+------------------+-------+---------+-------+------------------+
|      |Item              |Errors |Warnings |Status |Description       |
+------+------------------+-------+---------+-------+------------------+
|1     |multi_driven_nets |      0|        0|Passed |Multi driven nets |
+------+------------------+-------+---------+-------+------------------+
---------------------------------------------------------------------------------
Start Renaming Generated Instances
---------------------------------------------------------------------------------
---------------------------------------------------------------------------------
Finished Renaming Generated Instances : Time (s): cpu = 00:00:57 ; elapsed = 00:01:05 . Memory (MB): peak = 815.195 ; gain = 545.902
---------------------------------------------------------------------------------

Report RTL Partitions: 
+-+--------------+------------+----------+
| |RTL Partition |Replication |Instances |
+-+--------------+------------+----------+
+-+--------------+------------+----------+
---------------------------------------------------------------------------------
Start Rebuilding User Hierarchy
---------------------------------------------------------------------------------
---------------------------------------------------------------------------------
Finished Rebuilding User Hierarchy : Time (s): cpu = 00:00:57 ; elapsed = 00:01:05 . Memory (MB): peak = 815.195 ; gain = 545.902
---------------------------------------------------------------------------------
---------------------------------------------------------------------------------
Start Renaming Generated Ports
---------------------------------------------------------------------------------
---------------------------------------------------------------------------------
Finished Renaming Generated Ports : Time (s): cpu = 00:00:57 ; elapsed = 00:01:05 . Memory (MB): peak = 815.195 ; gain = 545.902
---------------------------------------------------------------------------------
---------------------------------------------------------------------------------
Start Handling Custom Attributes
---------------------------------------------------------------------------------
---------------------------------------------------------------------------------
Finished Handling Custom Attributes : Time (s): cpu = 00:00:57 ; elapsed = 00:01:05 . Memory (MB): peak = 815.195 ; gain = 545.902
---------------------------------------------------------------------------------
---------------------------------------------------------------------------------
Start Renaming Generated Nets
---------------------------------------------------------------------------------
---------------------------------------------------------------------------------
Finished Renaming Generated Nets : Time (s): cpu = 00:00:57 ; elapsed = 00:01:05 . Memory (MB): peak = 815.195 ; gain = 545.902
---------------------------------------------------------------------------------
---------------------------------------------------------------------------------
Start Writing Synthesis Report
---------------------------------------------------------------------------------

Report BlackBoxes: 
+-+--------------+----------+
| |BlackBox name |Instances |
+-+--------------+----------+
+-+--------------+----------+

Report Cell Usage: 
+------+----------+------+
|      |Cell      |Count |
+------+----------+------+
|1     |DSP48E1   |     9|
|2     |DSP48E1_1 |     9|
|3     |LUT5      |    27|
|4     |SRL16E    |     4|
|5     |FDRE      |    16|
+------+----------+------+
---------------------------------------------------------------------------------
Finished Writing Synthesis Report : Time (s): cpu = 00:00:57 ; elapsed = 00:01:05 . Memory (MB): peak = 815.195 ; gain = 545.902
---------------------------------------------------------------------------------
Synthesis finished with 0 errors, 0 critical warnings and 8 warnings.
Synthesis Optimization Runtime : Time (s): cpu = 00:00:31 ; elapsed = 00:00:55 . Memory (MB): peak = 815.195 ; gain = 275.406
Synthesis Optimization Complete : Time (s): cpu = 00:00:57 ; elapsed = 00:01:06 . Memory (MB): peak = 815.195 ; gain = 545.902
INFO: [Project 1-571] Translating synthesized netlist
INFO: [Netlist 29-17] Analyzing 18 Unisim elements for replacement
INFO: [Netlist 29-28] Unisim Transformation completed in 0 CPU seconds
INFO: [Project 1-570] Preparing netlist for logic optimization
INFO: [Opt 31-138] Pushed 0 inverter(s) to 0 load pin(s).
INFO: [Project 1-111] Unisim Transformation Summary:
No Unisim elements were transformed.

INFO: [Common 17-83] Releasing license: Synthesis
63 Infos, 130 Warnings, 0 Critical Warnings and 0 Errors encountered.
synth_design completed successfully
synth_design: Time (s): cpu = 00:01:00 ; elapsed = 00:01:09 . Memory (MB): peak = 815.195 ; gain = 557.371
INFO: [Common 17-1381] The checkpoint 'C:/Users/Bartek/Reconfigurable-Systems-Laboratory-Class/10/3/hdmi_vga_zybo/hdmi_vga_zybo.runs/hdmi_vga_vp_0_0_synth_1/hdmi_vga_vp_0_0.dcp' has been generated.
