Vivado Simulator 2017.4
Copyright 1986-1999, 2001-2016 Xilinx, Inc. All Rights Reserved.
Running: C:/Xilinx/Vivado/2017.4/bin/unwrapped/win64.o/xelab.exe -wto 7d24be8a2e4f4c6b8dd1e539fb228dfd --incr --debug typical --relax --mt 2 -L blk_mem_gen_v8_4_1 -L xil_defaultlib -L unisims_ver -L unimacro_ver -L secureip -L xpm --snapshot tb_hdmi_behav xil_defaultlib.tb_hdmi xil_defaultlib.glbl -log elaborate.log 
Using 2 slave threads.
Starting static elaboration
WARNING: [VRFC 10-278] actual bit length 32 differs from formal bit length 11 for port h_size [C:/Users/Bartek/Reconfigurable-Systems-Laboratory-Class/12/1/median5x5/median5x5.srcs/sources_1/new/median5x5.v:129]
WARNING: [VRFC 10-1783] select index 30 into current_contents is out of bounds [/wrk/2017.4/nightly/2017_12_15_2086221/packages/customer/vivado/data/ip/xilinx/blk_mem_gen_v8_4/simulation/blk_mem_gen_v8_4.v:2419]
WARNING: [VRFC 10-1783] select index 62 into current_contents is out of bounds [/wrk/2017.4/nightly/2017_12_15_2086221/packages/customer/vivado/data/ip/xilinx/blk_mem_gen_v8_4/simulation/blk_mem_gen_v8_4.v:2420]
Completed static elaboration
Starting simulation data flow analysis
Completed simulation data flow analysis
Time Resolution for simulation is 1ps
Compiling module xil_defaultlib.hdmi_in_default
Compiling module blk_mem_gen_v8_4_1.blk_mem_gen_v8_4_1_output_stage(...
Compiling module blk_mem_gen_v8_4_1.blk_mem_gen_v8_4_1_output_stage(...
Compiling module blk_mem_gen_v8_4_1.blk_mem_gen_v8_4_1_softecc_outpu...
Compiling module blk_mem_gen_v8_4_1.blk_mem_gen_v8_4_1_mem_module(C_...
Compiling module blk_mem_gen_v8_4_1.blk_mem_gen_v8_4_1(C_FAMILY="zyn...
Compiling module xil_defaultlib.delayLineBRAM
Compiling module xil_defaultlib.delayLinieBRAM_WP
Compiling module xil_defaultlib.delay(N=6)
Compiling module xil_defaultlib.delay_line(N=6,DELAY=167)
Compiling module xil_defaultlib.median5x5
Compiling module xil_defaultlib.hdmi_out
Compiling module xil_defaultlib.tb_hdmi
Compiling module xil_defaultlib.glbl
Built simulation snapshot tb_hdmi_behav
