
*** Running vivado
    with args -log hdmi_vga_vp_0_0.vds -m64 -product Vivado -mode batch -messageDb vivado.pb -notrace -source hdmi_vga_vp_0_0.tcl


****** Vivado v2017.4 (64-bit)
  **** SW Build 2086221 on Fri Dec 15 20:54:30 MST 2017
  **** IP Build 2085800 on Fri Dec 15 22:25:07 MST 2017
    ** Copyright 1986-2017 Xilinx, Inc. All Rights Reserved.

source hdmi_vga_vp_0_0.tcl -notrace
Command: synth_design -top hdmi_vga_vp_0_0 -part xc7z010clg400-1 -mode out_of_context
Starting synth_design
Attempting to get a license for feature 'Synthesis' and/or device 'xc7z010'
INFO: [Common 17-349] Got license for feature 'Synthesis' and/or device 'xc7z010'
INFO: Launching helper process for spawning children vivado processes
INFO: Helper process launched with PID 15933 
---------------------------------------------------------------------------------
Starting RTL Elaboration : Time (s): cpu = 00:00:07 ; elapsed = 00:00:07 . Memory (MB): peak = 1315.531 ; gain = 84.996 ; free physical = 9934 ; free virtual = 28640
---------------------------------------------------------------------------------
INFO: [Synth 8-638] synthesizing module 'hdmi_vga_vp_0_0' [/home/lsriw/sr/StyczenBartlomiej/Reconfigurable-Systems-Laboratory-Class/Lab_5/8_5/8_5.srcs/sources_1/bd/hdmi_vga/ip/hdmi_vga_vp_0_0/synth/hdmi_vga_vp_0_0.v:57]
INFO: [Synth 8-638] synthesizing module 'vp' [/home/lsriw/sr/StyczenBartlomiej/Reconfigurable-Systems-Laboratory-Class/Lab_5/8_5/8_5.srcs/sources_1/bd/hdmi_vga/ipshared/b96b/src/vp.v:3]
INFO: [Synth 8-638] synthesizing module 'LUT' [/home/lsriw/sr/StyczenBartlomiej/Reconfigurable-Systems-Laboratory-Class/Lab_5/8_5/8_5.srcs/sources_1/bd/hdmi_vga/ip/hdmi_vga_vp_0_0/src/LUT/synth/LUT.vhd:67]
	Parameter C_FAMILY bound to: zynq - type: string 
	Parameter C_ADDR_WIDTH bound to: 8 - type: integer 
	Parameter C_DEFAULT_DATA bound to: 0 - type: string 
	Parameter C_DEPTH bound to: 256 - type: integer 
	Parameter C_HAS_CLK bound to: 1 - type: integer 
	Parameter C_HAS_D bound to: 0 - type: integer 
	Parameter C_HAS_DPO bound to: 0 - type: integer 
	Parameter C_HAS_DPRA bound to: 0 - type: integer 
	Parameter C_HAS_I_CE bound to: 0 - type: integer 
	Parameter C_HAS_QDPO bound to: 0 - type: integer 
	Parameter C_HAS_QDPO_CE bound to: 0 - type: integer 
	Parameter C_HAS_QDPO_CLK bound to: 0 - type: integer 
	Parameter C_HAS_QDPO_RST bound to: 0 - type: integer 
	Parameter C_HAS_QDPO_SRST bound to: 0 - type: integer 
	Parameter C_HAS_QSPO bound to: 1 - type: integer 
	Parameter C_HAS_QSPO_CE bound to: 0 - type: integer 
	Parameter C_HAS_QSPO_RST bound to: 0 - type: integer 
	Parameter C_HAS_QSPO_SRST bound to: 0 - type: integer 
	Parameter C_HAS_SPO bound to: 0 - type: integer 
	Parameter C_HAS_WE bound to: 0 - type: integer 
	Parameter C_MEM_INIT_FILE bound to: LUT.mif - type: string 
	Parameter C_ELABORATION_DIR bound to: ./ - type: string 
	Parameter C_MEM_TYPE bound to: 0 - type: integer 
	Parameter C_PIPELINE_STAGES bound to: 0 - type: integer 
	Parameter C_QCE_JOINED bound to: 0 - type: integer 
	Parameter C_QUALIFY_WE bound to: 0 - type: integer 
	Parameter C_READ_MIF bound to: 1 - type: integer 
	Parameter C_REG_A_D_INPUTS bound to: 0 - type: integer 
	Parameter C_REG_DPRA_INPUT bound to: 0 - type: integer 
	Parameter C_SYNC_ENABLE bound to: 1 - type: integer 
	Parameter C_WIDTH bound to: 8 - type: integer 
	Parameter C_PARSER_TYPE bound to: 1 - type: integer 
INFO: [Synth 8-3491] module 'dist_mem_gen_v8_0_12' declared at '/home/lsriw/sr/StyczenBartlomiej/Reconfigurable-Systems-Laboratory-Class/Lab_5/8_5/8_5.srcs/sources_1/bd/hdmi_vga/ip/hdmi_vga_vp_0_0/src/LUT/hdl/dist_mem_gen_v8_0_vhsyn_rfs.vhd:3237' bound to instance 'U0' of component 'dist_mem_gen_v8_0_12' [/home/lsriw/sr/StyczenBartlomiej/Reconfigurable-Systems-Laboratory-Class/Lab_5/8_5/8_5.srcs/sources_1/bd/hdmi_vga/ip/hdmi_vga_vp_0_0/src/LUT/synth/LUT.vhd:133]
INFO: [Synth 8-256] done synthesizing module 'LUT' (4#1) [/home/lsriw/sr/StyczenBartlomiej/Reconfigurable-Systems-Laboratory-Class/Lab_5/8_5/8_5.srcs/sources_1/bd/hdmi_vga/ip/hdmi_vga_vp_0_0/src/LUT/synth/LUT.vhd:67]
INFO: [Synth 8-256] done synthesizing module 'vp' (5#1) [/home/lsriw/sr/StyczenBartlomiej/Reconfigurable-Systems-Laboratory-Class/Lab_5/8_5/8_5.srcs/sources_1/bd/hdmi_vga/ipshared/b96b/src/vp.v:3]
INFO: [Synth 8-256] done synthesizing module 'hdmi_vga_vp_0_0' (6#1) [/home/lsriw/sr/StyczenBartlomiej/Reconfigurable-Systems-Laboratory-Class/Lab_5/8_5/8_5.srcs/sources_1/bd/hdmi_vga/ip/hdmi_vga_vp_0_0/synth/hdmi_vga_vp_0_0.v:57]
WARNING: [Synth 8-3331] design rom has unconnected port spo[7]
WARNING: [Synth 8-3331] design rom has unconnected port spo[6]
WARNING: [Synth 8-3331] design rom has unconnected port spo[5]
WARNING: [Synth 8-3331] design rom has unconnected port spo[4]
WARNING: [Synth 8-3331] design rom has unconnected port spo[3]
WARNING: [Synth 8-3331] design rom has unconnected port spo[2]
WARNING: [Synth 8-3331] design rom has unconnected port spo[1]
WARNING: [Synth 8-3331] design rom has unconnected port spo[0]
WARNING: [Synth 8-3331] design rom has unconnected port qspo_ce
WARNING: [Synth 8-3331] design rom has unconnected port qspo_rst
WARNING: [Synth 8-3331] design rom has unconnected port qspo_srst
WARNING: [Synth 8-3331] design dist_mem_gen_v8_0_12_synth has unconnected port dpo[7]
WARNING: [Synth 8-3331] design dist_mem_gen_v8_0_12_synth has unconnected port dpo[6]
WARNING: [Synth 8-3331] design dist_mem_gen_v8_0_12_synth has unconnected port dpo[5]
WARNING: [Synth 8-3331] design dist_mem_gen_v8_0_12_synth has unconnected port dpo[4]
WARNING: [Synth 8-3331] design dist_mem_gen_v8_0_12_synth has unconnected port dpo[3]
WARNING: [Synth 8-3331] design dist_mem_gen_v8_0_12_synth has unconnected port dpo[2]
WARNING: [Synth 8-3331] design dist_mem_gen_v8_0_12_synth has unconnected port dpo[1]
WARNING: [Synth 8-3331] design dist_mem_gen_v8_0_12_synth has unconnected port dpo[0]
WARNING: [Synth 8-3331] design dist_mem_gen_v8_0_12_synth has unconnected port qdpo[7]
WARNING: [Synth 8-3331] design dist_mem_gen_v8_0_12_synth has unconnected port qdpo[6]
WARNING: [Synth 8-3331] design dist_mem_gen_v8_0_12_synth has unconnected port qdpo[5]
WARNING: [Synth 8-3331] design dist_mem_gen_v8_0_12_synth has unconnected port qdpo[4]
WARNING: [Synth 8-3331] design dist_mem_gen_v8_0_12_synth has unconnected port qdpo[3]
WARNING: [Synth 8-3331] design dist_mem_gen_v8_0_12_synth has unconnected port qdpo[2]
WARNING: [Synth 8-3331] design dist_mem_gen_v8_0_12_synth has unconnected port qdpo[1]
WARNING: [Synth 8-3331] design dist_mem_gen_v8_0_12_synth has unconnected port qdpo[0]
WARNING: [Synth 8-3331] design dist_mem_gen_v8_0_12_synth has unconnected port d[7]
WARNING: [Synth 8-3331] design dist_mem_gen_v8_0_12_synth has unconnected port d[6]
WARNING: [Synth 8-3331] design dist_mem_gen_v8_0_12_synth has unconnected port d[5]
WARNING: [Synth 8-3331] design dist_mem_gen_v8_0_12_synth has unconnected port d[4]
WARNING: [Synth 8-3331] design dist_mem_gen_v8_0_12_synth has unconnected port d[3]
WARNING: [Synth 8-3331] design dist_mem_gen_v8_0_12_synth has unconnected port d[2]
WARNING: [Synth 8-3331] design dist_mem_gen_v8_0_12_synth has unconnected port d[1]
WARNING: [Synth 8-3331] design dist_mem_gen_v8_0_12_synth has unconnected port d[0]
WARNING: [Synth 8-3331] design dist_mem_gen_v8_0_12_synth has unconnected port dpra[7]
WARNING: [Synth 8-3331] design dist_mem_gen_v8_0_12_synth has unconnected port dpra[6]
WARNING: [Synth 8-3331] design dist_mem_gen_v8_0_12_synth has unconnected port dpra[5]
WARNING: [Synth 8-3331] design dist_mem_gen_v8_0_12_synth has unconnected port dpra[4]
WARNING: [Synth 8-3331] design dist_mem_gen_v8_0_12_synth has unconnected port dpra[3]
WARNING: [Synth 8-3331] design dist_mem_gen_v8_0_12_synth has unconnected port dpra[2]
WARNING: [Synth 8-3331] design dist_mem_gen_v8_0_12_synth has unconnected port dpra[1]
WARNING: [Synth 8-3331] design dist_mem_gen_v8_0_12_synth has unconnected port dpra[0]
WARNING: [Synth 8-3331] design dist_mem_gen_v8_0_12_synth has unconnected port we
WARNING: [Synth 8-3331] design dist_mem_gen_v8_0_12_synth has unconnected port i_ce
WARNING: [Synth 8-3331] design dist_mem_gen_v8_0_12_synth has unconnected port qdpo_ce
WARNING: [Synth 8-3331] design dist_mem_gen_v8_0_12_synth has unconnected port qdpo_clk
WARNING: [Synth 8-3331] design dist_mem_gen_v8_0_12_synth has unconnected port qdpo_rst
WARNING: [Synth 8-3331] design dist_mem_gen_v8_0_12_synth has unconnected port qdpo_srst
WARNING: [Synth 8-3331] design dist_mem_gen_v8_0_12 has unconnected port d[7]
WARNING: [Synth 8-3331] design dist_mem_gen_v8_0_12 has unconnected port d[6]
WARNING: [Synth 8-3331] design dist_mem_gen_v8_0_12 has unconnected port d[5]
WARNING: [Synth 8-3331] design dist_mem_gen_v8_0_12 has unconnected port d[4]
WARNING: [Synth 8-3331] design dist_mem_gen_v8_0_12 has unconnected port d[3]
WARNING: [Synth 8-3331] design dist_mem_gen_v8_0_12 has unconnected port d[2]
WARNING: [Synth 8-3331] design dist_mem_gen_v8_0_12 has unconnected port d[1]
WARNING: [Synth 8-3331] design dist_mem_gen_v8_0_12 has unconnected port d[0]
WARNING: [Synth 8-3331] design dist_mem_gen_v8_0_12 has unconnected port dpra[7]
WARNING: [Synth 8-3331] design dist_mem_gen_v8_0_12 has unconnected port dpra[6]
WARNING: [Synth 8-3331] design dist_mem_gen_v8_0_12 has unconnected port dpra[5]
WARNING: [Synth 8-3331] design dist_mem_gen_v8_0_12 has unconnected port dpra[4]
WARNING: [Synth 8-3331] design dist_mem_gen_v8_0_12 has unconnected port dpra[3]
WARNING: [Synth 8-3331] design dist_mem_gen_v8_0_12 has unconnected port dpra[2]
WARNING: [Synth 8-3331] design dist_mem_gen_v8_0_12 has unconnected port dpra[1]
WARNING: [Synth 8-3331] design dist_mem_gen_v8_0_12 has unconnected port dpra[0]
WARNING: [Synth 8-3331] design dist_mem_gen_v8_0_12 has unconnected port we
WARNING: [Synth 8-3331] design dist_mem_gen_v8_0_12 has unconnected port i_ce
WARNING: [Synth 8-3331] design dist_mem_gen_v8_0_12 has unconnected port qspo_ce
WARNING: [Synth 8-3331] design dist_mem_gen_v8_0_12 has unconnected port qdpo_ce
WARNING: [Synth 8-3331] design dist_mem_gen_v8_0_12 has unconnected port qdpo_clk
WARNING: [Synth 8-3331] design dist_mem_gen_v8_0_12 has unconnected port qspo_rst
WARNING: [Synth 8-3331] design dist_mem_gen_v8_0_12 has unconnected port qdpo_rst
WARNING: [Synth 8-3331] design dist_mem_gen_v8_0_12 has unconnected port qspo_srst
WARNING: [Synth 8-3331] design dist_mem_gen_v8_0_12 has unconnected port qdpo_srst
---------------------------------------------------------------------------------
Finished RTL Elaboration : Time (s): cpu = 00:00:09 ; elapsed = 00:00:10 . Memory (MB): peak = 1374.062 ; gain = 143.527 ; free physical = 9931 ; free virtual = 28638
---------------------------------------------------------------------------------

Report Check Netlist: 
+------+------------------+-------+---------+-------+------------------+
|      |Item              |Errors |Warnings |Status |Description       |
+------+------------------+-------+---------+-------+------------------+
|1     |multi_driven_nets |      0|        0|Passed |Multi driven nets |
+------+------------------+-------+---------+-------+------------------+
---------------------------------------------------------------------------------
Finished RTL Optimization Phase 1 : Time (s): cpu = 00:00:09 ; elapsed = 00:00:10 . Memory (MB): peak = 1374.062 ; gain = 143.527 ; free physical = 9933 ; free virtual = 28640
---------------------------------------------------------------------------------
INFO: [Device 21-403] Loading part xc7z010clg400-1
INFO: [Project 1-570] Preparing netlist for logic optimization

Processing XDC Constraints
Initializing timing engine
Parsing XDC File [/home/lsriw/sr/StyczenBartlomiej/Reconfigurable-Systems-Laboratory-Class/Lab_5/8_5/8_5.runs/hdmi_vga_vp_0_0_synth_1/dont_touch.xdc]
Finished Parsing XDC File [/home/lsriw/sr/StyczenBartlomiej/Reconfigurable-Systems-Laboratory-Class/Lab_5/8_5/8_5.runs/hdmi_vga_vp_0_0_synth_1/dont_touch.xdc]
Completed Processing XDC Constraints

INFO: [Project 1-111] Unisim Transformation Summary:
No Unisim elements were transformed.

Constraint Validation Runtime : Time (s): cpu = 00:00:00.01 ; elapsed = 00:00:00 . Memory (MB): peak = 1708.812 ; gain = 0.000 ; free physical = 9705 ; free virtual = 28412
---------------------------------------------------------------------------------
Finished Constraint Validation : Time (s): cpu = 00:00:25 ; elapsed = 00:00:44 . Memory (MB): peak = 1708.812 ; gain = 478.277 ; free physical = 9773 ; free virtual = 28480
---------------------------------------------------------------------------------
---------------------------------------------------------------------------------
Start Loading Part and Timing Information
---------------------------------------------------------------------------------
Loading part: xc7z010clg400-1
---------------------------------------------------------------------------------
Finished Loading Part and Timing Information : Time (s): cpu = 00:00:25 ; elapsed = 00:00:44 . Memory (MB): peak = 1708.812 ; gain = 478.277 ; free physical = 9773 ; free virtual = 28480
---------------------------------------------------------------------------------
---------------------------------------------------------------------------------
Start Applying 'set_property' XDC Constraints
---------------------------------------------------------------------------------
Applied set_property DONT_TOUCH = true for inst/blue. (constraint file  auto generated constraint, line ).
Applied set_property DONT_TOUCH = true for inst/green. (constraint file  auto generated constraint, line ).
Applied set_property DONT_TOUCH = true for inst/red. (constraint file  auto generated constraint, line ).
---------------------------------------------------------------------------------
Finished applying 'set_property' XDC Constraints : Time (s): cpu = 00:00:25 ; elapsed = 00:00:44 . Memory (MB): peak = 1708.812 ; gain = 478.277 ; free physical = 9775 ; free virtual = 28482
---------------------------------------------------------------------------------
---------------------------------------------------------------------------------
Finished RTL Optimization Phase 2 : Time (s): cpu = 00:00:25 ; elapsed = 00:00:44 . Memory (MB): peak = 1708.812 ; gain = 478.277 ; free physical = 9774 ; free virtual = 28481
---------------------------------------------------------------------------------

Report RTL Partitions: 
+-+--------------+------------+----------+
| |RTL Partition |Replication |Instances |
+-+--------------+------------+----------+
+-+--------------+------------+----------+
---------------------------------------------------------------------------------
Start RTL Component Statistics 
---------------------------------------------------------------------------------
Detailed RTL Component Info : 
+---Registers : 
	                8 Bit    Registers := 3     
	                1 Bit    Registers := 3     
---------------------------------------------------------------------------------
Finished RTL Component Statistics 
---------------------------------------------------------------------------------
---------------------------------------------------------------------------------
Start RTL Hierarchical Component Statistics 
---------------------------------------------------------------------------------
Hierarchical RTL Component report 
Module rom 
Detailed RTL Component Info : 
+---Registers : 
	                8 Bit    Registers := 1     
Module vp 
Detailed RTL Component Info : 
+---Registers : 
	                1 Bit    Registers := 3     
---------------------------------------------------------------------------------
Finished RTL Hierarchical Component Statistics
---------------------------------------------------------------------------------
---------------------------------------------------------------------------------
Start Part Resource Summary
---------------------------------------------------------------------------------
Part Resources:
DSPs: 80 (col length:40)
BRAMs: 120 (col length: RAMB18 40 RAMB36 20)
---------------------------------------------------------------------------------
Finished Part Resource Summary
---------------------------------------------------------------------------------
---------------------------------------------------------------------------------
Start Cross Boundary and Area Optimization
---------------------------------------------------------------------------------
WARNING: [Synth 8-3331] design dist_mem_gen_v8_0_12 has unconnected port spo[7]
WARNING: [Synth 8-3331] design dist_mem_gen_v8_0_12 has unconnected port spo[6]
WARNING: [Synth 8-3331] design dist_mem_gen_v8_0_12 has unconnected port spo[5]
WARNING: [Synth 8-3331] design dist_mem_gen_v8_0_12 has unconnected port spo[4]
WARNING: [Synth 8-3331] design dist_mem_gen_v8_0_12 has unconnected port spo[3]
WARNING: [Synth 8-3331] design dist_mem_gen_v8_0_12 has unconnected port spo[2]
WARNING: [Synth 8-3331] design dist_mem_gen_v8_0_12 has unconnected port spo[1]
WARNING: [Synth 8-3331] design dist_mem_gen_v8_0_12 has unconnected port spo[0]
WARNING: [Synth 8-3331] design dist_mem_gen_v8_0_12 has unconnected port dpo[7]
WARNING: [Synth 8-3331] design dist_mem_gen_v8_0_12 has unconnected port dpo[6]
WARNING: [Synth 8-3331] design dist_mem_gen_v8_0_12 has unconnected port dpo[5]
WARNING: [Synth 8-3331] design dist_mem_gen_v8_0_12 has unconnected port dpo[4]
WARNING: [Synth 8-3331] design dist_mem_gen_v8_0_12 has unconnected port dpo[3]
WARNING: [Synth 8-3331] design dist_mem_gen_v8_0_12 has unconnected port dpo[2]
WARNING: [Synth 8-3331] design dist_mem_gen_v8_0_12 has unconnected port dpo[1]
WARNING: [Synth 8-3331] design dist_mem_gen_v8_0_12 has unconnected port dpo[0]
WARNING: [Synth 8-3331] design dist_mem_gen_v8_0_12 has unconnected port qdpo[7]
WARNING: [Synth 8-3331] design dist_mem_gen_v8_0_12 has unconnected port qdpo[6]
WARNING: [Synth 8-3331] design dist_mem_gen_v8_0_12 has unconnected port qdpo[5]
WARNING: [Synth 8-3331] design dist_mem_gen_v8_0_12 has unconnected port qdpo[4]
WARNING: [Synth 8-3331] design dist_mem_gen_v8_0_12 has unconnected port qdpo[3]
WARNING: [Synth 8-3331] design dist_mem_gen_v8_0_12 has unconnected port qdpo[2]
WARNING: [Synth 8-3331] design dist_mem_gen_v8_0_12 has unconnected port qdpo[1]
WARNING: [Synth 8-3331] design dist_mem_gen_v8_0_12 has unconnected port qdpo[0]
WARNING: [Synth 8-3331] design dist_mem_gen_v8_0_12 has unconnected port d[7]
WARNING: [Synth 8-3331] design dist_mem_gen_v8_0_12 has unconnected port d[6]
INFO: [Common 17-14] Message 'Synth 8-3331' appears 100 times and further instances of the messages will be disabled. Use the Tcl command set_msg_config to change the current settings.
INFO: [Synth 8-3886] merging instance 'LUT:/U0/synth_options.dist_mem_inst/gen_rom.rom_inst/qspo_int_reg[0]' (FD) to 'LUT:/U0/synth_options.dist_mem_inst/gen_rom.rom_inst/qspo_int_reg[1]'
---------------------------------------------------------------------------------
Finished Cross Boundary and Area Optimization : Time (s): cpu = 00:00:25 ; elapsed = 00:00:45 . Memory (MB): peak = 1708.812 ; gain = 478.277 ; free physical = 9765 ; free virtual = 28470
---------------------------------------------------------------------------------
---------------------------------------------------------------------------------
Start ROM, RAM, DSP and Shift Register Reporting
---------------------------------------------------------------------------------

ROM:
+---------------------+-------------------------------------------------------+---------------+----------------+
|Module Name          | RTL Object                                            | Depth x Width | Implemented As | 
+---------------------+-------------------------------------------------------+---------------+----------------+
|rom                  | rom[255]                                              | 256x8         | LUT            | 
|dist_mem_gen_v8_0_12 | synth_options.dist_mem_inst/gen_rom.rom_inst/rom[255] | 256x8         | LUT            | 
|dist_mem_gen_v8_0_12 | synth_options.dist_mem_inst/gen_rom.rom_inst/rom[255] | 256x8         | LUT            | 
+---------------------+-------------------------------------------------------+---------------+----------------+

---------------------------------------------------------------------------------
Finished ROM, RAM, DSP and Shift Register Reporting
---------------------------------------------------------------------------------

Report RTL Partitions: 
+-+--------------+------------+----------+
| |RTL Partition |Replication |Instances |
+-+--------------+------------+----------+
+-+--------------+------------+----------+
---------------------------------------------------------------------------------
Start Applying XDC Timing Constraints
---------------------------------------------------------------------------------
---------------------------------------------------------------------------------
Finished Applying XDC Timing Constraints : Time (s): cpu = 00:00:31 ; elapsed = 00:00:54 . Memory (MB): peak = 1708.812 ; gain = 478.277 ; free physical = 9638 ; free virtual = 28343
---------------------------------------------------------------------------------
---------------------------------------------------------------------------------
Start Timing Optimization
---------------------------------------------------------------------------------
---------------------------------------------------------------------------------
Finished Timing Optimization : Time (s): cpu = 00:00:31 ; elapsed = 00:00:54 . Memory (MB): peak = 1708.812 ; gain = 478.277 ; free physical = 9638 ; free virtual = 28343
---------------------------------------------------------------------------------

Report RTL Partitions: 
+-+--------------+------------+----------+
| |RTL Partition |Replication |Instances |
+-+--------------+------------+----------+
+-+--------------+------------+----------+
---------------------------------------------------------------------------------
Start Technology Mapping
---------------------------------------------------------------------------------
INFO: [Synth 8-3886] merging instance 'inst/red/U0/synth_options.dist_mem_inst/gen_rom.rom_inst/qspo_int_reg[1]' (FD) to 'inst/red/U0/synth_options.dist_mem_inst/gen_rom.rom_inst/qspo_int_reg[2]'
INFO: [Synth 8-3886] merging instance 'inst/green/U0/synth_options.dist_mem_inst/gen_rom.rom_inst/qspo_int_reg[1]' (FD) to 'inst/green/U0/synth_options.dist_mem_inst/gen_rom.rom_inst/qspo_int_reg[2]'
INFO: [Synth 8-3886] merging instance 'inst/blue/U0/synth_options.dist_mem_inst/gen_rom.rom_inst/qspo_int_reg[1]' (FD) to 'inst/blue/U0/synth_options.dist_mem_inst/gen_rom.rom_inst/qspo_int_reg[2]'
---------------------------------------------------------------------------------
Finished Technology Mapping : Time (s): cpu = 00:00:31 ; elapsed = 00:00:55 . Memory (MB): peak = 1708.812 ; gain = 478.277 ; free physical = 9629 ; free virtual = 28334
---------------------------------------------------------------------------------

Report RTL Partitions: 
+-+--------------+------------+----------+
| |RTL Partition |Replication |Instances |
+-+--------------+------------+----------+
+-+--------------+------------+----------+
---------------------------------------------------------------------------------
Start IO Insertion
---------------------------------------------------------------------------------
---------------------------------------------------------------------------------
Start Flattening Before IO Insertion
---------------------------------------------------------------------------------
---------------------------------------------------------------------------------
Finished Flattening Before IO Insertion
---------------------------------------------------------------------------------
---------------------------------------------------------------------------------
Start Final Netlist Cleanup
---------------------------------------------------------------------------------
---------------------------------------------------------------------------------
Finished Final Netlist Cleanup
---------------------------------------------------------------------------------
---------------------------------------------------------------------------------
Finished IO Insertion : Time (s): cpu = 00:00:32 ; elapsed = 00:00:55 . Memory (MB): peak = 1708.812 ; gain = 478.277 ; free physical = 9629 ; free virtual = 28334
---------------------------------------------------------------------------------

Report Check Netlist: 
+------+------------------+-------+---------+-------+------------------+
|      |Item              |Errors |Warnings |Status |Description       |
+------+------------------+-------+---------+-------+------------------+
|1     |multi_driven_nets |      0|        0|Passed |Multi driven nets |
+------+------------------+-------+---------+-------+------------------+
---------------------------------------------------------------------------------
Start Renaming Generated Instances
---------------------------------------------------------------------------------
---------------------------------------------------------------------------------
Finished Renaming Generated Instances : Time (s): cpu = 00:00:32 ; elapsed = 00:00:55 . Memory (MB): peak = 1708.812 ; gain = 478.277 ; free physical = 9629 ; free virtual = 28334
---------------------------------------------------------------------------------

Report RTL Partitions: 
+-+--------------+------------+----------+
| |RTL Partition |Replication |Instances |
+-+--------------+------------+----------+
+-+--------------+------------+----------+
---------------------------------------------------------------------------------
Start Rebuilding User Hierarchy
---------------------------------------------------------------------------------
---------------------------------------------------------------------------------
Finished Rebuilding User Hierarchy : Time (s): cpu = 00:00:32 ; elapsed = 00:00:55 . Memory (MB): peak = 1708.812 ; gain = 478.277 ; free physical = 9629 ; free virtual = 28334
---------------------------------------------------------------------------------
---------------------------------------------------------------------------------
Start Renaming Generated Ports
---------------------------------------------------------------------------------
---------------------------------------------------------------------------------
Finished Renaming Generated Ports : Time (s): cpu = 00:00:32 ; elapsed = 00:00:55 . Memory (MB): peak = 1708.812 ; gain = 478.277 ; free physical = 9629 ; free virtual = 28334
---------------------------------------------------------------------------------
---------------------------------------------------------------------------------
Start Handling Custom Attributes
---------------------------------------------------------------------------------
---------------------------------------------------------------------------------
Finished Handling Custom Attributes : Time (s): cpu = 00:00:32 ; elapsed = 00:00:55 . Memory (MB): peak = 1708.812 ; gain = 478.277 ; free physical = 9629 ; free virtual = 28334
---------------------------------------------------------------------------------
---------------------------------------------------------------------------------
Start Renaming Generated Nets
---------------------------------------------------------------------------------
---------------------------------------------------------------------------------
Finished Renaming Generated Nets : Time (s): cpu = 00:00:32 ; elapsed = 00:00:55 . Memory (MB): peak = 1708.812 ; gain = 478.277 ; free physical = 9629 ; free virtual = 28334
---------------------------------------------------------------------------------
---------------------------------------------------------------------------------
Start Writing Synthesis Report
---------------------------------------------------------------------------------

Report BlackBoxes: 
+-+--------------+----------+
| |BlackBox name |Instances |
+-+--------------+----------+
+-+--------------+----------+

Report Cell Usage: 
+------+-----+------+
|      |Cell |Count |
+------+-----+------+
|1     |LUT4 |     6|
|2     |LUT5 |    12|
|3     |LUT6 |    45|
|4     |FDRE |    21|
+------+-----+------+

Report Instance Areas: 
+------+--------------------------------------+-----------------------------+------+
|      |Instance                              |Module                       |Cells |
+------+--------------------------------------+-----------------------------+------+
|1     |top                                   |                             |    84|
|2     |  inst                                |vp                           |    84|
|3     |    red                               |LUT__1                       |    27|
|4     |      U0                              |dist_mem_gen_v8_0_12__1      |    27|
|5     |        \synth_options.dist_mem_inst  |dist_mem_gen_v8_0_12_synth_2 |    27|
|6     |          \gen_rom.rom_inst           |rom_3                        |    27|
|7     |    green                             |LUT__2                       |    27|
|8     |      U0                              |dist_mem_gen_v8_0_12__2      |    27|
|9     |        \synth_options.dist_mem_inst  |dist_mem_gen_v8_0_12_synth_0 |    27|
|10    |          \gen_rom.rom_inst           |rom_1                        |    27|
|11    |    blue                              |LUT                          |    27|
|12    |      U0                              |dist_mem_gen_v8_0_12         |    27|
|13    |        \synth_options.dist_mem_inst  |dist_mem_gen_v8_0_12_synth   |    27|
|14    |          \gen_rom.rom_inst           |rom                          |    27|
+------+--------------------------------------+-----------------------------+------+
---------------------------------------------------------------------------------
Finished Writing Synthesis Report : Time (s): cpu = 00:00:32 ; elapsed = 00:00:55 . Memory (MB): peak = 1708.812 ; gain = 478.277 ; free physical = 9629 ; free virtual = 28334
---------------------------------------------------------------------------------
Synthesis finished with 0 errors, 0 critical warnings and 49 warnings.
Synthesis Optimization Runtime : Time (s): cpu = 00:00:23 ; elapsed = 00:00:29 . Memory (MB): peak = 1708.812 ; gain = 143.527 ; free physical = 9686 ; free virtual = 28390
Synthesis Optimization Complete : Time (s): cpu = 00:00:32 ; elapsed = 00:00:55 . Memory (MB): peak = 1708.812 ; gain = 478.277 ; free physical = 9686 ; free virtual = 28391
INFO: [Project 1-571] Translating synthesized netlist
INFO: [Project 1-570] Preparing netlist for logic optimization
INFO: [Opt 31-138] Pushed 0 inverter(s) to 0 load pin(s).
INFO: [Project 1-111] Unisim Transformation Summary:
No Unisim elements were transformed.

INFO: [Common 17-83] Releasing license: Synthesis
21 Infos, 100 Warnings, 0 Critical Warnings and 0 Errors encountered.
synth_design completed successfully
synth_design: Time (s): cpu = 00:00:33 ; elapsed = 00:00:56 . Memory (MB): peak = 1716.820 ; gain = 511.113 ; free physical = 9676 ; free virtual = 28381
INFO: [Common 17-1381] The checkpoint '/home/lsriw/sr/StyczenBartlomiej/Reconfigurable-Systems-Laboratory-Class/Lab_5/8_5/8_5.runs/hdmi_vga_vp_0_0_synth_1/hdmi_vga_vp_0_0.dcp' has been generated.
