Copyright 1986-2017 Xilinx, Inc. All Rights Reserved.
------------------------------------------------------------------------------------
| Tool Version : Vivado v.2017.4 (win64) Build 2086221 Fri Dec 15 20:55:39 MST 2017
| Date         : Wed Jun 13 20:02:59 2018
| Host         : DESKTOP-35S9QF6 running 64-bit major release  (build 9200)
| Command      : upgrade_ip
| Device       : xc7z010clg400-1
------------------------------------------------------------------------------------

Upgrade Log for IP 'bounding_box_0'

1. Summary
----------

SUCCESS in the conversion of bounding_box_0 (xilinx.com:user:bounding_box:1.0 (Rev. 2)) to Vivado generation flows.






Copyright 1986-2017 Xilinx, Inc. All Rights Reserved.
------------------------------------------------------------------------------------
| Tool Version : Vivado v.2017.4 (win64) Build 2086221 Fri Dec 15 20:55:39 MST 2017
| Date         : Wed Jun 13 19:25:03 2018
| Host         : DESKTOP-35S9QF6 running 64-bit major release  (build 9200)
| Command      : upgrade_ip
| Device       : xc7z010clg400-1
------------------------------------------------------------------------------------

Upgrade Log for IP 'bounding_box_0'

1. Summary
----------

SUCCESS in the conversion of bounding_box_0 (xilinx.com:user:bounding_box:1.0 (Rev. 2)) to Vivado generation flows.






Copyright 1986-2017 Xilinx, Inc. All Rights Reserved.
------------------------------------------------------------------------------------
| Tool Version : Vivado v.2017.4 (win64) Build 2086221 Fri Dec 15 20:55:39 MST 2017
| Date         : Wed Jun 13 17:57:42 2018
| Host         : DESKTOP-35S9QF6 running 64-bit major release  (build 9200)
| Command      : upgrade_ip
| Device       : xc7z010clg400-1
------------------------------------------------------------------------------------

Upgrade Log for IP 'bounding_box_0'

1. Summary
----------

SUCCESS in the conversion of bounding_box_0 (xilinx.com:user:bounding_box:1.0 (Rev. 2)) to Vivado generation flows.






Copyright 1986-2017 Xilinx, Inc. All Rights Reserved.
------------------------------------------------------------------------------------
| Tool Version : Vivado v.2017.4 (win64) Build 2086221 Fri Dec 15 20:55:39 MST 2017
| Date         : Sat Jun  9 11:04:45 2018
| Host         : DESKTOP-35S9QF6 running 64-bit major release  (build 9200)
| Command      : upgrade_ip
| Device       : xc7z010clg400-1
------------------------------------------------------------------------------------

Upgrade Log for IP 'bounding_box_0'

1. Summary
----------

SUCCESS in the conversion of bounding_box_0 (xilinx.com:user:bounding_box:1.0 (Rev. 2)) to Vivado generation flows.

