
*** Running vivado
    with args -log hdmi_vga_wrapper.vds -m64 -product Vivado -mode batch -messageDb vivado.pb -notrace -source hdmi_vga_wrapper.tcl


****** Vivado v2017.4 (64-bit)
  **** SW Build 2086221 on Fri Dec 15 20:54:30 MST 2017
  **** IP Build 2085800 on Fri Dec 15 22:25:07 MST 2017
    ** Copyright 1986-2017 Xilinx, Inc. All Rights Reserved.

source hdmi_vga_wrapper.tcl -notrace
INFO: [IP_Flow 19-234] Refreshing IP repositories
WARNING: [IP_Flow 19-3685] Ignored loading user repository '/home/lsriw/sr/StyczenBartlomiej/Reconfigurable-Systems-Laboratory-Class/Lab_5/hdmi_vga_ip_repo'. The path is contained within another repository.
INFO: [IP_Flow 19-1700] Loaded user IP repository '/home/lsriw/sr/StyczenBartlomiej/Reconfigurable-Systems-Laboratory-Class/Lab_5'.
WARNING: [IP_Flow 19-3656] If you move the project, the path for repository '/home/lsriw/sr/StyczenBartlomiej/Reconfigurable-Systems-Laboratory-Class/Lab_5' may become invalid. A better location for the repository would be in a path adjacent to the project. (Current project location is '/home/lsriw/sr/StyczenBartlomiej/Reconfigurable-Systems-Laboratory-Class/Lab_5/hdmi_vga_zybo/hdmi_vga_zybo.runs/synth_1'.)
INFO: [IP_Flow 19-2313] Loaded Vivado IP repository '/opt/Xilinx/Vivado/2017.4/data/ip'.
Command: synth_design -top hdmi_vga_wrapper -part xc7z010clg400-1
Starting synth_design
Attempting to get a license for feature 'Synthesis' and/or device 'xc7z010'
INFO: [Common 17-349] Got license for feature 'Synthesis' and/or device 'xc7z010'
INFO: Launching helper process for spawning children vivado processes
INFO: Helper process launched with PID 13576 
---------------------------------------------------------------------------------
Starting RTL Elaboration : Time (s): cpu = 00:00:07 ; elapsed = 00:00:07 . Memory (MB): peak = 1317.527 ; gain = 86.996 ; free physical = 9908 ; free virtual = 28628
---------------------------------------------------------------------------------
INFO: [Synth 8-638] synthesizing module 'hdmi_vga_wrapper' [/home/lsriw/sr/StyczenBartlomiej/Reconfigurable-Systems-Laboratory-Class/Lab_5/hdmi_vga_zybo/hdmi_vga_zybo.srcs/sources_1/bd/hdmi_vga/hdl/hdmi_vga_wrapper.v:12]
INFO: [Synth 8-638] synthesizing module 'IOBUF' [/opt/Xilinx/Vivado/2017.4/scripts/rt/data/unisim_comp.v:22655]
	Parameter DRIVE bound to: 12 - type: integer 
	Parameter IBUF_LOW_PWR bound to: TRUE - type: string 
	Parameter IOSTANDARD bound to: DEFAULT - type: string 
	Parameter SLEW bound to: SLOW - type: string 
INFO: [Synth 8-256] done synthesizing module 'IOBUF' (1#1) [/opt/Xilinx/Vivado/2017.4/scripts/rt/data/unisim_comp.v:22655]
INFO: [Synth 8-638] synthesizing module 'hdmi_vga' [/home/lsriw/sr/StyczenBartlomiej/Reconfigurable-Systems-Laboratory-Class/Lab_5/hdmi_vga_zybo/hdmi_vga_zybo.srcs/sources_1/bd/hdmi_vga/synth/hdmi_vga.v:13]
INFO: [Synth 8-638] synthesizing module 'hdmi_vga_xlconstant_0_0' [/home/lsriw/sr/StyczenBartlomiej/Reconfigurable-Systems-Laboratory-Class/Lab_5/hdmi_vga_zybo/hdmi_vga_zybo.runs/synth_1/.Xil/Vivado-13564-debian/realtime/hdmi_vga_xlconstant_0_0_stub.v:6]
INFO: [Synth 8-256] done synthesizing module 'hdmi_vga_xlconstant_0_0' (2#1) [/home/lsriw/sr/StyczenBartlomiej/Reconfigurable-Systems-Laboratory-Class/Lab_5/hdmi_vga_zybo/hdmi_vga_zybo.runs/synth_1/.Xil/Vivado-13564-debian/realtime/hdmi_vga_xlconstant_0_0_stub.v:6]
INFO: [Synth 8-638] synthesizing module 'hdmi_vga_xlconstant_0_1' [/home/lsriw/sr/StyczenBartlomiej/Reconfigurable-Systems-Laboratory-Class/Lab_5/hdmi_vga_zybo/hdmi_vga_zybo.runs/synth_1/.Xil/Vivado-13564-debian/realtime/hdmi_vga_xlconstant_0_1_stub.v:6]
INFO: [Synth 8-256] done synthesizing module 'hdmi_vga_xlconstant_0_1' (3#1) [/home/lsriw/sr/StyczenBartlomiej/Reconfigurable-Systems-Laboratory-Class/Lab_5/hdmi_vga_zybo/hdmi_vga_zybo.runs/synth_1/.Xil/Vivado-13564-debian/realtime/hdmi_vga_xlconstant_0_1_stub.v:6]
INFO: [Synth 8-638] synthesizing module 'hdmi_vga_clk_wiz_0_0' [/home/lsriw/sr/StyczenBartlomiej/Reconfigurable-Systems-Laboratory-Class/Lab_5/hdmi_vga_zybo/hdmi_vga_zybo.runs/synth_1/.Xil/Vivado-13564-debian/realtime/hdmi_vga_clk_wiz_0_0_stub.v:5]
INFO: [Synth 8-256] done synthesizing module 'hdmi_vga_clk_wiz_0_0' (4#1) [/home/lsriw/sr/StyczenBartlomiej/Reconfigurable-Systems-Laboratory-Class/Lab_5/hdmi_vga_zybo/hdmi_vga_zybo.runs/synth_1/.Xil/Vivado-13564-debian/realtime/hdmi_vga_clk_wiz_0_0_stub.v:5]
WARNING: [Synth 8-350] instance 'clk_wiz_0' of module 'hdmi_vga_clk_wiz_0_0' requires 4 connections, but only 3 given [/home/lsriw/sr/StyczenBartlomiej/Reconfigurable-Systems-Laboratory-Class/Lab_5/hdmi_vga_zybo/hdmi_vga_zybo.srcs/sources_1/bd/hdmi_vga/synth/hdmi_vga.v:102]
INFO: [Synth 8-638] synthesizing module 'hdmi_vga_dvi2rgb_0_0' [/home/lsriw/sr/StyczenBartlomiej/Reconfigurable-Systems-Laboratory-Class/Lab_5/hdmi_vga_zybo/hdmi_vga_zybo.runs/synth_1/.Xil/Vivado-13564-debian/realtime/hdmi_vga_dvi2rgb_0_0_stub.v:6]
INFO: [Synth 8-256] done synthesizing module 'hdmi_vga_dvi2rgb_0_0' (5#1) [/home/lsriw/sr/StyczenBartlomiej/Reconfigurable-Systems-Laboratory-Class/Lab_5/hdmi_vga_zybo/hdmi_vga_zybo.runs/synth_1/.Xil/Vivado-13564-debian/realtime/hdmi_vga_dvi2rgb_0_0_stub.v:6]
WARNING: [Synth 8-350] instance 'dvi2rgb_0' of module 'hdmi_vga_dvi2rgb_0_0' requires 19 connections, but only 18 given [/home/lsriw/sr/StyczenBartlomiej/Reconfigurable-Systems-Laboratory-Class/Lab_5/hdmi_vga_zybo/hdmi_vga_zybo.srcs/sources_1/bd/hdmi_vga/synth/hdmi_vga.v:106]
INFO: [Synth 8-638] synthesizing module 'hdmi_vga_rgb2vga_0_0' [/home/lsriw/sr/StyczenBartlomiej/Reconfigurable-Systems-Laboratory-Class/Lab_5/hdmi_vga_zybo/hdmi_vga_zybo.runs/synth_1/.Xil/Vivado-13564-debian/realtime/hdmi_vga_rgb2vga_0_0_stub.v:6]
INFO: [Synth 8-256] done synthesizing module 'hdmi_vga_rgb2vga_0_0' (6#1) [/home/lsriw/sr/StyczenBartlomiej/Reconfigurable-Systems-Laboratory-Class/Lab_5/hdmi_vga_zybo/hdmi_vga_zybo.runs/synth_1/.Xil/Vivado-13564-debian/realtime/hdmi_vga_rgb2vga_0_0_stub.v:6]
INFO: [Synth 8-638] synthesizing module 'hdmi_vga_vp_0_0' [/home/lsriw/sr/StyczenBartlomiej/Reconfigurable-Systems-Laboratory-Class/Lab_5/hdmi_vga_zybo/hdmi_vga_zybo.runs/synth_1/.Xil/Vivado-13564-debian/realtime/hdmi_vga_vp_0_0_stub.v:6]
INFO: [Synth 8-256] done synthesizing module 'hdmi_vga_vp_0_0' (7#1) [/home/lsriw/sr/StyczenBartlomiej/Reconfigurable-Systems-Laboratory-Class/Lab_5/hdmi_vga_zybo/hdmi_vga_zybo.runs/synth_1/.Xil/Vivado-13564-debian/realtime/hdmi_vga_vp_0_0_stub.v:6]
INFO: [Synth 8-256] done synthesizing module 'hdmi_vga' (8#1) [/home/lsriw/sr/StyczenBartlomiej/Reconfigurable-Systems-Laboratory-Class/Lab_5/hdmi_vga_zybo/hdmi_vga_zybo.srcs/sources_1/bd/hdmi_vga/synth/hdmi_vga.v:13]
INFO: [Synth 8-256] done synthesizing module 'hdmi_vga_wrapper' (9#1) [/home/lsriw/sr/StyczenBartlomiej/Reconfigurable-Systems-Laboratory-Class/Lab_5/hdmi_vga_zybo/hdmi_vga_zybo.srcs/sources_1/bd/hdmi_vga/hdl/hdmi_vga_wrapper.v:12]
---------------------------------------------------------------------------------
Finished RTL Elaboration : Time (s): cpu = 00:00:07 ; elapsed = 00:00:08 . Memory (MB): peak = 1359.059 ; gain = 128.527 ; free physical = 9921 ; free virtual = 28641
---------------------------------------------------------------------------------

Report Check Netlist: 
+------+------------------+-------+---------+-------+------------------+
|      |Item              |Errors |Warnings |Status |Description       |
+------+------------------+-------+---------+-------+------------------+
|1     |multi_driven_nets |      0|        0|Passed |Multi driven nets |
+------+------------------+-------+---------+-------+------------------+
---------------------------------------------------------------------------------
Finished RTL Optimization Phase 1 : Time (s): cpu = 00:00:07 ; elapsed = 00:00:08 . Memory (MB): peak = 1359.059 ; gain = 128.527 ; free physical = 9920 ; free virtual = 28641
---------------------------------------------------------------------------------
INFO: [Netlist 29-17] Analyzing 2 Unisim elements for replacement
INFO: [Netlist 29-28] Unisim Transformation completed in 0 CPU seconds
INFO: [Device 21-403] Loading part xc7z010clg400-1
INFO: [Project 1-570] Preparing netlist for logic optimization

Processing XDC Constraints
Initializing timing engine
Parsing XDC File [/home/lsriw/sr/StyczenBartlomiej/Reconfigurable-Systems-Laboratory-Class/Lab_5/hdmi_vga_zybo/hdmi_vga_zybo.runs/synth_1/.Xil/Vivado-13564-debian/dcp6/hdmi_vga_dvi2rgb_0_0_in_context.xdc] for cell 'hdmi_vga_i/dvi2rgb_0'
Finished Parsing XDC File [/home/lsriw/sr/StyczenBartlomiej/Reconfigurable-Systems-Laboratory-Class/Lab_5/hdmi_vga_zybo/hdmi_vga_zybo.runs/synth_1/.Xil/Vivado-13564-debian/dcp6/hdmi_vga_dvi2rgb_0_0_in_context.xdc] for cell 'hdmi_vga_i/dvi2rgb_0'
Parsing XDC File [/home/lsriw/sr/StyczenBartlomiej/Reconfigurable-Systems-Laboratory-Class/Lab_5/hdmi_vga_zybo/hdmi_vga_zybo.runs/synth_1/.Xil/Vivado-13564-debian/dcp7/hdmi_vga_rgb2vga_0_0_in_context.xdc] for cell 'hdmi_vga_i/rgb2vga_0'
Finished Parsing XDC File [/home/lsriw/sr/StyczenBartlomiej/Reconfigurable-Systems-Laboratory-Class/Lab_5/hdmi_vga_zybo/hdmi_vga_zybo.runs/synth_1/.Xil/Vivado-13564-debian/dcp7/hdmi_vga_rgb2vga_0_0_in_context.xdc] for cell 'hdmi_vga_i/rgb2vga_0'
Parsing XDC File [/home/lsriw/sr/StyczenBartlomiej/Reconfigurable-Systems-Laboratory-Class/Lab_5/hdmi_vga_zybo/hdmi_vga_zybo.runs/synth_1/.Xil/Vivado-13564-debian/dcp8/hdmi_vga_clk_wiz_0_0_in_context.xdc] for cell 'hdmi_vga_i/clk_wiz_0'
Finished Parsing XDC File [/home/lsriw/sr/StyczenBartlomiej/Reconfigurable-Systems-Laboratory-Class/Lab_5/hdmi_vga_zybo/hdmi_vga_zybo.runs/synth_1/.Xil/Vivado-13564-debian/dcp8/hdmi_vga_clk_wiz_0_0_in_context.xdc] for cell 'hdmi_vga_i/clk_wiz_0'
Parsing XDC File [/home/lsriw/sr/StyczenBartlomiej/Reconfigurable-Systems-Laboratory-Class/Lab_5/hdmi_vga_zybo/hdmi_vga_zybo.runs/synth_1/.Xil/Vivado-13564-debian/dcp9/hdmi_vga_xlconstant_0_0_in_context.xdc] for cell 'hdmi_vga_i/GND'
Finished Parsing XDC File [/home/lsriw/sr/StyczenBartlomiej/Reconfigurable-Systems-Laboratory-Class/Lab_5/hdmi_vga_zybo/hdmi_vga_zybo.runs/synth_1/.Xil/Vivado-13564-debian/dcp9/hdmi_vga_xlconstant_0_0_in_context.xdc] for cell 'hdmi_vga_i/GND'
Parsing XDC File [/home/lsriw/sr/StyczenBartlomiej/Reconfigurable-Systems-Laboratory-Class/Lab_5/hdmi_vga_zybo/hdmi_vga_zybo.runs/synth_1/.Xil/Vivado-13564-debian/dcp10/hdmi_vga_xlconstant_0_1_in_context.xdc] for cell 'hdmi_vga_i/VCC'
Finished Parsing XDC File [/home/lsriw/sr/StyczenBartlomiej/Reconfigurable-Systems-Laboratory-Class/Lab_5/hdmi_vga_zybo/hdmi_vga_zybo.runs/synth_1/.Xil/Vivado-13564-debian/dcp10/hdmi_vga_xlconstant_0_1_in_context.xdc] for cell 'hdmi_vga_i/VCC'
Parsing XDC File [/home/lsriw/sr/StyczenBartlomiej/Reconfigurable-Systems-Laboratory-Class/Lab_5/hdmi_vga_zybo/hdmi_vga_zybo.runs/synth_1/.Xil/Vivado-13564-debian/dcp11/hdmi_vga_vp_0_0_in_context.xdc] for cell 'hdmi_vga_i/vp_0'
Finished Parsing XDC File [/home/lsriw/sr/StyczenBartlomiej/Reconfigurable-Systems-Laboratory-Class/Lab_5/hdmi_vga_zybo/hdmi_vga_zybo.runs/synth_1/.Xil/Vivado-13564-debian/dcp11/hdmi_vga_vp_0_0_in_context.xdc] for cell 'hdmi_vga_i/vp_0'
Parsing XDC File [/home/lsriw/sr/StyczenBartlomiej/Reconfigurable-Systems-Laboratory-Class/Lab_5/hdmi_vga_zybo/hdmi_vga_zybo.srcs/constrs_1/imports/hdmi_vga_zybo_src/Zybo_HDMI.xdc]
Finished Parsing XDC File [/home/lsriw/sr/StyczenBartlomiej/Reconfigurable-Systems-Laboratory-Class/Lab_5/hdmi_vga_zybo/hdmi_vga_zybo.srcs/constrs_1/imports/hdmi_vga_zybo_src/Zybo_HDMI.xdc]
INFO: [Project 1-236] Implementation specific constraints were found while reading constraint file [/home/lsriw/sr/StyczenBartlomiej/Reconfigurable-Systems-Laboratory-Class/Lab_5/hdmi_vga_zybo/hdmi_vga_zybo.srcs/constrs_1/imports/hdmi_vga_zybo_src/Zybo_HDMI.xdc]. These constraints will be ignored for synthesis but will be used in implementation. Impacted constraints are listed in the file [.Xil/hdmi_vga_wrapper_propImpl.xdc].
Resolution: To avoid this warning, move constraints listed in [.Xil/hdmi_vga_wrapper_propImpl.xdc] to another XDC file and exclude this new file from synthesis with the used_in_synthesis property (File Properties dialog in GUI) and re-run elaboration/synthesis.
Parsing XDC File [/home/lsriw/sr/StyczenBartlomiej/Reconfigurable-Systems-Laboratory-Class/Lab_5/hdmi_vga_zybo/hdmi_vga_zybo.runs/synth_1/dont_touch.xdc]
Finished Parsing XDC File [/home/lsriw/sr/StyczenBartlomiej/Reconfigurable-Systems-Laboratory-Class/Lab_5/hdmi_vga_zybo/hdmi_vga_zybo.runs/synth_1/dont_touch.xdc]
Completed Processing XDC Constraints

INFO: [Project 1-111] Unisim Transformation Summary:
  A total of 2 instances were transformed.
  IOBUF => IOBUF (IBUF, OBUFT): 2 instances

Constraint Validation Runtime : Time (s): cpu = 00:00:00 ; elapsed = 00:00:00 . Memory (MB): peak = 1672.660 ; gain = 0.000 ; free physical = 9671 ; free virtual = 28391
---------------------------------------------------------------------------------
Finished Constraint Validation : Time (s): cpu = 00:00:23 ; elapsed = 00:00:43 . Memory (MB): peak = 1672.660 ; gain = 442.129 ; free physical = 9750 ; free virtual = 28471
---------------------------------------------------------------------------------
---------------------------------------------------------------------------------
Start Loading Part and Timing Information
---------------------------------------------------------------------------------
Loading part: xc7z010clg400-1
---------------------------------------------------------------------------------
Finished Loading Part and Timing Information : Time (s): cpu = 00:00:23 ; elapsed = 00:00:43 . Memory (MB): peak = 1672.660 ; gain = 442.129 ; free physical = 9750 ; free virtual = 28471
---------------------------------------------------------------------------------
---------------------------------------------------------------------------------
Start Applying 'set_property' XDC Constraints
---------------------------------------------------------------------------------
Applied set_property IO_BUFFER_TYPE = NONE for hdmi_in_clk_n. (constraint file  /home/lsriw/sr/StyczenBartlomiej/Reconfigurable-Systems-Laboratory-Class/Lab_5/hdmi_vga_zybo/hdmi_vga_zybo.runs/synth_1/.Xil/Vivado-13564-debian/dcp6/hdmi_vga_dvi2rgb_0_0_in_context.xdc, line 2).
Applied set_property CLOCK_BUFFER_TYPE = NONE for hdmi_in_clk_n. (constraint file  /home/lsriw/sr/StyczenBartlomiej/Reconfigurable-Systems-Laboratory-Class/Lab_5/hdmi_vga_zybo/hdmi_vga_zybo.runs/synth_1/.Xil/Vivado-13564-debian/dcp6/hdmi_vga_dvi2rgb_0_0_in_context.xdc, line 3).
Applied set_property IO_BUFFER_TYPE = NONE for hdmi_in_clk_p. (constraint file  /home/lsriw/sr/StyczenBartlomiej/Reconfigurable-Systems-Laboratory-Class/Lab_5/hdmi_vga_zybo/hdmi_vga_zybo.runs/synth_1/.Xil/Vivado-13564-debian/dcp6/hdmi_vga_dvi2rgb_0_0_in_context.xdc, line 4).
Applied set_property CLOCK_BUFFER_TYPE = NONE for hdmi_in_clk_p. (constraint file  /home/lsriw/sr/StyczenBartlomiej/Reconfigurable-Systems-Laboratory-Class/Lab_5/hdmi_vga_zybo/hdmi_vga_zybo.runs/synth_1/.Xil/Vivado-13564-debian/dcp6/hdmi_vga_dvi2rgb_0_0_in_context.xdc, line 5).
Applied set_property IO_BUFFER_TYPE = NONE for hdmi_in_data_n[0]. (constraint file  /home/lsriw/sr/StyczenBartlomiej/Reconfigurable-Systems-Laboratory-Class/Lab_5/hdmi_vga_zybo/hdmi_vga_zybo.runs/synth_1/.Xil/Vivado-13564-debian/dcp6/hdmi_vga_dvi2rgb_0_0_in_context.xdc, line 6).
Applied set_property CLOCK_BUFFER_TYPE = NONE for hdmi_in_data_n[0]. (constraint file  /home/lsriw/sr/StyczenBartlomiej/Reconfigurable-Systems-Laboratory-Class/Lab_5/hdmi_vga_zybo/hdmi_vga_zybo.runs/synth_1/.Xil/Vivado-13564-debian/dcp6/hdmi_vga_dvi2rgb_0_0_in_context.xdc, line 7).
Applied set_property IO_BUFFER_TYPE = NONE for hdmi_in_data_n[1]. (constraint file  /home/lsriw/sr/StyczenBartlomiej/Reconfigurable-Systems-Laboratory-Class/Lab_5/hdmi_vga_zybo/hdmi_vga_zybo.runs/synth_1/.Xil/Vivado-13564-debian/dcp6/hdmi_vga_dvi2rgb_0_0_in_context.xdc, line 8).
Applied set_property CLOCK_BUFFER_TYPE = NONE for hdmi_in_data_n[1]. (constraint file  /home/lsriw/sr/StyczenBartlomiej/Reconfigurable-Systems-Laboratory-Class/Lab_5/hdmi_vga_zybo/hdmi_vga_zybo.runs/synth_1/.Xil/Vivado-13564-debian/dcp6/hdmi_vga_dvi2rgb_0_0_in_context.xdc, line 9).
Applied set_property IO_BUFFER_TYPE = NONE for hdmi_in_data_n[2]. (constraint file  /home/lsriw/sr/StyczenBartlomiej/Reconfigurable-Systems-Laboratory-Class/Lab_5/hdmi_vga_zybo/hdmi_vga_zybo.runs/synth_1/.Xil/Vivado-13564-debian/dcp6/hdmi_vga_dvi2rgb_0_0_in_context.xdc, line 10).
Applied set_property CLOCK_BUFFER_TYPE = NONE for hdmi_in_data_n[2]. (constraint file  /home/lsriw/sr/StyczenBartlomiej/Reconfigurable-Systems-Laboratory-Class/Lab_5/hdmi_vga_zybo/hdmi_vga_zybo.runs/synth_1/.Xil/Vivado-13564-debian/dcp6/hdmi_vga_dvi2rgb_0_0_in_context.xdc, line 11).
Applied set_property IO_BUFFER_TYPE = NONE for hdmi_in_data_p[0]. (constraint file  /home/lsriw/sr/StyczenBartlomiej/Reconfigurable-Systems-Laboratory-Class/Lab_5/hdmi_vga_zybo/hdmi_vga_zybo.runs/synth_1/.Xil/Vivado-13564-debian/dcp6/hdmi_vga_dvi2rgb_0_0_in_context.xdc, line 12).
Applied set_property CLOCK_BUFFER_TYPE = NONE for hdmi_in_data_p[0]. (constraint file  /home/lsriw/sr/StyczenBartlomiej/Reconfigurable-Systems-Laboratory-Class/Lab_5/hdmi_vga_zybo/hdmi_vga_zybo.runs/synth_1/.Xil/Vivado-13564-debian/dcp6/hdmi_vga_dvi2rgb_0_0_in_context.xdc, line 13).
Applied set_property IO_BUFFER_TYPE = NONE for hdmi_in_data_p[1]. (constraint file  /home/lsriw/sr/StyczenBartlomiej/Reconfigurable-Systems-Laboratory-Class/Lab_5/hdmi_vga_zybo/hdmi_vga_zybo.runs/synth_1/.Xil/Vivado-13564-debian/dcp6/hdmi_vga_dvi2rgb_0_0_in_context.xdc, line 14).
Applied set_property CLOCK_BUFFER_TYPE = NONE for hdmi_in_data_p[1]. (constraint file  /home/lsriw/sr/StyczenBartlomiej/Reconfigurable-Systems-Laboratory-Class/Lab_5/hdmi_vga_zybo/hdmi_vga_zybo.runs/synth_1/.Xil/Vivado-13564-debian/dcp6/hdmi_vga_dvi2rgb_0_0_in_context.xdc, line 15).
Applied set_property IO_BUFFER_TYPE = NONE for hdmi_in_data_p[2]. (constraint file  /home/lsriw/sr/StyczenBartlomiej/Reconfigurable-Systems-Laboratory-Class/Lab_5/hdmi_vga_zybo/hdmi_vga_zybo.runs/synth_1/.Xil/Vivado-13564-debian/dcp6/hdmi_vga_dvi2rgb_0_0_in_context.xdc, line 16).
Applied set_property CLOCK_BUFFER_TYPE = NONE for hdmi_in_data_p[2]. (constraint file  /home/lsriw/sr/StyczenBartlomiej/Reconfigurable-Systems-Laboratory-Class/Lab_5/hdmi_vga_zybo/hdmi_vga_zybo.runs/synth_1/.Xil/Vivado-13564-debian/dcp6/hdmi_vga_dvi2rgb_0_0_in_context.xdc, line 17).
Applied set_property IO_BUFFER_TYPE = NONE for sys_clock. (constraint file  /home/lsriw/sr/StyczenBartlomiej/Reconfigurable-Systems-Laboratory-Class/Lab_5/hdmi_vga_zybo/hdmi_vga_zybo.runs/synth_1/.Xil/Vivado-13564-debian/dcp8/hdmi_vga_clk_wiz_0_0_in_context.xdc, line 3).
Applied set_property CLOCK_BUFFER_TYPE = NONE for sys_clock. (constraint file  /home/lsriw/sr/StyczenBartlomiej/Reconfigurable-Systems-Laboratory-Class/Lab_5/hdmi_vga_zybo/hdmi_vga_zybo.runs/synth_1/.Xil/Vivado-13564-debian/dcp8/hdmi_vga_clk_wiz_0_0_in_context.xdc, line 4).
Applied set_property DONT_TOUCH = true for hdmi_vga_i. (constraint file  auto generated constraint, line ).
Applied set_property DONT_TOUCH = true for hdmi_vga_i/GND. (constraint file  auto generated constraint, line ).
Applied set_property DONT_TOUCH = true for hdmi_vga_i/VCC. (constraint file  auto generated constraint, line ).
Applied set_property DONT_TOUCH = true for hdmi_vga_i/clk_wiz_0. (constraint file  auto generated constraint, line ).
Applied set_property DONT_TOUCH = true for hdmi_vga_i/dvi2rgb_0. (constraint file  auto generated constraint, line ).
Applied set_property DONT_TOUCH = true for hdmi_vga_i/rgb2vga_0. (constraint file  auto generated constraint, line ).
Applied set_property DONT_TOUCH = true for hdmi_vga_i/vp_0. (constraint file  auto generated constraint, line ).
---------------------------------------------------------------------------------
Finished applying 'set_property' XDC Constraints : Time (s): cpu = 00:00:24 ; elapsed = 00:00:43 . Memory (MB): peak = 1672.660 ; gain = 442.129 ; free physical = 9752 ; free virtual = 28472
---------------------------------------------------------------------------------
---------------------------------------------------------------------------------
Finished RTL Optimization Phase 2 : Time (s): cpu = 00:00:24 ; elapsed = 00:00:44 . Memory (MB): peak = 1672.660 ; gain = 442.129 ; free physical = 9751 ; free virtual = 28471
---------------------------------------------------------------------------------

Report RTL Partitions: 
+-+--------------+------------+----------+
| |RTL Partition |Replication |Instances |
+-+--------------+------------+----------+
+-+--------------+------------+----------+
---------------------------------------------------------------------------------
Start RTL Component Statistics 
---------------------------------------------------------------------------------
Detailed RTL Component Info : 
---------------------------------------------------------------------------------
Finished RTL Component Statistics 
---------------------------------------------------------------------------------
---------------------------------------------------------------------------------
Start RTL Hierarchical Component Statistics 
---------------------------------------------------------------------------------
Hierarchical RTL Component report 
---------------------------------------------------------------------------------
Finished RTL Hierarchical Component Statistics
---------------------------------------------------------------------------------
---------------------------------------------------------------------------------
Start Part Resource Summary
---------------------------------------------------------------------------------
Part Resources:
DSPs: 80 (col length:40)
BRAMs: 120 (col length: RAMB18 40 RAMB36 20)
---------------------------------------------------------------------------------
Finished Part Resource Summary
---------------------------------------------------------------------------------
---------------------------------------------------------------------------------
Start Cross Boundary and Area Optimization
---------------------------------------------------------------------------------
---------------------------------------------------------------------------------
Finished Cross Boundary and Area Optimization : Time (s): cpu = 00:00:24 ; elapsed = 00:00:44 . Memory (MB): peak = 1672.660 ; gain = 442.129 ; free physical = 9742 ; free virtual = 28463
---------------------------------------------------------------------------------

Report RTL Partitions: 
+-+--------------+------------+----------+
| |RTL Partition |Replication |Instances |
+-+--------------+------------+----------+
+-+--------------+------------+----------+
---------------------------------------------------------------------------------
Start Applying XDC Timing Constraints
---------------------------------------------------------------------------------
INFO: [Synth 8-5578] Moved timing constraint from pin 'hdmi_vga_i/dvi2rgb_0/PixelClk' to pin 'hdmi_vga_i/dvi2rgb_0/bbstub_PixelClk/O'
INFO: [Synth 8-5578] Moved timing constraint from pin 'hdmi_vga_i/clk_wiz_0/clk_out1' to pin 'hdmi_vga_i/clk_wiz_0/bbstub_clk_out1/O'
INFO: [Synth 8-5819] Moved 2 constraints on hierarchical pins to their respective driving/loading pins
---------------------------------------------------------------------------------
Finished Applying XDC Timing Constraints : Time (s): cpu = 00:00:30 ; elapsed = 00:00:53 . Memory (MB): peak = 1672.660 ; gain = 442.129 ; free physical = 9614 ; free virtual = 28335
---------------------------------------------------------------------------------
---------------------------------------------------------------------------------
Start Timing Optimization
---------------------------------------------------------------------------------
---------------------------------------------------------------------------------
Finished Timing Optimization : Time (s): cpu = 00:00:30 ; elapsed = 00:00:53 . Memory (MB): peak = 1672.660 ; gain = 442.129 ; free physical = 9614 ; free virtual = 28335
---------------------------------------------------------------------------------

Report RTL Partitions: 
+-+--------------+------------+----------+
| |RTL Partition |Replication |Instances |
+-+--------------+------------+----------+
+-+--------------+------------+----------+
---------------------------------------------------------------------------------
Start Technology Mapping
---------------------------------------------------------------------------------
---------------------------------------------------------------------------------
Finished Technology Mapping : Time (s): cpu = 00:00:30 ; elapsed = 00:00:53 . Memory (MB): peak = 1672.660 ; gain = 442.129 ; free physical = 9613 ; free virtual = 28333
---------------------------------------------------------------------------------

Report RTL Partitions: 
+-+--------------+------------+----------+
| |RTL Partition |Replication |Instances |
+-+--------------+------------+----------+
+-+--------------+------------+----------+
---------------------------------------------------------------------------------
Start IO Insertion
---------------------------------------------------------------------------------
---------------------------------------------------------------------------------
Start Flattening Before IO Insertion
---------------------------------------------------------------------------------
---------------------------------------------------------------------------------
Finished Flattening Before IO Insertion
---------------------------------------------------------------------------------
---------------------------------------------------------------------------------
Start Final Netlist Cleanup
---------------------------------------------------------------------------------
---------------------------------------------------------------------------------
Finished Final Netlist Cleanup
---------------------------------------------------------------------------------
---------------------------------------------------------------------------------
Finished IO Insertion : Time (s): cpu = 00:00:30 ; elapsed = 00:00:54 . Memory (MB): peak = 1672.660 ; gain = 442.129 ; free physical = 9613 ; free virtual = 28334
---------------------------------------------------------------------------------

Report Check Netlist: 
+------+------------------+-------+---------+-------+------------------+
|      |Item              |Errors |Warnings |Status |Description       |
+------+------------------+-------+---------+-------+------------------+
|1     |multi_driven_nets |      0|        0|Passed |Multi driven nets |
+------+------------------+-------+---------+-------+------------------+
---------------------------------------------------------------------------------
Start Renaming Generated Instances
---------------------------------------------------------------------------------
---------------------------------------------------------------------------------
Finished Renaming Generated Instances : Time (s): cpu = 00:00:30 ; elapsed = 00:00:54 . Memory (MB): peak = 1672.660 ; gain = 442.129 ; free physical = 9613 ; free virtual = 28334
---------------------------------------------------------------------------------

Report RTL Partitions: 
+-+--------------+------------+----------+
| |RTL Partition |Replication |Instances |
+-+--------------+------------+----------+
+-+--------------+------------+----------+
---------------------------------------------------------------------------------
Start Rebuilding User Hierarchy
---------------------------------------------------------------------------------
---------------------------------------------------------------------------------
Finished Rebuilding User Hierarchy : Time (s): cpu = 00:00:30 ; elapsed = 00:00:54 . Memory (MB): peak = 1672.660 ; gain = 442.129 ; free physical = 9613 ; free virtual = 28334
---------------------------------------------------------------------------------
---------------------------------------------------------------------------------
Start Renaming Generated Ports
---------------------------------------------------------------------------------
---------------------------------------------------------------------------------
Finished Renaming Generated Ports : Time (s): cpu = 00:00:30 ; elapsed = 00:00:54 . Memory (MB): peak = 1672.660 ; gain = 442.129 ; free physical = 9613 ; free virtual = 28334
---------------------------------------------------------------------------------
---------------------------------------------------------------------------------
Start Handling Custom Attributes
---------------------------------------------------------------------------------
---------------------------------------------------------------------------------
Finished Handling Custom Attributes : Time (s): cpu = 00:00:30 ; elapsed = 00:00:54 . Memory (MB): peak = 1672.660 ; gain = 442.129 ; free physical = 9613 ; free virtual = 28334
---------------------------------------------------------------------------------
---------------------------------------------------------------------------------
Start Renaming Generated Nets
---------------------------------------------------------------------------------
---------------------------------------------------------------------------------
Finished Renaming Generated Nets : Time (s): cpu = 00:00:30 ; elapsed = 00:00:54 . Memory (MB): peak = 1672.660 ; gain = 442.129 ; free physical = 9613 ; free virtual = 28334
---------------------------------------------------------------------------------
---------------------------------------------------------------------------------
Start Writing Synthesis Report
---------------------------------------------------------------------------------

Report BlackBoxes: 
+------+------------------------+----------+
|      |BlackBox name           |Instances |
+------+------------------------+----------+
|1     |hdmi_vga_xlconstant_0_0 |         1|
|2     |hdmi_vga_xlconstant_0_1 |         1|
|3     |hdmi_vga_clk_wiz_0_0    |         1|
|4     |hdmi_vga_dvi2rgb_0_0    |         1|
|5     |hdmi_vga_rgb2vga_0_0    |         1|
|6     |hdmi_vga_vp_0_0         |         1|
+------+------------------------+----------+

Report Cell Usage: 
+------+------------------------+------+
|      |Cell                    |Count |
+------+------------------------+------+
|1     |hdmi_vga_clk_wiz_0_0    |     1|
|2     |hdmi_vga_dvi2rgb_0_0    |     1|
|3     |hdmi_vga_rgb2vga_0_0    |     1|
|4     |hdmi_vga_vp_0_0         |     1|
|5     |hdmi_vga_xlconstant_0_0 |     1|
|6     |hdmi_vga_xlconstant_0_1 |     1|
|7     |IOBUF                   |     2|
|8     |OBUF                    |    20|
+------+------------------------+------+

Report Instance Areas: 
+------+-------------+---------+------+
|      |Instance     |Module   |Cells |
+------+-------------+---------+------+
|1     |top          |         |   104|
|2     |  hdmi_vga_i |hdmi_vga |    82|
+------+-------------+---------+------+
---------------------------------------------------------------------------------
Finished Writing Synthesis Report : Time (s): cpu = 00:00:30 ; elapsed = 00:00:54 . Memory (MB): peak = 1672.660 ; gain = 442.129 ; free physical = 9613 ; free virtual = 28334
---------------------------------------------------------------------------------
Synthesis finished with 0 errors, 0 critical warnings and 0 warnings.
Synthesis Optimization Runtime : Time (s): cpu = 00:00:21 ; elapsed = 00:00:26 . Memory (MB): peak = 1672.660 ; gain = 128.527 ; free physical = 9672 ; free virtual = 28392
Synthesis Optimization Complete : Time (s): cpu = 00:00:30 ; elapsed = 00:00:54 . Memory (MB): peak = 1672.660 ; gain = 442.129 ; free physical = 9672 ; free virtual = 28392
INFO: [Project 1-571] Translating synthesized netlist
INFO: [Netlist 29-17] Analyzing 2 Unisim elements for replacement
INFO: [Netlist 29-28] Unisim Transformation completed in 0 CPU seconds
INFO: [Project 1-570] Preparing netlist for logic optimization
INFO: [Opt 31-138] Pushed 0 inverter(s) to 0 load pin(s).
INFO: [Project 1-111] Unisim Transformation Summary:
  A total of 2 instances were transformed.
  IOBUF => IOBUF (IBUF, OBUFT): 2 instances

INFO: [Common 17-83] Releasing license: Synthesis
38 Infos, 4 Warnings, 0 Critical Warnings and 0 Errors encountered.
synth_design completed successfully
synth_design: Time (s): cpu = 00:00:33 ; elapsed = 00:00:56 . Memory (MB): peak = 1672.660 ; gain = 466.957 ; free physical = 9654 ; free virtual = 28374
INFO: [Common 17-1381] The checkpoint '/home/lsriw/sr/StyczenBartlomiej/Reconfigurable-Systems-Laboratory-Class/Lab_5/hdmi_vga_zybo/hdmi_vga_zybo.runs/synth_1/hdmi_vga_wrapper.dcp' has been generated.
INFO: [runtcl-4] Executing : report_utilization -file hdmi_vga_wrapper_utilization_synth.rpt -pb hdmi_vga_wrapper_utilization_synth.pb
report_utilization: Time (s): cpu = 00:00:00.09 ; elapsed = 00:00:00.12 . Memory (MB): peak = 1672.660 ; gain = 0.000 ; free physical = 9655 ; free virtual = 28376
INFO: [Common 17-206] Exiting Vivado at Wed Apr 18 09:02:30 2018...
