Exception at PC 0x00007FFDC0114008
Exception at PC 0x00007FFDC0114008
Exception at PC 0x00007FFDC0114008
Exception at PC 0x00007FFDC0114008
Exception at PC 0x00007FFD4AFAE132
Attemped to write at address 0x00007FFD894E4AA4
Printing stacktrace...

[0]  [0x00007FFD4AFAE132]
[1]  [0x00007FFD4AFAE132]
[2]  [0x00007FFD4AFAE194]
[3]  [0x00007FFD4ABFD0D7]
[4]  [0x00007FFD4AAE2BCA]
[5]  [0x00007FFD4AAE2FD1]
[6]  [0x00007FFD4AFAEB2F]
[7]  [0x00007FFD4AE6C19D]
[8]  [0x00007FFD4AE65942]
[9]  [0x00007FFD4AE65AB5]
[10] (RtlDeactivateActivationContextUnsafeFast+0x1b3) [0x00007FFDC3091493]
[11] (LdrShutdownProcess+0x125) [0x00007FFDC30C06B5]
[12] (RtlExitUserProcess+0xb4) [0x00007FFDC30C0574]
[13] (ExitProcess+0xa) [0x00007FFDC0D6F06A]
[14] (exit+0x75) [0x00007FFDC0669B25]
[15] (initterm_e+0x21d) [0x00007FFDC066A16D]
[16]  [0x00000000004014CD]
[17]  [0x000000000040151B]
[18] (BaseThreadInitThunk+0x14) [0x00007FFDC0D71FE4]
[19] (RtlUserThreadStart+0x21) [0x00007FFDC30EEFC1]
Done
