
*** Running vivado
    with args -log hdmi_vga_wrapper.vdi -applog -m64 -product Vivado -messageDb vivado.pb -mode batch -source hdmi_vga_wrapper.tcl -notrace


****** Vivado v2017.4 (64-bit)
  **** SW Build 2086221 on Fri Dec 15 20:55:39 MST 2017
  **** IP Build 2085800 on Fri Dec 15 22:25:07 MST 2017
    ** Copyright 1986-2017 Xilinx, Inc. All Rights Reserved.

source hdmi_vga_wrapper.tcl -notrace
INFO: [IP_Flow 19-234] Refreshing IP repositories
INFO: [IP_Flow 19-1700] Loaded user IP repository 'c:/Users/Bartek/Reconfigurable-Systems-Laboratory-Class/8/Resources/hdmi_vga_ip_repo'.
INFO: [IP_Flow 19-2313] Loaded Vivado IP repository 'C:/Xilinx/Vivado/2017.4/data/ip'.
Command: link_design -top hdmi_vga_wrapper -part xc7z010clg400-1
Design is defaulting to srcset: sources_1
Design is defaulting to constrset: constrs_1
INFO: [Project 1-454] Reading design checkpoint 'c:/Users/Bartek/Reconfigurable-Systems-Laboratory-Class/8/hdmi_vga_zybo/hdmi_vga_zybo.srcs/sources_1/bd/hdmi_vga/ip/hdmi_vga_xlconstant_0_0/hdmi_vga_xlconstant_0_0.dcp' for cell 'hdmi_vga_i/GND'
INFO: [Project 1-454] Reading design checkpoint 'c:/Users/Bartek/Reconfigurable-Systems-Laboratory-Class/8/hdmi_vga_zybo/hdmi_vga_zybo.srcs/sources_1/bd/hdmi_vga/ip/hdmi_vga_xlconstant_0_1/hdmi_vga_xlconstant_0_1.dcp' for cell 'hdmi_vga_i/VCC'
INFO: [Project 1-454] Reading design checkpoint 'c:/Users/Bartek/Reconfigurable-Systems-Laboratory-Class/8/hdmi_vga_zybo/hdmi_vga_zybo.srcs/sources_1/bd/hdmi_vga/ip/hdmi_vga_clk_wiz_0_0/hdmi_vga_clk_wiz_0_0.dcp' for cell 'hdmi_vga_i/clk_wiz_0'
INFO: [Project 1-454] Reading design checkpoint 'c:/Users/Bartek/Reconfigurable-Systems-Laboratory-Class/8/hdmi_vga_zybo/hdmi_vga_zybo.srcs/sources_1/bd/hdmi_vga/ip/hdmi_vga_dvi2rgb_0_0/hdmi_vga_dvi2rgb_0_0.dcp' for cell 'hdmi_vga_i/dvi2rgb_0'
INFO: [Project 1-454] Reading design checkpoint 'c:/Users/Bartek/Reconfigurable-Systems-Laboratory-Class/8/hdmi_vga_zybo/hdmi_vga_zybo.srcs/sources_1/bd/hdmi_vga/ip/hdmi_vga_rgb2vga_0_0/hdmi_vga_rgb2vga_0_0.dcp' for cell 'hdmi_vga_i/rgb2vga_0'
INFO: [Netlist 29-17] Analyzing 67 Unisim elements for replacement
INFO: [Netlist 29-28] Unisim Transformation completed in 0 CPU seconds
INFO: [Project 1-479] Netlist was created with Vivado 2017.4
INFO: [Device 21-403] Loading part xc7z010clg400-1
INFO: [Project 1-570] Preparing netlist for logic optimization
Parsing XDC File [c:/Users/Bartek/Reconfigurable-Systems-Laboratory-Class/8/hdmi_vga_zybo/hdmi_vga_zybo.srcs/sources_1/bd/hdmi_vga/ip/hdmi_vga_dvi2rgb_0_0/src/dvi2rgb.xdc] for cell 'hdmi_vga_i/dvi2rgb_0/U0'
Finished Parsing XDC File [c:/Users/Bartek/Reconfigurable-Systems-Laboratory-Class/8/hdmi_vga_zybo/hdmi_vga_zybo.srcs/sources_1/bd/hdmi_vga/ip/hdmi_vga_dvi2rgb_0_0/src/dvi2rgb.xdc] for cell 'hdmi_vga_i/dvi2rgb_0/U0'
Parsing XDC File [c:/Users/Bartek/Reconfigurable-Systems-Laboratory-Class/8/hdmi_vga_zybo/hdmi_vga_zybo.srcs/sources_1/bd/hdmi_vga/ip/hdmi_vga_clk_wiz_0_0/hdmi_vga_clk_wiz_0_0_board.xdc] for cell 'hdmi_vga_i/clk_wiz_0/inst'
Finished Parsing XDC File [c:/Users/Bartek/Reconfigurable-Systems-Laboratory-Class/8/hdmi_vga_zybo/hdmi_vga_zybo.srcs/sources_1/bd/hdmi_vga/ip/hdmi_vga_clk_wiz_0_0/hdmi_vga_clk_wiz_0_0_board.xdc] for cell 'hdmi_vga_i/clk_wiz_0/inst'
Parsing XDC File [c:/Users/Bartek/Reconfigurable-Systems-Laboratory-Class/8/hdmi_vga_zybo/hdmi_vga_zybo.srcs/sources_1/bd/hdmi_vga/ip/hdmi_vga_clk_wiz_0_0/hdmi_vga_clk_wiz_0_0.xdc] for cell 'hdmi_vga_i/clk_wiz_0/inst'
INFO: [Timing 38-35] Done setting XDC timing constraints. [c:/Users/Bartek/Reconfigurable-Systems-Laboratory-Class/8/hdmi_vga_zybo/hdmi_vga_zybo.srcs/sources_1/bd/hdmi_vga/ip/hdmi_vga_clk_wiz_0_0/hdmi_vga_clk_wiz_0_0.xdc:57]
INFO: [Timing 38-2] Deriving generated clocks [c:/Users/Bartek/Reconfigurable-Systems-Laboratory-Class/8/hdmi_vga_zybo/hdmi_vga_zybo.srcs/sources_1/bd/hdmi_vga/ip/hdmi_vga_clk_wiz_0_0/hdmi_vga_clk_wiz_0_0.xdc:57]
get_clocks: Time (s): cpu = 00:00:13 ; elapsed = 00:00:14 . Memory (MB): peak = 1155.953 ; gain = 557.195
Finished Parsing XDC File [c:/Users/Bartek/Reconfigurable-Systems-Laboratory-Class/8/hdmi_vga_zybo/hdmi_vga_zybo.srcs/sources_1/bd/hdmi_vga/ip/hdmi_vga_clk_wiz_0_0/hdmi_vga_clk_wiz_0_0.xdc] for cell 'hdmi_vga_i/clk_wiz_0/inst'
Parsing XDC File [C:/Users/Bartek/Reconfigurable-Systems-Laboratory-Class/8/hdmi_vga_zybo/hdmi_vga_zybo.srcs/constrs_1/imports/hdmi_vga_zybo_src/Zybo_HDMI.xdc]
Finished Parsing XDC File [C:/Users/Bartek/Reconfigurable-Systems-Laboratory-Class/8/hdmi_vga_zybo/hdmi_vga_zybo.srcs/constrs_1/imports/hdmi_vga_zybo_src/Zybo_HDMI.xdc]
INFO: [Opt 31-138] Pushed 0 inverter(s) to 0 load pin(s).
INFO: [Project 1-111] Unisim Transformation Summary:
  A total of 8 instances were transformed.
  IOBUF => IOBUF (IBUF, OBUFT): 2 instances
  RAM32M => RAM32M (RAMD32, RAMD32, RAMD32, RAMD32, RAMD32, RAMD32, RAMS32, RAMS32): 6 instances

17 Infos, 0 Warnings, 0 Critical Warnings and 0 Errors encountered.
link_design completed successfully
link_design: Time (s): cpu = 00:00:22 ; elapsed = 00:00:23 . Memory (MB): peak = 1155.953 ; gain = 897.285
Command: opt_design
Attempting to get a license for feature 'Implementation' and/or device 'xc7z010'
INFO: [Common 17-349] Got license for feature 'Implementation' and/or device 'xc7z010'
Running DRC as a precondition to command opt_design

Starting DRC Task
INFO: [DRC 23-27] Running DRC with 2 threads
INFO: [Project 1-461] DRC finished with 0 Errors
INFO: [Project 1-462] Please refer to the DRC report (report_drc) for more information.

Time (s): cpu = 00:00:02 ; elapsed = 00:00:01 . Memory (MB): peak = 1155.953 ; gain = 0.000
INFO: [Timing 38-35] Done setting XDC timing constraints.
INFO: [Timing 38-2] Deriving generated clocks

Starting Logic Optimization Task

Phase 1 Retarget
INFO: [Opt 31-138] Pushed 0 inverter(s) to 0 load pin(s).
INFO: [Opt 31-49] Retargeted 0 cell(s).
Phase 1 Retarget | Checksum: 1599e6a5a

Time (s): cpu = 00:00:00 ; elapsed = 00:00:00.100 . Memory (MB): peak = 1170.852 ; gain = 0.000
INFO: [Opt 31-389] Phase Retarget created 3 cells and removed 9 cells

Phase 2 Constant propagation
INFO: [Opt 31-138] Pushed 0 inverter(s) to 0 load pin(s).
Phase 2 Constant propagation | Checksum: 1599e6a5a

Time (s): cpu = 00:00:00 ; elapsed = 00:00:00.125 . Memory (MB): peak = 1170.852 ; gain = 0.000
INFO: [Opt 31-389] Phase Constant propagation created 0 cells and removed 0 cells

Phase 3 Sweep
Phase 3 Sweep | Checksum: 145cdfb6c

Time (s): cpu = 00:00:00 ; elapsed = 00:00:00.161 . Memory (MB): peak = 1170.852 ; gain = 0.000
INFO: [Opt 31-389] Phase Sweep created 0 cells and removed 26 cells

Phase 4 BUFG optimization
Phase 4 BUFG optimization | Checksum: 145cdfb6c

Time (s): cpu = 00:00:00 ; elapsed = 00:00:00.191 . Memory (MB): peak = 1170.852 ; gain = 0.000
INFO: [Opt 31-389] Phase BUFG optimization created 0 cells and removed 0 cells

Phase 5 Shift Register Optimization
Phase 5 Shift Register Optimization | Checksum: 145cdfb6c

Time (s): cpu = 00:00:00 ; elapsed = 00:00:00.211 . Memory (MB): peak = 1170.852 ; gain = 0.000
INFO: [Opt 31-389] Phase Shift Register Optimization created 0 cells and removed 0 cells

Starting Connectivity Check Task

Time (s): cpu = 00:00:00 ; elapsed = 00:00:00.005 . Memory (MB): peak = 1170.852 ; gain = 0.000
Ending Logic Optimization Task | Checksum: 145cdfb6c

Time (s): cpu = 00:00:00 ; elapsed = 00:00:00.234 . Memory (MB): peak = 1170.852 ; gain = 0.000

Starting Power Optimization Task
INFO: [Pwropt 34-132] Skipping clock gating for clocks with a period < 2.00 ns.
Ending Power Optimization Task | Checksum: 141f7588b

Time (s): cpu = 00:00:00 ; elapsed = 00:00:00.010 . Memory (MB): peak = 1170.852 ; gain = 0.000
INFO: [Common 17-83] Releasing license: Implementation
33 Infos, 0 Warnings, 0 Critical Warnings and 0 Errors encountered.
opt_design completed successfully
Writing placer database...
Writing XDEF routing.
Writing XDEF routing logical nets.
Writing XDEF routing special nets.
Write XDEF Complete: Time (s): cpu = 00:00:00 ; elapsed = 00:00:00.107 . Memory (MB): peak = 1170.852 ; gain = 0.000
INFO: [Common 17-1381] The checkpoint 'C:/Users/Bartek/Reconfigurable-Systems-Laboratory-Class/8/hdmi_vga_zybo/hdmi_vga_zybo.runs/impl_1/hdmi_vga_wrapper_opt.dcp' has been generated.
INFO: [runtcl-4] Executing : report_drc -file hdmi_vga_wrapper_drc_opted.rpt -pb hdmi_vga_wrapper_drc_opted.pb -rpx hdmi_vga_wrapper_drc_opted.rpx
Command: report_drc -file hdmi_vga_wrapper_drc_opted.rpt -pb hdmi_vga_wrapper_drc_opted.pb -rpx hdmi_vga_wrapper_drc_opted.rpx
INFO: [IP_Flow 19-1839] IP Catalog is up to date.
INFO: [DRC 23-27] Running DRC with 2 threads
INFO: [Coretcl 2-168] The results of DRC are in file C:/Users/Bartek/Reconfigurable-Systems-Laboratory-Class/8/hdmi_vga_zybo/hdmi_vga_zybo.runs/impl_1/hdmi_vga_wrapper_drc_opted.rpt.
report_drc completed successfully
INFO: [Chipscope 16-241] No debug cores found in the current design.
Before running the implement_debug_core command, either use the Set Up Debug wizard (GUI mode)
or use the create_debug_core and connect_debug_core Tcl commands to insert debug cores into the design.
Command: place_design
Attempting to get a license for feature 'Implementation' and/or device 'xc7z010'
INFO: [Common 17-349] Got license for feature 'Implementation' and/or device 'xc7z010'
INFO: [DRC 23-27] Running DRC with 2 threads
INFO: [Vivado_Tcl 4-198] DRC finished with 0 Errors
INFO: [Vivado_Tcl 4-199] Please refer to the DRC report (report_drc) for more information.
Running DRC as a precondition to command place_design
INFO: [DRC 23-27] Running DRC with 2 threads
INFO: [Vivado_Tcl 4-198] DRC finished with 0 Errors
INFO: [Vivado_Tcl 4-199] Please refer to the DRC report (report_drc) for more information.

Starting Placer Task
INFO: [Place 30-611] Multithreading enabled for place_design using a maximum of 2 CPUs

Phase 1 Placer Initialization

Phase 1.1 Placer Initialization Netlist Sorting
Netlist sorting complete. Time (s): cpu = 00:00:00 ; elapsed = 00:00:00.003 . Memory (MB): peak = 1170.852 ; gain = 0.000
Phase 1.1 Placer Initialization Netlist Sorting | Checksum: d59bf0c8

Time (s): cpu = 00:00:00 ; elapsed = 00:00:00.005 . Memory (MB): peak = 1170.852 ; gain = 0.000
INFO: [Timing 38-35] Done setting XDC timing constraints.
INFO: [Opt 31-138] Pushed 0 inverter(s) to 0 load pin(s).
Netlist sorting complete. Time (s): cpu = 00:00:00 ; elapsed = 00:00:00.002 . Memory (MB): peak = 1170.852 ; gain = 0.000

Phase 1.2 IO Placement/ Clock Placement/ Build Placer Device
INFO: [Timing 38-35] Done setting XDC timing constraints.
Phase 1.2 IO Placement/ Clock Placement/ Build Placer Device | Checksum: 11dc960d0

Time (s): cpu = 00:00:01 ; elapsed = 00:00:00.978 . Memory (MB): peak = 1170.852 ; gain = 0.000

Phase 1.3 Build Placer Netlist Model
Phase 1.3 Build Placer Netlist Model | Checksum: 21549e5a6

Time (s): cpu = 00:00:02 ; elapsed = 00:00:02 . Memory (MB): peak = 1170.852 ; gain = 0.000

Phase 1.4 Constrain Clocks/Macros
Phase 1.4 Constrain Clocks/Macros | Checksum: 21549e5a6

Time (s): cpu = 00:00:02 ; elapsed = 00:00:02 . Memory (MB): peak = 1170.852 ; gain = 0.000
Phase 1 Placer Initialization | Checksum: 21549e5a6

Time (s): cpu = 00:00:02 ; elapsed = 00:00:02 . Memory (MB): peak = 1170.852 ; gain = 0.000

Phase 2 Global Placement
Phase 2 Global Placement | Checksum: 187ef7c58

Time (s): cpu = 00:00:04 ; elapsed = 00:00:04 . Memory (MB): peak = 1170.852 ; gain = 0.000

Phase 3 Detail Placement

Phase 3.1 Commit Multi Column Macros
Phase 3.1 Commit Multi Column Macros | Checksum: 187ef7c58

Time (s): cpu = 00:00:04 ; elapsed = 00:00:04 . Memory (MB): peak = 1170.852 ; gain = 0.000

Phase 3.2 Commit Most Macros & LUTRAMs
Phase 3.2 Commit Most Macros & LUTRAMs | Checksum: 20b88330a

Time (s): cpu = 00:00:05 ; elapsed = 00:00:04 . Memory (MB): peak = 1170.852 ; gain = 0.000

Phase 3.3 Area Swap Optimization
Phase 3.3 Area Swap Optimization | Checksum: 24f38c630

Time (s): cpu = 00:00:05 ; elapsed = 00:00:04 . Memory (MB): peak = 1170.852 ; gain = 0.000

Phase 3.4 Pipeline Register Optimization
Phase 3.4 Pipeline Register Optimization | Checksum: 18946afa5

Time (s): cpu = 00:00:05 ; elapsed = 00:00:04 . Memory (MB): peak = 1170.852 ; gain = 0.000

Phase 3.5 Small Shape Detail Placement
Phase 3.5 Small Shape Detail Placement | Checksum: 1db665709

Time (s): cpu = 00:00:05 ; elapsed = 00:00:04 . Memory (MB): peak = 1170.852 ; gain = 0.000

Phase 3.6 Re-assign LUT pins
Phase 3.6 Re-assign LUT pins | Checksum: 2250c0c51

Time (s): cpu = 00:00:05 ; elapsed = 00:00:04 . Memory (MB): peak = 1170.852 ; gain = 0.000

Phase 3.7 Pipeline Register Optimization
Phase 3.7 Pipeline Register Optimization | Checksum: 2250c0c51

Time (s): cpu = 00:00:05 ; elapsed = 00:00:05 . Memory (MB): peak = 1170.852 ; gain = 0.000
Phase 3 Detail Placement | Checksum: 2250c0c51

Time (s): cpu = 00:00:05 ; elapsed = 00:00:05 . Memory (MB): peak = 1170.852 ; gain = 0.000

Phase 4 Post Placement Optimization and Clean-Up

Phase 4.1 Post Commit Optimization
INFO: [Timing 38-35] Done setting XDC timing constraints.

Phase 4.1.1 Post Placement Optimization
Post Placement Optimization Initialization | Checksum: 1fddcbc10

Phase 4.1.1.1 BUFG Insertion
INFO: [Physopt 32-721] Multithreading enabled for phys_opt_design using a maximum of 2 CPUs
INFO: [Place 46-31] BUFG insertion identified 0 candidate nets, 0 success, 0 skipped for placement/routing, 0 skipped for timing, 0 skipped for netlist change reason.
Phase 4.1.1.1 BUFG Insertion | Checksum: 1fddcbc10

Time (s): cpu = 00:00:06 ; elapsed = 00:00:05 . Memory (MB): peak = 1170.852 ; gain = 0.000
INFO: [Place 30-746] Post Placement Timing Summary WNS=1.206. For the most accurate timing information please run report_timing.
Phase 4.1.1 Post Placement Optimization | Checksum: 13e478e76

Time (s): cpu = 00:00:06 ; elapsed = 00:00:05 . Memory (MB): peak = 1170.852 ; gain = 0.000
Phase 4.1 Post Commit Optimization | Checksum: 13e478e76

Time (s): cpu = 00:00:06 ; elapsed = 00:00:05 . Memory (MB): peak = 1170.852 ; gain = 0.000

Phase 4.2 Post Placement Cleanup
Phase 4.2 Post Placement Cleanup | Checksum: 13e478e76

Time (s): cpu = 00:00:06 ; elapsed = 00:00:05 . Memory (MB): peak = 1170.852 ; gain = 0.000

Phase 4.3 Placer Reporting
Phase 4.3 Placer Reporting | Checksum: 13e478e76

Time (s): cpu = 00:00:06 ; elapsed = 00:00:05 . Memory (MB): peak = 1170.852 ; gain = 0.000

Phase 4.4 Final Placement Cleanup
Phase 4.4 Final Placement Cleanup | Checksum: ca981681

Time (s): cpu = 00:00:06 ; elapsed = 00:00:05 . Memory (MB): peak = 1170.852 ; gain = 0.000
Phase 4 Post Placement Optimization and Clean-Up | Checksum: ca981681

Time (s): cpu = 00:00:06 ; elapsed = 00:00:05 . Memory (MB): peak = 1170.852 ; gain = 0.000
Ending Placer Task | Checksum: c8357e5e

Time (s): cpu = 00:00:06 ; elapsed = 00:00:05 . Memory (MB): peak = 1170.852 ; gain = 0.000
INFO: [Common 17-83] Releasing license: Implementation
55 Infos, 0 Warnings, 0 Critical Warnings and 0 Errors encountered.
place_design completed successfully
place_design: Time (s): cpu = 00:00:08 ; elapsed = 00:00:07 . Memory (MB): peak = 1170.852 ; gain = 0.000
Writing placer database...
Writing XDEF routing.
Writing XDEF routing logical nets.
Writing XDEF routing special nets.
Write XDEF Complete: Time (s): cpu = 00:00:00 ; elapsed = 00:00:00.205 . Memory (MB): peak = 1170.852 ; gain = 0.000
INFO: [Common 17-1381] The checkpoint 'C:/Users/Bartek/Reconfigurable-Systems-Laboratory-Class/8/hdmi_vga_zybo/hdmi_vga_zybo.runs/impl_1/hdmi_vga_wrapper_placed.dcp' has been generated.
INFO: [runtcl-4] Executing : report_io -file hdmi_vga_wrapper_io_placed.rpt
report_io: Time (s): cpu = 00:00:00 ; elapsed = 00:00:00.124 . Memory (MB): peak = 1170.852 ; gain = 0.000
INFO: [runtcl-4] Executing : report_utilization -file hdmi_vga_wrapper_utilization_placed.rpt -pb hdmi_vga_wrapper_utilization_placed.pb
report_utilization: Time (s): cpu = 00:00:00 ; elapsed = 00:00:00.144 . Memory (MB): peak = 1170.852 ; gain = 0.000
INFO: [runtcl-4] Executing : report_control_sets -verbose -file hdmi_vga_wrapper_control_sets_placed.rpt
report_control_sets: Time (s): cpu = 00:00:00 ; elapsed = 00:00:00.019 . Memory (MB): peak = 1170.852 ; gain = 0.000
Command: route_design
Attempting to get a license for feature 'Implementation' and/or device 'xc7z010'
INFO: [Common 17-349] Got license for feature 'Implementation' and/or device 'xc7z010'
Running DRC as a precondition to command route_design
INFO: [DRC 23-27] Running DRC with 2 threads
INFO: [Vivado_Tcl 4-198] DRC finished with 0 Errors
INFO: [Vivado_Tcl 4-199] Please refer to the DRC report (report_drc) for more information.


Starting Routing Task
INFO: [Route 35-254] Multithreading enabled for route_design using a maximum of 2 CPUs
Checksum: PlaceDB: 5d2d02b0 ConstDB: 0 ShapeSum: 6b087bae RouteDB: 0

Phase 1 Build RT Design
Phase 1 Build RT Design | Checksum: 1a4cf5cea

Time (s): cpu = 00:00:17 ; elapsed = 00:00:16 . Memory (MB): peak = 1244.273 ; gain = 73.422
Post Restoration Checksum: NetGraph: f6cb79f7 NumContArr: ae03e2f3 Constraints: 0 Timing: 0

Phase 2 Router Initialization

Phase 2.1 Create Timer
Phase 2.1 Create Timer | Checksum: 1a4cf5cea

Time (s): cpu = 00:00:17 ; elapsed = 00:00:16 . Memory (MB): peak = 1244.273 ; gain = 73.422

Phase 2.2 Fix Topology Constraints
Phase 2.2 Fix Topology Constraints | Checksum: 1a4cf5cea

Time (s): cpu = 00:00:17 ; elapsed = 00:00:16 . Memory (MB): peak = 1244.273 ; gain = 73.422

Phase 2.3 Pre Route Cleanup
Phase 2.3 Pre Route Cleanup | Checksum: 1a4cf5cea

Time (s): cpu = 00:00:17 ; elapsed = 00:00:16 . Memory (MB): peak = 1244.273 ; gain = 73.422
 Number of Nodes with overlaps = 0

Phase 2.4 Update Timing
Phase 2.4 Update Timing | Checksum: 17850a579

Time (s): cpu = 00:00:18 ; elapsed = 00:00:16 . Memory (MB): peak = 1244.273 ; gain = 73.422
INFO: [Route 35-416] Intermediate Timing Summary | WNS=1.140  | TNS=0.000  | WHS=-0.645 | THS=-20.987|

Phase 2 Router Initialization | Checksum: 194e49b56

Time (s): cpu = 00:00:18 ; elapsed = 00:00:16 . Memory (MB): peak = 1244.273 ; gain = 73.422

Phase 3 Initial Routing
Phase 3 Initial Routing | Checksum: 11805a864

Time (s): cpu = 00:00:18 ; elapsed = 00:00:16 . Memory (MB): peak = 1244.273 ; gain = 73.422

Phase 4 Rip-up And Reroute

Phase 4.1 Global Iteration 0
 Number of Nodes with overlaps = 125
 Number of Nodes with overlaps = 6
 Number of Nodes with overlaps = 1
 Number of Nodes with overlaps = 0
INFO: [Route 35-416] Intermediate Timing Summary | WNS=1.228  | TNS=0.000  | WHS=N/A    | THS=N/A    |

Phase 4.1 Global Iteration 0 | Checksum: 10f51a9f4

Time (s): cpu = 00:00:19 ; elapsed = 00:00:17 . Memory (MB): peak = 1244.273 ; gain = 73.422
Phase 4 Rip-up And Reroute | Checksum: 10f51a9f4

Time (s): cpu = 00:00:19 ; elapsed = 00:00:17 . Memory (MB): peak = 1244.273 ; gain = 73.422

Phase 5 Delay and Skew Optimization

Phase 5.1 Delay CleanUp
Phase 5.1 Delay CleanUp | Checksum: 10f51a9f4

Time (s): cpu = 00:00:19 ; elapsed = 00:00:17 . Memory (MB): peak = 1244.273 ; gain = 73.422

Phase 5.2 Clock Skew Optimization
Phase 5.2 Clock Skew Optimization | Checksum: 10f51a9f4

Time (s): cpu = 00:00:19 ; elapsed = 00:00:17 . Memory (MB): peak = 1244.273 ; gain = 73.422
Phase 5 Delay and Skew Optimization | Checksum: 10f51a9f4

Time (s): cpu = 00:00:19 ; elapsed = 00:00:17 . Memory (MB): peak = 1244.273 ; gain = 73.422

Phase 6 Post Hold Fix

Phase 6.1 Hold Fix Iter

Phase 6.1.1 Update Timing
Phase 6.1.1 Update Timing | Checksum: 15ff59d71

Time (s): cpu = 00:00:19 ; elapsed = 00:00:17 . Memory (MB): peak = 1244.273 ; gain = 73.422
INFO: [Route 35-416] Intermediate Timing Summary | WNS=1.379  | TNS=0.000  | WHS=0.030  | THS=0.000  |

Phase 6.1 Hold Fix Iter | Checksum: bd537a13

Time (s): cpu = 00:00:19 ; elapsed = 00:00:17 . Memory (MB): peak = 1244.273 ; gain = 73.422
Phase 6 Post Hold Fix | Checksum: bd537a13

Time (s): cpu = 00:00:19 ; elapsed = 00:00:17 . Memory (MB): peak = 1244.273 ; gain = 73.422

Phase 7 Route finalize

Router Utilization Summary
  Global Vertical Routing Utilization    = 0.344876 %
  Global Horizontal Routing Utilization  = 0.348116 %
  Routable Net Status*
  *Does not include unroutable nets such as driverless and loadless.
  Run report_route_status for detailed report.
  Number of Failed Nets               = 0
  Number of Unrouted Nets             = 0
  Number of Partially Routed Nets     = 0
  Number of Node Overlaps             = 0

Phase 7 Route finalize | Checksum: af4f737f

Time (s): cpu = 00:00:19 ; elapsed = 00:00:17 . Memory (MB): peak = 1244.273 ; gain = 73.422

Phase 8 Verifying routed nets

 Verification completed successfully
Phase 8 Verifying routed nets | Checksum: af4f737f

Time (s): cpu = 00:00:19 ; elapsed = 00:00:17 . Memory (MB): peak = 1244.273 ; gain = 73.422

Phase 9 Depositing Routes
Phase 9 Depositing Routes | Checksum: 9d0b17fb

Time (s): cpu = 00:00:19 ; elapsed = 00:00:17 . Memory (MB): peak = 1244.273 ; gain = 73.422

Phase 10 Post Router Timing
INFO: [Route 35-57] Estimated Timing Summary | WNS=1.379  | TNS=0.000  | WHS=0.030  | THS=0.000  |

INFO: [Route 35-327] The final timing numbers are based on the router estimated timing analysis. For a complete and accurate timing signoff, please run report_timing_summary.
Phase 10 Post Router Timing | Checksum: 9d0b17fb

Time (s): cpu = 00:00:19 ; elapsed = 00:00:17 . Memory (MB): peak = 1244.273 ; gain = 73.422
INFO: [Route 35-16] Router Completed Successfully

Time (s): cpu = 00:00:19 ; elapsed = 00:00:17 . Memory (MB): peak = 1244.273 ; gain = 73.422

Routing Is Done.
INFO: [Common 17-83] Releasing license: Implementation
71 Infos, 0 Warnings, 0 Critical Warnings and 0 Errors encountered.
route_design completed successfully
route_design: Time (s): cpu = 00:00:22 ; elapsed = 00:00:19 . Memory (MB): peak = 1244.273 ; gain = 73.422
Writing placer database...
Writing XDEF routing.
Writing XDEF routing logical nets.
Writing XDEF routing special nets.
Write XDEF Complete: Time (s): cpu = 00:00:01 ; elapsed = 00:00:00.226 . Memory (MB): peak = 1244.273 ; gain = 0.000
INFO: [Common 17-1381] The checkpoint 'C:/Users/Bartek/Reconfigurable-Systems-Laboratory-Class/8/hdmi_vga_zybo/hdmi_vga_zybo.runs/impl_1/hdmi_vga_wrapper_routed.dcp' has been generated.
INFO: [runtcl-4] Executing : report_drc -file hdmi_vga_wrapper_drc_routed.rpt -pb hdmi_vga_wrapper_drc_routed.pb -rpx hdmi_vga_wrapper_drc_routed.rpx
Command: report_drc -file hdmi_vga_wrapper_drc_routed.rpt -pb hdmi_vga_wrapper_drc_routed.pb -rpx hdmi_vga_wrapper_drc_routed.rpx
INFO: [IP_Flow 19-1839] IP Catalog is up to date.
INFO: [DRC 23-27] Running DRC with 2 threads
INFO: [Coretcl 2-168] The results of DRC are in file C:/Users/Bartek/Reconfigurable-Systems-Laboratory-Class/8/hdmi_vga_zybo/hdmi_vga_zybo.runs/impl_1/hdmi_vga_wrapper_drc_routed.rpt.
report_drc completed successfully
INFO: [runtcl-4] Executing : report_methodology -file hdmi_vga_wrapper_methodology_drc_routed.rpt -pb hdmi_vga_wrapper_methodology_drc_routed.pb -rpx hdmi_vga_wrapper_methodology_drc_routed.rpx
Command: report_methodology -file hdmi_vga_wrapper_methodology_drc_routed.rpt -pb hdmi_vga_wrapper_methodology_drc_routed.pb -rpx hdmi_vga_wrapper_methodology_drc_routed.rpx
INFO: [Timing 38-35] Done setting XDC timing constraints.
INFO: [Timing 38-35] Done setting XDC timing constraints.
INFO: [DRC 23-133] Running Methodology with 2 threads
INFO: [Coretcl 2-1520] The results of Report Methodology are in file C:/Users/Bartek/Reconfigurable-Systems-Laboratory-Class/8/hdmi_vga_zybo/hdmi_vga_zybo.runs/impl_1/hdmi_vga_wrapper_methodology_drc_routed.rpt.
report_methodology completed successfully
INFO: [runtcl-4] Executing : report_power -file hdmi_vga_wrapper_power_routed.rpt -pb hdmi_vga_wrapper_power_summary_routed.pb -rpx hdmi_vga_wrapper_power_routed.rpx
Command: report_power -file hdmi_vga_wrapper_power_routed.rpt -pb hdmi_vga_wrapper_power_summary_routed.pb -rpx hdmi_vga_wrapper_power_routed.rpx
INFO: [Timing 38-35] Done setting XDC timing constraints.
Running Vector-less Activity Propagation...

Finished Running Vector-less Activity Propagation
83 Infos, 0 Warnings, 0 Critical Warnings and 0 Errors encountered.
report_power completed successfully
INFO: [runtcl-4] Executing : report_route_status -file hdmi_vga_wrapper_route_status.rpt -pb hdmi_vga_wrapper_route_status.pb
INFO: [runtcl-4] Executing : report_timing_summary -max_paths 10 -file hdmi_vga_wrapper_timing_summary_routed.rpt -rpx hdmi_vga_wrapper_timing_summary_routed.rpx -warn_on_violation 
INFO: [Timing 38-91] UpdateTimingParams: Speed grade: -1, Delay Type: min_max.
INFO: [Timing 38-191] Multithreading enabled for timing update using a maximum of 2 CPUs
INFO: [runtcl-4] Executing : report_incremental_reuse -file hdmi_vga_wrapper_incremental_reuse_routed.rpt
INFO: [Vivado_Tcl 4-545] No incremental reuse to report, no incremental placement and routing data was found.
INFO: [runtcl-4] Executing : report_clock_utilization -file hdmi_vga_wrapper_clock_utilization_routed.rpt
INFO: [Common 17-206] Exiting Vivado at Tue May  1 14:47:19 2018...
