Exception at PC 0x00007FFDC0114008
Exception at PC 0x00007FFDC0114008
Exception at PC 0x00007FFDC0114008
Exception at PC 0x00007FFDC0114008
Exception at PC 0x00007FFD45E6E132
Attemped to write at address 0x00007FFD9D144AA4
Printing stacktrace...

[0]  [0x00007FFD45E6E132]
[1]  [0x00007FFD45E6E132]
[2]  [0x00007FFD45E6E194]
[3]  [0x00007FFD45ABD0D7]
[4]  [0x00007FFD459A2BCA]
[5]  [0x00007FFD459A2FD1]
[6]  [0x00007FFD45E6EB2F]
[7]  [0x00007FFD45D2C19D]
[8]  [0x00007FFD45D25942]
[9]  [0x00007FFD45D25AB5]
[10] (RtlDeactivateActivationContextUnsafeFast+0x1b3) [0x00007FFDC3091493]
[11] (LdrShutdownProcess+0x125) [0x00007FFDC30C06B5]
[12] (RtlExitUserProcess+0xb4) [0x00007FFDC30C0574]
[13] (ExitProcess+0xa) [0x00007FFDC0D6F06A]
[14] (exit+0x75) [0x00007FFDC0669B25]
[15] (initterm_e+0x21d) [0x00007FFDC066A16D]
[16]  [0x00000000004014CD]
[17]  [0x000000000040151B]
[18] (BaseThreadInitThunk+0x14) [0x00007FFDC0D71FE4]
[19] (RtlUserThreadStart+0x21) [0x00007FFDC30EEFC1]
Done
