Exception at PC 0x00007FFE31244008
Exception at PC 0x00007FFE31244008
Exception at PC 0x00007FFE31244008
Exception at PC 0x00007FFE31244008
Exception at PC 0x00007FFDC498E132
Attemped to write at address 0x00007FFDFC514AA4
Printing stacktrace...

[0]  [0x00007FFDC498E132]
[1]  [0x00007FFDC498E132]
[2]  [0x00007FFDC498E194]
[3]  [0x00007FFDC45DD0D7]
[4]  [0x00007FFDC44C2BCA]
[5]  [0x00007FFDC44C2FD1]
[6]  [0x00007FFDC498EB2F]
[7]  [0x00007FFDC484C19D]
[8]  [0x00007FFDC4845942]
[9]  [0x00007FFDC4845AB5]
[10] (RtlDeactivateActivationContextUnsafeFast+0x1b3) [0x00007FFE34AF1493]
[11] (LdrShutdownProcess+0x125) [0x00007FFE34B206B5]
[12] (RtlExitUserProcess+0xb4) [0x00007FFE34B20574]
[13] (ExitProcess+0xa) [0x00007FFE3275F06A]
[14] (exit+0x75) [0x00007FFE321A9B25]
[15] (initterm_e+0x21d) [0x00007FFE321AA16D]
[16]  [0x00000000004014CD]
[17]  [0x000000000040151B]
[18] (BaseThreadInitThunk+0x14) [0x00007FFE32761FE4]
[19] (RtlUserThreadStart+0x21) [0x00007FFE34B4EFC1]
Done
