Exception at PC 0x00007FFBEAB34008
Exception at PC 0x00007FFBEAB34008
Exception at PC 0x00007FFBEAB34008
Exception at PC 0x00007FFBEAB34008
Exception at PC 0x00007FFB8E81E132
Attemped to write at address 0x00007FFBC2224AA4
Printing stacktrace...

[0]  [0x00007FFB8E81E132]
[1]  [0x00007FFB8E81E132]
[2]  [0x00007FFB8E81E194]
[3]  [0x00007FFB8E46D0D7]
[4]  [0x00007FFB8E352BCA]
[5]  [0x00007FFB8E352FD1]
[6]  [0x00007FFB8E81EB2F]
[7]  [0x00007FFB8E6DC19D]
[8]  [0x00007FFB8E6D5942]
[9]  [0x00007FFB8E6D5AB5]
[10] (RtlDeactivateActivationContextUnsafeFast+0x1b3) [0x00007FFBEDDE1493]
[11] (LdrShutdownProcess+0x125) [0x00007FFBEDE106B5]
[12] (RtlExitUserProcess+0xb4) [0x00007FFBEDE10574]
[13] (ExitProcess+0xa) [0x00007FFBECB5F06A]
[14] (exit+0x75) [0x00007FFBEC9C9B25]
[15] (initterm_e+0x21d) [0x00007FFBEC9CA16D]
[16]  [0x00000000004014CD]
[17]  [0x000000000040151B]
[18] (BaseThreadInitThunk+0x14) [0x00007FFBECB61FE4]
[19] (RtlUserThreadStart+0x21) [0x00007FFBEDE3EFC1]
Done
