Exception at PC 0x00007FFFB487A388
Exception at PC 0x00007FFFB487A388
Exception at PC 0x00007FFFB487A388
Exception at PC 0x00007FFFB487A388
Exception at PC 0x00007FFF5C65E132
Attemped to write at address 0x00007FFF91524AA4
Printing stacktrace...

[0]  [0x00007FFF5C65E132]
[1]  [0x00007FFF5C65E132]
[2]  [0x00007FFF5C65E194]
[3]  [0x00007FFF5C2AD0D7]
[4]  [0x00007FFF5C192BCA]
[5]  [0x00007FFF5C192FD1]
[6]  [0x00007FFF5C65EB2F]
[7]  [0x00007FFF5C51C19D]
[8]  [0x00007FFF5C515942]
[9]  [0x00007FFF5C515AB5]
[10] (RtlActivateActivationContextUnsafeFast+0x123) [0x00007FFFB7964023]
[11] (LdrShutdownProcess+0x125) [0x00007FFFB79709D5]
[12] (RtlExitUserProcess+0xd8) [0x00007FFFB7970898]
[13] (FatalExit+0xa) [0x00007FFFB546B19A]
[14] (exit+0x75) [0x00007FFFB7899CE5]
[15] (initterm_e+0x235) [0x00007FFFB789A345]
[16]  [0x00000000004014CD]
[17]  [0x000000000040151B]
[18] (BaseThreadInitThunk+0x14) [0x00007FFFB5463034]
[19] (RtlUserThreadStart+0x21) [0x00007FFFB79A1431]
Done
