INFO: [VRFC 10-2263] Analyzing Verilog file "c:/users/bartek/reconfigurable-systems-laboratory-class/My_IPs/vp/src/rgb2ycbcr_0_1/src/delay.v" into library xil_defaultlib
INFO: [VRFC 10-311] analyzing module delay
INFO: [VRFC 10-2263] Analyzing Verilog file "c:/users/bartek/reconfigurable-systems-laboratory-class/My_IPs/vp/src/rgb2ycbcr_0_1/src/delay_line.v" into library xil_defaultlib
INFO: [VRFC 10-311] analyzing module delay_line
INFO: [VRFC 10-2263] Analyzing Verilog file "c:/users/bartek/reconfigurable-systems-laboratory-class/My_IPs/vp/src/rgb2ycbcr_0_1/src/rgb2ycbcr.v" into library xil_defaultlib
INFO: [VRFC 10-311] analyzing module rgb2ycbcr
INFO: [VRFC 10-2263] Analyzing Verilog file "c:/users/bartek/reconfigurable-systems-laboratory-class/My_IPs/vp/src/rgb2ycbcr_0_1/sim/rgb2ycbcr_0.v" into library xil_defaultlib
INFO: [VRFC 10-311] analyzing module rgb2ycbcr_0
INFO: [VRFC 10-2263] Analyzing Verilog file "c:/users/bartek/reconfigurable-systems-laboratory-class/My_IPs/vp/src/hdmi_in.v" into library xil_defaultlib
INFO: [VRFC 10-311] analyzing module hdmi_in
INFO: [VRFC 10-2263] Analyzing Verilog file "c:/users/bartek/reconfigurable-systems-laboratory-class/My_IPs/vp/src/hdmi_out.v" into library xil_defaultlib
INFO: [VRFC 10-311] analyzing module hdmi_out
INFO: [VRFC 10-2263] Analyzing Verilog file "c:/users/bartek/reconfigurable-systems-laboratory-class/My_IPs/vp/src/vp.v" into library xil_defaultlib
INFO: [VRFC 10-311] analyzing module vp
INFO: [VRFC 10-2263] Analyzing Verilog file "c:/users/bartek/reconfigurable-systems-laboratory-class/My_IPs/vp/src/tb_hdmi.v" into library xil_defaultlib
INFO: [VRFC 10-311] analyzing module tb_hdmi
INFO: [VRFC 10-2263] Analyzing Verilog file "c:/users/bartek/reconfigurable-systems-laboratory-class/10/5/hdmi_vga_zybo/hdmi_vga_zybo.tmp/vp_v1_1_project/vp_v1_1_project.sim/sim_1/behav/xsim/glbl.v" into library xil_defaultlib
INFO: [VRFC 10-311] analyzing module glbl
INFO: [VRFC 10-163] Analyzing VHDL file "c:/users/bartek/reconfigurable-systems-laboratory-class/My_IPs/vp/src/rgb2ycbcr_0_1/src/mult_gen_1/sim/mult_gen_1.vhd" into library xil_defaultlib
INFO: [VRFC 10-307] analyzing entity mult_gen_1
INFO: [VRFC 10-163] Analyzing VHDL file "c:/users/bartek/reconfigurable-systems-laboratory-class/My_IPs/vp/src/rgb2ycbcr_0_1/src/c_addsub_1/sim/c_addsub_1.vhd" into library xil_defaultlib
INFO: [VRFC 10-307] analyzing entity c_addsub_1
