
*** Running vivado
    with args -log divider_32_20_0.vds -m64 -product Vivado -mode batch -messageDb vivado.pb -notrace -source divider_32_20_0.tcl


****** Vivado v2017.4 (64-bit)
  **** SW Build 2086221 on Fri Dec 15 20:54:30 MST 2017
  **** IP Build 2085800 on Fri Dec 15 22:25:07 MST 2017
    ** Copyright 1986-2017 Xilinx, Inc. All Rights Reserved.

source divider_32_20_0.tcl -notrace
Command: synth_design -top divider_32_20_0 -part xc7z010clg400-1 -mode out_of_context
Starting synth_design
Attempting to get a license for feature 'Synthesis' and/or device 'xc7z010'
INFO: [Common 17-349] Got license for feature 'Synthesis' and/or device 'xc7z010'
INFO: Launching helper process for spawning children vivado processes
INFO: Helper process launched with PID 15976 
---------------------------------------------------------------------------------
Starting RTL Elaboration : Time (s): cpu = 00:00:08 ; elapsed = 00:00:09 . Memory (MB): peak = 1315.527 ; gain = 84.996 ; free physical = 10676 ; free virtual = 28867
---------------------------------------------------------------------------------
INFO: [Synth 8-638] synthesizing module 'divider_32_20_0' [/home/lsriw/sr/StyczenBartlomiej/Reconfigurable-Systems-Laboratory-Class/11/1/centroid/centroid.srcs/sources_1/ip/divider_32_20_0/synth/divider_32_20_0.v:56]
INFO: [Synth 8-638] synthesizing module 'divider_32_20' [/home/lsriw/sr/StyczenBartlomiej/Reconfigurable-Systems-Laboratory-Class/11/1/centroid/centroid.srcs/sources_1/ip/divider_32_20_0/src/divider_32_20.v:8]
	Parameter LATENCY bound to: 4 - type: integer 
	Parameter DIVIDEND_W bound to: 32 - type: integer 
	Parameter DIVISOR_W bound to: 20 - type: integer 
	Parameter QUOTIENT_W bound to: 32 - type: integer 
	Parameter IDLE bound to: 2'b00 
	Parameter DIV bound to: 2'b01 
	Parameter NOP bound to: 2'b10 
	Parameter END bound to: 2'b11 
INFO: [Synth 8-638] synthesizing module 'mult_32_20_lm' [/home/lsriw/sr/StyczenBartlomiej/Reconfigurable-Systems-Laboratory-Class/11/1/centroid/centroid.srcs/sources_1/ip/divider_32_20_0/src/mult_32_20_lm/synth/mult_32_20_lm.vhd:68]
WARNING: [Synth 8-5640] Port 'zero_detect' is missing in component declaration [/home/lsriw/sr/StyczenBartlomiej/Reconfigurable-Systems-Laboratory-Class/11/1/centroid/centroid.srcs/sources_1/ip/divider_32_20_0/src/mult_32_20_lm/synth/mult_32_20_lm.vhd:71]
WARNING: [Synth 8-5640] Port 'pcasc' is missing in component declaration [/home/lsriw/sr/StyczenBartlomiej/Reconfigurable-Systems-Laboratory-Class/11/1/centroid/centroid.srcs/sources_1/ip/divider_32_20_0/src/mult_32_20_lm/synth/mult_32_20_lm.vhd:71]
	Parameter C_VERBOSITY bound to: 0 - type: integer 
	Parameter C_MODEL_TYPE bound to: 0 - type: integer 
	Parameter C_OPTIMIZE_GOAL bound to: 1 - type: integer 
	Parameter C_XDEVICEFAMILY bound to: zynq - type: string 
	Parameter C_HAS_CE bound to: 0 - type: integer 
	Parameter C_HAS_SCLR bound to: 0 - type: integer 
	Parameter C_LATENCY bound to: 4 - type: integer 
	Parameter C_A_WIDTH bound to: 32 - type: integer 
	Parameter C_A_TYPE bound to: 1 - type: integer 
	Parameter C_B_WIDTH bound to: 20 - type: integer 
	Parameter C_B_TYPE bound to: 1 - type: integer 
	Parameter C_OUT_HIGH bound to: 51 - type: integer 
	Parameter C_OUT_LOW bound to: 0 - type: integer 
	Parameter C_MULT_TYPE bound to: 1 - type: integer 
	Parameter C_CE_OVERRIDES_SCLR bound to: 0 - type: integer 
	Parameter C_CCM_IMP bound to: 0 - type: integer 
	Parameter C_B_VALUE bound to: 10000001 - type: string 
	Parameter C_HAS_ZERO_DETECT bound to: 0 - type: integer 
	Parameter C_ROUND_OUTPUT bound to: 0 - type: integer 
	Parameter C_ROUND_PT bound to: 0 - type: integer 
INFO: [Synth 8-3491] module 'mult_gen_v12_0_13' declared at '/home/lsriw/sr/StyczenBartlomiej/Reconfigurable-Systems-Laboratory-Class/11/1/centroid/centroid.srcs/sources_1/ip/divider_32_20_0/src/mult_32_20_lm/hdl/mult_gen_v12_0_vh_rfs.vhd:21013' bound to instance 'U0' of component 'mult_gen_v12_0_13' [/home/lsriw/sr/StyczenBartlomiej/Reconfigurable-Systems-Laboratory-Class/11/1/centroid/centroid.srcs/sources_1/ip/divider_32_20_0/src/mult_32_20_lm/synth/mult_32_20_lm.vhd:120]
INFO: [Synth 8-256] done synthesizing module 'mult_32_20_lm' (6#1) [/home/lsriw/sr/StyczenBartlomiej/Reconfigurable-Systems-Laboratory-Class/11/1/centroid/centroid.srcs/sources_1/ip/divider_32_20_0/src/mult_32_20_lm/synth/mult_32_20_lm.vhd:68]
INFO: [Synth 8-256] done synthesizing module 'divider_32_20' (7#1) [/home/lsriw/sr/StyczenBartlomiej/Reconfigurable-Systems-Laboratory-Class/11/1/centroid/centroid.srcs/sources_1/ip/divider_32_20_0/src/divider_32_20.v:8]
INFO: [Synth 8-256] done synthesizing module 'divider_32_20_0' (8#1) [/home/lsriw/sr/StyczenBartlomiej/Reconfigurable-Systems-Laboratory-Class/11/1/centroid/centroid.srcs/sources_1/ip/divider_32_20_0/synth/divider_32_20_0.v:56]
WARNING: [Synth 8-3331] design delay_line__parameterized4 has unconnected port CLK
WARNING: [Synth 8-3331] design delay_line__parameterized4 has unconnected port CE
WARNING: [Synth 8-3331] design delay_line__parameterized4 has unconnected port SCLR
WARNING: [Synth 8-3331] design delay_line__parameterized3 has unconnected port CE
WARNING: [Synth 8-3331] design delay_line__parameterized3 has unconnected port SCLR
WARNING: [Synth 8-3331] design delay_line__parameterized2 has unconnected port CLK
WARNING: [Synth 8-3331] design delay_line__parameterized2 has unconnected port CE
WARNING: [Synth 8-3331] design delay_line__parameterized2 has unconnected port SCLR
WARNING: [Synth 8-3331] design delay_line__parameterized1 has unconnected port CLK
WARNING: [Synth 8-3331] design delay_line__parameterized1 has unconnected port CE
WARNING: [Synth 8-3331] design delay_line__parameterized1 has unconnected port SCLR
WARNING: [Synth 8-3331] design delay_line__parameterized0 has unconnected port CLK
WARNING: [Synth 8-3331] design delay_line__parameterized0 has unconnected port CE
WARNING: [Synth 8-3331] design delay_line__parameterized0 has unconnected port SCLR
WARNING: [Synth 8-3331] design delay_line has unconnected port CLK
WARNING: [Synth 8-3331] design delay_line has unconnected port CE
WARNING: [Synth 8-3331] design delay_line has unconnected port SCLR
WARNING: [Synth 8-3331] design dsp has unconnected port D_PORT[24]
WARNING: [Synth 8-3331] design dsp has unconnected port D_PORT[23]
WARNING: [Synth 8-3331] design dsp has unconnected port D_PORT[22]
WARNING: [Synth 8-3331] design dsp has unconnected port D_PORT[21]
WARNING: [Synth 8-3331] design dsp has unconnected port D_PORT[20]
WARNING: [Synth 8-3331] design dsp has unconnected port D_PORT[19]
WARNING: [Synth 8-3331] design dsp has unconnected port D_PORT[18]
WARNING: [Synth 8-3331] design dsp has unconnected port D_PORT[17]
WARNING: [Synth 8-3331] design dsp has unconnected port D_PORT[16]
WARNING: [Synth 8-3331] design dsp has unconnected port D_PORT[15]
WARNING: [Synth 8-3331] design dsp has unconnected port D_PORT[14]
WARNING: [Synth 8-3331] design dsp has unconnected port D_PORT[13]
WARNING: [Synth 8-3331] design dsp has unconnected port D_PORT[12]
WARNING: [Synth 8-3331] design dsp has unconnected port D_PORT[11]
WARNING: [Synth 8-3331] design dsp has unconnected port D_PORT[10]
WARNING: [Synth 8-3331] design dsp has unconnected port D_PORT[9]
WARNING: [Synth 8-3331] design dsp has unconnected port D_PORT[8]
WARNING: [Synth 8-3331] design dsp has unconnected port D_PORT[7]
WARNING: [Synth 8-3331] design dsp has unconnected port D_PORT[6]
WARNING: [Synth 8-3331] design dsp has unconnected port D_PORT[5]
WARNING: [Synth 8-3331] design dsp has unconnected port D_PORT[4]
WARNING: [Synth 8-3331] design dsp has unconnected port D_PORT[3]
WARNING: [Synth 8-3331] design dsp has unconnected port D_PORT[2]
WARNING: [Synth 8-3331] design dsp has unconnected port D_PORT[1]
WARNING: [Synth 8-3331] design dsp has unconnected port D_PORT[0]
WARNING: [Synth 8-3331] design dsp has unconnected port CARRY_IN
WARNING: [Synth 8-3331] design mult_gen_v12_0_13_viv has unconnected port CE
WARNING: [Synth 8-3331] design mult_gen_v12_0_13_viv has unconnected port SCLR
---------------------------------------------------------------------------------
Finished RTL Elaboration : Time (s): cpu = 00:00:11 ; elapsed = 00:00:14 . Memory (MB): peak = 1379.059 ; gain = 148.527 ; free physical = 10733 ; free virtual = 28926
---------------------------------------------------------------------------------

Report Check Netlist: 
+------+------------------+-------+---------+-------+------------------+
|      |Item              |Errors |Warnings |Status |Description       |
+------+------------------+-------+---------+-------+------------------+
|1     |multi_driven_nets |      0|        0|Passed |Multi driven nets |
+------+------------------+-------+---------+-------+------------------+
---------------------------------------------------------------------------------
Finished RTL Optimization Phase 1 : Time (s): cpu = 00:00:11 ; elapsed = 00:00:14 . Memory (MB): peak = 1379.059 ; gain = 148.527 ; free physical = 10733 ; free virtual = 28927
---------------------------------------------------------------------------------
INFO: [Netlist 29-17] Analyzing 2 Unisim elements for replacement
INFO: [Netlist 29-28] Unisim Transformation completed in 0 CPU seconds
INFO: [Device 21-403] Loading part xc7z010clg400-1
INFO: [Project 1-570] Preparing netlist for logic optimization

Processing XDC Constraints
Initializing timing engine
Parsing XDC File [/home/lsriw/sr/StyczenBartlomiej/Reconfigurable-Systems-Laboratory-Class/11/1/centroid/centroid.runs/divider_32_20_0_synth_1/dont_touch.xdc]
Finished Parsing XDC File [/home/lsriw/sr/StyczenBartlomiej/Reconfigurable-Systems-Laboratory-Class/11/1/centroid/centroid.runs/divider_32_20_0_synth_1/dont_touch.xdc]
Completed Processing XDC Constraints

INFO: [Project 1-111] Unisim Transformation Summary:
No Unisim elements were transformed.

Constraint Validation Runtime : Time (s): cpu = 00:00:00.01 ; elapsed = 00:00:00 . Memory (MB): peak = 1641.793 ; gain = 0.000 ; free physical = 10495 ; free virtual = 28688
---------------------------------------------------------------------------------
Finished Constraint Validation : Time (s): cpu = 00:00:28 ; elapsed = 00:00:50 . Memory (MB): peak = 1641.793 ; gain = 411.262 ; free physical = 10557 ; free virtual = 28757
---------------------------------------------------------------------------------
---------------------------------------------------------------------------------
Start Loading Part and Timing Information
---------------------------------------------------------------------------------
Loading part: xc7z010clg400-1
---------------------------------------------------------------------------------
Finished Loading Part and Timing Information : Time (s): cpu = 00:00:28 ; elapsed = 00:00:50 . Memory (MB): peak = 1641.793 ; gain = 411.262 ; free physical = 10557 ; free virtual = 28757
---------------------------------------------------------------------------------
---------------------------------------------------------------------------------
Start Applying 'set_property' XDC Constraints
---------------------------------------------------------------------------------
Applied set_property DONT_TOUCH = true for inst/instance_name. (constraint file  auto generated constraint, line ).
---------------------------------------------------------------------------------
Finished applying 'set_property' XDC Constraints : Time (s): cpu = 00:00:28 ; elapsed = 00:00:50 . Memory (MB): peak = 1641.793 ; gain = 411.262 ; free physical = 10559 ; free virtual = 28759
---------------------------------------------------------------------------------
INFO: [Synth 8-5546] ROM "i" won't be mapped to RAM because it is too sparse
INFO: [Synth 8-5546] ROM "state" won't be mapped to RAM because it is too sparse
---------------------------------------------------------------------------------
Finished RTL Optimization Phase 2 : Time (s): cpu = 00:00:28 ; elapsed = 00:00:50 . Memory (MB): peak = 1641.793 ; gain = 411.262 ; free physical = 10550 ; free virtual = 28750
---------------------------------------------------------------------------------

Report RTL Partitions: 
+-+--------------+------------+----------+
| |RTL Partition |Replication |Instances |
+-+--------------+------------+----------+
+-+--------------+------------+----------+
---------------------------------------------------------------------------------
Start RTL Component Statistics 
---------------------------------------------------------------------------------
---------------------------------------------------------------------------------
Finished RTL Component Statistics 
---------------------------------------------------------------------------------
---------------------------------------------------------------------------------
Start RTL Hierarchical Component Statistics 
---------------------------------------------------------------------------------
---------------------------------------------------------------------------------
Finished RTL Hierarchical Component Statistics
---------------------------------------------------------------------------------
---------------------------------------------------------------------------------
Start Part Resource Summary
---------------------------------------------------------------------------------
Part Resources:
DSPs: 80 (col length:40)
BRAMs: 120 (col length: RAMB18 40 RAMB36 20)
---------------------------------------------------------------------------------
Finished Part Resource Summary
---------------------------------------------------------------------------------
---------------------------------------------------------------------------------
Start Cross Boundary and Area Optimization
---------------------------------------------------------------------------------
INFO: [Synth 8-5546] ROM "inst/i" won't be mapped to RAM because it is too sparse
WARNING: [Synth 8-3331] design mult_gen_v12_0_13_viv has unconnected port CE
WARNING: [Synth 8-3331] design mult_gen_v12_0_13_viv has unconnected port SCLR
---------------------------------------------------------------------------------
Finished Cross Boundary and Area Optimization : Time (s): cpu = 00:00:29 ; elapsed = 00:00:51 . Memory (MB): peak = 1641.793 ; gain = 411.262 ; free physical = 10538 ; free virtual = 28737
---------------------------------------------------------------------------------

Report RTL Partitions: 
+-+--------------+------------+----------+
| |RTL Partition |Replication |Instances |
+-+--------------+------------+----------+
+-+--------------+------------+----------+
---------------------------------------------------------------------------------
Start Applying XDC Timing Constraints
---------------------------------------------------------------------------------
---------------------------------------------------------------------------------
Finished Applying XDC Timing Constraints : Time (s): cpu = 00:00:37 ; elapsed = 00:01:03 . Memory (MB): peak = 1693.793 ; gain = 463.262 ; free physical = 10363 ; free virtual = 28581
---------------------------------------------------------------------------------
---------------------------------------------------------------------------------
Start Timing Optimization
---------------------------------------------------------------------------------
---------------------------------------------------------------------------------
Finished Timing Optimization : Time (s): cpu = 00:00:37 ; elapsed = 00:01:03 . Memory (MB): peak = 1693.793 ; gain = 463.262 ; free physical = 10363 ; free virtual = 28581
---------------------------------------------------------------------------------

Report RTL Partitions: 
+-+--------------+------------+----------+
| |RTL Partition |Replication |Instances |
+-+--------------+------------+----------+
+-+--------------+------------+----------+
---------------------------------------------------------------------------------
Start Technology Mapping
---------------------------------------------------------------------------------
---------------------------------------------------------------------------------
Finished Technology Mapping : Time (s): cpu = 00:00:37 ; elapsed = 00:01:03 . Memory (MB): peak = 1714.824 ; gain = 484.293 ; free physical = 10360 ; free virtual = 28578
---------------------------------------------------------------------------------

Report RTL Partitions: 
+-+--------------+------------+----------+
| |RTL Partition |Replication |Instances |
+-+--------------+------------+----------+
+-+--------------+------------+----------+
---------------------------------------------------------------------------------
Start IO Insertion
---------------------------------------------------------------------------------
---------------------------------------------------------------------------------
Start Flattening Before IO Insertion
---------------------------------------------------------------------------------
---------------------------------------------------------------------------------
Finished Flattening Before IO Insertion
---------------------------------------------------------------------------------
---------------------------------------------------------------------------------
Start Final Netlist Cleanup
---------------------------------------------------------------------------------
---------------------------------------------------------------------------------
Finished Final Netlist Cleanup
---------------------------------------------------------------------------------
---------------------------------------------------------------------------------
Finished IO Insertion : Time (s): cpu = 00:00:38 ; elapsed = 00:01:03 . Memory (MB): peak = 1714.824 ; gain = 484.293 ; free physical = 10361 ; free virtual = 28578
---------------------------------------------------------------------------------

Report Check Netlist: 
+------+------------------+-------+---------+-------+------------------+
|      |Item              |Errors |Warnings |Status |Description       |
+------+------------------+-------+---------+-------+------------------+
|1     |multi_driven_nets |      0|        0|Passed |Multi driven nets |
+------+------------------+-------+---------+-------+------------------+
---------------------------------------------------------------------------------
Start Renaming Generated Instances
---------------------------------------------------------------------------------
---------------------------------------------------------------------------------
Finished Renaming Generated Instances : Time (s): cpu = 00:00:38 ; elapsed = 00:01:03 . Memory (MB): peak = 1714.824 ; gain = 484.293 ; free physical = 10361 ; free virtual = 28578
---------------------------------------------------------------------------------

Report RTL Partitions: 
+-+--------------+------------+----------+
| |RTL Partition |Replication |Instances |
+-+--------------+------------+----------+
+-+--------------+------------+----------+
---------------------------------------------------------------------------------
Start Rebuilding User Hierarchy
---------------------------------------------------------------------------------
---------------------------------------------------------------------------------
Finished Rebuilding User Hierarchy : Time (s): cpu = 00:00:38 ; elapsed = 00:01:03 . Memory (MB): peak = 1714.824 ; gain = 484.293 ; free physical = 10361 ; free virtual = 28578
---------------------------------------------------------------------------------
---------------------------------------------------------------------------------
Start Renaming Generated Ports
---------------------------------------------------------------------------------
---------------------------------------------------------------------------------
Finished Renaming Generated Ports : Time (s): cpu = 00:00:38 ; elapsed = 00:01:03 . Memory (MB): peak = 1714.824 ; gain = 484.293 ; free physical = 10361 ; free virtual = 28578
---------------------------------------------------------------------------------
---------------------------------------------------------------------------------
Start Handling Custom Attributes
---------------------------------------------------------------------------------
---------------------------------------------------------------------------------
Finished Handling Custom Attributes : Time (s): cpu = 00:00:38 ; elapsed = 00:01:03 . Memory (MB): peak = 1714.824 ; gain = 484.293 ; free physical = 10361 ; free virtual = 28578
---------------------------------------------------------------------------------
---------------------------------------------------------------------------------
Start Renaming Generated Nets
---------------------------------------------------------------------------------
---------------------------------------------------------------------------------
Finished Renaming Generated Nets : Time (s): cpu = 00:00:38 ; elapsed = 00:01:03 . Memory (MB): peak = 1714.824 ; gain = 484.293 ; free physical = 10361 ; free virtual = 28578
---------------------------------------------------------------------------------
---------------------------------------------------------------------------------
Start Writing Synthesis Report
---------------------------------------------------------------------------------

Report BlackBoxes: 
+-+--------------+----------+
| |BlackBox name |Instances |
+-+--------------+----------+
+-+--------------+----------+

Report Cell Usage: 
+------+----------+------+
|      |Cell      |Count |
+------+----------+------+
|1     |CARRY4    |     7|
|2     |DSP48E1   |     1|
|3     |DSP48E1_1 |     1|
|4     |LUT1      |     2|
|5     |LUT2      |    28|
|6     |LUT3      |     4|
|7     |LUT4      |    43|
|8     |LUT5      |     7|
|9     |LUT6      |    39|
|10    |FDRE      |   147|
|11    |FDSE      |     5|
+------+----------+------+
---------------------------------------------------------------------------------
Finished Writing Synthesis Report : Time (s): cpu = 00:00:38 ; elapsed = 00:01:03 . Memory (MB): peak = 1714.824 ; gain = 484.293 ; free physical = 10361 ; free virtual = 28578
---------------------------------------------------------------------------------
Synthesis finished with 0 errors, 0 critical warnings and 2 warnings.
Synthesis Optimization Runtime : Time (s): cpu = 00:00:28 ; elapsed = 00:00:35 . Memory (MB): peak = 1714.824 ; gain = 221.559 ; free physical = 10427 ; free virtual = 28645
Synthesis Optimization Complete : Time (s): cpu = 00:00:38 ; elapsed = 00:01:03 . Memory (MB): peak = 1714.832 ; gain = 484.293 ; free physical = 10427 ; free virtual = 28645
INFO: [Project 1-571] Translating synthesized netlist
INFO: [Netlist 29-17] Analyzing 9 Unisim elements for replacement
INFO: [Netlist 29-28] Unisim Transformation completed in 0 CPU seconds
INFO: [Project 1-570] Preparing netlist for logic optimization
INFO: [Opt 31-138] Pushed 0 inverter(s) to 0 load pin(s).
INFO: [Project 1-111] Unisim Transformation Summary:
No Unisim elements were transformed.

INFO: [Common 17-83] Releasing license: Synthesis
23 Infos, 49 Warnings, 0 Critical Warnings and 0 Errors encountered.
synth_design completed successfully
synth_design: Time (s): cpu = 00:00:39 ; elapsed = 00:01:04 . Memory (MB): peak = 1746.840 ; gain = 541.137 ; free physical = 10422 ; free virtual = 28640
INFO: [Common 17-1381] The checkpoint '/home/lsriw/sr/StyczenBartlomiej/Reconfigurable-Systems-Laboratory-Class/11/1/centroid/centroid.runs/divider_32_20_0_synth_1/divider_32_20_0.dcp' has been generated.
INFO: [Coretcl 2-1482] Added synthesis output to IP cache for IP /home/lsriw/sr/StyczenBartlomiej/Reconfigurable-Systems-Laboratory-Class/11/1/centroid/centroid.srcs/sources_1/ip/divider_32_20_0/divider_32_20_0.xci
INFO: [Coretcl 2-1174] Renamed 6 cell refs.
INFO: [Common 17-1381] The checkpoint '/home/lsriw/sr/StyczenBartlomiej/Reconfigurable-Systems-Laboratory-Class/11/1/centroid/centroid.runs/divider_32_20_0_synth_1/divider_32_20_0.dcp' has been generated.
INFO: [runtcl-4] Executing : report_utilization -file divider_32_20_0_utilization_synth.rpt -pb divider_32_20_0_utilization_synth.pb
report_utilization: Time (s): cpu = 00:00:00.06 ; elapsed = 00:00:00.09 . Memory (MB): peak = 1770.852 ; gain = 0.000 ; free physical = 10423 ; free virtual = 28641
INFO: [Common 17-206] Exiting Vivado at Wed May 23 09:13:13 2018...
