INFO: [VRFC 10-2263] Analyzing Verilog file "C:/Users/Bartek/Reconfigurable-Systems-Laboratory-Class/10/3_4/rgb2ycbcr/rgb2ycbcr.sim/sim_1/synth/timing/xsim/tb_rgb2ycbcr_time_synth.v" into library xil_defaultlib
INFO: [VRFC 10-311] analyzing module c_addsub_1
INFO: [VRFC 10-311] analyzing module c_addsub_1_HD17
INFO: [VRFC 10-311] analyzing module c_addsub_1_HD25
INFO: [VRFC 10-311] analyzing module c_addsub_1_HD33
INFO: [VRFC 10-311] analyzing module c_addsub_1_HD41
INFO: [VRFC 10-311] analyzing module c_addsub_1_HD49
INFO: [VRFC 10-311] analyzing module c_addsub_1_HD57
INFO: [VRFC 10-311] analyzing module c_addsub_1_HD65
INFO: [VRFC 10-311] analyzing module c_addsub_1_HD9
INFO: [VRFC 10-311] analyzing module delay
INFO: [VRFC 10-311] analyzing module delay_0
INFO: [VRFC 10-311] analyzing module delay_1
INFO: [VRFC 10-311] analyzing module delay_line
INFO: [VRFC 10-311] analyzing module mult_gen_1
INFO: [VRFC 10-311] analyzing module mult_gen_1_HD101
INFO: [VRFC 10-311] analyzing module mult_gen_1_HD105
INFO: [VRFC 10-311] analyzing module mult_gen_1_HD109
INFO: [VRFC 10-311] analyzing module mult_gen_1_HD81
INFO: [VRFC 10-311] analyzing module mult_gen_1_HD85
INFO: [VRFC 10-311] analyzing module mult_gen_1_HD89
INFO: [VRFC 10-311] analyzing module mult_gen_1_HD93
INFO: [VRFC 10-311] analyzing module mult_gen_1_HD97
INFO: [VRFC 10-311] analyzing module rgb2ycbcr
INFO: [VRFC 10-311] analyzing module c_addsub_1_c_addsub_v12_0_11
INFO: [VRFC 10-311] analyzing module c_addsub_1_c_addsub_v12_0_11_HD10
INFO: [VRFC 10-311] analyzing module c_addsub_1_c_addsub_v12_0_11_HD18
INFO: [VRFC 10-311] analyzing module c_addsub_1_c_addsub_v12_0_11_HD26
INFO: [VRFC 10-311] analyzing module c_addsub_1_c_addsub_v12_0_11_HD34
INFO: [VRFC 10-311] analyzing module c_addsub_1_c_addsub_v12_0_11_HD42
INFO: [VRFC 10-311] analyzing module c_addsub_1_c_addsub_v12_0_11_HD50
INFO: [VRFC 10-311] analyzing module c_addsub_1_c_addsub_v12_0_11_HD58
INFO: [VRFC 10-311] analyzing module c_addsub_1_c_addsub_v12_0_11_HD66
INFO: [VRFC 10-311] analyzing module mult_gen_1_mult_gen_v12_0_13
INFO: [VRFC 10-311] analyzing module mult_gen_1_mult_gen_v12_0_13_HD102
INFO: [VRFC 10-311] analyzing module mult_gen_1_mult_gen_v12_0_13_HD106
INFO: [VRFC 10-311] analyzing module mult_gen_1_mult_gen_v12_0_13_HD110
INFO: [VRFC 10-311] analyzing module mult_gen_1_mult_gen_v12_0_13_HD82
INFO: [VRFC 10-311] analyzing module mult_gen_1_mult_gen_v12_0_13_HD86
INFO: [VRFC 10-311] analyzing module mult_gen_1_mult_gen_v12_0_13_HD90
INFO: [VRFC 10-311] analyzing module mult_gen_1_mult_gen_v12_0_13_HD94
INFO: [VRFC 10-311] analyzing module mult_gen_1_mult_gen_v12_0_13_HD98
INFO: [VRFC 10-311] analyzing module c_addsub_1_c_addsub_v12_0_11_viv
INFO: [VRFC 10-311] analyzing module c_addsub_1_c_addsub_v12_0_11_viv_HD11
INFO: [VRFC 10-311] analyzing module c_addsub_1_c_addsub_v12_0_11_viv_HD19
INFO: [VRFC 10-311] analyzing module c_addsub_1_c_addsub_v12_0_11_viv_HD27
INFO: [VRFC 10-311] analyzing module c_addsub_1_c_addsub_v12_0_11_viv_HD35
INFO: [VRFC 10-311] analyzing module c_addsub_1_c_addsub_v12_0_11_viv_HD43
INFO: [VRFC 10-311] analyzing module c_addsub_1_c_addsub_v12_0_11_viv_HD51
INFO: [VRFC 10-311] analyzing module c_addsub_1_c_addsub_v12_0_11_viv_HD59
INFO: [VRFC 10-311] analyzing module c_addsub_1_c_addsub_v12_0_11_viv_HD67
INFO: [VRFC 10-311] analyzing module c_addsub_1_xbip_addsub_v3_0_4_viv
INFO: [VRFC 10-311] analyzing module c_addsub_1_xbip_addsub_v3_0_4_viv_HD13
INFO: [VRFC 10-311] analyzing module c_addsub_1_xbip_addsub_v3_0_4_viv_HD21
INFO: [VRFC 10-311] analyzing module c_addsub_1_xbip_addsub_v3_0_4_viv_HD29
INFO: [VRFC 10-311] analyzing module c_addsub_1_xbip_addsub_v3_0_4_viv_HD37
INFO: [VRFC 10-311] analyzing module c_addsub_1_xbip_addsub_v3_0_4_viv_HD45
INFO: [VRFC 10-311] analyzing module c_addsub_1_xbip_addsub_v3_0_4_viv_HD53
INFO: [VRFC 10-311] analyzing module c_addsub_1_xbip_addsub_v3_0_4_viv_HD61
INFO: [VRFC 10-311] analyzing module c_addsub_1_xbip_addsub_v3_0_4_viv_HD69
INFO: [VRFC 10-311] analyzing module c_addsub_1_xbip_dsp48_addsub_synth
INFO: [VRFC 10-311] analyzing module c_addsub_1_xbip_dsp48_addsub_synth_HD15
INFO: [VRFC 10-311] analyzing module c_addsub_1_xbip_dsp48_addsub_synth_HD23
INFO: [VRFC 10-311] analyzing module c_addsub_1_xbip_dsp48_addsub_synth_HD31
INFO: [VRFC 10-311] analyzing module c_addsub_1_xbip_dsp48_addsub_synth_HD39
INFO: [VRFC 10-311] analyzing module c_addsub_1_xbip_dsp48_addsub_synth_HD47
INFO: [VRFC 10-311] analyzing module c_addsub_1_xbip_dsp48_addsub_synth_HD55
INFO: [VRFC 10-311] analyzing module c_addsub_1_xbip_dsp48_addsub_synth_HD63
INFO: [VRFC 10-311] analyzing module c_addsub_1_xbip_dsp48_addsub_synth_HD71
INFO: [VRFC 10-311] analyzing module c_addsub_1_xbip_dsp48_addsub_v3_0_4_viv
INFO: [VRFC 10-311] analyzing module c_addsub_1_xbip_dsp48_addsub_v3_0_4_viv_HD14
INFO: [VRFC 10-311] analyzing module c_addsub_1_xbip_dsp48_addsub_v3_0_4_viv_HD22
INFO: [VRFC 10-311] analyzing module c_addsub_1_xbip_dsp48_addsub_v3_0_4_viv_HD30
INFO: [VRFC 10-311] analyzing module c_addsub_1_xbip_dsp48_addsub_v3_0_4_viv_HD38
INFO: [VRFC 10-311] analyzing module c_addsub_1_xbip_dsp48_addsub_v3_0_4_viv_HD46
INFO: [VRFC 10-311] analyzing module c_addsub_1_xbip_dsp48_addsub_v3_0_4_viv_HD54
INFO: [VRFC 10-311] analyzing module c_addsub_1_xbip_dsp48_addsub_v3_0_4_viv_HD62
INFO: [VRFC 10-311] analyzing module c_addsub_1_xbip_dsp48_addsub_v3_0_4_viv_HD70
INFO: [VRFC 10-311] analyzing module c_addsub_1_xbip_dsp48e1_wrapper_v3_0
INFO: [VRFC 10-311] analyzing module c_addsub_1_xbip_dsp48e1_wrapper_v3_0_HD16
INFO: [VRFC 10-311] analyzing module c_addsub_1_xbip_dsp48e1_wrapper_v3_0_HD24
INFO: [VRFC 10-311] analyzing module c_addsub_1_xbip_dsp48e1_wrapper_v3_0_HD32
INFO: [VRFC 10-311] analyzing module c_addsub_1_xbip_dsp48e1_wrapper_v3_0_HD40
INFO: [VRFC 10-311] analyzing module c_addsub_1_xbip_dsp48e1_wrapper_v3_0_HD48
INFO: [VRFC 10-311] analyzing module c_addsub_1_xbip_dsp48e1_wrapper_v3_0_HD56
INFO: [VRFC 10-311] analyzing module c_addsub_1_xbip_dsp48e1_wrapper_v3_0_HD64
INFO: [VRFC 10-311] analyzing module c_addsub_1_xbip_dsp48e1_wrapper_v3_0_HD72
INFO: [VRFC 10-311] analyzing module c_addsub_1_xbip_pipe_v3_0_4_viv
INFO: [VRFC 10-311] analyzing module c_addsub_1_xbip_pipe_v3_0_4_viv_HD12
INFO: [VRFC 10-311] analyzing module c_addsub_1_xbip_pipe_v3_0_4_viv_HD20
INFO: [VRFC 10-311] analyzing module c_addsub_1_xbip_pipe_v3_0_4_viv_HD28
INFO: [VRFC 10-311] analyzing module c_addsub_1_xbip_pipe_v3_0_4_viv_HD36
INFO: [VRFC 10-311] analyzing module c_addsub_1_xbip_pipe_v3_0_4_viv_HD44
INFO: [VRFC 10-311] analyzing module c_addsub_1_xbip_pipe_v3_0_4_viv_HD52
INFO: [VRFC 10-311] analyzing module c_addsub_1_xbip_pipe_v3_0_4_viv_HD60
INFO: [VRFC 10-311] analyzing module c_addsub_1_xbip_pipe_v3_0_4_viv_HD68
INFO: [VRFC 10-311] analyzing module mult_gen_1_dsp
INFO: [VRFC 10-311] analyzing module mult_gen_1_dsp_HD100
INFO: [VRFC 10-311] analyzing module mult_gen_1_dsp_HD104
INFO: [VRFC 10-311] analyzing module mult_gen_1_dsp_HD108
INFO: [VRFC 10-311] analyzing module mult_gen_1_dsp_HD112
INFO: [VRFC 10-311] analyzing module mult_gen_1_dsp_HD84
INFO: [VRFC 10-311] analyzing module mult_gen_1_dsp_HD88
INFO: [VRFC 10-311] analyzing module mult_gen_1_dsp_HD92
INFO: [VRFC 10-311] analyzing module mult_gen_1_dsp_HD96
INFO: [VRFC 10-311] analyzing module mult_gen_1_mult_gen_v12_0_13_viv
INFO: [VRFC 10-311] analyzing module mult_gen_1_mult_gen_v12_0_13_viv_HD103
INFO: [VRFC 10-311] analyzing module mult_gen_1_mult_gen_v12_0_13_viv_HD107
INFO: [VRFC 10-311] analyzing module mult_gen_1_mult_gen_v12_0_13_viv_HD111
INFO: [VRFC 10-311] analyzing module mult_gen_1_mult_gen_v12_0_13_viv_HD83
INFO: [VRFC 10-311] analyzing module mult_gen_1_mult_gen_v12_0_13_viv_HD87
INFO: [VRFC 10-311] analyzing module mult_gen_1_mult_gen_v12_0_13_viv_HD91
INFO: [VRFC 10-311] analyzing module mult_gen_1_mult_gen_v12_0_13_viv_HD95
INFO: [VRFC 10-311] analyzing module mult_gen_1_mult_gen_v12_0_13_viv_HD99
INFO: [VRFC 10-311] analyzing module glbl
INFO: [VRFC 10-2263] Analyzing Verilog file "C:/Users/Bartek/Reconfigurable-Systems-Laboratory-Class/10/3_4/rgb2ycbcr/rgb2ycbcr.srcs/sim_1/imports/Desktop/tb_rgb2ycbcr.v" into library xil_defaultlib
INFO: [VRFC 10-311] analyzing module tb_rgb2ycbcr
