
*** Running vivado
    with args -log led_button.vds -m64 -product Vivado -mode batch -messageDb vivado.pb -notrace -source led_button.tcl


****** Vivado v2017.4 (64-bit)
  **** SW Build 2086221 on Fri Dec 15 20:54:30 MST 2017
  **** IP Build 2085800 on Fri Dec 15 22:25:07 MST 2017
    ** Copyright 1986-2017 Xilinx, Inc. All Rights Reserved.

source led_button.tcl -notrace
Command: synth_design -top led_button -part xc7z010clg400-1
Starting synth_design
Attempting to get a license for feature 'Synthesis' and/or device 'xc7z010'
INFO: [Common 17-349] Got license for feature 'Synthesis' and/or device 'xc7z010'
INFO: Launching helper process for spawning children vivado processes
INFO: Helper process launched with PID 4639 
---------------------------------------------------------------------------------
Starting RTL Elaboration : Time (s): cpu = 00:00:07 ; elapsed = 00:00:08 . Memory (MB): peak = 1303.484 ; gain = 88.996 ; free physical = 12333 ; free virtual = 30045
---------------------------------------------------------------------------------
INFO: [Synth 8-638] synthesizing module 'led_button' [/home/lsriw/sr/StyczenBartlomiej/intro/intro.srcs/sources_1/new/led_button.v:23]
INFO: [Synth 8-256] done synthesizing module 'led_button' (1#1) [/home/lsriw/sr/StyczenBartlomiej/intro/intro.srcs/sources_1/new/led_button.v:23]
WARNING: [Synth 8-3330] design led_button has an empty top module
---------------------------------------------------------------------------------
Finished RTL Elaboration : Time (s): cpu = 00:00:07 ; elapsed = 00:00:09 . Memory (MB): peak = 1345.016 ; gain = 130.527 ; free physical = 12346 ; free virtual = 30059
---------------------------------------------------------------------------------

Report Check Netlist: 
+------+------------------+-------+---------+-------+------------------+
|      |Item              |Errors |Warnings |Status |Description       |
+------+------------------+-------+---------+-------+------------------+
|1     |multi_driven_nets |      0|        0|Passed |Multi driven nets |
+------+------------------+-------+---------+-------+------------------+
---------------------------------------------------------------------------------
Finished RTL Optimization Phase 1 : Time (s): cpu = 00:00:08 ; elapsed = 00:00:09 . Memory (MB): peak = 1345.016 ; gain = 130.527 ; free physical = 12345 ; free virtual = 30058
---------------------------------------------------------------------------------
INFO: [Device 21-403] Loading part xc7z010clg400-1
INFO: [Project 1-570] Preparing netlist for logic optimization

Processing XDC Constraints
Initializing timing engine
Parsing XDC File [/home/lsriw/sr/StyczenBartlomiej/intro/intro.srcs/constrs_1/imports/StyczenBartlomiej/ZYBO_Master.xdc]
CRITICAL WARNING: [Designutils 20-1307] Command 'IO_L19N_T3_VREF_35' is not supported in the xdc constraint file. [/home/lsriw/sr/StyczenBartlomiej/intro/intro.srcs/constrs_1/imports/StyczenBartlomiej/ZYBO_Master.xdc:13]
CRITICAL WARNING: [Designutils 20-1307] Command 'IO_L24P_T3_34' is not supported in the xdc constraint file. [/home/lsriw/sr/StyczenBartlomiej/intro/intro.srcs/constrs_1/imports/StyczenBartlomiej/ZYBO_Master.xdc:17]
CRITICAL WARNING: [Designutils 20-1307] Command 'IO_L4N_T0_34' is not supported in the xdc constraint file. [/home/lsriw/sr/StyczenBartlomiej/intro/intro.srcs/constrs_1/imports/StyczenBartlomiej/ZYBO_Master.xdc:21]
CRITICAL WARNING: [Designutils 20-1307] Command 'IO_L9P_T1_DQS_34' is not supported in the xdc constraint file. [/home/lsriw/sr/StyczenBartlomiej/intro/intro.srcs/constrs_1/imports/StyczenBartlomiej/ZYBO_Master.xdc:25]
CRITICAL WARNING: [Designutils 20-1307] Command 'IO_L23P_T3_35' is not supported in the xdc constraint file. [/home/lsriw/sr/StyczenBartlomiej/intro/intro.srcs/constrs_1/imports/StyczenBartlomiej/ZYBO_Master.xdc:47]
CRITICAL WARNING: [Designutils 20-1307] Command 'IO_L23N_T3_35' is not supported in the xdc constraint file. [/home/lsriw/sr/StyczenBartlomiej/intro/intro.srcs/constrs_1/imports/StyczenBartlomiej/ZYBO_Master.xdc:51]
CRITICAL WARNING: [Designutils 20-1307] Command 'IO_0_35' is not supported in the xdc constraint file. [/home/lsriw/sr/StyczenBartlomiej/intro/intro.srcs/constrs_1/imports/StyczenBartlomiej/ZYBO_Master.xdc:55]
CRITICAL WARNING: [Designutils 20-1307] Command 'IO_L3N_T0_DQS_AD1N_35' is not supported in the xdc constraint file. [/home/lsriw/sr/StyczenBartlomiej/intro/intro.srcs/constrs_1/imports/StyczenBartlomiej/ZYBO_Master.xdc:59]
Finished Parsing XDC File [/home/lsriw/sr/StyczenBartlomiej/intro/intro.srcs/constrs_1/imports/StyczenBartlomiej/ZYBO_Master.xdc]
INFO: [Project 1-236] Implementation specific constraints were found while reading constraint file [/home/lsriw/sr/StyczenBartlomiej/intro/intro.srcs/constrs_1/imports/StyczenBartlomiej/ZYBO_Master.xdc]. These constraints will be ignored for synthesis but will be used in implementation. Impacted constraints are listed in the file [.Xil/led_button_propImpl.xdc].
Resolution: To avoid this warning, move constraints listed in [.Xil/led_button_propImpl.xdc] to another XDC file and exclude this new file from synthesis with the used_in_synthesis property (File Properties dialog in GUI) and re-run elaboration/synthesis.
Completed Processing XDC Constraints

INFO: [Project 1-111] Unisim Transformation Summary:
No Unisim elements were transformed.

Constraint Validation Runtime : Time (s): cpu = 00:00:00 ; elapsed = 00:00:00 . Memory (MB): peak = 1620.195 ; gain = 0.000 ; free physical = 12061 ; free virtual = 29816
---------------------------------------------------------------------------------
Finished Constraint Validation : Time (s): cpu = 00:00:24 ; elapsed = 00:00:45 . Memory (MB): peak = 1620.195 ; gain = 405.707 ; free physical = 12132 ; free virtual = 29887
---------------------------------------------------------------------------------
---------------------------------------------------------------------------------
Start Loading Part and Timing Information
---------------------------------------------------------------------------------
Loading part: xc7z010clg400-1
---------------------------------------------------------------------------------
Finished Loading Part and Timing Information : Time (s): cpu = 00:00:24 ; elapsed = 00:00:45 . Memory (MB): peak = 1620.195 ; gain = 405.707 ; free physical = 12131 ; free virtual = 29887
---------------------------------------------------------------------------------
---------------------------------------------------------------------------------
Start Applying 'set_property' XDC Constraints
---------------------------------------------------------------------------------
---------------------------------------------------------------------------------
Finished applying 'set_property' XDC Constraints : Time (s): cpu = 00:00:24 ; elapsed = 00:00:45 . Memory (MB): peak = 1620.195 ; gain = 405.707 ; free physical = 12133 ; free virtual = 29888
---------------------------------------------------------------------------------
---------------------------------------------------------------------------------
Finished RTL Optimization Phase 2 : Time (s): cpu = 00:00:24 ; elapsed = 00:00:45 . Memory (MB): peak = 1620.195 ; gain = 405.707 ; free physical = 12133 ; free virtual = 29888
---------------------------------------------------------------------------------

Report RTL Partitions: 
+-+--------------+------------+----------+
| |RTL Partition |Replication |Instances |
+-+--------------+------------+----------+
+-+--------------+------------+----------+
---------------------------------------------------------------------------------
Start RTL Component Statistics 
---------------------------------------------------------------------------------
Detailed RTL Component Info : 
---------------------------------------------------------------------------------
Finished RTL Component Statistics 
---------------------------------------------------------------------------------
---------------------------------------------------------------------------------
Start RTL Hierarchical Component Statistics 
---------------------------------------------------------------------------------
Hierarchical RTL Component report 
---------------------------------------------------------------------------------
Finished RTL Hierarchical Component Statistics
---------------------------------------------------------------------------------
---------------------------------------------------------------------------------
Start Part Resource Summary
---------------------------------------------------------------------------------
Part Resources:
DSPs: 80 (col length:40)
BRAMs: 120 (col length: RAMB18 40 RAMB36 20)
---------------------------------------------------------------------------------
Finished Part Resource Summary
---------------------------------------------------------------------------------
---------------------------------------------------------------------------------
Start Cross Boundary and Area Optimization
---------------------------------------------------------------------------------
WARNING: [Synth 8-3330] design led_button has an empty top module
---------------------------------------------------------------------------------
Finished Cross Boundary and Area Optimization : Time (s): cpu = 00:00:24 ; elapsed = 00:00:45 . Memory (MB): peak = 1620.195 ; gain = 405.707 ; free physical = 12131 ; free virtual = 29887
---------------------------------------------------------------------------------

Report RTL Partitions: 
+-+--------------+------------+----------+
| |RTL Partition |Replication |Instances |
+-+--------------+------------+----------+
+-+--------------+------------+----------+
---------------------------------------------------------------------------------
Start Applying XDC Timing Constraints
---------------------------------------------------------------------------------
---------------------------------------------------------------------------------
Finished Applying XDC Timing Constraints : Time (s): cpu = 00:00:30 ; elapsed = 00:00:55 . Memory (MB): peak = 1629.180 ; gain = 414.691 ; free physical = 11996 ; free virtual = 29759
---------------------------------------------------------------------------------
---------------------------------------------------------------------------------
Start Timing Optimization
---------------------------------------------------------------------------------
---------------------------------------------------------------------------------
Finished Timing Optimization : Time (s): cpu = 00:00:30 ; elapsed = 00:00:55 . Memory (MB): peak = 1629.180 ; gain = 414.691 ; free physical = 11996 ; free virtual = 29759
---------------------------------------------------------------------------------

Report RTL Partitions: 
+-+--------------+------------+----------+
| |RTL Partition |Replication |Instances |
+-+--------------+------------+----------+
+-+--------------+------------+----------+
---------------------------------------------------------------------------------
Start Technology Mapping
---------------------------------------------------------------------------------
---------------------------------------------------------------------------------
Finished Technology Mapping : Time (s): cpu = 00:00:30 ; elapsed = 00:00:55 . Memory (MB): peak = 1638.195 ; gain = 423.707 ; free physical = 11995 ; free virtual = 29758
---------------------------------------------------------------------------------

Report RTL Partitions: 
+-+--------------+------------+----------+
| |RTL Partition |Replication |Instances |
+-+--------------+------------+----------+
+-+--------------+------------+----------+
---------------------------------------------------------------------------------
Start IO Insertion
---------------------------------------------------------------------------------
---------------------------------------------------------------------------------
Start Flattening Before IO Insertion
---------------------------------------------------------------------------------
---------------------------------------------------------------------------------
Finished Flattening Before IO Insertion
---------------------------------------------------------------------------------
---------------------------------------------------------------------------------
Start Final Netlist Cleanup
---------------------------------------------------------------------------------
---------------------------------------------------------------------------------
Finished Final Netlist Cleanup
---------------------------------------------------------------------------------
---------------------------------------------------------------------------------
Finished IO Insertion : Time (s): cpu = 00:00:31 ; elapsed = 00:00:55 . Memory (MB): peak = 1638.195 ; gain = 423.707 ; free physical = 11995 ; free virtual = 29758
---------------------------------------------------------------------------------

Report Check Netlist: 
+------+------------------+-------+---------+-------+------------------+
|      |Item              |Errors |Warnings |Status |Description       |
+------+------------------+-------+---------+-------+------------------+
|1     |multi_driven_nets |      0|        0|Passed |Multi driven nets |
+------+------------------+-------+---------+-------+------------------+
---------------------------------------------------------------------------------
Start Renaming Generated Instances
---------------------------------------------------------------------------------
---------------------------------------------------------------------------------
Finished Renaming Generated Instances : Time (s): cpu = 00:00:31 ; elapsed = 00:00:55 . Memory (MB): peak = 1638.195 ; gain = 423.707 ; free physical = 11995 ; free virtual = 29758
---------------------------------------------------------------------------------

Report RTL Partitions: 
+-+--------------+------------+----------+
| |RTL Partition |Replication |Instances |
+-+--------------+------------+----------+
+-+--------------+------------+----------+
---------------------------------------------------------------------------------
Start Rebuilding User Hierarchy
---------------------------------------------------------------------------------
---------------------------------------------------------------------------------
Finished Rebuilding User Hierarchy : Time (s): cpu = 00:00:31 ; elapsed = 00:00:55 . Memory (MB): peak = 1638.195 ; gain = 423.707 ; free physical = 11995 ; free virtual = 29758
---------------------------------------------------------------------------------
---------------------------------------------------------------------------------
Start Renaming Generated Ports
---------------------------------------------------------------------------------
---------------------------------------------------------------------------------
Finished Renaming Generated Ports : Time (s): cpu = 00:00:31 ; elapsed = 00:00:55 . Memory (MB): peak = 1638.195 ; gain = 423.707 ; free physical = 11995 ; free virtual = 29758
---------------------------------------------------------------------------------
---------------------------------------------------------------------------------
Start Handling Custom Attributes
---------------------------------------------------------------------------------
---------------------------------------------------------------------------------
Finished Handling Custom Attributes : Time (s): cpu = 00:00:31 ; elapsed = 00:00:55 . Memory (MB): peak = 1638.195 ; gain = 423.707 ; free physical = 11995 ; free virtual = 29758
---------------------------------------------------------------------------------
---------------------------------------------------------------------------------
Start Renaming Generated Nets
---------------------------------------------------------------------------------
---------------------------------------------------------------------------------
Finished Renaming Generated Nets : Time (s): cpu = 00:00:31 ; elapsed = 00:00:55 . Memory (MB): peak = 1638.195 ; gain = 423.707 ; free physical = 11995 ; free virtual = 29758
---------------------------------------------------------------------------------
---------------------------------------------------------------------------------
Start Writing Synthesis Report
---------------------------------------------------------------------------------

Report BlackBoxes: 
+-+--------------+----------+
| |BlackBox name |Instances |
+-+--------------+----------+
+-+--------------+----------+

Report Cell Usage: 
+------+-----+------+
|      |Cell |Count |
+------+-----+------+
|1     |IBUF |     4|
|2     |OBUF |     4|
+------+-----+------+

Report Instance Areas: 
+------+---------+-------+------+
|      |Instance |Module |Cells |
+------+---------+-------+------+
|1     |top      |       |     8|
+------+---------+-------+------+
---------------------------------------------------------------------------------
Finished Writing Synthesis Report : Time (s): cpu = 00:00:31 ; elapsed = 00:00:55 . Memory (MB): peak = 1638.195 ; gain = 423.707 ; free physical = 11995 ; free virtual = 29758
---------------------------------------------------------------------------------
Synthesis finished with 0 errors, 0 critical warnings and 1 warnings.
Synthesis Optimization Runtime : Time (s): cpu = 00:00:21 ; elapsed = 00:00:27 . Memory (MB): peak = 1638.195 ; gain = 148.527 ; free physical = 12053 ; free virtual = 29816
Synthesis Optimization Complete : Time (s): cpu = 00:00:31 ; elapsed = 00:00:55 . Memory (MB): peak = 1638.203 ; gain = 423.707 ; free physical = 12053 ; free virtual = 29816
INFO: [Project 1-571] Translating synthesized netlist
INFO: [Netlist 29-17] Analyzing 4 Unisim elements for replacement
INFO: [Netlist 29-28] Unisim Transformation completed in 0 CPU seconds
INFO: [Project 1-570] Preparing netlist for logic optimization
INFO: [Opt 31-138] Pushed 0 inverter(s) to 0 load pin(s).
INFO: [Project 1-111] Unisim Transformation Summary:
No Unisim elements were transformed.

INFO: [Common 17-83] Releasing license: Synthesis
14 Infos, 2 Warnings, 8 Critical Warnings and 0 Errors encountered.
synth_design completed successfully
synth_design: Time (s): cpu = 00:00:32 ; elapsed = 00:00:57 . Memory (MB): peak = 1643.195 ; gain = 453.535 ; free physical = 12037 ; free virtual = 29800
INFO: [Common 17-1381] The checkpoint '/home/lsriw/sr/StyczenBartlomiej/intro/intro.runs/synth_1/led_button.dcp' has been generated.
INFO: [runtcl-4] Executing : report_utilization -file led_button_utilization_synth.rpt -pb led_button_utilization_synth.pb
report_utilization: Time (s): cpu = 00:00:00.08 ; elapsed = 00:00:00.11 . Memory (MB): peak = 1643.195 ; gain = 0.000 ; free physical = 12037 ; free virtual = 29801
INFO: [Common 17-206] Exiting Vivado at Wed Feb 28 09:25:44 2018...
