
*** Running vivado
    with args -log vp.vds -m64 -product Vivado -mode batch -messageDb vivado.pb -notrace -source vp.tcl


****** Vivado v2017.4 (64-bit)
  **** SW Build 2086221 on Fri Dec 15 20:55:39 MST 2017
  **** IP Build 2085800 on Fri Dec 15 22:25:07 MST 2017
    ** Copyright 1986-2017 Xilinx, Inc. All Rights Reserved.

source vp.tcl -notrace
Command: synth_design -top vp -part xc7z010clg400-1
Starting synth_design
Attempting to get a license for feature 'Synthesis' and/or device 'xc7z010'
INFO: [Common 17-349] Got license for feature 'Synthesis' and/or device 'xc7z010'
INFO: Launching helper process for spawning children vivado processes
INFO: Helper process launched with PID 9032 
---------------------------------------------------------------------------------
Starting Synthesize : Time (s): cpu = 00:00:06 ; elapsed = 00:00:08 . Memory (MB): peak = 358.820 ; gain = 100.414
---------------------------------------------------------------------------------
INFO: [Synth 8-638] synthesizing module 'vp' [c:/Users/Bartek/Reconfigurable-Systems-Laboratory-Class/My_IPs/vp/src/vp.v:3]
	Parameter Ta bound to: 105 - type: integer 
	Parameter Tb bound to: 120 - type: integer 
	Parameter Tc bound to: 129 - type: integer 
	Parameter Td bound to: 255 - type: integer 
WARNING: [Synth 8-3848] Net rgb_mux[7] in module/entity vp does not have driver. [c:/Users/Bartek/Reconfigurable-Systems-Laboratory-Class/My_IPs/vp/src/vp.v:17]
WARNING: [Synth 8-3848] Net rgb_mux[6] in module/entity vp does not have driver. [c:/Users/Bartek/Reconfigurable-Systems-Laboratory-Class/My_IPs/vp/src/vp.v:17]
WARNING: [Synth 8-3848] Net rgb_mux[5] in module/entity vp does not have driver. [c:/Users/Bartek/Reconfigurable-Systems-Laboratory-Class/My_IPs/vp/src/vp.v:17]
WARNING: [Synth 8-3848] Net rgb_mux[4] in module/entity vp does not have driver. [c:/Users/Bartek/Reconfigurable-Systems-Laboratory-Class/My_IPs/vp/src/vp.v:17]
WARNING: [Synth 8-3848] Net rgb_mux[3] in module/entity vp does not have driver. [c:/Users/Bartek/Reconfigurable-Systems-Laboratory-Class/My_IPs/vp/src/vp.v:17]
WARNING: [Synth 8-3848] Net rgb_mux[1] in module/entity vp does not have driver. [c:/Users/Bartek/Reconfigurable-Systems-Laboratory-Class/My_IPs/vp/src/vp.v:17]
WARNING: [Synth 8-3848] Net hsync_mux[7] in module/entity vp does not have driver. [c:/Users/Bartek/Reconfigurable-Systems-Laboratory-Class/My_IPs/vp/src/vp.v:19]
WARNING: [Synth 8-3848] Net hsync_mux[6] in module/entity vp does not have driver. [c:/Users/Bartek/Reconfigurable-Systems-Laboratory-Class/My_IPs/vp/src/vp.v:19]
WARNING: [Synth 8-3848] Net hsync_mux[5] in module/entity vp does not have driver. [c:/Users/Bartek/Reconfigurable-Systems-Laboratory-Class/My_IPs/vp/src/vp.v:19]
WARNING: [Synth 8-3848] Net hsync_mux[4] in module/entity vp does not have driver. [c:/Users/Bartek/Reconfigurable-Systems-Laboratory-Class/My_IPs/vp/src/vp.v:19]
WARNING: [Synth 8-3848] Net hsync_mux[3] in module/entity vp does not have driver. [c:/Users/Bartek/Reconfigurable-Systems-Laboratory-Class/My_IPs/vp/src/vp.v:19]
WARNING: [Synth 8-3848] Net hsync_mux[2] in module/entity vp does not have driver. [c:/Users/Bartek/Reconfigurable-Systems-Laboratory-Class/My_IPs/vp/src/vp.v:19]
WARNING: [Synth 8-3848] Net hsync_mux[1] in module/entity vp does not have driver. [c:/Users/Bartek/Reconfigurable-Systems-Laboratory-Class/My_IPs/vp/src/vp.v:19]
WARNING: [Synth 8-3848] Net vsync_mux[7] in module/entity vp does not have driver. [c:/Users/Bartek/Reconfigurable-Systems-Laboratory-Class/My_IPs/vp/src/vp.v:20]
WARNING: [Synth 8-3848] Net vsync_mux[6] in module/entity vp does not have driver. [c:/Users/Bartek/Reconfigurable-Systems-Laboratory-Class/My_IPs/vp/src/vp.v:20]
WARNING: [Synth 8-3848] Net vsync_mux[5] in module/entity vp does not have driver. [c:/Users/Bartek/Reconfigurable-Systems-Laboratory-Class/My_IPs/vp/src/vp.v:20]
WARNING: [Synth 8-3848] Net vsync_mux[4] in module/entity vp does not have driver. [c:/Users/Bartek/Reconfigurable-Systems-Laboratory-Class/My_IPs/vp/src/vp.v:20]
WARNING: [Synth 8-3848] Net vsync_mux[3] in module/entity vp does not have driver. [c:/Users/Bartek/Reconfigurable-Systems-Laboratory-Class/My_IPs/vp/src/vp.v:20]
WARNING: [Synth 8-3848] Net vsync_mux[2] in module/entity vp does not have driver. [c:/Users/Bartek/Reconfigurable-Systems-Laboratory-Class/My_IPs/vp/src/vp.v:20]
WARNING: [Synth 8-3848] Net vsync_mux[1] in module/entity vp does not have driver. [c:/Users/Bartek/Reconfigurable-Systems-Laboratory-Class/My_IPs/vp/src/vp.v:20]
WARNING: [Synth 8-3848] Net de_mux[7] in module/entity vp does not have driver. [c:/Users/Bartek/Reconfigurable-Systems-Laboratory-Class/My_IPs/vp/src/vp.v:18]
WARNING: [Synth 8-3848] Net de_mux[6] in module/entity vp does not have driver. [c:/Users/Bartek/Reconfigurable-Systems-Laboratory-Class/My_IPs/vp/src/vp.v:18]
WARNING: [Synth 8-3848] Net de_mux[5] in module/entity vp does not have driver. [c:/Users/Bartek/Reconfigurable-Systems-Laboratory-Class/My_IPs/vp/src/vp.v:18]
WARNING: [Synth 8-3848] Net de_mux[4] in module/entity vp does not have driver. [c:/Users/Bartek/Reconfigurable-Systems-Laboratory-Class/My_IPs/vp/src/vp.v:18]
WARNING: [Synth 8-3848] Net de_mux[3] in module/entity vp does not have driver. [c:/Users/Bartek/Reconfigurable-Systems-Laboratory-Class/My_IPs/vp/src/vp.v:18]
WARNING: [Synth 8-3848] Net de_mux[2] in module/entity vp does not have driver. [c:/Users/Bartek/Reconfigurable-Systems-Laboratory-Class/My_IPs/vp/src/vp.v:18]
WARNING: [Synth 8-3848] Net de_mux[1] in module/entity vp does not have driver. [c:/Users/Bartek/Reconfigurable-Systems-Laboratory-Class/My_IPs/vp/src/vp.v:18]
INFO: [Synth 8-256] done synthesizing module 'vp' (1#1) [c:/Users/Bartek/Reconfigurable-Systems-Laboratory-Class/My_IPs/vp/src/vp.v:3]
WARNING: [Synth 8-3331] design vp has unconnected port clk
---------------------------------------------------------------------------------
Finished Synthesize : Time (s): cpu = 00:00:07 ; elapsed = 00:00:09 . Memory (MB): peak = 410.656 ; gain = 152.250
---------------------------------------------------------------------------------
---------------------------------------------------------------------------------
Finished Constraint Validation : Time (s): cpu = 00:00:08 ; elapsed = 00:00:09 . Memory (MB): peak = 410.656 ; gain = 152.250
---------------------------------------------------------------------------------
---------------------------------------------------------------------------------
Start Loading Part and Timing Information
---------------------------------------------------------------------------------
Loading part: xc7z010clg400-1
---------------------------------------------------------------------------------
Finished Loading Part and Timing Information : Time (s): cpu = 00:00:08 ; elapsed = 00:00:09 . Memory (MB): peak = 410.656 ; gain = 152.250
---------------------------------------------------------------------------------
INFO: [Device 21-403] Loading part xc7z010clg400-1
---------------------------------------------------------------------------------
Finished RTL Optimization Phase 2 : Time (s): cpu = 00:00:08 ; elapsed = 00:00:09 . Memory (MB): peak = 410.656 ; gain = 152.250
---------------------------------------------------------------------------------

Report RTL Partitions: 
+-+--------------+------------+----------+
| |RTL Partition |Replication |Instances |
+-+--------------+------------+----------+
+-+--------------+------------+----------+
No constraint files found.
---------------------------------------------------------------------------------
Start RTL Component Statistics 
---------------------------------------------------------------------------------
Detailed RTL Component Info : 
---------------------------------------------------------------------------------
Finished RTL Component Statistics 
---------------------------------------------------------------------------------
---------------------------------------------------------------------------------
Start RTL Hierarchical Component Statistics 
---------------------------------------------------------------------------------
Hierarchical RTL Component report 
---------------------------------------------------------------------------------
Finished RTL Hierarchical Component Statistics
---------------------------------------------------------------------------------
---------------------------------------------------------------------------------
Start Part Resource Summary
---------------------------------------------------------------------------------
Part Resources:
DSPs: 80 (col length:40)
BRAMs: 120 (col length: RAMB18 40 RAMB36 20)
---------------------------------------------------------------------------------
Finished Part Resource Summary
---------------------------------------------------------------------------------
No constraint files found.
---------------------------------------------------------------------------------
Start Cross Boundary and Area Optimization
---------------------------------------------------------------------------------
WARNING: [Synth 8-3331] design vp has unconnected port clk
---------------------------------------------------------------------------------
Finished Cross Boundary and Area Optimization : Time (s): cpu = 00:00:12 ; elapsed = 00:00:14 . Memory (MB): peak = 540.023 ; gain = 281.617
---------------------------------------------------------------------------------

Report RTL Partitions: 
+-+--------------+------------+----------+
| |RTL Partition |Replication |Instances |
+-+--------------+------------+----------+
+-+--------------+------------+----------+
No constraint files found.
---------------------------------------------------------------------------------
Start Timing Optimization
---------------------------------------------------------------------------------
---------------------------------------------------------------------------------
Finished Timing Optimization : Time (s): cpu = 00:00:12 ; elapsed = 00:00:14 . Memory (MB): peak = 540.023 ; gain = 281.617
---------------------------------------------------------------------------------

Report RTL Partitions: 
+-+--------------+------------+----------+
| |RTL Partition |Replication |Instances |
+-+--------------+------------+----------+
+-+--------------+------------+----------+
---------------------------------------------------------------------------------
Start Technology Mapping
---------------------------------------------------------------------------------
---------------------------------------------------------------------------------
Finished Technology Mapping : Time (s): cpu = 00:00:12 ; elapsed = 00:00:15 . Memory (MB): peak = 540.750 ; gain = 282.344
---------------------------------------------------------------------------------

Report RTL Partitions: 
+-+--------------+------------+----------+
| |RTL Partition |Replication |Instances |
+-+--------------+------------+----------+
+-+--------------+------------+----------+
---------------------------------------------------------------------------------
Start IO Insertion
---------------------------------------------------------------------------------
---------------------------------------------------------------------------------
Start Flattening Before IO Insertion
---------------------------------------------------------------------------------
---------------------------------------------------------------------------------
Finished Flattening Before IO Insertion
---------------------------------------------------------------------------------
---------------------------------------------------------------------------------
Start Final Netlist Cleanup
---------------------------------------------------------------------------------
---------------------------------------------------------------------------------
Finished Final Netlist Cleanup
---------------------------------------------------------------------------------
---------------------------------------------------------------------------------
Finished IO Insertion : Time (s): cpu = 00:00:14 ; elapsed = 00:00:16 . Memory (MB): peak = 540.750 ; gain = 282.344
---------------------------------------------------------------------------------

Report Check Netlist: 
+------+------------------+-------+---------+-------+------------------+
|      |Item              |Errors |Warnings |Status |Description       |
+------+------------------+-------+---------+-------+------------------+
|1     |multi_driven_nets |      0|        0|Passed |Multi driven nets |
+------+------------------+-------+---------+-------+------------------+
---------------------------------------------------------------------------------
Start Renaming Generated Instances
---------------------------------------------------------------------------------
---------------------------------------------------------------------------------
Finished Renaming Generated Instances : Time (s): cpu = 00:00:14 ; elapsed = 00:00:16 . Memory (MB): peak = 540.750 ; gain = 282.344
---------------------------------------------------------------------------------

Report RTL Partitions: 
+-+--------------+------------+----------+
| |RTL Partition |Replication |Instances |
+-+--------------+------------+----------+
+-+--------------+------------+----------+
---------------------------------------------------------------------------------
Start Rebuilding User Hierarchy
---------------------------------------------------------------------------------
---------------------------------------------------------------------------------
Finished Rebuilding User Hierarchy : Time (s): cpu = 00:00:14 ; elapsed = 00:00:16 . Memory (MB): peak = 540.750 ; gain = 282.344
---------------------------------------------------------------------------------
---------------------------------------------------------------------------------
Start Renaming Generated Ports
---------------------------------------------------------------------------------
---------------------------------------------------------------------------------
Finished Renaming Generated Ports : Time (s): cpu = 00:00:14 ; elapsed = 00:00:16 . Memory (MB): peak = 540.750 ; gain = 282.344
---------------------------------------------------------------------------------
---------------------------------------------------------------------------------
Start Handling Custom Attributes
---------------------------------------------------------------------------------
---------------------------------------------------------------------------------
Finished Handling Custom Attributes : Time (s): cpu = 00:00:14 ; elapsed = 00:00:16 . Memory (MB): peak = 540.750 ; gain = 282.344
---------------------------------------------------------------------------------
---------------------------------------------------------------------------------
Start Renaming Generated Nets
---------------------------------------------------------------------------------
---------------------------------------------------------------------------------
Finished Renaming Generated Nets : Time (s): cpu = 00:00:14 ; elapsed = 00:00:16 . Memory (MB): peak = 540.750 ; gain = 282.344
---------------------------------------------------------------------------------
---------------------------------------------------------------------------------
Start Writing Synthesis Report
---------------------------------------------------------------------------------

Report BlackBoxes: 
+-+--------------+----------+
| |BlackBox name |Instances |
+-+--------------+----------+
+-+--------------+----------+

Report Cell Usage: 
+------+-----+------+
|      |Cell |Count |
+------+-----+------+
|1     |LUT4 |    27|
|2     |IBUF |    30|
|3     |OBUF |    27|
+------+-----+------+

Report Instance Areas: 
+------+---------+-------+------+
|      |Instance |Module |Cells |
+------+---------+-------+------+
|1     |top      |       |    84|
+------+---------+-------+------+
---------------------------------------------------------------------------------
Finished Writing Synthesis Report : Time (s): cpu = 00:00:14 ; elapsed = 00:00:16 . Memory (MB): peak = 540.750 ; gain = 282.344
---------------------------------------------------------------------------------
Synthesis finished with 0 errors, 0 critical warnings and 29 warnings.
Synthesis Optimization Runtime : Time (s): cpu = 00:00:14 ; elapsed = 00:00:16 . Memory (MB): peak = 540.750 ; gain = 282.344
Synthesis Optimization Complete : Time (s): cpu = 00:00:14 ; elapsed = 00:00:16 . Memory (MB): peak = 540.750 ; gain = 282.344
INFO: [Project 1-571] Translating synthesized netlist
INFO: [Netlist 29-17] Analyzing 30 Unisim elements for replacement
INFO: [Netlist 29-28] Unisim Transformation completed in 0 CPU seconds
INFO: [Project 1-570] Preparing netlist for logic optimization
INFO: [Opt 31-138] Pushed 0 inverter(s) to 0 load pin(s).
INFO: [Project 1-111] Unisim Transformation Summary:
No Unisim elements were transformed.

INFO: [Common 17-83] Releasing license: Synthesis
11 Infos, 29 Warnings, 0 Critical Warnings and 0 Errors encountered.
synth_design completed successfully
synth_design: Time (s): cpu = 00:00:18 ; elapsed = 00:00:21 . Memory (MB): peak = 652.914 ; gain = 406.645
INFO: [Common 17-1381] The checkpoint 'c:/Users/Bartek/Reconfigurable-Systems-Laboratory-Class/10/6/hdmi_vga_zybo/hdmi_vga_zybo.tmp/vp_v1_1_project/vp_v1_1_project.runs/synth_1/vp.dcp' has been generated.
INFO: [runtcl-4] Executing : report_utilization -file vp_utilization_synth.rpt -pb vp_utilization_synth.pb
report_utilization: Time (s): cpu = 00:00:00 ; elapsed = 00:00:00.031 . Memory (MB): peak = 652.914 ; gain = 0.000
INFO: [Common 17-206] Exiting Vivado at Tue May  8 19:43:02 2018...
