Exception at PC 0x00007FFFBFC94008
Exception at PC 0x00007FFFBFC94008
Exception at PC 0x00007FFFBFC94008
Exception at PC 0x00007FFFBFC94008
Exception at PC 0x00007FFF65FEE132
Attemped to write at address 0x00007FFF96EA4AA4
Printing stacktrace...

[0]  [0x00007FFF65FEE132]
[1]  [0x00007FFF65FEE132]
[2]  [0x00007FFF65FEE194]
[3]  [0x00007FFF65C3D0D7]
[4]  [0x00007FFF65B22BCA]
[5]  [0x00007FFF65B22FD1]
[6]  [0x00007FFF65FEEB2F]
[7]  [0x00007FFF65EAC19D]
[8]  [0x00007FFF65EA5942]
[9]  [0x00007FFF65EA5AB5]
[10] (RtlDeactivateActivationContextUnsafeFast+0x1b3) [0x00007FFFC35C1493]
[11] (LdrShutdownProcess+0x125) [0x00007FFFC35F06B5]
[12] (RtlExitUserProcess+0xb4) [0x00007FFFC35F0574]
[13] (ExitProcess+0xa) [0x00007FFFC107F06A]
[14] (exit+0x75) [0x00007FFFC1B49B25]
[15] (initterm_e+0x21d) [0x00007FFFC1B4A16D]
[16]  [0x00000000004014CD]
[17]  [0x000000000040151B]
[18] (BaseThreadInitThunk+0x14) [0x00007FFFC1081FE4]
[19] (RtlUserThreadStart+0x21) [0x00007FFFC361EFC1]
Done
