Copyright 1986-2017 Xilinx, Inc. All Rights Reserved.
------------------------------------------------------------------------------------
| Tool Version : Vivado v.2017.4 (win64) Build 2086221 Fri Dec 15 20:55:39 MST 2017
| Date         : Wed Jun 20 09:37:22 2018
| Host         : DESKTOP-35S9QF6 running 64-bit major release  (build 9200)
| Command      : upgrade_ip
| Device       : xc7z010clg400-1
------------------------------------------------------------------------------------

Upgrade Log for IP 'centroid_0'

1. Summary
----------

SUCCESS in the conversion of centroid_0 (xilinx.com:user:centroid:1.0 (Rev. 2)) to Vivado generation flows.






Copyright 1986-2017 Xilinx, Inc. All Rights Reserved.
------------------------------------------------------------------------------------
| Tool Version : Vivado v.2017.4 (win64) Build 2086221 Fri Dec 15 20:55:39 MST 2017
| Date         : Wed Jun 13 17:21:29 2018
| Host         : DESKTOP-35S9QF6 running 64-bit major release  (build 9200)
| Command      : upgrade_ip
| Device       : xc7z010clg400-1
------------------------------------------------------------------------------------

Upgrade Log for IP 'centroid_0'

1. Summary
----------

SUCCESS in the conversion of centroid_0 (xilinx.com:user:centroid:1.0 (Rev. 2)) to Vivado generation flows.

