Vivado Simulator 2017.4
Copyright 1986-1999, 2001-2016 Xilinx, Inc. All Rights Reserved.
Running: C:/Xilinx/Vivado/2017.4/bin/unwrapped/win64.o/xelab.exe -wto 3102d823203b4f848b812a4b8649297b --incr --debug typical --relax --mt 2 -L xbip_utils_v3_0_8 -L xbip_pipe_v3_0_4 -L xbip_bram18k_v3_0_4 -L mult_gen_v12_0_13 -L xil_defaultlib -L c_reg_fd_v12_0_4 -L xbip_dsp48_wrapper_v3_0_4 -L xbip_dsp48_addsub_v3_0_4 -L xbip_addsub_v3_0_4 -L c_addsub_v12_0_11 -L xbip_dsp48_acc_v3_0_4 -L xbip_accum_v3_0_4 -L c_accum_v12_0_11 -L unisims_ver -L unimacro_ver -L secureip -L xpm --snapshot tb_hdmi_behav xil_defaultlib.tb_hdmi xil_defaultlib.glbl -log elaborate.log 
Using 2 slave threads.
Starting static elaboration
Completed static elaboration
Starting simulation data flow analysis
Completed simulation data flow analysis
Time Resolution for simulation is 1ps
Compiling package std.standard
Compiling package std.textio
Compiling package ieee.std_logic_1164
Compiling package ieee.numeric_std
Compiling package c_accum_v12_0_11.c_accum_v12_0_11_viv_comp
Compiling package xbip_utils_v3_0_8.xbip_utils_v3_0_8_pkg
Compiling package xbip_accum_v3_0_4.xbip_accum_v3_0_4_viv_comp
Compiling package ieee.std_logic_arith
Compiling package ieee.std_logic_unsigned
Compiling package xbip_accum_v3_0_4.xbip_accum_v3_0_4_pkg
Compiling package c_accum_v12_0_11.c_accum_v12_0_11_pkg
Compiling package xbip_dsp48_acc_v3_0_4.xbip_dsp48_acc_v3_0_4_viv_comp
Compiling package xbip_dsp48_acc_v3_0_4.xbip_dsp48_acc_v3_0_4_pkg
Compiling package xbip_dsp48_wrapper_v3_0_4.xbip_dsp48_wrapper_v3_0_4_pkg
Compiling package unisim.vcomponents
Compiling package ieee.std_logic_signed
Compiling package ieee.vital_timing
Compiling package ieee.vital_primitives
Compiling package unisim.vpkg
Compiling package mult_gen_v12_0_13.mult_gen_v12_0_13_viv_comp
Compiling package mult_gen_v12_0_13.mult_gen_v12_0_13_pkg
Compiling package mult_gen_v12_0_13.dsp_pkg
Compiling module xil_defaultlib.hdmi_in
Compiling architecture dsp48e1_v of entity unisim.DSP48E1 [\DSP48E1(acascreg=0,adreg=0,areg...]
Compiling architecture dsp48e_v of entity unisim.DSP48E [\DSP48E(acascreg=0,areg=0,bcascr...]
Compiling architecture synth of entity xbip_dsp48_wrapper_v3_0_4.xbip_dsp48e_wrapper_v3_0 [\xbip_dsp48e_wrapper_v3_0(creg=1...]
Compiling architecture synth of entity xbip_dsp48_acc_v3_0_4.xbip_dsp48_acc_synth [\xbip_dsp48_acc_synth(c_xdevicef...]
Compiling architecture synth of entity xbip_dsp48_acc_v3_0_4.xbip_dsp48_acc_v3_0_4_viv [\xbip_dsp48_acc_v3_0_4_viv(c_xde...]
Compiling architecture synth of entity xbip_accum_v3_0_4.xbip_accum_v3_0_4_viv [\xbip_accum_v3_0_4_viv(c_xdevice...]
Compiling architecture synth of entity c_accum_v12_0_11.c_accum_v12_0_11_viv [\c_accum_v12_0_11_viv(c_xdevicef...]
Compiling architecture xilinx of entity c_accum_v12_0_11.c_accum_v12_0_11 [\c_accum_v12_0_11(c_xdevicefamil...]
Compiling architecture c_accum_0_arch of entity xil_defaultlib.c_accum_0 [c_accum_0_default]
Compiling architecture xilinx of entity mult_gen_v12_0_13.delay_line [\delay_line(c_xdevicefamily="zyn...]
Compiling architecture xilinx of entity mult_gen_v12_0_13.delay_line [\delay_line(c_xdevicefamily="zyn...]
Compiling architecture xilinx of entity mult_gen_v12_0_13.delay_line [\delay_line(c_xdevicefamily="zyn...]
Compiling architecture xilinx of entity mult_gen_v12_0_13.delay_line [\delay_line(c_xdevicefamily="zyn...]
Compiling architecture dsp48e1_v of entity unisim.DSP48E1 [\DSP48E1(alumodereg=0,carryinreg...]
Compiling architecture xilinx of entity mult_gen_v12_0_13.delay_line [\delay_line(c_xdevicefamily="zyn...]
Compiling architecture dsp48e1_v of entity unisim.DSP48E1 [\DSP48E1(a_input="CASCADE",bcasc...]
Compiling architecture xilinx of entity mult_gen_v12_0_13.delay_line [\delay_line(c_xdevicefamily="zyn...]
Compiling architecture xilinx of entity mult_gen_v12_0_13.op_resize [\op_resize(ai_width=32,bi_width=...]
Compiling architecture xilinx of entity mult_gen_v12_0_13.dsp [\dsp(c_xdevicefamily="zynq",c_a_...]
Compiling architecture xilinx of entity mult_gen_v12_0_13.mult_gen_v12_0_13_viv [\mult_gen_v12_0_13_viv(c_verbosi...]
Compiling architecture xilinx of entity mult_gen_v12_0_13.mult_gen_v12_0_13 [\mult_gen_v12_0_13(c_xdevicefami...]
Compiling architecture mult_32_20_lm_arch of entity xil_defaultlib.mult_32_20_lm [mult_32_20_lm_default]
Compiling module xil_defaultlib.divider_32_20
Compiling module xil_defaultlib.divider_32_20_0
Compiling module xil_defaultlib.centroid(IMG_H=64,IMG_W=64)
Compiling module xil_defaultlib.hdmi_out
Compiling module xil_defaultlib.tb_hdmi
Compiling module xil_defaultlib.glbl
Built simulation snapshot tb_hdmi_behav
