Exception at PC 0x00007FF87F814008
Exception at PC 0x00007FF87F814008
Exception at PC 0x00007FF87F814008
Exception at PC 0x00007FF87F814008
Exception at PC 0x00007FF851E6E132
Attemped to write at address 0x00007FF85CAF4AA4
Printing stacktrace...

[0]  [0x00007FF851E6E132]
[1]  [0x00007FF851E6E132]
[2]  [0x00007FF851E6E194]
[3]  [0x00007FF851ABD0D7]
[4]  [0x00007FF8519A2BCA]
[5]  [0x00007FF8519A2FD1]
[6]  [0x00007FF851E6EB2F]
[7]  [0x00007FF851D2C19D]
[8]  [0x00007FF851D25942]
[9]  [0x00007FF851D25AB5]
[10] (RtlDeactivateActivationContextUnsafeFast+0x1b3) [0x00007FF882901493]
[11] (LdrShutdownProcess+0x125) [0x00007FF8829306B5]
[12] (RtlExitUserProcess+0xb4) [0x00007FF882930574]
[13] (ExitProcess+0xa) [0x00007FF8822AF06A]
[14] (exit+0x75) [0x00007FF8821C9B25]
[15] (initterm_e+0x21d) [0x00007FF8821CA16D]
[16]  [0x00000000004014CD]
[17]  [0x000000000040151B]
[18] (BaseThreadInitThunk+0x14) [0x00007FF8822B1FE4]
[19] (RtlUserThreadStart+0x21) [0x00007FF88295EFC1]
Done
