
*** Running vivado
    with args -log main_module.vds -m64 -product Vivado -mode batch -messageDb vivado.pb -notrace -source main_module.tcl


****** Vivado v2017.4 (64-bit)
  **** SW Build 2086221 on Fri Dec 15 20:55:39 MST 2017
  **** IP Build 2085800 on Fri Dec 15 22:25:07 MST 2017
    ** Copyright 1986-2017 Xilinx, Inc. All Rights Reserved.

source main_module.tcl -notrace
Command: synth_design -top main_module -part xc7z010clg400-1
Starting synth_design
Attempting to get a license for feature 'Synthesis' and/or device 'xc7z010'
INFO: [Common 17-349] Got license for feature 'Synthesis' and/or device 'xc7z010'
INFO: Launching helper process for spawning children vivado processes
INFO: Helper process launched with PID 6948 
---------------------------------------------------------------------------------
Starting RTL Elaboration : Time (s): cpu = 00:00:06 ; elapsed = 00:00:06 . Memory (MB): peak = 359.027 ; gain = 101.109
---------------------------------------------------------------------------------
INFO: [Synth 8-638] synthesizing module 'main_module' [C:/Users/Bartek/Reconfigurable-Systems-Laboratory-Class/14/1/soft_processor_gpio/soft_processor_gpio.srcs/sources_1/new/main_module.v:3]
WARNING: [Synth 8-4446] all outputs are unconnected for this instance and logic may be removed [C:/Users/Bartek/Reconfigurable-Systems-Laboratory-Class/14/1/soft_processor_gpio/soft_processor_gpio.srcs/sources_1/new/main_module.v:22]
INFO: [Synth 8-638] synthesizing module 'soft_processor' [C:/Users/Bartek/Reconfigurable-Systems-Laboratory-Class/14/1/soft_processor_gpio/soft_processor_gpio.srcs/sources_1/imports/new/soft_processor.v:3]
INFO: [Synth 8-638] synthesizing module 'i_mem' [C:/Users/Bartek/Reconfigurable-Systems-Laboratory-Class/14/1/soft_processor_gpio/soft_processor_gpio.srcs/sources_1/imports/Resources/i_mem.v:5]
WARNING: [Synth 8-3848] Net program[255] in module/entity i_mem does not have driver. [C:/Users/Bartek/Reconfigurable-Systems-Laboratory-Class/14/1/soft_processor_gpio/soft_processor_gpio.srcs/sources_1/imports/Resources/i_mem.v:12]
WARNING: [Synth 8-3848] Net program[254] in module/entity i_mem does not have driver. [C:/Users/Bartek/Reconfigurable-Systems-Laboratory-Class/14/1/soft_processor_gpio/soft_processor_gpio.srcs/sources_1/imports/Resources/i_mem.v:12]
WARNING: [Synth 8-3848] Net program[253] in module/entity i_mem does not have driver. [C:/Users/Bartek/Reconfigurable-Systems-Laboratory-Class/14/1/soft_processor_gpio/soft_processor_gpio.srcs/sources_1/imports/Resources/i_mem.v:12]
WARNING: [Synth 8-3848] Net program[252] in module/entity i_mem does not have driver. [C:/Users/Bartek/Reconfigurable-Systems-Laboratory-Class/14/1/soft_processor_gpio/soft_processor_gpio.srcs/sources_1/imports/Resources/i_mem.v:12]
WARNING: [Synth 8-3848] Net program[251] in module/entity i_mem does not have driver. [C:/Users/Bartek/Reconfigurable-Systems-Laboratory-Class/14/1/soft_processor_gpio/soft_processor_gpio.srcs/sources_1/imports/Resources/i_mem.v:12]
WARNING: [Synth 8-3848] Net program[250] in module/entity i_mem does not have driver. [C:/Users/Bartek/Reconfigurable-Systems-Laboratory-Class/14/1/soft_processor_gpio/soft_processor_gpio.srcs/sources_1/imports/Resources/i_mem.v:12]
WARNING: [Synth 8-3848] Net program[249] in module/entity i_mem does not have driver. [C:/Users/Bartek/Reconfigurable-Systems-Laboratory-Class/14/1/soft_processor_gpio/soft_processor_gpio.srcs/sources_1/imports/Resources/i_mem.v:12]
WARNING: [Synth 8-3848] Net program[248] in module/entity i_mem does not have driver. [C:/Users/Bartek/Reconfigurable-Systems-Laboratory-Class/14/1/soft_processor_gpio/soft_processor_gpio.srcs/sources_1/imports/Resources/i_mem.v:12]
WARNING: [Synth 8-3848] Net program[247] in module/entity i_mem does not have driver. [C:/Users/Bartek/Reconfigurable-Systems-Laboratory-Class/14/1/soft_processor_gpio/soft_processor_gpio.srcs/sources_1/imports/Resources/i_mem.v:12]
WARNING: [Synth 8-3848] Net program[246] in module/entity i_mem does not have driver. [C:/Users/Bartek/Reconfigurable-Systems-Laboratory-Class/14/1/soft_processor_gpio/soft_processor_gpio.srcs/sources_1/imports/Resources/i_mem.v:12]
WARNING: [Synth 8-3848] Net program[245] in module/entity i_mem does not have driver. [C:/Users/Bartek/Reconfigurable-Systems-Laboratory-Class/14/1/soft_processor_gpio/soft_processor_gpio.srcs/sources_1/imports/Resources/i_mem.v:12]
WARNING: [Synth 8-3848] Net program[244] in module/entity i_mem does not have driver. [C:/Users/Bartek/Reconfigurable-Systems-Laboratory-Class/14/1/soft_processor_gpio/soft_processor_gpio.srcs/sources_1/imports/Resources/i_mem.v:12]
WARNING: [Synth 8-3848] Net program[243] in module/entity i_mem does not have driver. [C:/Users/Bartek/Reconfigurable-Systems-Laboratory-Class/14/1/soft_processor_gpio/soft_processor_gpio.srcs/sources_1/imports/Resources/i_mem.v:12]
WARNING: [Synth 8-3848] Net program[242] in module/entity i_mem does not have driver. [C:/Users/Bartek/Reconfigurable-Systems-Laboratory-Class/14/1/soft_processor_gpio/soft_processor_gpio.srcs/sources_1/imports/Resources/i_mem.v:12]
WARNING: [Synth 8-3848] Net program[241] in module/entity i_mem does not have driver. [C:/Users/Bartek/Reconfigurable-Systems-Laboratory-Class/14/1/soft_processor_gpio/soft_processor_gpio.srcs/sources_1/imports/Resources/i_mem.v:12]
WARNING: [Synth 8-3848] Net program[240] in module/entity i_mem does not have driver. [C:/Users/Bartek/Reconfigurable-Systems-Laboratory-Class/14/1/soft_processor_gpio/soft_processor_gpio.srcs/sources_1/imports/Resources/i_mem.v:12]
WARNING: [Synth 8-3848] Net program[239] in module/entity i_mem does not have driver. [C:/Users/Bartek/Reconfigurable-Systems-Laboratory-Class/14/1/soft_processor_gpio/soft_processor_gpio.srcs/sources_1/imports/Resources/i_mem.v:12]
WARNING: [Synth 8-3848] Net program[238] in module/entity i_mem does not have driver. [C:/Users/Bartek/Reconfigurable-Systems-Laboratory-Class/14/1/soft_processor_gpio/soft_processor_gpio.srcs/sources_1/imports/Resources/i_mem.v:12]
WARNING: [Synth 8-3848] Net program[237] in module/entity i_mem does not have driver. [C:/Users/Bartek/Reconfigurable-Systems-Laboratory-Class/14/1/soft_processor_gpio/soft_processor_gpio.srcs/sources_1/imports/Resources/i_mem.v:12]
WARNING: [Synth 8-3848] Net program[236] in module/entity i_mem does not have driver. [C:/Users/Bartek/Reconfigurable-Systems-Laboratory-Class/14/1/soft_processor_gpio/soft_processor_gpio.srcs/sources_1/imports/Resources/i_mem.v:12]
WARNING: [Synth 8-3848] Net program[235] in module/entity i_mem does not have driver. [C:/Users/Bartek/Reconfigurable-Systems-Laboratory-Class/14/1/soft_processor_gpio/soft_processor_gpio.srcs/sources_1/imports/Resources/i_mem.v:12]
WARNING: [Synth 8-3848] Net program[234] in module/entity i_mem does not have driver. [C:/Users/Bartek/Reconfigurable-Systems-Laboratory-Class/14/1/soft_processor_gpio/soft_processor_gpio.srcs/sources_1/imports/Resources/i_mem.v:12]
WARNING: [Synth 8-3848] Net program[233] in module/entity i_mem does not have driver. [C:/Users/Bartek/Reconfigurable-Systems-Laboratory-Class/14/1/soft_processor_gpio/soft_processor_gpio.srcs/sources_1/imports/Resources/i_mem.v:12]
WARNING: [Synth 8-3848] Net program[232] in module/entity i_mem does not have driver. [C:/Users/Bartek/Reconfigurable-Systems-Laboratory-Class/14/1/soft_processor_gpio/soft_processor_gpio.srcs/sources_1/imports/Resources/i_mem.v:12]
WARNING: [Synth 8-3848] Net program[231] in module/entity i_mem does not have driver. [C:/Users/Bartek/Reconfigurable-Systems-Laboratory-Class/14/1/soft_processor_gpio/soft_processor_gpio.srcs/sources_1/imports/Resources/i_mem.v:12]
WARNING: [Synth 8-3848] Net program[230] in module/entity i_mem does not have driver. [C:/Users/Bartek/Reconfigurable-Systems-Laboratory-Class/14/1/soft_processor_gpio/soft_processor_gpio.srcs/sources_1/imports/Resources/i_mem.v:12]
WARNING: [Synth 8-3848] Net program[229] in module/entity i_mem does not have driver. [C:/Users/Bartek/Reconfigurable-Systems-Laboratory-Class/14/1/soft_processor_gpio/soft_processor_gpio.srcs/sources_1/imports/Resources/i_mem.v:12]
WARNING: [Synth 8-3848] Net program[228] in module/entity i_mem does not have driver. [C:/Users/Bartek/Reconfigurable-Systems-Laboratory-Class/14/1/soft_processor_gpio/soft_processor_gpio.srcs/sources_1/imports/Resources/i_mem.v:12]
WARNING: [Synth 8-3848] Net program[227] in module/entity i_mem does not have driver. [C:/Users/Bartek/Reconfigurable-Systems-Laboratory-Class/14/1/soft_processor_gpio/soft_processor_gpio.srcs/sources_1/imports/Resources/i_mem.v:12]
WARNING: [Synth 8-3848] Net program[226] in module/entity i_mem does not have driver. [C:/Users/Bartek/Reconfigurable-Systems-Laboratory-Class/14/1/soft_processor_gpio/soft_processor_gpio.srcs/sources_1/imports/Resources/i_mem.v:12]
WARNING: [Synth 8-3848] Net program[225] in module/entity i_mem does not have driver. [C:/Users/Bartek/Reconfigurable-Systems-Laboratory-Class/14/1/soft_processor_gpio/soft_processor_gpio.srcs/sources_1/imports/Resources/i_mem.v:12]
WARNING: [Synth 8-3848] Net program[224] in module/entity i_mem does not have driver. [C:/Users/Bartek/Reconfigurable-Systems-Laboratory-Class/14/1/soft_processor_gpio/soft_processor_gpio.srcs/sources_1/imports/Resources/i_mem.v:12]
WARNING: [Synth 8-3848] Net program[223] in module/entity i_mem does not have driver. [C:/Users/Bartek/Reconfigurable-Systems-Laboratory-Class/14/1/soft_processor_gpio/soft_processor_gpio.srcs/sources_1/imports/Resources/i_mem.v:12]
WARNING: [Synth 8-3848] Net program[222] in module/entity i_mem does not have driver. [C:/Users/Bartek/Reconfigurable-Systems-Laboratory-Class/14/1/soft_processor_gpio/soft_processor_gpio.srcs/sources_1/imports/Resources/i_mem.v:12]
WARNING: [Synth 8-3848] Net program[221] in module/entity i_mem does not have driver. [C:/Users/Bartek/Reconfigurable-Systems-Laboratory-Class/14/1/soft_processor_gpio/soft_processor_gpio.srcs/sources_1/imports/Resources/i_mem.v:12]
WARNING: [Synth 8-3848] Net program[220] in module/entity i_mem does not have driver. [C:/Users/Bartek/Reconfigurable-Systems-Laboratory-Class/14/1/soft_processor_gpio/soft_processor_gpio.srcs/sources_1/imports/Resources/i_mem.v:12]
WARNING: [Synth 8-3848] Net program[219] in module/entity i_mem does not have driver. [C:/Users/Bartek/Reconfigurable-Systems-Laboratory-Class/14/1/soft_processor_gpio/soft_processor_gpio.srcs/sources_1/imports/Resources/i_mem.v:12]
WARNING: [Synth 8-3848] Net program[218] in module/entity i_mem does not have driver. [C:/Users/Bartek/Reconfigurable-Systems-Laboratory-Class/14/1/soft_processor_gpio/soft_processor_gpio.srcs/sources_1/imports/Resources/i_mem.v:12]
WARNING: [Synth 8-3848] Net program[217] in module/entity i_mem does not have driver. [C:/Users/Bartek/Reconfigurable-Systems-Laboratory-Class/14/1/soft_processor_gpio/soft_processor_gpio.srcs/sources_1/imports/Resources/i_mem.v:12]
WARNING: [Synth 8-3848] Net program[216] in module/entity i_mem does not have driver. [C:/Users/Bartek/Reconfigurable-Systems-Laboratory-Class/14/1/soft_processor_gpio/soft_processor_gpio.srcs/sources_1/imports/Resources/i_mem.v:12]
WARNING: [Synth 8-3848] Net program[215] in module/entity i_mem does not have driver. [C:/Users/Bartek/Reconfigurable-Systems-Laboratory-Class/14/1/soft_processor_gpio/soft_processor_gpio.srcs/sources_1/imports/Resources/i_mem.v:12]
WARNING: [Synth 8-3848] Net program[214] in module/entity i_mem does not have driver. [C:/Users/Bartek/Reconfigurable-Systems-Laboratory-Class/14/1/soft_processor_gpio/soft_processor_gpio.srcs/sources_1/imports/Resources/i_mem.v:12]
WARNING: [Synth 8-3848] Net program[213] in module/entity i_mem does not have driver. [C:/Users/Bartek/Reconfigurable-Systems-Laboratory-Class/14/1/soft_processor_gpio/soft_processor_gpio.srcs/sources_1/imports/Resources/i_mem.v:12]
WARNING: [Synth 8-3848] Net program[212] in module/entity i_mem does not have driver. [C:/Users/Bartek/Reconfigurable-Systems-Laboratory-Class/14/1/soft_processor_gpio/soft_processor_gpio.srcs/sources_1/imports/Resources/i_mem.v:12]
WARNING: [Synth 8-3848] Net program[211] in module/entity i_mem does not have driver. [C:/Users/Bartek/Reconfigurable-Systems-Laboratory-Class/14/1/soft_processor_gpio/soft_processor_gpio.srcs/sources_1/imports/Resources/i_mem.v:12]
WARNING: [Synth 8-3848] Net program[210] in module/entity i_mem does not have driver. [C:/Users/Bartek/Reconfigurable-Systems-Laboratory-Class/14/1/soft_processor_gpio/soft_processor_gpio.srcs/sources_1/imports/Resources/i_mem.v:12]
WARNING: [Synth 8-3848] Net program[209] in module/entity i_mem does not have driver. [C:/Users/Bartek/Reconfigurable-Systems-Laboratory-Class/14/1/soft_processor_gpio/soft_processor_gpio.srcs/sources_1/imports/Resources/i_mem.v:12]
WARNING: [Synth 8-3848] Net program[208] in module/entity i_mem does not have driver. [C:/Users/Bartek/Reconfigurable-Systems-Laboratory-Class/14/1/soft_processor_gpio/soft_processor_gpio.srcs/sources_1/imports/Resources/i_mem.v:12]
WARNING: [Synth 8-3848] Net program[207] in module/entity i_mem does not have driver. [C:/Users/Bartek/Reconfigurable-Systems-Laboratory-Class/14/1/soft_processor_gpio/soft_processor_gpio.srcs/sources_1/imports/Resources/i_mem.v:12]
WARNING: [Synth 8-3848] Net program[206] in module/entity i_mem does not have driver. [C:/Users/Bartek/Reconfigurable-Systems-Laboratory-Class/14/1/soft_processor_gpio/soft_processor_gpio.srcs/sources_1/imports/Resources/i_mem.v:12]
WARNING: [Synth 8-3848] Net program[205] in module/entity i_mem does not have driver. [C:/Users/Bartek/Reconfigurable-Systems-Laboratory-Class/14/1/soft_processor_gpio/soft_processor_gpio.srcs/sources_1/imports/Resources/i_mem.v:12]
WARNING: [Synth 8-3848] Net program[204] in module/entity i_mem does not have driver. [C:/Users/Bartek/Reconfigurable-Systems-Laboratory-Class/14/1/soft_processor_gpio/soft_processor_gpio.srcs/sources_1/imports/Resources/i_mem.v:12]
WARNING: [Synth 8-3848] Net program[203] in module/entity i_mem does not have driver. [C:/Users/Bartek/Reconfigurable-Systems-Laboratory-Class/14/1/soft_processor_gpio/soft_processor_gpio.srcs/sources_1/imports/Resources/i_mem.v:12]
WARNING: [Synth 8-3848] Net program[202] in module/entity i_mem does not have driver. [C:/Users/Bartek/Reconfigurable-Systems-Laboratory-Class/14/1/soft_processor_gpio/soft_processor_gpio.srcs/sources_1/imports/Resources/i_mem.v:12]
WARNING: [Synth 8-3848] Net program[201] in module/entity i_mem does not have driver. [C:/Users/Bartek/Reconfigurable-Systems-Laboratory-Class/14/1/soft_processor_gpio/soft_processor_gpio.srcs/sources_1/imports/Resources/i_mem.v:12]
WARNING: [Synth 8-3848] Net program[200] in module/entity i_mem does not have driver. [C:/Users/Bartek/Reconfigurable-Systems-Laboratory-Class/14/1/soft_processor_gpio/soft_processor_gpio.srcs/sources_1/imports/Resources/i_mem.v:12]
WARNING: [Synth 8-3848] Net program[199] in module/entity i_mem does not have driver. [C:/Users/Bartek/Reconfigurable-Systems-Laboratory-Class/14/1/soft_processor_gpio/soft_processor_gpio.srcs/sources_1/imports/Resources/i_mem.v:12]
WARNING: [Synth 8-3848] Net program[198] in module/entity i_mem does not have driver. [C:/Users/Bartek/Reconfigurable-Systems-Laboratory-Class/14/1/soft_processor_gpio/soft_processor_gpio.srcs/sources_1/imports/Resources/i_mem.v:12]
WARNING: [Synth 8-3848] Net program[197] in module/entity i_mem does not have driver. [C:/Users/Bartek/Reconfigurable-Systems-Laboratory-Class/14/1/soft_processor_gpio/soft_processor_gpio.srcs/sources_1/imports/Resources/i_mem.v:12]
WARNING: [Synth 8-3848] Net program[196] in module/entity i_mem does not have driver. [C:/Users/Bartek/Reconfigurable-Systems-Laboratory-Class/14/1/soft_processor_gpio/soft_processor_gpio.srcs/sources_1/imports/Resources/i_mem.v:12]
WARNING: [Synth 8-3848] Net program[195] in module/entity i_mem does not have driver. [C:/Users/Bartek/Reconfigurable-Systems-Laboratory-Class/14/1/soft_processor_gpio/soft_processor_gpio.srcs/sources_1/imports/Resources/i_mem.v:12]
WARNING: [Synth 8-3848] Net program[194] in module/entity i_mem does not have driver. [C:/Users/Bartek/Reconfigurable-Systems-Laboratory-Class/14/1/soft_processor_gpio/soft_processor_gpio.srcs/sources_1/imports/Resources/i_mem.v:12]
WARNING: [Synth 8-3848] Net program[193] in module/entity i_mem does not have driver. [C:/Users/Bartek/Reconfigurable-Systems-Laboratory-Class/14/1/soft_processor_gpio/soft_processor_gpio.srcs/sources_1/imports/Resources/i_mem.v:12]
WARNING: [Synth 8-3848] Net program[192] in module/entity i_mem does not have driver. [C:/Users/Bartek/Reconfigurable-Systems-Laboratory-Class/14/1/soft_processor_gpio/soft_processor_gpio.srcs/sources_1/imports/Resources/i_mem.v:12]
WARNING: [Synth 8-3848] Net program[191] in module/entity i_mem does not have driver. [C:/Users/Bartek/Reconfigurable-Systems-Laboratory-Class/14/1/soft_processor_gpio/soft_processor_gpio.srcs/sources_1/imports/Resources/i_mem.v:12]
WARNING: [Synth 8-3848] Net program[190] in module/entity i_mem does not have driver. [C:/Users/Bartek/Reconfigurable-Systems-Laboratory-Class/14/1/soft_processor_gpio/soft_processor_gpio.srcs/sources_1/imports/Resources/i_mem.v:12]
WARNING: [Synth 8-3848] Net program[189] in module/entity i_mem does not have driver. [C:/Users/Bartek/Reconfigurable-Systems-Laboratory-Class/14/1/soft_processor_gpio/soft_processor_gpio.srcs/sources_1/imports/Resources/i_mem.v:12]
WARNING: [Synth 8-3848] Net program[188] in module/entity i_mem does not have driver. [C:/Users/Bartek/Reconfigurable-Systems-Laboratory-Class/14/1/soft_processor_gpio/soft_processor_gpio.srcs/sources_1/imports/Resources/i_mem.v:12]
WARNING: [Synth 8-3848] Net program[187] in module/entity i_mem does not have driver. [C:/Users/Bartek/Reconfigurable-Systems-Laboratory-Class/14/1/soft_processor_gpio/soft_processor_gpio.srcs/sources_1/imports/Resources/i_mem.v:12]
WARNING: [Synth 8-3848] Net program[186] in module/entity i_mem does not have driver. [C:/Users/Bartek/Reconfigurable-Systems-Laboratory-Class/14/1/soft_processor_gpio/soft_processor_gpio.srcs/sources_1/imports/Resources/i_mem.v:12]
WARNING: [Synth 8-3848] Net program[185] in module/entity i_mem does not have driver. [C:/Users/Bartek/Reconfigurable-Systems-Laboratory-Class/14/1/soft_processor_gpio/soft_processor_gpio.srcs/sources_1/imports/Resources/i_mem.v:12]
WARNING: [Synth 8-3848] Net program[184] in module/entity i_mem does not have driver. [C:/Users/Bartek/Reconfigurable-Systems-Laboratory-Class/14/1/soft_processor_gpio/soft_processor_gpio.srcs/sources_1/imports/Resources/i_mem.v:12]
WARNING: [Synth 8-3848] Net program[183] in module/entity i_mem does not have driver. [C:/Users/Bartek/Reconfigurable-Systems-Laboratory-Class/14/1/soft_processor_gpio/soft_processor_gpio.srcs/sources_1/imports/Resources/i_mem.v:12]
WARNING: [Synth 8-3848] Net program[182] in module/entity i_mem does not have driver. [C:/Users/Bartek/Reconfigurable-Systems-Laboratory-Class/14/1/soft_processor_gpio/soft_processor_gpio.srcs/sources_1/imports/Resources/i_mem.v:12]
WARNING: [Synth 8-3848] Net program[181] in module/entity i_mem does not have driver. [C:/Users/Bartek/Reconfigurable-Systems-Laboratory-Class/14/1/soft_processor_gpio/soft_processor_gpio.srcs/sources_1/imports/Resources/i_mem.v:12]
WARNING: [Synth 8-3848] Net program[180] in module/entity i_mem does not have driver. [C:/Users/Bartek/Reconfigurable-Systems-Laboratory-Class/14/1/soft_processor_gpio/soft_processor_gpio.srcs/sources_1/imports/Resources/i_mem.v:12]
WARNING: [Synth 8-3848] Net program[179] in module/entity i_mem does not have driver. [C:/Users/Bartek/Reconfigurable-Systems-Laboratory-Class/14/1/soft_processor_gpio/soft_processor_gpio.srcs/sources_1/imports/Resources/i_mem.v:12]
WARNING: [Synth 8-3848] Net program[178] in module/entity i_mem does not have driver. [C:/Users/Bartek/Reconfigurable-Systems-Laboratory-Class/14/1/soft_processor_gpio/soft_processor_gpio.srcs/sources_1/imports/Resources/i_mem.v:12]
WARNING: [Synth 8-3848] Net program[177] in module/entity i_mem does not have driver. [C:/Users/Bartek/Reconfigurable-Systems-Laboratory-Class/14/1/soft_processor_gpio/soft_processor_gpio.srcs/sources_1/imports/Resources/i_mem.v:12]
WARNING: [Synth 8-3848] Net program[176] in module/entity i_mem does not have driver. [C:/Users/Bartek/Reconfigurable-Systems-Laboratory-Class/14/1/soft_processor_gpio/soft_processor_gpio.srcs/sources_1/imports/Resources/i_mem.v:12]
WARNING: [Synth 8-3848] Net program[175] in module/entity i_mem does not have driver. [C:/Users/Bartek/Reconfigurable-Systems-Laboratory-Class/14/1/soft_processor_gpio/soft_processor_gpio.srcs/sources_1/imports/Resources/i_mem.v:12]
WARNING: [Synth 8-3848] Net program[174] in module/entity i_mem does not have driver. [C:/Users/Bartek/Reconfigurable-Systems-Laboratory-Class/14/1/soft_processor_gpio/soft_processor_gpio.srcs/sources_1/imports/Resources/i_mem.v:12]
WARNING: [Synth 8-3848] Net program[173] in module/entity i_mem does not have driver. [C:/Users/Bartek/Reconfigurable-Systems-Laboratory-Class/14/1/soft_processor_gpio/soft_processor_gpio.srcs/sources_1/imports/Resources/i_mem.v:12]
WARNING: [Synth 8-3848] Net program[172] in module/entity i_mem does not have driver. [C:/Users/Bartek/Reconfigurable-Systems-Laboratory-Class/14/1/soft_processor_gpio/soft_processor_gpio.srcs/sources_1/imports/Resources/i_mem.v:12]
WARNING: [Synth 8-3848] Net program[171] in module/entity i_mem does not have driver. [C:/Users/Bartek/Reconfigurable-Systems-Laboratory-Class/14/1/soft_processor_gpio/soft_processor_gpio.srcs/sources_1/imports/Resources/i_mem.v:12]
WARNING: [Synth 8-3848] Net program[170] in module/entity i_mem does not have driver. [C:/Users/Bartek/Reconfigurable-Systems-Laboratory-Class/14/1/soft_processor_gpio/soft_processor_gpio.srcs/sources_1/imports/Resources/i_mem.v:12]
WARNING: [Synth 8-3848] Net program[169] in module/entity i_mem does not have driver. [C:/Users/Bartek/Reconfigurable-Systems-Laboratory-Class/14/1/soft_processor_gpio/soft_processor_gpio.srcs/sources_1/imports/Resources/i_mem.v:12]
WARNING: [Synth 8-3848] Net program[168] in module/entity i_mem does not have driver. [C:/Users/Bartek/Reconfigurable-Systems-Laboratory-Class/14/1/soft_processor_gpio/soft_processor_gpio.srcs/sources_1/imports/Resources/i_mem.v:12]
WARNING: [Synth 8-3848] Net program[167] in module/entity i_mem does not have driver. [C:/Users/Bartek/Reconfigurable-Systems-Laboratory-Class/14/1/soft_processor_gpio/soft_processor_gpio.srcs/sources_1/imports/Resources/i_mem.v:12]
WARNING: [Synth 8-3848] Net program[166] in module/entity i_mem does not have driver. [C:/Users/Bartek/Reconfigurable-Systems-Laboratory-Class/14/1/soft_processor_gpio/soft_processor_gpio.srcs/sources_1/imports/Resources/i_mem.v:12]
WARNING: [Synth 8-3848] Net program[165] in module/entity i_mem does not have driver. [C:/Users/Bartek/Reconfigurable-Systems-Laboratory-Class/14/1/soft_processor_gpio/soft_processor_gpio.srcs/sources_1/imports/Resources/i_mem.v:12]
WARNING: [Synth 8-3848] Net program[164] in module/entity i_mem does not have driver. [C:/Users/Bartek/Reconfigurable-Systems-Laboratory-Class/14/1/soft_processor_gpio/soft_processor_gpio.srcs/sources_1/imports/Resources/i_mem.v:12]
WARNING: [Synth 8-3848] Net program[163] in module/entity i_mem does not have driver. [C:/Users/Bartek/Reconfigurable-Systems-Laboratory-Class/14/1/soft_processor_gpio/soft_processor_gpio.srcs/sources_1/imports/Resources/i_mem.v:12]
WARNING: [Synth 8-3848] Net program[162] in module/entity i_mem does not have driver. [C:/Users/Bartek/Reconfigurable-Systems-Laboratory-Class/14/1/soft_processor_gpio/soft_processor_gpio.srcs/sources_1/imports/Resources/i_mem.v:12]
WARNING: [Synth 8-3848] Net program[161] in module/entity i_mem does not have driver. [C:/Users/Bartek/Reconfigurable-Systems-Laboratory-Class/14/1/soft_processor_gpio/soft_processor_gpio.srcs/sources_1/imports/Resources/i_mem.v:12]
WARNING: [Synth 8-3848] Net program[160] in module/entity i_mem does not have driver. [C:/Users/Bartek/Reconfigurable-Systems-Laboratory-Class/14/1/soft_processor_gpio/soft_processor_gpio.srcs/sources_1/imports/Resources/i_mem.v:12]
WARNING: [Synth 8-3848] Net program[159] in module/entity i_mem does not have driver. [C:/Users/Bartek/Reconfigurable-Systems-Laboratory-Class/14/1/soft_processor_gpio/soft_processor_gpio.srcs/sources_1/imports/Resources/i_mem.v:12]
WARNING: [Synth 8-3848] Net program[158] in module/entity i_mem does not have driver. [C:/Users/Bartek/Reconfigurable-Systems-Laboratory-Class/14/1/soft_processor_gpio/soft_processor_gpio.srcs/sources_1/imports/Resources/i_mem.v:12]
WARNING: [Synth 8-3848] Net program[157] in module/entity i_mem does not have driver. [C:/Users/Bartek/Reconfigurable-Systems-Laboratory-Class/14/1/soft_processor_gpio/soft_processor_gpio.srcs/sources_1/imports/Resources/i_mem.v:12]
WARNING: [Synth 8-3848] Net program[156] in module/entity i_mem does not have driver. [C:/Users/Bartek/Reconfigurable-Systems-Laboratory-Class/14/1/soft_processor_gpio/soft_processor_gpio.srcs/sources_1/imports/Resources/i_mem.v:12]
INFO: [Common 17-14] Message 'Synth 8-3848' appears 100 times and further instances of the messages will be disabled. Use the Tcl command set_msg_config to change the current settings.
INFO: [Synth 8-256] done synthesizing module 'i_mem' (1#1) [C:/Users/Bartek/Reconfigurable-Systems-Laboratory-Class/14/1/soft_processor_gpio/soft_processor_gpio.srcs/sources_1/imports/Resources/i_mem.v:5]
INFO: [Synth 8-638] synthesizing module 'd_mem' [C:/Users/Bartek/Reconfigurable-Systems-Laboratory-Class/14/1/soft_processor_gpio/soft_processor_gpio.srcs/sources_1/imports/Resources/d_mem.v:5]
INFO: [Synth 8-256] done synthesizing module 'd_mem' (2#1) [C:/Users/Bartek/Reconfigurable-Systems-Laboratory-Class/14/1/soft_processor_gpio/soft_processor_gpio.srcs/sources_1/imports/Resources/d_mem.v:5]
INFO: [Synth 8-638] synthesizing module 'decoder' [C:/Users/Bartek/Reconfigurable-Systems-Laboratory-Class/14/1/soft_processor_gpio/soft_processor_gpio.srcs/sources_1/imports/new/soft_processor.v:180]
INFO: [Synth 8-256] done synthesizing module 'decoder' (3#1) [C:/Users/Bartek/Reconfigurable-Systems-Laboratory-Class/14/1/soft_processor_gpio/soft_processor_gpio.srcs/sources_1/imports/new/soft_processor.v:180]
INFO: [Synth 8-638] synthesizing module 'mux' [C:/Users/Bartek/Reconfigurable-Systems-Laboratory-Class/14/1/soft_processor_gpio/soft_processor_gpio.srcs/sources_1/imports/new/soft_processor.v:152]
	Parameter LENGTH bound to: 8 - type: integer 
INFO: [Synth 8-256] done synthesizing module 'mux' (4#1) [C:/Users/Bartek/Reconfigurable-Systems-Laboratory-Class/14/1/soft_processor_gpio/soft_processor_gpio.srcs/sources_1/imports/new/soft_processor.v:152]
INFO: [Synth 8-638] synthesizing module 'mux__parameterized0' [C:/Users/Bartek/Reconfigurable-Systems-Laboratory-Class/14/1/soft_processor_gpio/soft_processor_gpio.srcs/sources_1/imports/new/soft_processor.v:152]
	Parameter LENGTH bound to: 4 - type: integer 
INFO: [Synth 8-256] done synthesizing module 'mux__parameterized0' (4#1) [C:/Users/Bartek/Reconfigurable-Systems-Laboratory-Class/14/1/soft_processor_gpio/soft_processor_gpio.srcs/sources_1/imports/new/soft_processor.v:152]
INFO: [Synth 8-638] synthesizing module 'mux__parameterized1' [C:/Users/Bartek/Reconfigurable-Systems-Laboratory-Class/14/1/soft_processor_gpio/soft_processor_gpio.srcs/sources_1/imports/new/soft_processor.v:152]
	Parameter LENGTH bound to: 2 - type: integer 
INFO: [Synth 8-256] done synthesizing module 'mux__parameterized1' (4#1) [C:/Users/Bartek/Reconfigurable-Systems-Laboratory-Class/14/1/soft_processor_gpio/soft_processor_gpio.srcs/sources_1/imports/new/soft_processor.v:152]
INFO: [Synth 8-638] synthesizing module 'alu' [C:/Users/Bartek/Reconfigurable-Systems-Laboratory-Class/14/1/soft_processor_gpio/soft_processor_gpio.srcs/sources_1/imports/new/soft_processor.v:164]
INFO: [Synth 8-256] done synthesizing module 'alu' (5#1) [C:/Users/Bartek/Reconfigurable-Systems-Laboratory-Class/14/1/soft_processor_gpio/soft_processor_gpio.srcs/sources_1/imports/new/soft_processor.v:164]
INFO: [Synth 8-638] synthesizing module 'condition' [C:/Users/Bartek/Reconfigurable-Systems-Laboratory-Class/14/1/soft_processor_gpio/soft_processor_gpio.srcs/sources_1/imports/new/soft_processor.v:192]
INFO: [Synth 8-256] done synthesizing module 'condition' (6#1) [C:/Users/Bartek/Reconfigurable-Systems-Laboratory-Class/14/1/soft_processor_gpio/soft_processor_gpio.srcs/sources_1/imports/new/soft_processor.v:192]
INFO: [Synth 8-256] done synthesizing module 'soft_processor' (7#1) [C:/Users/Bartek/Reconfigurable-Systems-Laboratory-Class/14/1/soft_processor_gpio/soft_processor_gpio.srcs/sources_1/imports/new/soft_processor.v:3]
INFO: [Synth 8-256] done synthesizing module 'main_module' (8#1) [C:/Users/Bartek/Reconfigurable-Systems-Laboratory-Class/14/1/soft_processor_gpio/soft_processor_gpio.srcs/sources_1/new/main_module.v:3]
WARNING: [Synth 8-3331] design decoder has unconnected port y[5]
WARNING: [Synth 8-3331] design main_module has unconnected port led[3]
WARNING: [Synth 8-3331] design main_module has unconnected port led[2]
WARNING: [Synth 8-3331] design main_module has unconnected port led[1]
WARNING: [Synth 8-3331] design main_module has unconnected port led[0]
WARNING: [Synth 8-3331] design main_module has unconnected port sw[3]
WARNING: [Synth 8-3331] design main_module has unconnected port sw[2]
WARNING: [Synth 8-3331] design main_module has unconnected port sw[1]
WARNING: [Synth 8-3331] design main_module has unconnected port sw[0]
---------------------------------------------------------------------------------
Finished RTL Elaboration : Time (s): cpu = 00:00:08 ; elapsed = 00:00:08 . Memory (MB): peak = 410.516 ; gain = 152.598
---------------------------------------------------------------------------------

Report Check Netlist: 
+------+------------------+-------+---------+-------+------------------+
|      |Item              |Errors |Warnings |Status |Description       |
+------+------------------+-------+---------+-------+------------------+
|1     |multi_driven_nets |      0|        0|Passed |Multi driven nets |
+------+------------------+-------+---------+-------+------------------+
WARNING: [Synth 8-3295] tying undriven pin sp_i:gpi[7] to constant 0 [C:/Users/Bartek/Reconfigurable-Systems-Laboratory-Class/14/1/soft_processor_gpio/soft_processor_gpio.srcs/sources_1/new/main_module.v:22]
WARNING: [Synth 8-3295] tying undriven pin sp_i:gpi[6] to constant 0 [C:/Users/Bartek/Reconfigurable-Systems-Laboratory-Class/14/1/soft_processor_gpio/soft_processor_gpio.srcs/sources_1/new/main_module.v:22]
WARNING: [Synth 8-3295] tying undriven pin sp_i:gpi[5] to constant 0 [C:/Users/Bartek/Reconfigurable-Systems-Laboratory-Class/14/1/soft_processor_gpio/soft_processor_gpio.srcs/sources_1/new/main_module.v:22]
WARNING: [Synth 8-3295] tying undriven pin sp_i:gpi[4] to constant 0 [C:/Users/Bartek/Reconfigurable-Systems-Laboratory-Class/14/1/soft_processor_gpio/soft_processor_gpio.srcs/sources_1/new/main_module.v:22]
WARNING: [Synth 8-3295] tying undriven pin sp_i:gpi[3] to constant 0 [C:/Users/Bartek/Reconfigurable-Systems-Laboratory-Class/14/1/soft_processor_gpio/soft_processor_gpio.srcs/sources_1/new/main_module.v:22]
WARNING: [Synth 8-3295] tying undriven pin sp_i:gpi[2] to constant 0 [C:/Users/Bartek/Reconfigurable-Systems-Laboratory-Class/14/1/soft_processor_gpio/soft_processor_gpio.srcs/sources_1/new/main_module.v:22]
WARNING: [Synth 8-3295] tying undriven pin sp_i:gpi[1] to constant 0 [C:/Users/Bartek/Reconfigurable-Systems-Laboratory-Class/14/1/soft_processor_gpio/soft_processor_gpio.srcs/sources_1/new/main_module.v:22]
WARNING: [Synth 8-3295] tying undriven pin sp_i:gpi[0] to constant 0 [C:/Users/Bartek/Reconfigurable-Systems-Laboratory-Class/14/1/soft_processor_gpio/soft_processor_gpio.srcs/sources_1/new/main_module.v:22]
---------------------------------------------------------------------------------
Finished RTL Optimization Phase 1 : Time (s): cpu = 00:00:08 ; elapsed = 00:00:08 . Memory (MB): peak = 410.516 ; gain = 152.598
---------------------------------------------------------------------------------
INFO: [Device 21-403] Loading part xc7z010clg400-1
INFO: [Project 1-570] Preparing netlist for logic optimization

Processing XDC Constraints
Initializing timing engine
Parsing XDC File [C:/Users/Bartek/Reconfigurable-Systems-Laboratory-Class/14/1/soft_processor_gpio/soft_processor_gpio.srcs/constrs_1/imports/hdmi_vga_zybo_src/Zybo_HDMI.xdc]
WARNING: [Vivado 12-584] No ports matched 'clk50'. [C:/Users/Bartek/Reconfigurable-Systems-Laboratory-Class/14/1/soft_processor_gpio/soft_processor_gpio.srcs/constrs_1/imports/hdmi_vga_zybo_src/Zybo_HDMI.xdc:6]
WARNING: [Vivado 12-1023] No nets matched for command 'get_nets -of_objects [get_ports clk50]'. [C:/Users/Bartek/Reconfigurable-Systems-Laboratory-Class/14/1/soft_processor_gpio/soft_processor_gpio.srcs/constrs_1/imports/hdmi_vga_zybo_src/Zybo_HDMI.xdc:6]
CRITICAL WARNING: [Common 17-55] 'set_property' expects at least one object. [C:/Users/Bartek/Reconfigurable-Systems-Laboratory-Class/14/1/soft_processor_gpio/soft_processor_gpio.srcs/constrs_1/imports/hdmi_vga_zybo_src/Zybo_HDMI.xdc:6]
Resolution: If [get_<value>] was used to populate the object, check to make sure this command returns at least one valid object.
WARNING: [Vivado 12-584] No ports matched 'clk50'. [C:/Users/Bartek/Reconfigurable-Systems-Laboratory-Class/14/1/soft_processor_gpio/soft_processor_gpio.srcs/constrs_1/imports/hdmi_vga_zybo_src/Zybo_HDMI.xdc:9]
CRITICAL WARNING: [Common 17-55] 'set_property' expects at least one object. [C:/Users/Bartek/Reconfigurable-Systems-Laboratory-Class/14/1/soft_processor_gpio/soft_processor_gpio.srcs/constrs_1/imports/hdmi_vga_zybo_src/Zybo_HDMI.xdc:9]
Resolution: If [get_<value>] was used to populate the object, check to make sure this command returns at least one valid object.
WARNING: [Vivado 12-584] No ports matched 'clk50'. [C:/Users/Bartek/Reconfigurable-Systems-Laboratory-Class/14/1/soft_processor_gpio/soft_processor_gpio.srcs/constrs_1/imports/hdmi_vga_zybo_src/Zybo_HDMI.xdc:10]
CRITICAL WARNING: [Vivado 12-4739] create_clock:No valid object(s) found for '-objects [get_ports clk50]'. [C:/Users/Bartek/Reconfigurable-Systems-Laboratory-Class/14/1/soft_processor_gpio/soft_processor_gpio.srcs/constrs_1/imports/hdmi_vga_zybo_src/Zybo_HDMI.xdc:10]
Resolution: Check if the specified object(s) exists in the current design. If it does, ensure that the correct design hierarchy was specified for the object. If you are working with clocks, make sure create_clock was used to create the clock object before it is referenced.
Finished Parsing XDC File [C:/Users/Bartek/Reconfigurable-Systems-Laboratory-Class/14/1/soft_processor_gpio/soft_processor_gpio.srcs/constrs_1/imports/hdmi_vga_zybo_src/Zybo_HDMI.xdc]
INFO: [Project 1-236] Implementation specific constraints were found while reading constraint file [C:/Users/Bartek/Reconfigurable-Systems-Laboratory-Class/14/1/soft_processor_gpio/soft_processor_gpio.srcs/constrs_1/imports/hdmi_vga_zybo_src/Zybo_HDMI.xdc]. These constraints will be ignored for synthesis but will be used in implementation. Impacted constraints are listed in the file [.Xil/main_module_propImpl.xdc].
Resolution: To avoid this warning, move constraints listed in [.Xil/main_module_propImpl.xdc] to another XDC file and exclude this new file from synthesis with the used_in_synthesis property (File Properties dialog in GUI) and re-run elaboration/synthesis.
Completed Processing XDC Constraints

INFO: [Project 1-111] Unisim Transformation Summary:
No Unisim elements were transformed.

Constraint Validation Runtime : Time (s): cpu = 00:00:00 ; elapsed = 00:00:00.006 . Memory (MB): peak = 715.195 ; gain = 0.000
---------------------------------------------------------------------------------
Finished Constraint Validation : Time (s): cpu = 00:00:21 ; elapsed = 00:00:22 . Memory (MB): peak = 715.195 ; gain = 457.277
---------------------------------------------------------------------------------
---------------------------------------------------------------------------------
Start Loading Part and Timing Information
---------------------------------------------------------------------------------
Loading part: xc7z010clg400-1
---------------------------------------------------------------------------------
Finished Loading Part and Timing Information : Time (s): cpu = 00:00:21 ; elapsed = 00:00:22 . Memory (MB): peak = 715.195 ; gain = 457.277
---------------------------------------------------------------------------------
---------------------------------------------------------------------------------
Start Applying 'set_property' XDC Constraints
---------------------------------------------------------------------------------
---------------------------------------------------------------------------------
Finished applying 'set_property' XDC Constraints : Time (s): cpu = 00:00:21 ; elapsed = 00:00:22 . Memory (MB): peak = 715.195 ; gain = 457.277
---------------------------------------------------------------------------------
INFO: [Synth 8-5544] ROM "y0" won't be mapped to Block RAM because address size (3) smaller than threshold (5)
INFO: [Synth 8-5544] ROM "y0" won't be mapped to Block RAM because address size (3) smaller than threshold (5)
INFO: [Synth 8-5544] ROM "y0" won't be mapped to Block RAM because address size (3) smaller than threshold (5)
INFO: [Synth 8-5544] ROM "y0" won't be mapped to Block RAM because address size (3) smaller than threshold (5)
INFO: [Synth 8-5544] ROM "y0" won't be mapped to Block RAM because address size (3) smaller than threshold (5)
INFO: [Synth 8-5544] ROM "y0" won't be mapped to Block RAM because address size (3) smaller than threshold (5)
INFO: [Synth 8-5546] ROM "compare_zero_res" won't be mapped to RAM because it is too sparse
INFO: [Synth 8-5546] ROM "r_clk50Hz" won't be mapped to RAM because it is too sparse
---------------------------------------------------------------------------------
Finished RTL Optimization Phase 2 : Time (s): cpu = 00:00:22 ; elapsed = 00:00:23 . Memory (MB): peak = 715.195 ; gain = 457.277
---------------------------------------------------------------------------------

Report RTL Partitions: 
+-+--------------+------------+----------+
| |RTL Partition |Replication |Instances |
+-+--------------+------------+----------+
+-+--------------+------------+----------+
---------------------------------------------------------------------------------
Start RTL Component Statistics 
---------------------------------------------------------------------------------
Detailed RTL Component Info : 
+---Adders : 
	   2 Input     19 Bit       Adders := 1     
	   2 Input      8 Bit       Adders := 2     
+---Registers : 
	               19 Bit    Registers := 1     
	                8 Bit    Registers := 8     
	                1 Bit    Registers := 1     
+---Muxes : 
	   2 Input     19 Bit        Muxes := 1     
	   4 Input      8 Bit        Muxes := 1     
	   2 Input      8 Bit        Muxes := 3     
	   2 Input      1 Bit        Muxes := 10    
---------------------------------------------------------------------------------
Finished RTL Component Statistics 
---------------------------------------------------------------------------------
---------------------------------------------------------------------------------
Start RTL Hierarchical Component Statistics 
---------------------------------------------------------------------------------
Hierarchical RTL Component report 
Module main_module 
Detailed RTL Component Info : 
+---Adders : 
	   2 Input     19 Bit       Adders := 1     
+---Registers : 
	               19 Bit    Registers := 1     
	                1 Bit    Registers := 1     
+---Muxes : 
	   2 Input     19 Bit        Muxes := 1     
	   2 Input      1 Bit        Muxes := 1     
Module decoder 
Detailed RTL Component Info : 
+---Muxes : 
	   2 Input      1 Bit        Muxes := 6     
Module mux__parameterized0 
Detailed RTL Component Info : 
+---Muxes : 
	   4 Input      8 Bit        Muxes := 1     
Module mux__parameterized1 
Detailed RTL Component Info : 
+---Muxes : 
	   2 Input      8 Bit        Muxes := 1     
Module alu 
Detailed RTL Component Info : 
+---Adders : 
	   2 Input      8 Bit       Adders := 1     
+---Muxes : 
	   2 Input      1 Bit        Muxes := 1     
Module condition 
Detailed RTL Component Info : 
+---Muxes : 
	   2 Input      1 Bit        Muxes := 2     
Module soft_processor 
Detailed RTL Component Info : 
+---Adders : 
	   2 Input      8 Bit       Adders := 1     
+---Registers : 
	                8 Bit    Registers := 8     
---------------------------------------------------------------------------------
Finished RTL Hierarchical Component Statistics
---------------------------------------------------------------------------------
---------------------------------------------------------------------------------
Start Part Resource Summary
---------------------------------------------------------------------------------
Part Resources:
DSPs: 80 (col length:40)
BRAMs: 120 (col length: RAMB18 40 RAMB36 20)
---------------------------------------------------------------------------------
Finished Part Resource Summary
---------------------------------------------------------------------------------
---------------------------------------------------------------------------------
Start Cross Boundary and Area Optimization
---------------------------------------------------------------------------------
INFO: [Synth 8-5546] ROM "sp_i/alu_i/compare_zero_res" won't be mapped to RAM because it is too sparse
INFO: [Synth 8-5546] ROM "r_clk50Hz" won't be mapped to RAM because it is too sparse
WARNING: [Synth 8-6014] Unused sequential element sp_i/r7_reg was removed.  [C:/Users/Bartek/Reconfigurable-Systems-Laboratory-Class/14/1/soft_processor_gpio/soft_processor_gpio.srcs/sources_1/imports/new/soft_processor.v:64]
WARNING: [Synth 8-3331] design main_module has unconnected port led[3]
WARNING: [Synth 8-3331] design main_module has unconnected port led[2]
WARNING: [Synth 8-3331] design main_module has unconnected port led[1]
WARNING: [Synth 8-3331] design main_module has unconnected port led[0]
WARNING: [Synth 8-3331] design main_module has unconnected port sw[3]
WARNING: [Synth 8-3331] design main_module has unconnected port sw[2]
WARNING: [Synth 8-3331] design main_module has unconnected port sw[1]
WARNING: [Synth 8-3331] design main_module has unconnected port sw[0]
WARNING: [Synth 8-3332] Sequential element (div_reg[18]) is unused and will be removed from module main_module.
WARNING: [Synth 8-3332] Sequential element (div_reg[17]) is unused and will be removed from module main_module.
WARNING: [Synth 8-3332] Sequential element (div_reg[16]) is unused and will be removed from module main_module.
WARNING: [Synth 8-3332] Sequential element (div_reg[15]) is unused and will be removed from module main_module.
WARNING: [Synth 8-3332] Sequential element (div_reg[14]) is unused and will be removed from module main_module.
WARNING: [Synth 8-3332] Sequential element (div_reg[13]) is unused and will be removed from module main_module.
WARNING: [Synth 8-3332] Sequential element (div_reg[12]) is unused and will be removed from module main_module.
WARNING: [Synth 8-3332] Sequential element (div_reg[11]) is unused and will be removed from module main_module.
WARNING: [Synth 8-3332] Sequential element (div_reg[10]) is unused and will be removed from module main_module.
WARNING: [Synth 8-3332] Sequential element (div_reg[9]) is unused and will be removed from module main_module.
WARNING: [Synth 8-3332] Sequential element (div_reg[8]) is unused and will be removed from module main_module.
WARNING: [Synth 8-3332] Sequential element (div_reg[7]) is unused and will be removed from module main_module.
WARNING: [Synth 8-3332] Sequential element (div_reg[6]) is unused and will be removed from module main_module.
WARNING: [Synth 8-3332] Sequential element (div_reg[5]) is unused and will be removed from module main_module.
WARNING: [Synth 8-3332] Sequential element (div_reg[4]) is unused and will be removed from module main_module.
WARNING: [Synth 8-3332] Sequential element (div_reg[3]) is unused and will be removed from module main_module.
WARNING: [Synth 8-3332] Sequential element (div_reg[2]) is unused and will be removed from module main_module.
WARNING: [Synth 8-3332] Sequential element (div_reg[1]) is unused and will be removed from module main_module.
WARNING: [Synth 8-3332] Sequential element (div_reg[0]) is unused and will be removed from module main_module.
WARNING: [Synth 8-3332] Sequential element (r_clk50Hz_reg) is unused and will be removed from module main_module.
WARNING: [Synth 8-3332] Sequential element (sp_i/r7_reg[7]) is unused and will be removed from module main_module.
WARNING: [Synth 8-3332] Sequential element (sp_i/r7_reg[6]) is unused and will be removed from module main_module.
WARNING: [Synth 8-3332] Sequential element (sp_i/r7_reg[5]) is unused and will be removed from module main_module.
WARNING: [Synth 8-3332] Sequential element (sp_i/r7_reg[4]) is unused and will be removed from module main_module.
WARNING: [Synth 8-3332] Sequential element (sp_i/r7_reg[3]) is unused and will be removed from module main_module.
WARNING: [Synth 8-3332] Sequential element (sp_i/r7_reg[2]) is unused and will be removed from module main_module.
WARNING: [Synth 8-3332] Sequential element (sp_i/r7_reg[1]) is unused and will be removed from module main_module.
WARNING: [Synth 8-3332] Sequential element (sp_i/r7_reg[0]) is unused and will be removed from module main_module.
WARNING: [Synth 8-3332] Sequential element (sp_i/r6_reg[7]) is unused and will be removed from module main_module.
WARNING: [Synth 8-3332] Sequential element (sp_i/r6_reg[6]) is unused and will be removed from module main_module.
WARNING: [Synth 8-3332] Sequential element (sp_i/r6_reg[5]) is unused and will be removed from module main_module.
WARNING: [Synth 8-3332] Sequential element (sp_i/r6_reg[4]) is unused and will be removed from module main_module.
WARNING: [Synth 8-3332] Sequential element (sp_i/r6_reg[3]) is unused and will be removed from module main_module.
WARNING: [Synth 8-3332] Sequential element (sp_i/r6_reg[2]) is unused and will be removed from module main_module.
WARNING: [Synth 8-3332] Sequential element (sp_i/r6_reg[1]) is unused and will be removed from module main_module.
WARNING: [Synth 8-3332] Sequential element (sp_i/r6_reg[0]) is unused and will be removed from module main_module.
WARNING: [Synth 8-3332] Sequential element (sp_i/r4_reg[7]) is unused and will be removed from module main_module.
WARNING: [Synth 8-3332] Sequential element (sp_i/r4_reg[6]) is unused and will be removed from module main_module.
WARNING: [Synth 8-3332] Sequential element (sp_i/r4_reg[5]) is unused and will be removed from module main_module.
WARNING: [Synth 8-3332] Sequential element (sp_i/r4_reg[4]) is unused and will be removed from module main_module.
WARNING: [Synth 8-3332] Sequential element (sp_i/r4_reg[3]) is unused and will be removed from module main_module.
WARNING: [Synth 8-3332] Sequential element (sp_i/r4_reg[2]) is unused and will be removed from module main_module.
WARNING: [Synth 8-3332] Sequential element (sp_i/r4_reg[1]) is unused and will be removed from module main_module.
WARNING: [Synth 8-3332] Sequential element (sp_i/r4_reg[0]) is unused and will be removed from module main_module.
WARNING: [Synth 8-3332] Sequential element (sp_i/r3_reg[7]) is unused and will be removed from module main_module.
WARNING: [Synth 8-3332] Sequential element (sp_i/r3_reg[6]) is unused and will be removed from module main_module.
WARNING: [Synth 8-3332] Sequential element (sp_i/r3_reg[5]) is unused and will be removed from module main_module.
WARNING: [Synth 8-3332] Sequential element (sp_i/r3_reg[4]) is unused and will be removed from module main_module.
WARNING: [Synth 8-3332] Sequential element (sp_i/r3_reg[3]) is unused and will be removed from module main_module.
WARNING: [Synth 8-3332] Sequential element (sp_i/r3_reg[2]) is unused and will be removed from module main_module.
WARNING: [Synth 8-3332] Sequential element (sp_i/r3_reg[1]) is unused and will be removed from module main_module.
WARNING: [Synth 8-3332] Sequential element (sp_i/r3_reg[0]) is unused and will be removed from module main_module.
WARNING: [Synth 8-3332] Sequential element (sp_i/r2_reg[7]) is unused and will be removed from module main_module.
WARNING: [Synth 8-3332] Sequential element (sp_i/r2_reg[6]) is unused and will be removed from module main_module.
WARNING: [Synth 8-3332] Sequential element (sp_i/r2_reg[5]) is unused and will be removed from module main_module.
WARNING: [Synth 8-3332] Sequential element (sp_i/r2_reg[4]) is unused and will be removed from module main_module.
WARNING: [Synth 8-3332] Sequential element (sp_i/r2_reg[3]) is unused and will be removed from module main_module.
WARNING: [Synth 8-3332] Sequential element (sp_i/r2_reg[2]) is unused and will be removed from module main_module.
WARNING: [Synth 8-3332] Sequential element (sp_i/r2_reg[1]) is unused and will be removed from module main_module.
WARNING: [Synth 8-3332] Sequential element (sp_i/r2_reg[0]) is unused and will be removed from module main_module.
WARNING: [Synth 8-3332] Sequential element (sp_i/r1_reg[7]) is unused and will be removed from module main_module.
WARNING: [Synth 8-3332] Sequential element (sp_i/r1_reg[6]) is unused and will be removed from module main_module.
WARNING: [Synth 8-3332] Sequential element (sp_i/r1_reg[5]) is unused and will be removed from module main_module.
WARNING: [Synth 8-3332] Sequential element (sp_i/r1_reg[4]) is unused and will be removed from module main_module.
WARNING: [Synth 8-3332] Sequential element (sp_i/r1_reg[3]) is unused and will be removed from module main_module.
WARNING: [Synth 8-3332] Sequential element (sp_i/r1_reg[2]) is unused and will be removed from module main_module.
WARNING: [Synth 8-3332] Sequential element (sp_i/r1_reg[1]) is unused and will be removed from module main_module.
WARNING: [Synth 8-3332] Sequential element (sp_i/r1_reg[0]) is unused and will be removed from module main_module.
WARNING: [Synth 8-3332] Sequential element (sp_i/r0_reg[7]) is unused and will be removed from module main_module.
WARNING: [Synth 8-3332] Sequential element (sp_i/r0_reg[6]) is unused and will be removed from module main_module.
WARNING: [Synth 8-3332] Sequential element (sp_i/r0_reg[5]) is unused and will be removed from module main_module.
WARNING: [Synth 8-3332] Sequential element (sp_i/r0_reg[4]) is unused and will be removed from module main_module.
WARNING: [Synth 8-3332] Sequential element (sp_i/r0_reg[3]) is unused and will be removed from module main_module.
WARNING: [Synth 8-3332] Sequential element (sp_i/r0_reg[2]) is unused and will be removed from module main_module.
WARNING: [Synth 8-3332] Sequential element (sp_i/r0_reg[1]) is unused and will be removed from module main_module.
WARNING: [Synth 8-3332] Sequential element (sp_i/r0_reg[0]) is unused and will be removed from module main_module.
WARNING: [Synth 8-3332] Sequential element (sp_i/pc_addr_reg[7]) is unused and will be removed from module main_module.
WARNING: [Synth 8-3332] Sequential element (sp_i/pc_addr_reg[6]) is unused and will be removed from module main_module.
WARNING: [Synth 8-3332] Sequential element (sp_i/pc_addr_reg[5]) is unused and will be removed from module main_module.
WARNING: [Synth 8-3332] Sequential element (sp_i/pc_addr_reg[4]) is unused and will be removed from module main_module.
WARNING: [Synth 8-3332] Sequential element (sp_i/pc_addr_reg[3]) is unused and will be removed from module main_module.
WARNING: [Synth 8-3332] Sequential element (sp_i/pc_addr_reg[2]) is unused and will be removed from module main_module.
WARNING: [Synth 8-3332] Sequential element (sp_i/pc_addr_reg[1]) is unused and will be removed from module main_module.
WARNING: [Synth 8-3332] Sequential element (sp_i/pc_addr_reg[0]) is unused and will be removed from module main_module.
---------------------------------------------------------------------------------
Finished Cross Boundary and Area Optimization : Time (s): cpu = 00:00:25 ; elapsed = 00:00:26 . Memory (MB): peak = 715.195 ; gain = 457.277
---------------------------------------------------------------------------------

Report RTL Partitions: 
+-+--------------+------------+----------+
| |RTL Partition |Replication |Instances |
+-+--------------+------------+----------+
+-+--------------+------------+----------+
---------------------------------------------------------------------------------
Start Applying XDC Timing Constraints
---------------------------------------------------------------------------------
---------------------------------------------------------------------------------
Finished Applying XDC Timing Constraints : Time (s): cpu = 00:00:35 ; elapsed = 00:00:37 . Memory (MB): peak = 735.961 ; gain = 478.043
---------------------------------------------------------------------------------
---------------------------------------------------------------------------------
Start Timing Optimization
---------------------------------------------------------------------------------
---------------------------------------------------------------------------------
Finished Timing Optimization : Time (s): cpu = 00:00:35 ; elapsed = 00:00:37 . Memory (MB): peak = 735.961 ; gain = 478.043
---------------------------------------------------------------------------------

Report RTL Partitions: 
+-+--------------+------------+----------+
| |RTL Partition |Replication |Instances |
+-+--------------+------------+----------+
+-+--------------+------------+----------+
---------------------------------------------------------------------------------
Start Technology Mapping
---------------------------------------------------------------------------------
---------------------------------------------------------------------------------
Finished Technology Mapping : Time (s): cpu = 00:00:36 ; elapsed = 00:00:37 . Memory (MB): peak = 745.492 ; gain = 487.574
---------------------------------------------------------------------------------

Report RTL Partitions: 
+-+--------------+------------+----------+
| |RTL Partition |Replication |Instances |
+-+--------------+------------+----------+
+-+--------------+------------+----------+
---------------------------------------------------------------------------------
Start IO Insertion
---------------------------------------------------------------------------------
---------------------------------------------------------------------------------
Start Flattening Before IO Insertion
---------------------------------------------------------------------------------
---------------------------------------------------------------------------------
Finished Flattening Before IO Insertion
---------------------------------------------------------------------------------
---------------------------------------------------------------------------------
Start Final Netlist Cleanup
---------------------------------------------------------------------------------
---------------------------------------------------------------------------------
Finished Final Netlist Cleanup
---------------------------------------------------------------------------------
---------------------------------------------------------------------------------
Finished IO Insertion : Time (s): cpu = 00:00:37 ; elapsed = 00:00:38 . Memory (MB): peak = 745.492 ; gain = 487.574
---------------------------------------------------------------------------------

Report Check Netlist: 
+------+------------------+-------+---------+-------+------------------+
|      |Item              |Errors |Warnings |Status |Description       |
+------+------------------+-------+---------+-------+------------------+
|1     |multi_driven_nets |      0|        0|Passed |Multi driven nets |
+------+------------------+-------+---------+-------+------------------+
---------------------------------------------------------------------------------
Start Renaming Generated Instances
---------------------------------------------------------------------------------
---------------------------------------------------------------------------------
Finished Renaming Generated Instances : Time (s): cpu = 00:00:37 ; elapsed = 00:00:38 . Memory (MB): peak = 745.492 ; gain = 487.574
---------------------------------------------------------------------------------

Report RTL Partitions: 
+-+--------------+------------+----------+
| |RTL Partition |Replication |Instances |
+-+--------------+------------+----------+
+-+--------------+------------+----------+
---------------------------------------------------------------------------------
Start Rebuilding User Hierarchy
---------------------------------------------------------------------------------
---------------------------------------------------------------------------------
Finished Rebuilding User Hierarchy : Time (s): cpu = 00:00:37 ; elapsed = 00:00:38 . Memory (MB): peak = 745.492 ; gain = 487.574
---------------------------------------------------------------------------------
---------------------------------------------------------------------------------
Start Renaming Generated Ports
---------------------------------------------------------------------------------
---------------------------------------------------------------------------------
Finished Renaming Generated Ports : Time (s): cpu = 00:00:37 ; elapsed = 00:00:38 . Memory (MB): peak = 745.492 ; gain = 487.574
---------------------------------------------------------------------------------
---------------------------------------------------------------------------------
Start Handling Custom Attributes
---------------------------------------------------------------------------------
---------------------------------------------------------------------------------
Finished Handling Custom Attributes : Time (s): cpu = 00:00:37 ; elapsed = 00:00:38 . Memory (MB): peak = 745.492 ; gain = 487.574
---------------------------------------------------------------------------------
---------------------------------------------------------------------------------
Start Renaming Generated Nets
---------------------------------------------------------------------------------
---------------------------------------------------------------------------------
Finished Renaming Generated Nets : Time (s): cpu = 00:00:37 ; elapsed = 00:00:38 . Memory (MB): peak = 745.492 ; gain = 487.574
---------------------------------------------------------------------------------
---------------------------------------------------------------------------------
Start Writing Synthesis Report
---------------------------------------------------------------------------------

Report BlackBoxes: 
+-+--------------+----------+
| |BlackBox name |Instances |
+-+--------------+----------+
+-+--------------+----------+

Report Cell Usage: 
+------+------+------+
|      |Cell  |Count |
+------+------+------+
|1     |OBUFT |     4|
+------+------+------+

Report Instance Areas: 
+------+---------+-------+------+
|      |Instance |Module |Cells |
+------+---------+-------+------+
|1     |top      |       |     4|
+------+---------+-------+------+
---------------------------------------------------------------------------------
Finished Writing Synthesis Report : Time (s): cpu = 00:00:37 ; elapsed = 00:00:38 . Memory (MB): peak = 745.492 ; gain = 487.574
---------------------------------------------------------------------------------
Synthesis finished with 0 errors, 0 critical warnings and 93 warnings.
Synthesis Optimization Runtime : Time (s): cpu = 00:00:22 ; elapsed = 00:00:30 . Memory (MB): peak = 745.492 ; gain = 182.895
Synthesis Optimization Complete : Time (s): cpu = 00:00:37 ; elapsed = 00:00:38 . Memory (MB): peak = 745.492 ; gain = 487.574
INFO: [Project 1-571] Translating synthesized netlist
INFO: [Project 1-570] Preparing netlist for logic optimization
INFO: [Opt 31-138] Pushed 0 inverter(s) to 0 load pin(s).
INFO: [Project 1-111] Unisim Transformation Summary:
No Unisim elements were transformed.

INFO: [Common 17-83] Releasing license: Synthesis
41 Infos, 215 Warnings, 3 Critical Warnings and 0 Errors encountered.
synth_design completed successfully
synth_design: Time (s): cpu = 00:00:39 ; elapsed = 00:00:41 . Memory (MB): peak = 755.922 ; gain = 509.891
INFO: [Common 17-1381] The checkpoint 'C:/Users/Bartek/Reconfigurable-Systems-Laboratory-Class/14/1/soft_processor_gpio/soft_processor_gpio.runs/synth_1/main_module.dcp' has been generated.
INFO: [runtcl-4] Executing : report_utilization -file main_module_utilization_synth.rpt -pb main_module_utilization_synth.pb
report_utilization: Time (s): cpu = 00:00:00 ; elapsed = 00:00:00.024 . Memory (MB): peak = 755.922 ; gain = 0.000
INFO: [Common 17-206] Exiting Vivado at Wed Jun 27 15:45:09 2018...
