
*** Running vivado
    with args -log hdmi_vga_wrapper.vdi -applog -m64 -product Vivado -messageDb vivado.pb -mode batch -source hdmi_vga_wrapper.tcl -notrace


****** Vivado v2017.4 (64-bit)
  **** SW Build 2086221 on Fri Dec 15 20:54:30 MST 2017
  **** IP Build 2085800 on Fri Dec 15 22:25:07 MST 2017
    ** Copyright 1986-2017 Xilinx, Inc. All Rights Reserved.

source hdmi_vga_wrapper.tcl -notrace
INFO: [IP_Flow 19-234] Refreshing IP repositories
WARNING: [IP_Flow 19-3685] Ignored loading user repository '/home/lsriw/sr/StyczenBartlomiej/Reconfigurable-Systems-Laboratory-Class/Lab_5/hdmi_vga_ip_repo'. The path is contained within another repository.
INFO: [IP_Flow 19-1700] Loaded user IP repository '/home/lsriw/sr/StyczenBartlomiej/Reconfigurable-Systems-Laboratory-Class/Lab_5'.
WARNING: [IP_Flow 19-3656] If you move the project, the path for repository '/home/lsriw/sr/StyczenBartlomiej/Reconfigurable-Systems-Laboratory-Class/Lab_5' may become invalid. A better location for the repository would be in a path adjacent to the project. (Current project location is '/home/lsriw/sr/StyczenBartlomiej/Reconfigurable-Systems-Laboratory-Class/Lab_5/hdmi_vga_zybo/hdmi_vga_zybo.runs/impl_1'.)
INFO: [IP_Flow 19-2313] Loaded Vivado IP repository '/opt/Xilinx/Vivado/2017.4/data/ip'.
Command: link_design -top hdmi_vga_wrapper -part xc7z010clg400-1
Design is defaulting to srcset: sources_1
Design is defaulting to constrset: constrs_1
INFO: [Project 1-454] Reading design checkpoint '/home/lsriw/sr/StyczenBartlomiej/Reconfigurable-Systems-Laboratory-Class/Lab_5/hdmi_vga_zybo/hdmi_vga_zybo.srcs/sources_1/bd/hdmi_vga/ip/hdmi_vga_xlconstant_0_0/hdmi_vga_xlconstant_0_0.dcp' for cell 'hdmi_vga_i/GND'
INFO: [Project 1-454] Reading design checkpoint '/home/lsriw/sr/StyczenBartlomiej/Reconfigurable-Systems-Laboratory-Class/Lab_5/hdmi_vga_zybo/hdmi_vga_zybo.srcs/sources_1/bd/hdmi_vga/ip/hdmi_vga_xlconstant_0_1/hdmi_vga_xlconstant_0_1.dcp' for cell 'hdmi_vga_i/VCC'
INFO: [Project 1-454] Reading design checkpoint '/home/lsriw/sr/StyczenBartlomiej/Reconfigurable-Systems-Laboratory-Class/Lab_5/hdmi_vga_zybo/hdmi_vga_zybo.srcs/sources_1/bd/hdmi_vga/ip/hdmi_vga_clk_wiz_0_0/hdmi_vga_clk_wiz_0_0.dcp' for cell 'hdmi_vga_i/clk_wiz_0'
INFO: [Project 1-454] Reading design checkpoint '/home/lsriw/sr/StyczenBartlomiej/Reconfigurable-Systems-Laboratory-Class/Lab_5/hdmi_vga_zybo/hdmi_vga_zybo.srcs/sources_1/bd/hdmi_vga/ip/hdmi_vga_dvi2rgb_0_0/hdmi_vga_dvi2rgb_0_0.dcp' for cell 'hdmi_vga_i/dvi2rgb_0'
INFO: [Project 1-454] Reading design checkpoint '/home/lsriw/sr/StyczenBartlomiej/Reconfigurable-Systems-Laboratory-Class/Lab_5/hdmi_vga_zybo/hdmi_vga_zybo.srcs/sources_1/bd/hdmi_vga/ip/hdmi_vga_rgb2vga_0_0/hdmi_vga_rgb2vga_0_0.dcp' for cell 'hdmi_vga_i/rgb2vga_0'
INFO: [Project 1-454] Reading design checkpoint '/home/lsriw/sr/StyczenBartlomiej/Reconfigurable-Systems-Laboratory-Class/Lab_5/hdmi_vga_zybo/hdmi_vga_zybo.srcs/sources_1/bd/hdmi_vga/ip/hdmi_vga_vp_0_0/hdmi_vga_vp_0_0.dcp' for cell 'hdmi_vga_i/vp_0'
INFO: [Netlist 29-17] Analyzing 67 Unisim elements for replacement
INFO: [Netlist 29-28] Unisim Transformation completed in 0 CPU seconds
INFO: [Project 1-479] Netlist was created with Vivado 2017.4
INFO: [Device 21-403] Loading part xc7z010clg400-1
INFO: [Project 1-570] Preparing netlist for logic optimization
Parsing XDC File [/home/lsriw/sr/StyczenBartlomiej/Reconfigurable-Systems-Laboratory-Class/Lab_5/hdmi_vga_zybo/hdmi_vga_zybo.srcs/sources_1/bd/hdmi_vga/ip/hdmi_vga_dvi2rgb_0_0/src/dvi2rgb.xdc] for cell 'hdmi_vga_i/dvi2rgb_0/U0'
Finished Parsing XDC File [/home/lsriw/sr/StyczenBartlomiej/Reconfigurable-Systems-Laboratory-Class/Lab_5/hdmi_vga_zybo/hdmi_vga_zybo.srcs/sources_1/bd/hdmi_vga/ip/hdmi_vga_dvi2rgb_0_0/src/dvi2rgb.xdc] for cell 'hdmi_vga_i/dvi2rgb_0/U0'
Parsing XDC File [/home/lsriw/sr/StyczenBartlomiej/Reconfigurable-Systems-Laboratory-Class/Lab_5/hdmi_vga_zybo/hdmi_vga_zybo.srcs/sources_1/bd/hdmi_vga/ip/hdmi_vga_clk_wiz_0_0/hdmi_vga_clk_wiz_0_0_board.xdc] for cell 'hdmi_vga_i/clk_wiz_0/inst'
Finished Parsing XDC File [/home/lsriw/sr/StyczenBartlomiej/Reconfigurable-Systems-Laboratory-Class/Lab_5/hdmi_vga_zybo/hdmi_vga_zybo.srcs/sources_1/bd/hdmi_vga/ip/hdmi_vga_clk_wiz_0_0/hdmi_vga_clk_wiz_0_0_board.xdc] for cell 'hdmi_vga_i/clk_wiz_0/inst'
Parsing XDC File [/home/lsriw/sr/StyczenBartlomiej/Reconfigurable-Systems-Laboratory-Class/Lab_5/hdmi_vga_zybo/hdmi_vga_zybo.srcs/sources_1/bd/hdmi_vga/ip/hdmi_vga_clk_wiz_0_0/hdmi_vga_clk_wiz_0_0.xdc] for cell 'hdmi_vga_i/clk_wiz_0/inst'
INFO: [Timing 38-35] Done setting XDC timing constraints. [/home/lsriw/sr/StyczenBartlomiej/Reconfigurable-Systems-Laboratory-Class/Lab_5/hdmi_vga_zybo/hdmi_vga_zybo.srcs/sources_1/bd/hdmi_vga/ip/hdmi_vga_clk_wiz_0_0/hdmi_vga_clk_wiz_0_0.xdc:57]
INFO: [Timing 38-2] Deriving generated clocks [/home/lsriw/sr/StyczenBartlomiej/Reconfigurable-Systems-Laboratory-Class/Lab_5/hdmi_vga_zybo/hdmi_vga_zybo.srcs/sources_1/bd/hdmi_vga/ip/hdmi_vga_clk_wiz_0_0/hdmi_vga_clk_wiz_0_0.xdc:57]
get_clocks: Time (s): cpu = 00:00:10 ; elapsed = 00:00:24 . Memory (MB): peak = 2089.121 ; gain = 529.523 ; free physical = 9371 ; free virtual = 28093
Finished Parsing XDC File [/home/lsriw/sr/StyczenBartlomiej/Reconfigurable-Systems-Laboratory-Class/Lab_5/hdmi_vga_zybo/hdmi_vga_zybo.srcs/sources_1/bd/hdmi_vga/ip/hdmi_vga_clk_wiz_0_0/hdmi_vga_clk_wiz_0_0.xdc] for cell 'hdmi_vga_i/clk_wiz_0/inst'
Parsing XDC File [/home/lsriw/sr/StyczenBartlomiej/Reconfigurable-Systems-Laboratory-Class/Lab_5/hdmi_vga_zybo/hdmi_vga_zybo.srcs/constrs_1/imports/hdmi_vga_zybo_src/Zybo_HDMI.xdc]
Finished Parsing XDC File [/home/lsriw/sr/StyczenBartlomiej/Reconfigurable-Systems-Laboratory-Class/Lab_5/hdmi_vga_zybo/hdmi_vga_zybo.srcs/constrs_1/imports/hdmi_vga_zybo_src/Zybo_HDMI.xdc]
INFO: [Opt 31-138] Pushed 0 inverter(s) to 0 load pin(s).
INFO: [Project 1-111] Unisim Transformation Summary:
  A total of 8 instances were transformed.
  IOBUF => IOBUF (IBUF, OBUFT): 2 instances
  RAM32M => RAM32M (RAMD32, RAMD32, RAMD32, RAMD32, RAMD32, RAMD32, RAMS32, RAMS32): 6 instances

18 Infos, 2 Warnings, 0 Critical Warnings and 0 Errors encountered.
link_design completed successfully
link_design: Time (s): cpu = 00:00:20 ; elapsed = 00:00:52 . Memory (MB): peak = 2089.121 ; gain = 882.461 ; free physical = 9372 ; free virtual = 28093
Command: opt_design
Attempting to get a license for feature 'Implementation' and/or device 'xc7z010'
INFO: [Common 17-349] Got license for feature 'Implementation' and/or device 'xc7z010'
Running DRC as a precondition to command opt_design

Starting DRC Task
INFO: [DRC 23-27] Running DRC with 8 threads
INFO: [Project 1-461] DRC finished with 0 Errors
INFO: [Project 1-462] Please refer to the DRC report (report_drc) for more information.

Time (s): cpu = 00:00:02 ; elapsed = 00:00:01 . Memory (MB): peak = 2153.152 ; gain = 64.031 ; free physical = 9364 ; free virtual = 28085
INFO: [Timing 38-35] Done setting XDC timing constraints.
INFO: [Timing 38-2] Deriving generated clocks

Starting Logic Optimization Task

Phase 1 Retarget
INFO: [Opt 31-138] Pushed 0 inverter(s) to 0 load pin(s).
INFO: [Opt 31-49] Retargeted 0 cell(s).
Phase 1 Retarget | Checksum: ab163a16

Time (s): cpu = 00:00:00.15 ; elapsed = 00:00:00.06 . Memory (MB): peak = 2153.152 ; gain = 0.000 ; free physical = 9365 ; free virtual = 28085
INFO: [Opt 31-389] Phase Retarget created 3 cells and removed 9 cells

Phase 2 Constant propagation
INFO: [Opt 31-138] Pushed 0 inverter(s) to 0 load pin(s).
Phase 2 Constant propagation | Checksum: ab163a16

Time (s): cpu = 00:00:00.17 ; elapsed = 00:00:00.08 . Memory (MB): peak = 2153.152 ; gain = 0.000 ; free physical = 9365 ; free virtual = 28085
INFO: [Opt 31-389] Phase Constant propagation created 0 cells and removed 0 cells

Phase 3 Sweep
Phase 3 Sweep | Checksum: a70bfdbb

Time (s): cpu = 00:00:00.19 ; elapsed = 00:00:00.10 . Memory (MB): peak = 2153.152 ; gain = 0.000 ; free physical = 9365 ; free virtual = 28085
INFO: [Opt 31-389] Phase Sweep created 0 cells and removed 8 cells

Phase 4 BUFG optimization
Phase 4 BUFG optimization | Checksum: a70bfdbb

Time (s): cpu = 00:00:00.21 ; elapsed = 00:00:00.12 . Memory (MB): peak = 2153.152 ; gain = 0.000 ; free physical = 9365 ; free virtual = 28085
INFO: [Opt 31-389] Phase BUFG optimization created 0 cells and removed 0 cells

Phase 5 Shift Register Optimization
Phase 5 Shift Register Optimization | Checksum: a70bfdbb

Time (s): cpu = 00:00:00.22 ; elapsed = 00:00:00.13 . Memory (MB): peak = 2153.152 ; gain = 0.000 ; free physical = 9365 ; free virtual = 28085
INFO: [Opt 31-389] Phase Shift Register Optimization created 0 cells and removed 0 cells

Starting Connectivity Check Task

Time (s): cpu = 00:00:00 ; elapsed = 00:00:00 . Memory (MB): peak = 2153.152 ; gain = 0.000 ; free physical = 9365 ; free virtual = 28085
Ending Logic Optimization Task | Checksum: a70bfdbb

Time (s): cpu = 00:00:00.24 ; elapsed = 00:00:00.15 . Memory (MB): peak = 2153.152 ; gain = 0.000 ; free physical = 9365 ; free virtual = 28085

Starting Power Optimization Task
INFO: [Pwropt 34-132] Skipping clock gating for clocks with a period < 2.00 ns.
Ending Power Optimization Task | Checksum: e81740b2

Time (s): cpu = 00:00:00.03 ; elapsed = 00:00:00.03 . Memory (MB): peak = 2153.152 ; gain = 0.000 ; free physical = 9365 ; free virtual = 28085
INFO: [Common 17-83] Releasing license: Implementation
34 Infos, 2 Warnings, 0 Critical Warnings and 0 Errors encountered.
opt_design completed successfully
Writing placer database...
Writing XDEF routing.
Writing XDEF routing logical nets.
Writing XDEF routing special nets.
Write XDEF Complete: Time (s): cpu = 00:00:00.03 ; elapsed = 00:00:00.02 . Memory (MB): peak = 2153.152 ; gain = 0.000 ; free physical = 9363 ; free virtual = 28085
INFO: [Common 17-1381] The checkpoint '/home/lsriw/sr/StyczenBartlomiej/Reconfigurable-Systems-Laboratory-Class/Lab_5/hdmi_vga_zybo/hdmi_vga_zybo.runs/impl_1/hdmi_vga_wrapper_opt.dcp' has been generated.
INFO: [runtcl-4] Executing : report_drc -file hdmi_vga_wrapper_drc_opted.rpt -pb hdmi_vga_wrapper_drc_opted.pb -rpx hdmi_vga_wrapper_drc_opted.rpx
Command: report_drc -file hdmi_vga_wrapper_drc_opted.rpt -pb hdmi_vga_wrapper_drc_opted.pb -rpx hdmi_vga_wrapper_drc_opted.rpx
INFO: [IP_Flow 19-1839] IP Catalog is up to date.
INFO: [DRC 23-27] Running DRC with 8 threads
INFO: [Coretcl 2-168] The results of DRC are in file /home/lsriw/sr/StyczenBartlomiej/Reconfigurable-Systems-Laboratory-Class/Lab_5/hdmi_vga_zybo/hdmi_vga_zybo.runs/impl_1/hdmi_vga_wrapper_drc_opted.rpt.
report_drc completed successfully
INFO: [Chipscope 16-241] No debug cores found in the current design.
Before running the implement_debug_core command, either use the Set Up Debug wizard (GUI mode)
or use the create_debug_core and connect_debug_core Tcl commands to insert debug cores into the design.
Command: place_design
Attempting to get a license for feature 'Implementation' and/or device 'xc7z010'
INFO: [Common 17-349] Got license for feature 'Implementation' and/or device 'xc7z010'
INFO: [DRC 23-27] Running DRC with 8 threads
INFO: [Vivado_Tcl 4-198] DRC finished with 0 Errors
INFO: [Vivado_Tcl 4-199] Please refer to the DRC report (report_drc) for more information.
Running DRC as a precondition to command place_design
INFO: [DRC 23-27] Running DRC with 8 threads
INFO: [Vivado_Tcl 4-198] DRC finished with 0 Errors
INFO: [Vivado_Tcl 4-199] Please refer to the DRC report (report_drc) for more information.

Starting Placer Task
INFO: [Place 30-611] Multithreading enabled for place_design using a maximum of 8 CPUs

Phase 1 Placer Initialization

Phase 1.1 Placer Initialization Netlist Sorting
Netlist sorting complete. Time (s): cpu = 00:00:00 ; elapsed = 00:00:00 . Memory (MB): peak = 2166.152 ; gain = 0.000 ; free physical = 9351 ; free virtual = 28072
Phase 1.1 Placer Initialization Netlist Sorting | Checksum: dd08f46c

Time (s): cpu = 00:00:00.03 ; elapsed = 00:00:00.03 . Memory (MB): peak = 2166.152 ; gain = 0.000 ; free physical = 9351 ; free virtual = 28072
INFO: [Timing 38-35] Done setting XDC timing constraints.
INFO: [Opt 31-138] Pushed 0 inverter(s) to 0 load pin(s).
Netlist sorting complete. Time (s): cpu = 00:00:00 ; elapsed = 00:00:00 . Memory (MB): peak = 2166.152 ; gain = 0.000 ; free physical = 9352 ; free virtual = 28073

Phase 1.2 IO Placement/ Clock Placement/ Build Placer Device
INFO: [Timing 38-35] Done setting XDC timing constraints.
Phase 1.2 IO Placement/ Clock Placement/ Build Placer Device | Checksum: 989b1dab

Time (s): cpu = 00:00:00.91 ; elapsed = 00:00:00.60 . Memory (MB): peak = 2166.152 ; gain = 0.000 ; free physical = 9351 ; free virtual = 28072

Phase 1.3 Build Placer Netlist Model
Phase 1.3 Build Placer Netlist Model | Checksum: aa667353

Time (s): cpu = 00:00:01 ; elapsed = 00:00:00.83 . Memory (MB): peak = 2173.180 ; gain = 7.027 ; free physical = 9346 ; free virtual = 28067

Phase 1.4 Constrain Clocks/Macros
Phase 1.4 Constrain Clocks/Macros | Checksum: aa667353

Time (s): cpu = 00:00:01 ; elapsed = 00:00:00.84 . Memory (MB): peak = 2173.180 ; gain = 7.027 ; free physical = 9346 ; free virtual = 28067
Phase 1 Placer Initialization | Checksum: aa667353

Time (s): cpu = 00:00:01 ; elapsed = 00:00:00.84 . Memory (MB): peak = 2173.180 ; gain = 7.027 ; free physical = 9346 ; free virtual = 28067

Phase 2 Global Placement
Phase 2 Global Placement | Checksum: 145f05d3c

Time (s): cpu = 00:00:04 ; elapsed = 00:00:01 . Memory (MB): peak = 2229.207 ; gain = 63.055 ; free physical = 9338 ; free virtual = 28059

Phase 3 Detail Placement

Phase 3.1 Commit Multi Column Macros
Phase 3.1 Commit Multi Column Macros | Checksum: 145f05d3c

Time (s): cpu = 00:00:04 ; elapsed = 00:00:01 . Memory (MB): peak = 2229.207 ; gain = 63.055 ; free physical = 9338 ; free virtual = 28059

Phase 3.2 Commit Most Macros & LUTRAMs
Phase 3.2 Commit Most Macros & LUTRAMs | Checksum: 187a6861b

Time (s): cpu = 00:00:04 ; elapsed = 00:00:01 . Memory (MB): peak = 2229.207 ; gain = 63.055 ; free physical = 9338 ; free virtual = 28059

Phase 3.3 Area Swap Optimization
Phase 3.3 Area Swap Optimization | Checksum: 1a2deb4cd

Time (s): cpu = 00:00:04 ; elapsed = 00:00:01 . Memory (MB): peak = 2229.207 ; gain = 63.055 ; free physical = 9338 ; free virtual = 28059

Phase 3.4 Pipeline Register Optimization
Phase 3.4 Pipeline Register Optimization | Checksum: 1af292f97

Time (s): cpu = 00:00:04 ; elapsed = 00:00:01 . Memory (MB): peak = 2229.207 ; gain = 63.055 ; free physical = 9338 ; free virtual = 28059

Phase 3.5 Small Shape Detail Placement
Phase 3.5 Small Shape Detail Placement | Checksum: 12f803f77

Time (s): cpu = 00:00:04 ; elapsed = 00:00:02 . Memory (MB): peak = 2229.207 ; gain = 63.055 ; free physical = 9337 ; free virtual = 28058

Phase 3.6 Re-assign LUT pins
Phase 3.6 Re-assign LUT pins | Checksum: 147a8aa13

Time (s): cpu = 00:00:04 ; elapsed = 00:00:02 . Memory (MB): peak = 2229.207 ; gain = 63.055 ; free physical = 9337 ; free virtual = 28058

Phase 3.7 Pipeline Register Optimization
Phase 3.7 Pipeline Register Optimization | Checksum: 147a8aa13

Time (s): cpu = 00:00:04 ; elapsed = 00:00:02 . Memory (MB): peak = 2229.207 ; gain = 63.055 ; free physical = 9337 ; free virtual = 28058
Phase 3 Detail Placement | Checksum: 147a8aa13

Time (s): cpu = 00:00:04 ; elapsed = 00:00:02 . Memory (MB): peak = 2229.207 ; gain = 63.055 ; free physical = 9337 ; free virtual = 28058

Phase 4 Post Placement Optimization and Clean-Up

Phase 4.1 Post Commit Optimization
INFO: [Timing 38-35] Done setting XDC timing constraints.

Phase 4.1.1 Post Placement Optimization
Post Placement Optimization Initialization | Checksum: 137fe2be8

Phase 4.1.1.1 BUFG Insertion
INFO: [Physopt 32-721] Multithreading enabled for phys_opt_design using a maximum of 8 CPUs
INFO: [Place 46-31] BUFG insertion identified 0 candidate nets, 0 success, 0 skipped for placement/routing, 0 skipped for timing, 0 skipped for netlist change reason.
Phase 4.1.1.1 BUFG Insertion | Checksum: 137fe2be8

Time (s): cpu = 00:00:05 ; elapsed = 00:00:02 . Memory (MB): peak = 2229.207 ; gain = 63.055 ; free physical = 9335 ; free virtual = 28057
INFO: [Place 30-746] Post Placement Timing Summary WNS=1.232. For the most accurate timing information please run report_timing.
Phase 4.1.1 Post Placement Optimization | Checksum: 149294b49

Time (s): cpu = 00:00:05 ; elapsed = 00:00:02 . Memory (MB): peak = 2229.207 ; gain = 63.055 ; free physical = 9335 ; free virtual = 28057
Phase 4.1 Post Commit Optimization | Checksum: 149294b49

Time (s): cpu = 00:00:05 ; elapsed = 00:00:02 . Memory (MB): peak = 2229.207 ; gain = 63.055 ; free physical = 9335 ; free virtual = 28057

Phase 4.2 Post Placement Cleanup
Phase 4.2 Post Placement Cleanup | Checksum: 149294b49

Time (s): cpu = 00:00:05 ; elapsed = 00:00:02 . Memory (MB): peak = 2229.207 ; gain = 63.055 ; free physical = 9335 ; free virtual = 28057

Phase 4.3 Placer Reporting
Phase 4.3 Placer Reporting | Checksum: 149294b49

Time (s): cpu = 00:00:05 ; elapsed = 00:00:02 . Memory (MB): peak = 2229.207 ; gain = 63.055 ; free physical = 9335 ; free virtual = 28057

Phase 4.4 Final Placement Cleanup
Phase 4.4 Final Placement Cleanup | Checksum: 139ea0aa6

Time (s): cpu = 00:00:05 ; elapsed = 00:00:02 . Memory (MB): peak = 2229.207 ; gain = 63.055 ; free physical = 9335 ; free virtual = 28057
Phase 4 Post Placement Optimization and Clean-Up | Checksum: 139ea0aa6

Time (s): cpu = 00:00:05 ; elapsed = 00:00:02 . Memory (MB): peak = 2229.207 ; gain = 63.055 ; free physical = 9335 ; free virtual = 28057
Ending Placer Task | Checksum: d56ea96c

Time (s): cpu = 00:00:05 ; elapsed = 00:00:02 . Memory (MB): peak = 2229.207 ; gain = 63.055 ; free physical = 9339 ; free virtual = 28061
INFO: [Common 17-83] Releasing license: Implementation
56 Infos, 2 Warnings, 0 Critical Warnings and 0 Errors encountered.
place_design completed successfully
Writing placer database...
Writing XDEF routing.
Writing XDEF routing logical nets.
Writing XDEF routing special nets.
Write XDEF Complete: Time (s): cpu = 00:00:00.19 ; elapsed = 00:00:00.08 . Memory (MB): peak = 2229.207 ; gain = 0.000 ; free physical = 9337 ; free virtual = 28061
INFO: [Common 17-1381] The checkpoint '/home/lsriw/sr/StyczenBartlomiej/Reconfigurable-Systems-Laboratory-Class/Lab_5/hdmi_vga_zybo/hdmi_vga_zybo.runs/impl_1/hdmi_vga_wrapper_placed.dcp' has been generated.
INFO: [runtcl-4] Executing : report_io -file hdmi_vga_wrapper_io_placed.rpt
report_io: Time (s): cpu = 00:00:00.14 ; elapsed = 00:00:00.19 . Memory (MB): peak = 2229.207 ; gain = 0.000 ; free physical = 9327 ; free virtual = 28049
INFO: [runtcl-4] Executing : report_utilization -file hdmi_vga_wrapper_utilization_placed.rpt -pb hdmi_vga_wrapper_utilization_placed.pb
report_utilization: Time (s): cpu = 00:00:00.08 ; elapsed = 00:00:00.10 . Memory (MB): peak = 2229.207 ; gain = 0.000 ; free physical = 9336 ; free virtual = 28058
INFO: [runtcl-4] Executing : report_control_sets -verbose -file hdmi_vga_wrapper_control_sets_placed.rpt
report_control_sets: Time (s): cpu = 00:00:00.06 ; elapsed = 00:00:00.10 . Memory (MB): peak = 2229.207 ; gain = 0.000 ; free physical = 9336 ; free virtual = 28058
Command: route_design
Attempting to get a license for feature 'Implementation' and/or device 'xc7z010'
INFO: [Common 17-349] Got license for feature 'Implementation' and/or device 'xc7z010'
Running DRC as a precondition to command route_design
INFO: [DRC 23-27] Running DRC with 8 threads
INFO: [Vivado_Tcl 4-198] DRC finished with 0 Errors
INFO: [Vivado_Tcl 4-199] Please refer to the DRC report (report_drc) for more information.


Starting Routing Task
INFO: [Route 35-254] Multithreading enabled for route_design using a maximum of 8 CPUs
Checksum: PlaceDB: 9a99eeac ConstDB: 0 ShapeSum: 3ad4bac0 RouteDB: 0

Phase 1 Build RT Design
Phase 1 Build RT Design | Checksum: e238fc57

Time (s): cpu = 00:00:09 ; elapsed = 00:00:08 . Memory (MB): peak = 2230.180 ; gain = 0.973 ; free physical = 9237 ; free virtual = 27979
Post Restoration Checksum: NetGraph: 65f155bb NumContArr: 7c47a69c Constraints: 0 Timing: 0

Phase 2 Router Initialization

Phase 2.1 Create Timer
Phase 2.1 Create Timer | Checksum: e238fc57

Time (s): cpu = 00:00:09 ; elapsed = 00:00:08 . Memory (MB): peak = 2230.180 ; gain = 0.973 ; free physical = 9238 ; free virtual = 27980

Phase 2.2 Fix Topology Constraints
Phase 2.2 Fix Topology Constraints | Checksum: e238fc57

Time (s): cpu = 00:00:09 ; elapsed = 00:00:08 . Memory (MB): peak = 2230.180 ; gain = 0.973 ; free physical = 9208 ; free virtual = 27949

Phase 2.3 Pre Route Cleanup
Phase 2.3 Pre Route Cleanup | Checksum: e238fc57

Time (s): cpu = 00:00:09 ; elapsed = 00:00:08 . Memory (MB): peak = 2230.180 ; gain = 0.973 ; free physical = 9208 ; free virtual = 27949
 Number of Nodes with overlaps = 0

Phase 2.4 Update Timing
Phase 2.4 Update Timing | Checksum: 239daa6e7

Time (s): cpu = 00:00:10 ; elapsed = 00:00:08 . Memory (MB): peak = 2230.180 ; gain = 0.973 ; free physical = 9202 ; free virtual = 27944
INFO: [Route 35-416] Intermediate Timing Summary | WNS=1.178  | TNS=0.000  | WHS=-0.756 | THS=-27.382|

Phase 2 Router Initialization | Checksum: 253665c46

Time (s): cpu = 00:00:10 ; elapsed = 00:00:08 . Memory (MB): peak = 2230.180 ; gain = 0.973 ; free physical = 9202 ; free virtual = 27944

Phase 3 Initial Routing
Phase 3 Initial Routing | Checksum: 1a42e978c

Time (s): cpu = 00:00:10 ; elapsed = 00:00:08 . Memory (MB): peak = 2230.180 ; gain = 0.973 ; free physical = 9204 ; free virtual = 27946

Phase 4 Rip-up And Reroute

Phase 4.1 Global Iteration 0
 Number of Nodes with overlaps = 176
 Number of Nodes with overlaps = 9
 Number of Nodes with overlaps = 3
 Number of Nodes with overlaps = 4
 Number of Nodes with overlaps = 0
INFO: [Route 35-416] Intermediate Timing Summary | WNS=1.196  | TNS=0.000  | WHS=N/A    | THS=N/A    |

Phase 4.1 Global Iteration 0 | Checksum: 19d7fc8a7

Time (s): cpu = 00:00:13 ; elapsed = 00:00:09 . Memory (MB): peak = 2230.180 ; gain = 0.973 ; free physical = 9204 ; free virtual = 27946
Phase 4 Rip-up And Reroute | Checksum: 19d7fc8a7

Time (s): cpu = 00:00:13 ; elapsed = 00:00:09 . Memory (MB): peak = 2230.180 ; gain = 0.973 ; free physical = 9204 ; free virtual = 27946

Phase 5 Delay and Skew Optimization

Phase 5.1 Delay CleanUp
Phase 5.1 Delay CleanUp | Checksum: 19d7fc8a7

Time (s): cpu = 00:00:13 ; elapsed = 00:00:09 . Memory (MB): peak = 2230.180 ; gain = 0.973 ; free physical = 9204 ; free virtual = 27946

Phase 5.2 Clock Skew Optimization
Phase 5.2 Clock Skew Optimization | Checksum: 19d7fc8a7

Time (s): cpu = 00:00:13 ; elapsed = 00:00:09 . Memory (MB): peak = 2230.180 ; gain = 0.973 ; free physical = 9204 ; free virtual = 27946
Phase 5 Delay and Skew Optimization | Checksum: 19d7fc8a7

Time (s): cpu = 00:00:13 ; elapsed = 00:00:09 . Memory (MB): peak = 2230.180 ; gain = 0.973 ; free physical = 9204 ; free virtual = 27946

Phase 6 Post Hold Fix

Phase 6.1 Hold Fix Iter

Phase 6.1.1 Update Timing
Phase 6.1.1 Update Timing | Checksum: 10ba4f3db

Time (s): cpu = 00:00:13 ; elapsed = 00:00:09 . Memory (MB): peak = 2230.180 ; gain = 0.973 ; free physical = 9204 ; free virtual = 27945
INFO: [Route 35-416] Intermediate Timing Summary | WNS=1.347  | TNS=0.000  | WHS=0.030  | THS=0.000  |

Phase 6.1 Hold Fix Iter | Checksum: 1856b8eda

Time (s): cpu = 00:00:13 ; elapsed = 00:00:09 . Memory (MB): peak = 2230.180 ; gain = 0.973 ; free physical = 9204 ; free virtual = 27945
Phase 6 Post Hold Fix | Checksum: 1856b8eda

Time (s): cpu = 00:00:13 ; elapsed = 00:00:09 . Memory (MB): peak = 2230.180 ; gain = 0.973 ; free physical = 9204 ; free virtual = 27945

Phase 7 Route finalize

Router Utilization Summary
  Global Vertical Routing Utilization    = 0.423001 %
  Global Horizontal Routing Utilization  = 0.365579 %
  Routable Net Status*
  *Does not include unroutable nets such as driverless and loadless.
  Run report_route_status for detailed report.
  Number of Failed Nets               = 0
  Number of Unrouted Nets             = 0
  Number of Partially Routed Nets     = 0
  Number of Node Overlaps             = 0

Phase 7 Route finalize | Checksum: 1cb667afa

Time (s): cpu = 00:00:13 ; elapsed = 00:00:09 . Memory (MB): peak = 2230.180 ; gain = 0.973 ; free physical = 9204 ; free virtual = 27945

Phase 8 Verifying routed nets

 Verification completed successfully
Phase 8 Verifying routed nets | Checksum: 1cb667afa

Time (s): cpu = 00:00:13 ; elapsed = 00:00:09 . Memory (MB): peak = 2230.180 ; gain = 0.973 ; free physical = 9203 ; free virtual = 27945

Phase 9 Depositing Routes
Phase 9 Depositing Routes | Checksum: 154a9059c

Time (s): cpu = 00:00:13 ; elapsed = 00:00:09 . Memory (MB): peak = 2230.180 ; gain = 0.973 ; free physical = 9203 ; free virtual = 27945

Phase 10 Post Router Timing
INFO: [Route 35-57] Estimated Timing Summary | WNS=1.347  | TNS=0.000  | WHS=0.030  | THS=0.000  |

INFO: [Route 35-327] The final timing numbers are based on the router estimated timing analysis. For a complete and accurate timing signoff, please run report_timing_summary.
Phase 10 Post Router Timing | Checksum: 154a9059c

Time (s): cpu = 00:00:13 ; elapsed = 00:00:09 . Memory (MB): peak = 2230.180 ; gain = 0.973 ; free physical = 9203 ; free virtual = 27945
INFO: [Route 35-16] Router Completed Successfully

Time (s): cpu = 00:00:13 ; elapsed = 00:00:09 . Memory (MB): peak = 2230.180 ; gain = 0.973 ; free physical = 9233 ; free virtual = 27975

Routing Is Done.
INFO: [Common 17-83] Releasing license: Implementation
72 Infos, 2 Warnings, 0 Critical Warnings and 0 Errors encountered.
route_design completed successfully
route_design: Time (s): cpu = 00:00:15 ; elapsed = 00:00:10 . Memory (MB): peak = 2230.180 ; gain = 0.973 ; free physical = 9233 ; free virtual = 27975
Writing placer database...
Writing XDEF routing.
Writing XDEF routing logical nets.
Writing XDEF routing special nets.
Write XDEF Complete: Time (s): cpu = 00:00:00.17 ; elapsed = 00:00:00.07 . Memory (MB): peak = 2230.180 ; gain = 0.000 ; free physical = 9231 ; free virtual = 27975
INFO: [Common 17-1381] The checkpoint '/home/lsriw/sr/StyczenBartlomiej/Reconfigurable-Systems-Laboratory-Class/Lab_5/hdmi_vga_zybo/hdmi_vga_zybo.runs/impl_1/hdmi_vga_wrapper_routed.dcp' has been generated.
INFO: [runtcl-4] Executing : report_drc -file hdmi_vga_wrapper_drc_routed.rpt -pb hdmi_vga_wrapper_drc_routed.pb -rpx hdmi_vga_wrapper_drc_routed.rpx
Command: report_drc -file hdmi_vga_wrapper_drc_routed.rpt -pb hdmi_vga_wrapper_drc_routed.pb -rpx hdmi_vga_wrapper_drc_routed.rpx
INFO: [IP_Flow 19-1839] IP Catalog is up to date.
INFO: [DRC 23-27] Running DRC with 8 threads
INFO: [Coretcl 2-168] The results of DRC are in file /home/lsriw/sr/StyczenBartlomiej/Reconfigurable-Systems-Laboratory-Class/Lab_5/hdmi_vga_zybo/hdmi_vga_zybo.runs/impl_1/hdmi_vga_wrapper_drc_routed.rpt.
report_drc completed successfully
INFO: [runtcl-4] Executing : report_methodology -file hdmi_vga_wrapper_methodology_drc_routed.rpt -pb hdmi_vga_wrapper_methodology_drc_routed.pb -rpx hdmi_vga_wrapper_methodology_drc_routed.rpx
Command: report_methodology -file hdmi_vga_wrapper_methodology_drc_routed.rpt -pb hdmi_vga_wrapper_methodology_drc_routed.pb -rpx hdmi_vga_wrapper_methodology_drc_routed.rpx
INFO: [Timing 38-35] Done setting XDC timing constraints.
INFO: [Timing 38-35] Done setting XDC timing constraints.
INFO: [DRC 23-133] Running Methodology with 8 threads
INFO: [Coretcl 2-1520] The results of Report Methodology are in file /home/lsriw/sr/StyczenBartlomiej/Reconfigurable-Systems-Laboratory-Class/Lab_5/hdmi_vga_zybo/hdmi_vga_zybo.runs/impl_1/hdmi_vga_wrapper_methodology_drc_routed.rpt.
report_methodology completed successfully
INFO: [runtcl-4] Executing : report_power -file hdmi_vga_wrapper_power_routed.rpt -pb hdmi_vga_wrapper_power_summary_routed.pb -rpx hdmi_vga_wrapper_power_routed.rpx
Command: report_power -file hdmi_vga_wrapper_power_routed.rpt -pb hdmi_vga_wrapper_power_summary_routed.pb -rpx hdmi_vga_wrapper_power_routed.rpx
INFO: [Timing 38-35] Done setting XDC timing constraints.
Running Vector-less Activity Propagation...

Finished Running Vector-less Activity Propagation
84 Infos, 2 Warnings, 0 Critical Warnings and 0 Errors encountered.
report_power completed successfully
INFO: [runtcl-4] Executing : report_route_status -file hdmi_vga_wrapper_route_status.rpt -pb hdmi_vga_wrapper_route_status.pb
INFO: [runtcl-4] Executing : report_timing_summary -max_paths 10 -file hdmi_vga_wrapper_timing_summary_routed.rpt -rpx hdmi_vga_wrapper_timing_summary_routed.rpx -warn_on_violation 
INFO: [Timing 38-91] UpdateTimingParams: Speed grade: -1, Delay Type: min_max.
INFO: [Timing 38-191] Multithreading enabled for timing update using a maximum of 8 CPUs
INFO: [runtcl-4] Executing : report_incremental_reuse -file hdmi_vga_wrapper_incremental_reuse_routed.rpt
INFO: [Vivado_Tcl 4-545] No incremental reuse to report, no incremental placement and routing data was found.
INFO: [runtcl-4] Executing : report_clock_utilization -file hdmi_vga_wrapper_clock_utilization_routed.rpt
INFO: [Common 17-206] Exiting Vivado at Wed Apr 18 09:04:04 2018...

*** Running vivado
    with args -log hdmi_vga_wrapper.vdi -applog -m64 -product Vivado -messageDb vivado.pb -mode batch -source hdmi_vga_wrapper.tcl -notrace


****** Vivado v2017.4 (64-bit)
  **** SW Build 2086221 on Fri Dec 15 20:54:30 MST 2017
  **** IP Build 2085800 on Fri Dec 15 22:25:07 MST 2017
    ** Copyright 1986-2017 Xilinx, Inc. All Rights Reserved.

source hdmi_vga_wrapper.tcl -notrace
Command: open_checkpoint hdmi_vga_wrapper_routed.dcp

Starting open_checkpoint Task

Time (s): cpu = 00:00:00.04 ; elapsed = 00:00:00.08 . Memory (MB): peak = 1159.637 ; gain = 0.000 ; free physical = 10070 ; free virtual = 28800
INFO: [Netlist 29-17] Analyzing 67 Unisim elements for replacement
INFO: [Netlist 29-28] Unisim Transformation completed in 0 CPU seconds
INFO: [Project 1-479] Netlist was created with Vivado 2017.4
INFO: [Device 21-403] Loading part xc7z010clg400-1
INFO: [Project 1-570] Preparing netlist for logic optimization
Parsing XDC File [/home/lsriw/sr/StyczenBartlomiej/Reconfigurable-Systems-Laboratory-Class/Lab_5/hdmi_vga_zybo/hdmi_vga_zybo.runs/impl_1/.Xil/Vivado-16168-debian/dcp1/hdmi_vga_wrapper_board.xdc]
Finished Parsing XDC File [/home/lsriw/sr/StyczenBartlomiej/Reconfigurable-Systems-Laboratory-Class/Lab_5/hdmi_vga_zybo/hdmi_vga_zybo.runs/impl_1/.Xil/Vivado-16168-debian/dcp1/hdmi_vga_wrapper_board.xdc]
Parsing XDC File [/home/lsriw/sr/StyczenBartlomiej/Reconfigurable-Systems-Laboratory-Class/Lab_5/hdmi_vga_zybo/hdmi_vga_zybo.runs/impl_1/.Xil/Vivado-16168-debian/dcp1/hdmi_vga_wrapper_early.xdc]
INFO: [Timing 38-35] Done setting XDC timing constraints. [/home/lsriw/sr/StyczenBartlomiej/Reconfigurable-Systems-Laboratory-Class/Lab_5/hdmi_vga_zybo/hdmi_vga_zybo.srcs/sources_1/bd/hdmi_vga/ip/hdmi_vga_clk_wiz_0_0/hdmi_vga_clk_wiz_0_0.xdc:57]
INFO: [Timing 38-2] Deriving generated clocks [/home/lsriw/sr/StyczenBartlomiej/Reconfigurable-Systems-Laboratory-Class/Lab_5/hdmi_vga_zybo/hdmi_vga_zybo.srcs/sources_1/bd/hdmi_vga/ip/hdmi_vga_clk_wiz_0_0/hdmi_vga_clk_wiz_0_0.xdc:57]
get_clocks: Time (s): cpu = 00:00:10 ; elapsed = 00:00:24 . Memory (MB): peak = 2007.734 ; gain = 530.523 ; free physical = 9343 ; free virtual = 28105
Finished Parsing XDC File [/home/lsriw/sr/StyczenBartlomiej/Reconfigurable-Systems-Laboratory-Class/Lab_5/hdmi_vga_zybo/hdmi_vga_zybo.runs/impl_1/.Xil/Vivado-16168-debian/dcp1/hdmi_vga_wrapper_early.xdc]
Parsing XDC File [/home/lsriw/sr/StyczenBartlomiej/Reconfigurable-Systems-Laboratory-Class/Lab_5/hdmi_vga_zybo/hdmi_vga_zybo.runs/impl_1/.Xil/Vivado-16168-debian/dcp1/hdmi_vga_wrapper.xdc]
Finished Parsing XDC File [/home/lsriw/sr/StyczenBartlomiej/Reconfigurable-Systems-Laboratory-Class/Lab_5/hdmi_vga_zybo/hdmi_vga_zybo.runs/impl_1/.Xil/Vivado-16168-debian/dcp1/hdmi_vga_wrapper.xdc]
Reading XDEF placement.
Reading placer database...
Reading XDEF routing.
Read XDEF File: Time (s): cpu = 00:00:00.06 ; elapsed = 00:00:00.06 . Memory (MB): peak = 2007.734 ; gain = 0.000 ; free physical = 9343 ; free virtual = 28105
Restored from archive | CPU: 0.070000 secs | Memory: 1.081619 MB |
Finished XDEF File Restore: Time (s): cpu = 00:00:00.06 ; elapsed = 00:00:00.06 . Memory (MB): peak = 2007.734 ; gain = 0.000 ; free physical = 9343 ; free virtual = 28105
INFO: [Project 1-111] Unisim Transformation Summary:
  A total of 8 instances were transformed.
  IOBUF => IOBUF (IBUF, OBUFT): 2 instances
  RAM32M => RAM32M (RAMD32, RAMD32, RAMD32, RAMD32, RAMD32, RAMD32, RAMS32, RAMS32): 6 instances

INFO: [Project 1-604] Checkpoint was created with Vivado v2017.4 (64-bit) build 2086221
open_checkpoint: Time (s): cpu = 00:00:21 ; elapsed = 00:00:54 . Memory (MB): peak = 2007.734 ; gain = 848.098 ; free physical = 9345 ; free virtual = 28104
Command: write_bitstream -force hdmi_vga_wrapper.bit
Attempting to get a license for feature 'Implementation' and/or device 'xc7z010'
INFO: [Common 17-349] Got license for feature 'Implementation' and/or device 'xc7z010'
Running DRC as a precondition to command write_bitstream
INFO: [IP_Flow 19-234] Refreshing IP repositories
INFO: [IP_Flow 19-1704] No user IP repositories specified
INFO: [IP_Flow 19-2313] Loaded Vivado IP repository '/opt/Xilinx/Vivado/2017.4/data/ip'.
INFO: [DRC 23-27] Running DRC with 8 threads
WARNING: [DRC ZPS7-1] PS7 block required: The PS7 cell must be used in this Zynq design in order to enable correct default configuration.
INFO: [Vivado 12-3199] DRC finished with 0 Errors, 1 Warnings
INFO: [Vivado 12-3200] Please refer to the DRC report (report_drc) for more information.
INFO: [Project 1-821] Please set project.enableDesignId to be 'true'.
INFO: [Designutils 20-2272] Running write_bitstream with 8 threads.
Loading data files...
Loading site data...
Loading route data...
Processing options...
Creating bitmap...
Creating bitstream...
Writing bitstream ./hdmi_vga_wrapper.bit...
INFO: [Vivado 12-1842] Bitgen Completed Successfully.
INFO: [Project 1-118] WebTalk data collection is enabled (User setting is ON. Install Setting is ON.).
INFO: [Common 17-186] '/home/lsriw/sr/StyczenBartlomiej/Reconfigurable-Systems-Laboratory-Class/Lab_5/hdmi_vga_zybo/hdmi_vga_zybo.runs/impl_1/usage_statistics_webtalk.xml' has been successfully sent to Xilinx on Wed Apr 18 09:07:34 2018. For additional details about this file, please refer to the WebTalk help file at /opt/Xilinx/Vivado/2017.4/doc/webtalk_introduction.html.
INFO: [Common 17-83] Releasing license: Implementation
22 Infos, 1 Warnings, 0 Critical Warnings and 0 Errors encountered.
write_bitstream completed successfully
write_bitstream: Time (s): cpu = 00:00:11 ; elapsed = 00:02:21 . Memory (MB): peak = 2460.215 ; gain = 452.480 ; free physical = 9327 ; free virtual = 28054
INFO: [Common 17-206] Exiting Vivado at Wed Apr 18 09:07:34 2018...
