Exception at PC 0x00007FFF4A8E4008
Exception at PC 0x00007FFF4A8E4008
Exception at PC 0x00007FFF4A8E4008
Exception at PC 0x00007FFF4A8E4008
Exception at PC 0x00007FFEE40EE132
Attemped to write at address 0x00007FFF23E64AA4
Printing stacktrace...

[0]  [0x00007FFEE40EE132]
[1]  [0x00007FFEE40EE132]
[2]  [0x00007FFEE40EE194]
[3]  [0x00007FFEE3D3D0D7]
[4]  [0x00007FFEE3C22BCA]
[5]  [0x00007FFEE3C22FD1]
[6]  [0x00007FFEE40EEB2F]
[7]  [0x00007FFEE3FAC19D]
[8]  [0x00007FFEE3FA5942]
[9]  [0x00007FFEE3FA5AB5]
[10] (RtlDeactivateActivationContextUnsafeFast+0x1b3) [0x00007FFF4DD71493]
[11] (LdrShutdownProcess+0x125) [0x00007FFF4DDA06B5]
[12] (RtlExitUserProcess+0xb4) [0x00007FFF4DDA0574]
[13] (ExitProcess+0xa) [0x00007FFF4BC5F06A]
[14] (exit+0x75) [0x00007FFF4BD39B25]
[15] (initterm_e+0x21d) [0x00007FFF4BD3A16D]
[16]  [0x00000000004014CD]
[17]  [0x000000000040151B]
[18] (BaseThreadInitThunk+0x14) [0x00007FFF4BC61FE4]
[19] (RtlUserThreadStart+0x21) [0x00007FFF4DDCEFC1]
Done
