
*** Running vivado
    with args -log hdmi_vga_vp_0_2.vds -m64 -product Vivado -mode batch -messageDb vivado.pb -notrace -source hdmi_vga_vp_0_2.tcl


****** Vivado v2017.4 (64-bit)
  **** SW Build 2086221 on Fri Dec 15 20:55:39 MST 2017
  **** IP Build 2085800 on Fri Dec 15 22:25:07 MST 2017
    ** Copyright 1986-2017 Xilinx, Inc. All Rights Reserved.

source hdmi_vga_vp_0_2.tcl -notrace
Command: synth_design -top hdmi_vga_vp_0_2 -part xc7z010clg400-1 -mode out_of_context
Starting synth_design
Attempting to get a license for feature 'Synthesis' and/or device 'xc7z010'
INFO: [Common 17-349] Got license for feature 'Synthesis' and/or device 'xc7z010'
INFO: Launching helper process for spawning children vivado processes
INFO: Helper process launched with PID 8612 
---------------------------------------------------------------------------------
Starting RTL Elaboration : Time (s): cpu = 00:00:09 ; elapsed = 00:00:09 . Memory (MB): peak = 369.422 ; gain = 100.371
---------------------------------------------------------------------------------
INFO: [Synth 8-638] synthesizing module 'hdmi_vga_vp_0_2' [c:/Users/Bartek/Reconfigurable-Systems-Laboratory-Class/10/6/hdmi_vga_zybo/hdmi_vga_zybo.srcs/sources_1/bd/hdmi_vga/ip/hdmi_vga_vp_0_2/synth/hdmi_vga_vp_0_2.v:57]
INFO: [Synth 8-638] synthesizing module 'vp' [c:/Users/Bartek/Reconfigurable-Systems-Laboratory-Class/10/6/hdmi_vga_zybo/hdmi_vga_zybo.srcs/sources_1/bd/hdmi_vga/ipshared/d3c4/src/vp.v:3]
	Parameter Ta bound to: 105 - type: integer 
	Parameter Tb bound to: 120 - type: integer 
	Parameter Tc bound to: 129 - type: integer 
	Parameter Td bound to: 255 - type: integer 
WARNING: [Synth 8-3848] Net rgb_mux[7] in module/entity vp does not have driver. [c:/Users/Bartek/Reconfigurable-Systems-Laboratory-Class/10/6/hdmi_vga_zybo/hdmi_vga_zybo.srcs/sources_1/bd/hdmi_vga/ipshared/d3c4/src/vp.v:17]
WARNING: [Synth 8-3848] Net rgb_mux[6] in module/entity vp does not have driver. [c:/Users/Bartek/Reconfigurable-Systems-Laboratory-Class/10/6/hdmi_vga_zybo/hdmi_vga_zybo.srcs/sources_1/bd/hdmi_vga/ipshared/d3c4/src/vp.v:17]
WARNING: [Synth 8-3848] Net rgb_mux[5] in module/entity vp does not have driver. [c:/Users/Bartek/Reconfigurable-Systems-Laboratory-Class/10/6/hdmi_vga_zybo/hdmi_vga_zybo.srcs/sources_1/bd/hdmi_vga/ipshared/d3c4/src/vp.v:17]
WARNING: [Synth 8-3848] Net rgb_mux[4] in module/entity vp does not have driver. [c:/Users/Bartek/Reconfigurable-Systems-Laboratory-Class/10/6/hdmi_vga_zybo/hdmi_vga_zybo.srcs/sources_1/bd/hdmi_vga/ipshared/d3c4/src/vp.v:17]
WARNING: [Synth 8-3848] Net rgb_mux[3] in module/entity vp does not have driver. [c:/Users/Bartek/Reconfigurable-Systems-Laboratory-Class/10/6/hdmi_vga_zybo/hdmi_vga_zybo.srcs/sources_1/bd/hdmi_vga/ipshared/d3c4/src/vp.v:17]
WARNING: [Synth 8-3848] Net rgb_mux[1] in module/entity vp does not have driver. [c:/Users/Bartek/Reconfigurable-Systems-Laboratory-Class/10/6/hdmi_vga_zybo/hdmi_vga_zybo.srcs/sources_1/bd/hdmi_vga/ipshared/d3c4/src/vp.v:17]
WARNING: [Synth 8-3848] Net hsync_mux[7] in module/entity vp does not have driver. [c:/Users/Bartek/Reconfigurable-Systems-Laboratory-Class/10/6/hdmi_vga_zybo/hdmi_vga_zybo.srcs/sources_1/bd/hdmi_vga/ipshared/d3c4/src/vp.v:19]
WARNING: [Synth 8-3848] Net hsync_mux[6] in module/entity vp does not have driver. [c:/Users/Bartek/Reconfigurable-Systems-Laboratory-Class/10/6/hdmi_vga_zybo/hdmi_vga_zybo.srcs/sources_1/bd/hdmi_vga/ipshared/d3c4/src/vp.v:19]
WARNING: [Synth 8-3848] Net hsync_mux[5] in module/entity vp does not have driver. [c:/Users/Bartek/Reconfigurable-Systems-Laboratory-Class/10/6/hdmi_vga_zybo/hdmi_vga_zybo.srcs/sources_1/bd/hdmi_vga/ipshared/d3c4/src/vp.v:19]
WARNING: [Synth 8-3848] Net hsync_mux[4] in module/entity vp does not have driver. [c:/Users/Bartek/Reconfigurable-Systems-Laboratory-Class/10/6/hdmi_vga_zybo/hdmi_vga_zybo.srcs/sources_1/bd/hdmi_vga/ipshared/d3c4/src/vp.v:19]
WARNING: [Synth 8-3848] Net hsync_mux[3] in module/entity vp does not have driver. [c:/Users/Bartek/Reconfigurable-Systems-Laboratory-Class/10/6/hdmi_vga_zybo/hdmi_vga_zybo.srcs/sources_1/bd/hdmi_vga/ipshared/d3c4/src/vp.v:19]
WARNING: [Synth 8-3848] Net hsync_mux[2] in module/entity vp does not have driver. [c:/Users/Bartek/Reconfigurable-Systems-Laboratory-Class/10/6/hdmi_vga_zybo/hdmi_vga_zybo.srcs/sources_1/bd/hdmi_vga/ipshared/d3c4/src/vp.v:19]
WARNING: [Synth 8-3848] Net hsync_mux[1] in module/entity vp does not have driver. [c:/Users/Bartek/Reconfigurable-Systems-Laboratory-Class/10/6/hdmi_vga_zybo/hdmi_vga_zybo.srcs/sources_1/bd/hdmi_vga/ipshared/d3c4/src/vp.v:19]
WARNING: [Synth 8-3848] Net vsync_mux[7] in module/entity vp does not have driver. [c:/Users/Bartek/Reconfigurable-Systems-Laboratory-Class/10/6/hdmi_vga_zybo/hdmi_vga_zybo.srcs/sources_1/bd/hdmi_vga/ipshared/d3c4/src/vp.v:20]
WARNING: [Synth 8-3848] Net vsync_mux[6] in module/entity vp does not have driver. [c:/Users/Bartek/Reconfigurable-Systems-Laboratory-Class/10/6/hdmi_vga_zybo/hdmi_vga_zybo.srcs/sources_1/bd/hdmi_vga/ipshared/d3c4/src/vp.v:20]
WARNING: [Synth 8-3848] Net vsync_mux[5] in module/entity vp does not have driver. [c:/Users/Bartek/Reconfigurable-Systems-Laboratory-Class/10/6/hdmi_vga_zybo/hdmi_vga_zybo.srcs/sources_1/bd/hdmi_vga/ipshared/d3c4/src/vp.v:20]
WARNING: [Synth 8-3848] Net vsync_mux[4] in module/entity vp does not have driver. [c:/Users/Bartek/Reconfigurable-Systems-Laboratory-Class/10/6/hdmi_vga_zybo/hdmi_vga_zybo.srcs/sources_1/bd/hdmi_vga/ipshared/d3c4/src/vp.v:20]
WARNING: [Synth 8-3848] Net vsync_mux[3] in module/entity vp does not have driver. [c:/Users/Bartek/Reconfigurable-Systems-Laboratory-Class/10/6/hdmi_vga_zybo/hdmi_vga_zybo.srcs/sources_1/bd/hdmi_vga/ipshared/d3c4/src/vp.v:20]
WARNING: [Synth 8-3848] Net vsync_mux[2] in module/entity vp does not have driver. [c:/Users/Bartek/Reconfigurable-Systems-Laboratory-Class/10/6/hdmi_vga_zybo/hdmi_vga_zybo.srcs/sources_1/bd/hdmi_vga/ipshared/d3c4/src/vp.v:20]
WARNING: [Synth 8-3848] Net vsync_mux[1] in module/entity vp does not have driver. [c:/Users/Bartek/Reconfigurable-Systems-Laboratory-Class/10/6/hdmi_vga_zybo/hdmi_vga_zybo.srcs/sources_1/bd/hdmi_vga/ipshared/d3c4/src/vp.v:20]
WARNING: [Synth 8-3848] Net de_mux[7] in module/entity vp does not have driver. [c:/Users/Bartek/Reconfigurable-Systems-Laboratory-Class/10/6/hdmi_vga_zybo/hdmi_vga_zybo.srcs/sources_1/bd/hdmi_vga/ipshared/d3c4/src/vp.v:18]
WARNING: [Synth 8-3848] Net de_mux[6] in module/entity vp does not have driver. [c:/Users/Bartek/Reconfigurable-Systems-Laboratory-Class/10/6/hdmi_vga_zybo/hdmi_vga_zybo.srcs/sources_1/bd/hdmi_vga/ipshared/d3c4/src/vp.v:18]
WARNING: [Synth 8-3848] Net de_mux[5] in module/entity vp does not have driver. [c:/Users/Bartek/Reconfigurable-Systems-Laboratory-Class/10/6/hdmi_vga_zybo/hdmi_vga_zybo.srcs/sources_1/bd/hdmi_vga/ipshared/d3c4/src/vp.v:18]
WARNING: [Synth 8-3848] Net de_mux[4] in module/entity vp does not have driver. [c:/Users/Bartek/Reconfigurable-Systems-Laboratory-Class/10/6/hdmi_vga_zybo/hdmi_vga_zybo.srcs/sources_1/bd/hdmi_vga/ipshared/d3c4/src/vp.v:18]
WARNING: [Synth 8-3848] Net de_mux[3] in module/entity vp does not have driver. [c:/Users/Bartek/Reconfigurable-Systems-Laboratory-Class/10/6/hdmi_vga_zybo/hdmi_vga_zybo.srcs/sources_1/bd/hdmi_vga/ipshared/d3c4/src/vp.v:18]
WARNING: [Synth 8-3848] Net de_mux[2] in module/entity vp does not have driver. [c:/Users/Bartek/Reconfigurable-Systems-Laboratory-Class/10/6/hdmi_vga_zybo/hdmi_vga_zybo.srcs/sources_1/bd/hdmi_vga/ipshared/d3c4/src/vp.v:18]
WARNING: [Synth 8-3848] Net de_mux[1] in module/entity vp does not have driver. [c:/Users/Bartek/Reconfigurable-Systems-Laboratory-Class/10/6/hdmi_vga_zybo/hdmi_vga_zybo.srcs/sources_1/bd/hdmi_vga/ipshared/d3c4/src/vp.v:18]
INFO: [Synth 8-256] done synthesizing module 'vp' (1#1) [c:/Users/Bartek/Reconfigurable-Systems-Laboratory-Class/10/6/hdmi_vga_zybo/hdmi_vga_zybo.srcs/sources_1/bd/hdmi_vga/ipshared/d3c4/src/vp.v:3]
INFO: [Synth 8-256] done synthesizing module 'hdmi_vga_vp_0_2' (2#1) [c:/Users/Bartek/Reconfigurable-Systems-Laboratory-Class/10/6/hdmi_vga_zybo/hdmi_vga_zybo.srcs/sources_1/bd/hdmi_vga/ip/hdmi_vga_vp_0_2/synth/hdmi_vga_vp_0_2.v:57]
WARNING: [Synth 8-3331] design vp has unconnected port clk
---------------------------------------------------------------------------------
Finished RTL Elaboration : Time (s): cpu = 00:00:12 ; elapsed = 00:00:12 . Memory (MB): peak = 437.785 ; gain = 168.734
---------------------------------------------------------------------------------

Report Check Netlist: 
+------+------------------+-------+---------+-------+------------------+
|      |Item              |Errors |Warnings |Status |Description       |
+------+------------------+-------+---------+-------+------------------+
|1     |multi_driven_nets |      0|        0|Passed |Multi driven nets |
+------+------------------+-------+---------+-------+------------------+
---------------------------------------------------------------------------------
Finished RTL Optimization Phase 1 : Time (s): cpu = 00:00:12 ; elapsed = 00:00:12 . Memory (MB): peak = 437.785 ; gain = 168.734
---------------------------------------------------------------------------------
INFO: [Device 21-403] Loading part xc7z010clg400-1
INFO: [Project 1-570] Preparing netlist for logic optimization

Processing XDC Constraints
Initializing timing engine
Parsing XDC File [C:/Users/Bartek/Reconfigurable-Systems-Laboratory-Class/10/6/hdmi_vga_zybo/hdmi_vga_zybo.runs/hdmi_vga_vp_0_2_synth_1/dont_touch.xdc]
Finished Parsing XDC File [C:/Users/Bartek/Reconfigurable-Systems-Laboratory-Class/10/6/hdmi_vga_zybo/hdmi_vga_zybo.runs/hdmi_vga_vp_0_2_synth_1/dont_touch.xdc]
Completed Processing XDC Constraints

INFO: [Project 1-111] Unisim Transformation Summary:
No Unisim elements were transformed.

Constraint Validation Runtime : Time (s): cpu = 00:00:00 ; elapsed = 00:00:00.010 . Memory (MB): peak = 703.887 ; gain = 0.000
---------------------------------------------------------------------------------
Finished Constraint Validation : Time (s): cpu = 00:00:25 ; elapsed = 00:00:26 . Memory (MB): peak = 703.887 ; gain = 434.836
---------------------------------------------------------------------------------
---------------------------------------------------------------------------------
Start Loading Part and Timing Information
---------------------------------------------------------------------------------
Loading part: xc7z010clg400-1
---------------------------------------------------------------------------------
Finished Loading Part and Timing Information : Time (s): cpu = 00:00:25 ; elapsed = 00:00:26 . Memory (MB): peak = 703.887 ; gain = 434.836
---------------------------------------------------------------------------------
---------------------------------------------------------------------------------
Start Applying 'set_property' XDC Constraints
---------------------------------------------------------------------------------
---------------------------------------------------------------------------------
Finished applying 'set_property' XDC Constraints : Time (s): cpu = 00:00:25 ; elapsed = 00:00:26 . Memory (MB): peak = 703.887 ; gain = 434.836
---------------------------------------------------------------------------------
---------------------------------------------------------------------------------
Finished RTL Optimization Phase 2 : Time (s): cpu = 00:00:25 ; elapsed = 00:00:26 . Memory (MB): peak = 703.887 ; gain = 434.836
---------------------------------------------------------------------------------

Report RTL Partitions: 
+-+--------------+------------+----------+
| |RTL Partition |Replication |Instances |
+-+--------------+------------+----------+
+-+--------------+------------+----------+
---------------------------------------------------------------------------------
Start RTL Component Statistics 
---------------------------------------------------------------------------------
Detailed RTL Component Info : 
---------------------------------------------------------------------------------
Finished RTL Component Statistics 
---------------------------------------------------------------------------------
---------------------------------------------------------------------------------
Start RTL Hierarchical Component Statistics 
---------------------------------------------------------------------------------
Hierarchical RTL Component report 
---------------------------------------------------------------------------------
Finished RTL Hierarchical Component Statistics
---------------------------------------------------------------------------------
---------------------------------------------------------------------------------
Start Part Resource Summary
---------------------------------------------------------------------------------
Part Resources:
DSPs: 80 (col length:40)
BRAMs: 120 (col length: RAMB18 40 RAMB36 20)
---------------------------------------------------------------------------------
Finished Part Resource Summary
---------------------------------------------------------------------------------
---------------------------------------------------------------------------------
Start Cross Boundary and Area Optimization
---------------------------------------------------------------------------------
WARNING: [Synth 8-3331] design hdmi_vga_vp_0_2 has unconnected port clk
---------------------------------------------------------------------------------
Finished Cross Boundary and Area Optimization : Time (s): cpu = 00:00:26 ; elapsed = 00:00:27 . Memory (MB): peak = 703.887 ; gain = 434.836
---------------------------------------------------------------------------------

Report RTL Partitions: 
+-+--------------+------------+----------+
| |RTL Partition |Replication |Instances |
+-+--------------+------------+----------+
+-+--------------+------------+----------+
---------------------------------------------------------------------------------
Start Applying XDC Timing Constraints
---------------------------------------------------------------------------------
---------------------------------------------------------------------------------
Finished Applying XDC Timing Constraints : Time (s): cpu = 00:00:38 ; elapsed = 00:00:39 . Memory (MB): peak = 753.563 ; gain = 484.512
---------------------------------------------------------------------------------
---------------------------------------------------------------------------------
Start Timing Optimization
---------------------------------------------------------------------------------
---------------------------------------------------------------------------------
Finished Timing Optimization : Time (s): cpu = 00:00:38 ; elapsed = 00:00:39 . Memory (MB): peak = 753.637 ; gain = 484.586
---------------------------------------------------------------------------------

Report RTL Partitions: 
+-+--------------+------------+----------+
| |RTL Partition |Replication |Instances |
+-+--------------+------------+----------+
+-+--------------+------------+----------+
---------------------------------------------------------------------------------
Start Technology Mapping
---------------------------------------------------------------------------------
---------------------------------------------------------------------------------
Finished Technology Mapping : Time (s): cpu = 00:00:38 ; elapsed = 00:00:39 . Memory (MB): peak = 763.676 ; gain = 494.625
---------------------------------------------------------------------------------

Report RTL Partitions: 
+-+--------------+------------+----------+
| |RTL Partition |Replication |Instances |
+-+--------------+------------+----------+
+-+--------------+------------+----------+
---------------------------------------------------------------------------------
Start IO Insertion
---------------------------------------------------------------------------------
---------------------------------------------------------------------------------
Start Flattening Before IO Insertion
---------------------------------------------------------------------------------
---------------------------------------------------------------------------------
Finished Flattening Before IO Insertion
---------------------------------------------------------------------------------
---------------------------------------------------------------------------------
Start Final Netlist Cleanup
---------------------------------------------------------------------------------
---------------------------------------------------------------------------------
Finished Final Netlist Cleanup
---------------------------------------------------------------------------------
---------------------------------------------------------------------------------
Finished IO Insertion : Time (s): cpu = 00:00:39 ; elapsed = 00:00:40 . Memory (MB): peak = 763.676 ; gain = 494.625
---------------------------------------------------------------------------------

Report Check Netlist: 
+------+------------------+-------+---------+-------+------------------+
|      |Item              |Errors |Warnings |Status |Description       |
+------+------------------+-------+---------+-------+------------------+
|1     |multi_driven_nets |      0|        0|Passed |Multi driven nets |
+------+------------------+-------+---------+-------+------------------+
---------------------------------------------------------------------------------
Start Renaming Generated Instances
---------------------------------------------------------------------------------
---------------------------------------------------------------------------------
Finished Renaming Generated Instances : Time (s): cpu = 00:00:39 ; elapsed = 00:00:40 . Memory (MB): peak = 763.676 ; gain = 494.625
---------------------------------------------------------------------------------

Report RTL Partitions: 
+-+--------------+------------+----------+
| |RTL Partition |Replication |Instances |
+-+--------------+------------+----------+
+-+--------------+------------+----------+
---------------------------------------------------------------------------------
Start Rebuilding User Hierarchy
---------------------------------------------------------------------------------
---------------------------------------------------------------------------------
Finished Rebuilding User Hierarchy : Time (s): cpu = 00:00:39 ; elapsed = 00:00:40 . Memory (MB): peak = 763.676 ; gain = 494.625
---------------------------------------------------------------------------------
---------------------------------------------------------------------------------
Start Renaming Generated Ports
---------------------------------------------------------------------------------
---------------------------------------------------------------------------------
Finished Renaming Generated Ports : Time (s): cpu = 00:00:39 ; elapsed = 00:00:40 . Memory (MB): peak = 763.676 ; gain = 494.625
---------------------------------------------------------------------------------
---------------------------------------------------------------------------------
Start Handling Custom Attributes
---------------------------------------------------------------------------------
---------------------------------------------------------------------------------
Finished Handling Custom Attributes : Time (s): cpu = 00:00:39 ; elapsed = 00:00:40 . Memory (MB): peak = 763.676 ; gain = 494.625
---------------------------------------------------------------------------------
---------------------------------------------------------------------------------
Start Renaming Generated Nets
---------------------------------------------------------------------------------
---------------------------------------------------------------------------------
Finished Renaming Generated Nets : Time (s): cpu = 00:00:39 ; elapsed = 00:00:40 . Memory (MB): peak = 763.676 ; gain = 494.625
---------------------------------------------------------------------------------
---------------------------------------------------------------------------------
Start Writing Synthesis Report
---------------------------------------------------------------------------------

Report BlackBoxes: 
+-+--------------+----------+
| |BlackBox name |Instances |
+-+--------------+----------+
+-+--------------+----------+

Report Cell Usage: 
+------+-----+------+
|      |Cell |Count |
+------+-----+------+
|1     |LUT4 |    27|
+------+-----+------+

Report Instance Areas: 
+------+---------+-------+------+
|      |Instance |Module |Cells |
+------+---------+-------+------+
|1     |top      |       |    27|
+------+---------+-------+------+
---------------------------------------------------------------------------------
Finished Writing Synthesis Report : Time (s): cpu = 00:00:39 ; elapsed = 00:00:40 . Memory (MB): peak = 763.676 ; gain = 494.625
---------------------------------------------------------------------------------
Synthesis finished with 0 errors, 0 critical warnings and 1 warnings.
Synthesis Optimization Runtime : Time (s): cpu = 00:00:20 ; elapsed = 00:00:33 . Memory (MB): peak = 763.676 ; gain = 228.523
Synthesis Optimization Complete : Time (s): cpu = 00:00:39 ; elapsed = 00:00:40 . Memory (MB): peak = 763.676 ; gain = 494.625
INFO: [Project 1-571] Translating synthesized netlist
INFO: [Project 1-570] Preparing netlist for logic optimization
INFO: [Opt 31-138] Pushed 0 inverter(s) to 0 load pin(s).
INFO: [Project 1-111] Unisim Transformation Summary:
No Unisim elements were transformed.

INFO: [Common 17-83] Releasing license: Synthesis
13 Infos, 29 Warnings, 0 Critical Warnings and 0 Errors encountered.
synth_design completed successfully
synth_design: Time (s): cpu = 00:00:41 ; elapsed = 00:00:43 . Memory (MB): peak = 776.531 ; gain = 518.949
INFO: [Common 17-1381] The checkpoint 'C:/Users/Bartek/Reconfigurable-Systems-Laboratory-Class/10/6/hdmi_vga_zybo/hdmi_vga_zybo.runs/hdmi_vga_vp_0_2_synth_1/hdmi_vga_vp_0_2.dcp' has been generated.
